Scenario - MEG
Logfile written - 10/07/2021 19:18:35

Trial	Event Type	Code	Time	TTime	Uncertainty	Duration	Uncertainty	ReqTime	ReqDur	Stim Type	Pair Index

1	Picture	start_experiment	52036	0	1	5171	2	0	5000	other	0
2	Picture	asian1_pain_true	168637	15610	1	5171	2	15610	5000	other	0
3	Picture	latin1_pain_false	193658	18770	1	5171	1	18770	5000	other	0
4	Picture	white1_pain_false	210173	10300	1	5171	1	10300	5000	other	0
5	Picture	white1_pain_true	236028	19680	1	5171	2	19680	5000	other	0
6	Picture	black1_pain_false	253210	11090	1	5171	2	11090	5000	other	0
7	Picture	black1_pain_false	272060	12770	1	5171	1	12770	5000	other	0
8	Picture	asian1_pain_true	297081	18940	1	5171	1	18940	5000	other	0
9	Picture	latin1_pain_false	315764	12600	1	5171	2	12600	5000	other	0
10	Picture	black1_pain_true	335448	13590	1	5171	2	13590	5000	other	0
11	Picture	asian1_pain_true	361303	19740	1	5171	1	19740	5000	other	0
12	Picture	white1_pain_false	387326	19920	1	5171	2	19920	5000	other	0
13	Picture	asian1_pain_false	408845	15370	1	5171	1	15370	5000	other	0
14	Picture	white1_pain_true	429195	14330	1	5171	2	14330	5000	other	0
15	Picture	white1_pain_false	452215	16670	1	5171	1	16670	5000	other	0
16	Picture	white1_pain_false	473233	14990	1	5171	2	14990	5000	other	0
17	Picture	white1_pain_false	495086	15780	1	5171	1	15780	5000	other	0
18	Picture	white1_pain_false	513935	12730	1	5171	1	12730	5000	other	0
19	Picture	white1_pain_false	537122	17140	1	5171	1	17140	5000	other	0
20	Picture	latin1_pain_false	558974	15820	1	5171	2	15820	5000	other	0
21	Picture	white1_pain_false	580159	15190	1	5171	2	15190	5000	other	0
22	Picture	black1_pain_true	597007	10760	1	5171	2	10760	5000	other	0
23	Picture	latin1_pain_false	617191	14170	1	5171	2	14170	5000	other	0
24	Picture	asian1_pain_false	633872	10590	1	5171	2	10590	5000	other	0
25	Picture	white1_pain_false	658560	18650	1	5171	2	18650	5000	other	0
26	Picture	white1_pain_true	680079	15420	1	5171	1	15420	5000	other	0
27	Picture	black1_pain_false	696260	10200	1	5171	2	10200	5000	other	0
28	Picture	white1_pain_false	712941	10070	1	5171	2	10070	5000	other	0
29	Picture	latin1_pain_false	733792	14840	1	5171	2	14840	5000	other	0
30	Picture	white1_pain_false	756979	17050	1	5171	1	17050	5000	other	0
31	Picture	black1_pain_false	779165	16030	1	5171	1	16030	5000	other	0
32	Picture	black1_pain_true	801017	15790	2	5171	2	15790	5000	other	0
33	Picture	black1_pain_false	826205	19160	1	5171	2	19160	5000	other	0
34	Picture	asian1_pain_false	849559	17170	1	5171	2	17170	5000	other	0
35	Picture	latin1_pain_true	875581	19950	1	5171	1	19950	5000	other	0
36	Picture	latin1_pain_false	897434	15830	1	5171	1	15830	5000	other	0
37	Picture	white1_pain_false	918452	14980	1	5171	1	14980	5000	other	0
38	Picture	latin1_pain_false	939303	14800	1	5171	1	14800	5000	other	0
39	Picture	asian1_pain_false	961989	16580	1	5171	1	16580	5000	other	0
40	Picture	white1_pain_false	987178	19090	1	5171	1	19090	5000	other	0
41	Picture	white1_pain_true	1008196	14870	1	5171	2	14870	5000	other	0
42	Picture	black1_pain_false	1033551	19310	1	5171	1	19310	5000	other	0
43	Picture	asian1_pain_true	1050066	10480	1	5171	1	10480	5000	other	0
44	Picture	black1_pain_true	1073419	17280	2	5171	2	17280	5000	other	0
45	Picture	white1_pain_false	1096939	17470	1	5171	2	17470	5000	other	0
46	Picture	latin1_pain_false	1119959	16860	1	5171	1	16860	5000	other	0
47	Picture	asian1_pain_false	1136974	11010	1	5171	2	11010	5000	other	0
48	Picture	white1_pain_true	1160328	17200	1	5171	2	17200	5000	other	0
49	Picture	asian1_pain_false	1183514	17030	1	5171	1	17030	5000	other	0
50	Picture	black1_pain_true	1205200	15660	1	5171	1	15660	5000	other	0
51	Picture	black1_pain_true	1224883	13490	1	5171	1	13490	5000	other	0
52	Picture	asian1_pain_true	1245902	14850	1	5171	1	14850	5000	other	0
53	Picture	white1_pain_false	1269088	17090	1	5171	1	17090	5000	other	0
54	Picture	white1_pain_false	1285436	10210	1	5171	1	10210	5000	other	0
55	Picture	asian1_pain_false	1307288	15820	1	5171	1	15820	5000	other	0
56	Picture	latin1_pain_false	1324803	11380	1	5171	1	11380	5000	other	0
57	Picture	latin1_pain_false	1343152	12330	1	5171	1	12330	5000	other	0
58	Picture	latin1_pain_true	1361001	11810	1	5171	1	11810	5000	other	0
59	Picture	white1_pain_false	1384855	17720	1	5171	1	17720	5000	other	0
60	Picture	white1_pain_false	1401202	10200	1	5171	1	10200	5000	other	0
61	Picture	black1_pain_false	1423889	16550	2	5171	2	16550	5000	other	0
62	Picture	black1_pain_false	1447910	17880	1	5171	2	17880	5000	other	0
63	Picture	latin1_pain_true	1466926	12830	1	5171	1	12830	5000	other	0
64	Picture	black1_pain_true	1485108	12100	1	5171	1	12100	5000	other	0
65	Picture	asian1_pain_false	1505459	14120	1	5171	1	14120	5000	other	0
66	Picture	asian1_pain_false	1527478	15910	1	5171	1	15910	5000	other	0
67	Picture	white1_pain_false	1545994	12440	1	5171	1	12440	5000	other	0
68	Picture	white1_pain_true	1569014	16840	1	5171	2	16840	5000	other	0
69	Picture	white1_pain_true	1590533	15500	1	5171	1	15500	5000	other	0
70	Picture	latin1_pain_false	1607381	10870	1	5171	2	10870	5000	other	0
71	Picture	latin1_pain_true	1629233	15700	1	5171	1	15700	5000	other	0
72	Picture	asian1_pain_false	1648917	13520	1	5171	2	13520	5000	other	0
73	Picture	latin1_pain_false	1672771	17740	1	5171	1	17740	5000	other	0
74	Picture	white1_pain_false	1695957	17110	1	5171	2	17110	5000	other	0
75	Picture	black1_pain_false	1714640	12590	1	5171	2	12590	5000	other	0
76	Picture	black1_pain_false	1738828	18040	1	5171	1	18040	5000	other	0
77	Picture	white1_pain_false	1760513	15590	1	5171	2	15590	5000	other	0
78	Picture	asian1_pain_false	1783366	16850	1	5171	1	16850	5000	other	0
79	Picture	latin1_pain_false	1805886	16260	1	5171	1	16260	5000	other	0
80	Picture	white1_pain_false	1828238	16440	1	5171	1	16440	5000	other	0
81	Picture	white1_pain_false	1846421	12110	1	5171	1	12110	5000	other	0
82	Picture	white1_pain_true	1864603	12070	1	5171	2	12070	5000	other	0
83	Picture	white1_pain_false	1884454	13820	1	5171	1	13820	5000	other	0
84	Picture	white1_pain_false	1901302	10770	1	5171	2	10770	5000	other	0
85	Picture	latin1_pain_true	1918983	11620	1	5171	1	11620	5000	other	0
86	Picture	black1_pain_false	1936332	11320	1	5004	2	11320	5000	other	0
87	Picture	question	1960519	18110	1	30193	1	18110	30000	other	0
88	Picture	white1_pain_true	2009895	18110	1	5171	2	18110	5000	other	0
89	Picture	white1_pain_true	2033416	17510	1	5171	1	17510	5000	other	0
90	Picture	white1_pain_false	2053600	14160	1	5171	1	14160	5000	other	0
91	Picture	black1_pain_true	2074118	14480	1	5171	1	14480	5000	other	0
92	Picture	latin1_pain_false	2100140	19930	1	5171	1	19930	5000	other	0
93	Picture	white1_pain_false	2117322	10990	1	5171	1	10990	5000	other	0
94	Picture	white1_pain_false	2136004	12530	1	5171	1	12530	5000	other	0
95	Picture	white1_pain_false	2160859	18880	1	5171	1	18880	5000	other	0
96	Picture	white1_pain_false	2178875	11940	1	5171	2	11940	5000	other	0
97	Picture	white1_pain_false	2201895	17010	1	5171	2	17010	5000	other	0
98	Picture	white1_pain_false	2223080	15190	1	5171	2	15190	5000	other	0
99	Picture	white1_pain_true	2246433	17260	1	5171	1	17260	5000	other	0
100	Picture	asian1_pain_false	2265450	13060	1	5171	1	13060	5000	other	0
101	Picture	white1_pain_false	2283799	12300	701	5171	701	12300	5000	other	0
102	Picture	white1_pain_false	2306819	16970	1	5171	2	16970	5000	other	0
103	Picture	white1_pain_false	2328504	15640	1	5171	1	15640	5000	other	0
104	Picture	white1_pain_true	2349522	14900	1	5171	1	14900	5000	other	0
105	Picture	latin1_pain_false	2374878	19300	1	5171	1	19300	5000	other	0
106	Picture	question	2394061	13910	1	30193	1	13910	30000	other	0
107	Picture	asian1_pain_true	2439267	13910	1	5171	1	13910	5000	other	0
108	Picture	asian1_pain_false	2463955	18620	1	5171	1	18620	5000	other	0
109	Picture	white1_pain_false	2485306	15360	1	5171	1	15360	5000	other	0
110	Picture	white1_pain_true	2508493	17020	1	5171	1	17020	5000	other	0
111	Picture	latin1_pain_false	2528510	14050	1	5171	2	14050	5000	other	0
112	Picture	white1_pain_false	2550696	16110	1	5171	1	16110	5000	other	0
113	Picture	white1_pain_true	2574550	17760	1	5171	2	17760	5000	other	0
114	Picture	black1_pain_false	2591231	10590	1	5171	1	10590	5000	other	0
115	Picture	white1_pain_false	2615085	17720	1	5171	1	17720	5000	other	0
116	Picture	white1_pain_true	2638439	17370	1	5171	1	17370	5000	other	0
117	Picture	white1_pain_false	2655287	10840	1	5338	1	10840	5000	other	0
118	Picture	white1_pain_false	2676472	14980	1	5171	1	14980	5000	other	0
119	Picture	white1_pain_true	2694821	12070	1	5171	2	12070	5000	other	0
120	Picture	black1_pain_false	2718842	17950	1	5171	2	17950	5000	other	0
121	Picture	white1_pain_false	2743863	18990	1	5171	1	18990	5000	other	0
122	Picture	white1_pain_false	2768718	18590	1	5171	1	18590	5000	other	0
123	Picture	white1_pain_false	2790403	15660	1	5171	1	15660	5000	other	0
124	Picture	white1_pain_false	2814424	18000	1	5171	1	18000	5000	other	0
125	Picture	black1_pain_false	2833607	13050	1	5171	1	13050	5000	other	0
126	Picture	white1_pain_false	2856961	17260	1	5171	1	17260	5000	other	0
127	Picture	white1_pain_true	2875477	12510	1	5171	1	12510	5000	other	0
128	Picture	latin1_pain_false	2893326	11810	1	5171	1	11810	5000	other	0
129	Picture	latin1_pain_false	2911174	11680	1	5171	2	11680	5000	other	0
130	Picture	white1_pain_false	2932359	15090	1	5171	2	15090	5000	other	0
131	Picture	white1_pain_false	2950709	12270	1	5171	2	12270	5000	other	0
132	Picture	asian1_pain_false	2976231	19340	1	5171	2	19340	5000	other	0
133	Picture	latin1_pain_false	3000085	17720	1	5171	2	17720	5000	other	0
134	Picture	white1_pain_true	3016432	10280	1	5171	2	10280	5000	other	0
135	Picture	white1_pain_false	3042288	19810	1	5171	1	19810	5000	other	0
136	Picture	white1_pain_false	3061471	13120	1	5171	1	13120	5000	other	0
137	Picture	white1_pain_false	3084825	17360	1	5171	1	17360	5000	other	0
138	Picture	black1_pain_false	3110347	19570	1	5171	1	19570	5000	other	0
139	Picture	latin1_pain_false	3133533	17150	1	5171	1	17150	5000	other	0
140	Picture	white1_pain_false	3154552	14890	1	5171	1	14890	5000	other	0
141	Picture	white1_pain_true	3175069	14450	1	5171	1	14450	5000	other	0
142	Picture	white1_pain_false	3197922	16790	1	5171	1	16790	5000	other	0
143	Picture	white1_pain_false	3215771	11740	1	5171	1	11740	5000	other	0
144	Picture	latin1_pain_false	3238291	16320	1	5171	1	16320	5000	other	0
145	Picture	black1_pain_true	3259642	15270	1	5171	1	15270	5000	other	0
146	Picture	white1_pain_false	3283163	16810	1	5171	1	16810	5000	other	0
147	Picture	white1_pain_false	3306183	16860	1	5171	1	16860	5000	other	0
148	Picture	asian1_pain_true	3323698	11380	1	5171	1	11380	5000	other	0
149	Picture	black1_pain_false	3343381	13560	1	5505	2	13560	5000	other	0
150	Picture	white1_pain_false	3365901	15990	1	5171	1	15990	5000	other	0
151	Picture	white1_pain_false	3383917	11880	1	5171	1	11880	5000	other	0
152	Picture	black1_pain_false	3403267	13350	1	5171	1	13350	5000	other	0
153	Picture	latin1_pain_false	3421282	11850	1	5171	1	11850	5000	other	0
154	Picture	white1_pain_false	3440966	13510	1	5171	1	13510	5000	other	0
155	Picture	white1_pain_false	3460983	13980	1	5171	2	13980	5000	other	0
156	Picture	white1_pain_false	3479332	12260	1	5171	1	12260	5000	other	0
157	Picture	white1_pain_false	3502185	16810	1	5171	1	16810	5000	other	0
158	Picture	white1_pain_true	3521369	13190	740	5171	740	13190	5000	other	0
159	Picture	asian1_pain_false	3539885	12440	1	5171	2	12440	5000	other	0
160	Picture	white1_pain_false	3563739	17760	1	5171	1	17760	5000	other	0
161	Picture	white1_pain_false	3580753	10950	1	5171	1	10950	5000	other	0
162	Picture	white1_pain_false	3605775	18940	1	5171	1	18940	5000	other	0
163	Picture	white1_pain_false	3624958	13010	1	5171	1	13010	5000	other	0
164	Picture	latin1_pain_false	3650647	19580	1	5505	2	19580	5000	other	0
165	Picture	white1_pain_false	3669830	12690	1	5171	1	12690	5000	other	0
166	Picture	latin1_pain_false	3686178	10320	1	5171	1	10320	5000	other	0
167	Picture	white1_pain_false	3711700	19430	1	5171	1	19430	5000	other	0
168	Picture	asian1_pain_false	3729215	11400	1	5171	2	11400	5000	other	0
169	Picture	white1_pain_false	3749399	14010	1	5171	1	14010	5000	other	0
170	Picture	white1_pain_false	3774921	19180	1	5171	1	19180	5000	other	0
171	Picture	white1_pain_false	3793771	12830	1	5171	1	12830	5000	other	0
172	Picture	white1_pain_false	3817291	17480	1	5171	1	17480	5000	other	0
173	Picture	asian1_pain_false	3837809	14450	1	5171	1	14450	5000	other	0
174	Picture	white1_pain_false	3862831	18930	1	5171	1	18930	5000	other	0
175	Picture	white1_pain_false	3879512	10650	1	5171	1	10650	5000	other	0
176	Picture	white1_pain_true	3905534	19940	1	5171	1	19940	5000	other	0
177	Picture	white1_pain_true	3927720	16060	1	5171	2	16060	5000	other	0
178	Picture	white1_pain_false	3945068	11190	1	5171	1	11190	5000	other	0
179	Picture	white1_pain_false	3966420	15300	1	5171	1	15300	5000	other	0
180	Picture	white1_pain_false	3986604	13060	1	5171	2	13060	5000	other	0
181	Picture	white1_pain_false	4005287	12610	1	5171	1	12610	5000	other	0
182	Picture	latin1_pain_true	4024137	12740	1	5171	1	12740	5000	other	0
183	Picture	white1_pain_true	4047824	17430	1	5171	2	17430	5000	other	0
184	Picture	start_experiment	4694216	0	1	5171	2	0	5000	other	0
185	Picture	white1_pain_false	4808982	13770	1	5171	1	13770	5000	other	0
186	Picture	asian1_pain_false	4827331	12270	1	5171	1	12270	5000	other	0
187	Picture	asian1_pain_true	4845347	11870	1	5171	2	11870	5000	other	0
188	Picture	white1_pain_false	4868366	17010	1	5171	1	17010	5000	other	0
189	Picture	black1_pain_false	4892888	18470	1	5338	1	18470	5000	other	0
190	Picture	asian1_pain_false	4915407	16290	1	5171	2	16290	5000	other	0
191	Picture	black1_pain_false	4941430	19840	1	5171	1	19840	5000	other	0
192	Picture	latin1_pain_true	4958778	11210	1	5171	1	11210	5000	other	0
193	Picture	latin1_pain_true	4977127	12210	1	5171	1	12210	5000	other	0
194	Picture	white1_pain_false	4999146	15870	1	5171	1	15870	5000	other	0
195	Picture	latin1_pain_false	5015994	10870	1	5171	1	10870	5000	other	0
196	Picture	question	5036512	15250	1	30193	1	15250	30000	other	0
197	Picture	white1_pain_true	5083219	15250	1	5171	2	15250	5000	other	0
198	Picture	white1_pain_false	5103737	14390	1	5171	2	14390	5000	other	0
199	Picture	white1_pain_false	5128425	18670	1	5171	1	18670	5000	other	0
200	Picture	black1_pain_false	5145606	10990	1	5171	1	10990	5000	other	0
201	Picture	latin1_pain_false	5166291	14580	1	5171	1	14580	5000	other	0
202	Picture	white1_pain_false	5191980	19640	1	5171	1	19640	5000	other	0
203	Picture	white1_pain_true	5208661	10510	1	5171	1	10510	5000	other	0
204	Picture	black1_pain_false	5226509	11670	1	5171	2	11670	5000	other	0
205	Picture	asian1_pain_false	5244358	11840	1	5171	1	11840	5000	other	0
206	Picture	white1_pain_false	5265042	14650	3	5172	3	14650	5000	other	0
207	Picture	black1_pain_false	5283225	12180	1	5171	2	12180	5000	other	0
208	Picture	white1_pain_false	5301908	12550	1	5171	1	12550	5000	other	0
209	Picture	latin1_pain_false	5326096	18120	1	5171	2	18120	5000	other	0
210	Picture	white1_pain_false	5350283	18020	1	5171	1	18020	5000	other	0
211	Picture	black1_pain_false	5369466	13090	1	5171	2	13090	5000	other	0
212	Picture	white1_pain_true	5386981	11380	1	5171	1	11380	5000	other	0
213	Picture	white1_pain_false	5404163	11160	1	5171	2	11160	5000	other	0
214	Picture	white1_pain_true	5421011	10750	1	5171	2	10750	5000	other	0
215	Picture	white1_pain_true	5442530	15420	1	5171	2	15420	5000	other	0
216	Picture	latin1_pain_false	5463881	15160	1	5171	2	15160	5000	other	0
217	Picture	latin1_pain_true	5480062	10130	1	5171	2	10130	5000	other	0
218	Picture	white1_pain_true	5498411	12310	1	5171	2	12310	5000	other	0
219	Picture	white1_pain_false	5523933	19580	1	5171	1	19580	5000	other	0
220	Picture	white1_pain_true	5547787	17780	1	5171	2	17780	5000	other	0
221	Picture	asian1_pain_false	5570974	17100	1	5171	1	17100	5000	other	0
222	Picture	latin1_pain_false	5591825	14730	1	5171	1	14730	5000	other	0
223	Picture	white1_pain_false	5612843	14890	1	5171	1	14890	5000	other	0
224	Picture	white1_pain_true	5636197	17340	1	5171	1	17340	5000	other	0
225	Picture	white1_pain_true	5657382	15120	1	5171	2	15120	5000	other	0
226	Picture	asian1_pain_false	5674230	10780	1	5171	1	10780	5000	other	0
227	Picture	white1_pain_false	5698417	18020	1	5171	1	18020	5000	other	0
228	Picture	black1_pain_false	5717767	13310	1	5171	1	13310	5000	other	0
229	Picture	black1_pain_false	5740787	16960	1	5171	1	16960	5000	other	0
230	Picture	latin1_pain_true	5762306	15400	1	5171	1	15400	5000	other	0
231	Picture	latin1_pain_false	5780822	12550	1	5171	2	12550	5000	other	0
232	Picture	white1_pain_true	5804676	17800	1	5171	1	17800	5000	other	0
233	Picture	white1_pain_false	5829364	18670	1	5171	1	18670	5000	other	0
234	Picture	white1_pain_false	5850716	15190	1	5171	2	15190	5000	other	0
235	Picture	latin1_pain_false	5874069	17100	1	5171	1	17100	5000	other	0
236	Picture	latin1_pain_false	5897590	17510	1	5171	2	17510	5000	other	0
237	Picture	white1_pain_false	5917607	14010	1	5171	2	14010	5000	other	0
238	Picture	black1_pain_false	5937624	13920	1	5171	2	13920	5000	other	0
239	Picture	white1_pain_true	5959643	15970	1	5171	2	15970	5000	other	0
240	Picture	black1_pain_false	5976324	10680	1	5171	1	10680	5000	other	0
241	Picture	white1_pain_true	6001346	19020	1	5171	2	19020	5000	other	0
242	Picture	white1_pain_false	6022865	15400	1	5171	2	15400	5000	other	0
243	Picture	white1_pain_false	6040713	11860	1	5171	2	11860	5000	other	0
244	Picture	asian1_pain_false	6059229	12480	1	5171	2	12480	5000	other	0
245	Picture	black1_pain_true	6078746	13490	1	5171	2	13490	5000	other	0
246	Picture	black1_pain_false	6098263	13510	1	5171	2	13510	5000	other	0
247	Picture	white1_pain_false	6120449	16090	1	5171	1	16090	5000	other	0
248	Picture	asian1_pain_false	6142802	16220	1	5171	1	16220	5000	other	0
249	Picture	white1_pain_true	6168157	19280	1	5171	1	19280	5000	other	0
250	Picture	white1_pain_true	6193345	19090	1	5338	2	19090	5000	other	0
251	Picture	white1_pain_false	6210860	11270	1	5171	1	11270	5000	other	0
252	Picture	white1_pain_false	6227708	10850	1	5171	1	10850	5000	other	0
253	Picture	white1_pain_false	6252563	18850	1	5171	1	18850	5000	other	0
254	Picture	white1_pain_false	6269578	10920	1	5170	3	10920	5000	other	0
255	Picture	asian1_pain_true	6289762	13930	1	5171	1	13930	5000	other	0
256	Picture	latin1_pain_false	6308945	13070	1	5171	2	13070	5000	other	0
257	Picture	latin1_pain_false	6331632	16550	1	5171	1	16550	5000	other	0
258	Picture	black1_pain_true	6350648	12920	1	5171	2	12920	5000	other	0
259	Picture	latin1_pain_false	6374669	17950	1	5171	1	17950	5000	other	0
260	Picture	white1_pain_false	6394519	13740	1	5171	1	13740	5000	other	0
261	Picture	white1_pain_false	6411033	10330	1	5672	1	10330	5000	other	0
262	Picture	asian1_pain_true	6436889	19220	1	5171	2	19220	5000	other	0
263	Picture	asian1_pain_true	6461410	18480	1	5171	1	18480	5000	other	0
264	Picture	white1_pain_true	6481428	14000	1	5171	1	14000	5000	other	0
265	Picture	asian1_pain_false	6504448	16880	1	5171	1	16880	5000	other	0
266	Picture	latin1_pain_true	6529636	19060	1	5338	2	19060	5000	other	0
267	Picture	asian1_pain_false	6546984	11150	1	5171	1	11150	5000	other	0
268	Picture	asian1_pain_true	6570338	17210	1	5171	2	17210	5000	other	0
269	Picture	latin1_pain_false	6595860	19510	1	5171	2	19510	5000	other	0
270	Picture	white1_pain_false	6613041	11090	1	5171	1	11090	5000	other	0
271	Picture	white1_pain_true	6634560	15480	1	5171	1	15480	5000	other	0
272	Picture	white1_pain_false	6659248	18590	1	5171	1	18590	5000	other	0
273	Picture	white1_pain_true	6684603	19270	1	5171	2	19270	5000	other	0
274	Picture	white1_pain_true	6703787	13060	1	5338	2	13060	5000	other	0
275	Picture	asian1_pain_false	6729809	19700	1	5171	2	19700	5000	other	0
276	Picture	black1_pain_false	6752829	16890	1	5171	1	16890	5000	other	0
277	Picture	latin1_pain_false	6772679	13710	1	5171	2	13710	5000	other	0
278	Picture	latin1_pain_false	6794031	15290	1	5171	2	15290	5000	other	0
279	Picture	white1_pain_true	6814549	14500	1	5171	1	14500	5000	other	0
280	Picture	white1_pain_false	6835567	15010	1	5171	2	15010	5000	other	0
281	Picture	question	6856419	15590	1	30193	1	15590	30000	other	0
282	Picture	asian1_pain_true	6903292	15590	1	5171	2	15590	5000	other	0
283	Picture	latin1_pain_true	6919973	10500	1	5171	1	10500	5000	other	0
284	Picture	black1_pain_false	6941992	15940	1	5171	2	15940	5000	other	0
285	Picture	black1_pain_false	6961009	13000	1	5171	1	13000	5000	other	0
286	Picture	black1_pain_true	6983862	16750	1	5171	2	16750	5000	other	0
287	Picture	white1_pain_true	7007216	17210	1	5171	1	17210	5000	other	0
288	Picture	black1_pain_true	7026232	12980	1	5171	2	12980	5000	other	0
289	Picture	white1_pain_false	7047417	15100	1	5171	1	15100	5000	other	0
290	Picture	white1_pain_true	7073606	19640	1	5171	2	19640	5000	other	0
291	Picture	latin1_pain_false	7096293	16670	1	5171	1	16670	5000	other	0
292	Picture	latin1_pain_false	7115476	13020	1	5171	1	13020	5000	other	0
293	Picture	latin1_pain_false	7134159	12540	1	5171	2	12540	5000	other	0
294	Picture	asian1_pain_false	7159180	18770	1	5171	1	18770	5000	other	0
295	Picture	white1_pain_true	7179865	14640	1	5171	2	14640	5000	other	0
296	Picture	white1_pain_true	7205721	19830	1	5171	1	19830	5000	other	0
297	Picture	white1_pain_true	7224403	12680	1	5171	1	12680	5000	other	0
298	Picture	white1_pain_false	7248924	18360	1	5171	2	18360	5000	other	0
299	Picture	latin1_pain_false	7270944	15910	1	5171	2	15910	5000	other	0
300	Picture	white1_pain_false	7293296	16270	1	5171	2	16270	5000	other	0
301	Picture	latin1_pain_true	7317150	17810	1	5171	1	17810	5000	other	0
302	Picture	white1_pain_false	7338335	15040	1	5171	2	15040	5000	other	0
303	Picture	white1_pain_false	7356351	12050	1	5171	1	12050	5000	other	0
304	Picture	latin1_pain_false	7381205	18790	1	5171	2	18790	5000	other	0
305	Picture	asian1_pain_true	7403058	15260	1	5171	1	15260	5000	other	0
306	Picture	black1_pain_false	7420906	11790	1	5171	2	11790	5000	other	0
307	Picture	white1_pain_true	7444594	17570	1	5171	1	17570	5000	other	0
308	Picture	asian1_pain_false	7464277	13670	1	5171	1	13670	5000	other	0
309	Picture	white1_pain_false	7488798	18410	1	5171	2	18410	5000	other	0
310	Picture	white1_pain_false	7509817	14940	677	5171	677	14940	5000	other	0
311	Picture	asian1_pain_true	7528666	12810	1	5171	2	12810	5000	other	0
312	Picture	white1_pain_false	7546181	11370	1	5171	2	11370	5000	other	0
313	Picture	asian1_pain_false	7563029	10580	1	5171	1	10580	5000	other	0
314	Picture	latin1_pain_false	7584381	15310	1	5171	2	15310	5000	other	0
315	Picture	latin1_pain_true	7601729	11240	1	5171	1	11240	5000	other	0
316	Picture	latin1_pain_false	7620246	12450	1	5171	1	12450	5000	other	0
317	Picture	white1_pain_false	7641097	14780	1	5171	2	14780	5000	other	0
318	Picture	white1_pain_false	7664784	17720	1	5171	1	17720	5000	other	0
319	Picture	white1_pain_false	7681298	10400	1	5171	1	10400	5000	other	0
320	Picture	white1_pain_false	7705653	18140	1	5171	2	18140	5000	other	0
321	Picture	white1_pain_true	7727004	15230	2	5339	3	15230	5000	other	0
322	Picture	white1_pain_false	7745520	12260	1	5171	1	12260	5000	other	0
323	Picture	asian1_pain_false	7764704	13150	1	5171	1	13150	5000	other	0
324	Picture	black1_pain_false	7785055	14190	1	5171	2	14190	5000	other	0
325	Picture	white1_pain_false	7801569	10290	1	5171	1	10290	5000	other	0
326	Picture	white1_pain_false	7819418	11810	1	5171	1	11810	5000	other	0
327	Picture	white1_pain_false	7841437	16030	1	5171	1	16030	5000	other	0
328	Picture	white1_pain_true	7861454	13950	1	5171	1	13950	5000	other	0
329	Picture	latin1_pain_true	7882305	14860	1	5171	1	14860	5000	other	0
330	Picture	latin1_pain_true	7906326	17940	1	5171	2	17940	5000	other	0
331	Picture	latin1_pain_true	7928679	16300	1	5171	1	16300	5000	other	0
332	Picture	asian1_pain_false	7948362	13600	1	5171	2	13600	5000	other	0
333	Picture	white1_pain_false	7972383	17970	1	5171	1	17970	5000	other	0
334	Picture	white1_pain_false	7997738	19330	1	5171	2	19330	5000	other	0
335	Picture	black1_pain_false	8015087	11180	1	5171	2	11180	5000	other	0
336	Picture	white1_pain_true	8031267	10120	1	5171	1	10120	5000	other	0
337	Picture	white1_pain_false	8054955	17660	1	5171	1	17660	5000	other	0
338	Picture	latin1_pain_true	8074471	13300	1	5171	2	13300	5000	other	0
339	Picture	white1_pain_false	8095490	14970	1	5171	2	14970	5000	other	0
340	Picture	asian1_pain_false	8119510	17900	1	5171	1	17900	5000	other	0
341	Picture	white1_pain_false	8139194	13520	1	5171	2	13520	5000	other	0
342	Picture	asian1_pain_false	8159045	13720	1	5171	1	13720	5000	other	0
343	Picture	white1_pain_true	8181231	16070	1	5171	1	16070	5000	other	0
344	Picture	white1_pain_false	8206919	19590	1	5171	2	19590	5000	other	0
345	Picture	white1_pain_false	8231941	18930	1	5171	1	18930	5000	other	0
346	Picture	question	8252292	15040	1	30193	1	15040	30000	other	0
347	Picture	black1_pain_true	8298665	15040	1	5171	1	15040	5000	other	0
348	Picture	black1_pain_false	8319684	14990	1	5171	1	14990	5000	other	0
349	Picture	white1_pain_true	8338366	12600	1	5171	1	12600	5000	other	0
350	Picture	black1_pain_true	8358217	13800	1	5171	1	13800	5000	other	0
351	Picture	asian1_pain_false	8375565	11310	1	5171	2	11310	5000	other	0
352	Picture	black1_pain_false	8400754	19100	1	5171	2	19100	5000	other	0
353	Picture	latin1_pain_false	8420437	13690	1	5171	2	13690	5000	other	0
354	Picture	white1_pain_false	8436952	10410	1	5171	2	10410	5000	other	0
355	Picture	latin1_pain_true	8453633	10660	1	5171	2	10660	5000	other	0
356	Picture	asian1_pain_false	8472315	12530	1	5171	1	12530	5000	other	0
357	Picture	asian1_pain_false	8496336	17900	1	5171	1	17900	5000	other	0
358	Picture	asian1_pain_false	8520691	18270	1	5171	2	18270	5000	other	0
359	Picture	white1_pain_false	8540708	14060	1	5171	1	14060	5000	other	0
360	Picture	white1_pain_true	8562894	16190	1	5338	2	16190	5000	other	0
361	Picture	asian1_pain_false	8587081	18000	1	5171	2	18000	5000	other	0
362	Picture	black1_pain_true	8609768	16630	1	5171	2	16630	5000	other	0
363	Picture	asian1_pain_false	8631787	15950	1	5171	2	15950	5000	other	0
364	Picture	black1_pain_false	8656308	18380	1	5171	2	18380	5000	other	0
365	Picture	white1_pain_false	8674657	12190	1	5171	2	12190	5000	other	0
366	Picture	white1_pain_true	8693173	12460	1	5171	2	12460	5000	other	0
367	Picture	black1_pain_true	8715859	16740	1	5171	2	16740	5000	other	0
368	Picture	start_experiment	9361584	0	1	5171	1	0	5000	other	0
369	Picture	white1_pain_false	9477351	14900	1	5171	2	14900	5000	other	0
370	Picture	black1_pain_true	9501372	18040	1	5171	1	18040	5000	other	0
371	Picture	white1_pain_true	9520388	12960	1	5171	2	12960	5000	other	0
372	Picture	asian1_pain_true	9538237	11870	1	5171	2	11870	5000	other	0
373	Picture	black1_pain_false	9563092	18790	1	5171	2	18790	5000	other	0
374	Picture	white1_pain_false	9582108	12980	1	5171	1	12980	5000	other	0
375	Picture	black1_pain_false	9598956	10780	1	5171	1	10780	5000	other	0
376	Picture	white1_pain_false	9619474	14480	1	5171	2	14480	5000	other	0
377	Picture	black1_pain_false	9638323	12810	1	5171	1	12810	5000	other	0
378	Picture	white1_pain_false	9656839	12250	1	5171	1	12250	5000	other	0
379	Picture	white1_pain_true	9674021	11060	1	5171	2	11060	5000	other	0
380	Picture	white1_pain_false	9699043	18900	1	5171	2	18900	5000	other	0
381	Picture	black1_pain_false	9718560	13410	1	5171	2	13410	5000	other	0
382	Picture	latin1_pain_false	9740578	16040	1	5171	2	16040	5000	other	0
383	Picture	asian1_pain_false	9758594	11890	1	5171	2	11890	5000	other	0
384	Picture	white1_pain_true	9776610	11890	1	5171	2	11890	5000	other	0
385	Picture	white1_pain_true	9792790	10100	1	5171	1	10100	5000	other	0
386	Picture	white1_pain_false	9816811	17960	1	5171	2	17960	5000	other	0
387	Picture	asian1_pain_true	9839664	16770	1	5171	2	16770	5000	other	0
388	Picture	white1_pain_false	9861183	15470	1	5171	1	15470	5000	other	0
389	Picture	asian1_pain_false	9882034	14710	1	5171	2	14710	5000	other	0
390	Picture	black1_pain_true	9898548	10430	1	5171	2	10430	5000	other	0
391	Picture	latin1_pain_true	9918065	13520	1	5171	1	13520	5000	other	0
392	Picture	question	9934079	10680	1	30193	1	10680	30000	other	0
393	Picture	asian1_pain_true	9975949	10680	1	5171	2	10680	5000	other	0
394	Picture	white1_pain_false	9997634	15640	1	5171	2	15640	5000	other	0
395	Picture	asian1_pain_false	10018652	14910	1	5171	1	14910	5000	other	0
396	Picture	question	10040171	16170	1	30193	1	16170	30000	other	0
397	Picture	asian1_pain_true	10087545	16170	1	5171	1	16170	5000	other	0
398	Picture	asian1_pain_false	10105894	12230	1	5171	1	12230	5000	other	0
399	Picture	white1_pain_false	10131250	19270	1	5171	1	19270	5000	other	0
400	Picture	latin1_pain_false	10147931	10600	1	5171	1	10600	5000	other	0
401	Picture	asian1_pain_true	10171117	17130	1	5171	1	17130	5000	other	0
402	Picture	asian1_pain_false	10189300	12050	1	5171	1	12050	5000	other	0
403	Picture	asian1_pain_false	10214321	18940	1	5171	1	18940	5000	other	0
404	Picture	white1_pain_false	10237675	17300	1	5171	1	17300	5000	other	0
405	Picture	white1_pain_true	10256858	12930	1	5171	1	12930	5000	other	0
406	Picture	question	10282047	19880	1	30193	1	19880	30000	other	0
407	Picture	white1_pain_true	10333257	19880	1	5171	2	19880	5000	other	0
408	Picture	white1_pain_false	10357612	18340	1	5171	1	18340	5000	other	0
409	Picture	white1_pain_true	10383301	19520	1	5171	2	19520	5000	other	0
410	Picture	white1_pain_true	10402651	13390	1	5171	2	13390	5000	other	0
411	Picture	asian1_pain_false	10424503	15450	1	5171	1	15450	5000	other	0
412	Picture	white1_pain_false	10450359	19740	1	5171	1	19740	5000	other	0
413	Picture	black1_pain_false	10474713	18370	1	5171	1	18370	5000	other	0
414	Picture	white1_pain_true	10492228	11540	1	5171	1	11540	5000	other	0
415	Picture	latin1_pain_false	10516916	18580	1	5171	2	18580	5000	other	0
416	Picture	black1_pain_false	10538935	15920	1	5171	1	15920	5000	other	0
417	Picture	white1_pain_false	10555283	10310	1	5171	2	10310	5000	other	0
418	Picture	black1_pain_true	10574633	13300	1	5171	2	13300	5000	other	0
419	Picture	white1_pain_false	10598487	17730	1	5171	2	17730	5000	other	0
420	Picture	white1_pain_false	10617670	13120	1	5171	1	13120	5000	other	0
421	Picture	latin1_pain_false	10634685	10980	1	5171	2	10980	5000	other	0
422	Picture	white1_pain_false	10655536	14740	1	5171	1	14740	5000	other	0
423	Picture	white1_pain_true	10671884	10370	1	5171	2	10370	5000	other	0
424	Picture	latin1_pain_false	10697072	19040	1	5171	1	19040	5000	other	0
425	Picture	latin1_pain_false	10713753	10570	1	5171	2	10570	5000	other	0
426	Picture	white1_pain_false	10734604	14870	1	5171	2	14870	5000	other	0
427	Picture	asian1_pain_false	10750785	10090	1	5505	1	10090	5000	other	0
428	Picture	asian1_pain_false	10769635	12490	1	5171	1	12490	5000	other	0
429	Picture	white1_pain_false	10793656	17980	1	5171	2	17980	5000	other	0
430	Picture	white1_pain_false	10811004	11380	1	5171	2	11380	5000	other	0
431	Picture	white1_pain_false	10832856	15590	1	5171	1	15590	5000	other	0
432	Picture	black1_pain_false	10852373	13530	1	5171	1	13530	5000	other	0
433	Picture	asian1_pain_false	10868554	10060	1	5171	1	10060	5000	other	0
434	Picture	white1_pain_false	10890239	15610	1	5171	2	15610	5000	other	0
435	Picture	white1_pain_false	10911924	15660	1	5171	2	15660	5000	other	0
436	Picture	latin1_pain_false	10931441	13440	1	5171	1	13440	5000	other	0
437	Picture	question	10947956	11310	1	30193	1	11310	30000	other	0
438	Picture	white1_pain_true	10990492	11310	1	5171	1	11310	5000	other	0
439	Picture	white1_pain_true	11008508	11900	1	5171	2	11900	5000	other	0
440	Picture	asian1_pain_true	11032529	18020	1	5171	2	18020	5000	other	0
441	Picture	white1_pain_false	11051378	12780	1	5171	1	12780	5000	other	0
442	Picture	white1_pain_true	11067726	10240	1	5171	2	10240	5000	other	0
443	Picture	white1_pain_false	11086575	12800	1	5171	2	12800	5000	other	0
444	Picture	black1_pain_false	11103924	11320	1	5171	1	11320	5000	other	0
445	Picture	white1_pain_false	11128945	19000	1	5171	2	19000	5000	other	0
446	Picture	white1_pain_true	11147628	12530	1	5171	1	12530	5000	other	0
447	Picture	asian1_pain_false	11169647	15950	1	5171	1	15950	5000	other	0
448	Picture	white1_pain_false	11187496	11750	1	5171	1	11750	5000	other	0
449	Picture	asian1_pain_true	11209015	15480	1	5171	2	15480	5000	other	0
450	Picture	white1_pain_true	11225028	10050	1	5171	1	10050	5000	other	0
451	Picture	white1_pain_false	11247715	16670	1	5171	2	16670	5000	other	0
452	Picture	white1_pain_false	11272403	18610	1	5171	2	18610	5000	other	0
453	Picture	black1_pain_false	11297758	19250	1	5171	2	19250	5000	other	0
454	Picture	black1_pain_true	11314606	10840	1	5171	1	10840	5000	other	0
455	Picture	white1_pain_true	11332621	11880	1	5171	2	11880	5000	other	0
456	Picture	white1_pain_true	11357977	19270	1	5171	1	19270	5000	other	0
457	Picture	white1_pain_false	11374658	10370	1	5171	1	10370	5000	other	0
458	Picture	white1_pain_false	11397010	16270	1	5171	1	16270	5000	other	0
459	Picture	white1_pain_false	11418529	15480	1	5171	1	15480	5000	other	0
460	Picture	asian1_pain_true	11444552	20000	1	5171	2	20000	5000	other	0
461	Picture	white1_pain_false	11462567	11770	1	5171	1	11770	5000	other	0
462	Picture	latin1_pain_false	11479081	10430	1	5171	2	10430	5000	other	0
463	Picture	white1_pain_false	11495095	10010	1	5171	2	10010	5000	other	0
464	Picture	asian1_pain_true	11512777	11700	1	5171	1	11700	5000	other	0
465	Picture	latin1_pain_false	11534963	16200	1	5171	2	16200	5000	other	0
466	Picture	white1_pain_true	11554313	13380	1	5171	1	13380	5000	other	0
467	Picture	white1_pain_true	11570994	10620	1	5171	2	10620	5000	other	0
468	Picture	latin1_pain_false	11596850	19860	1	5171	1	19860	5000	other	0
469	Picture	black1_pain_true	11624374	16700	1	5171	2	16700	5000	other	0
470	Picture	white1_pain_false	11643724	13280	1	5171	1	13280	5000	other	0
471	Picture	latin1_pain_false	11664575	14690	1	5171	2	14690	5000	other	0
472	Picture	black1_pain_false	11685093	14330	1	5171	2	14330	5000	other	0
473	Picture	white1_pain_true	11701274	10070	1	5171	1	10070	5000	other	0
474	Picture	white1_pain_false	11720457	13170	1	5171	1	13170	5000	other	0
475	Picture	white1_pain_false	11744311	17880	1	5171	1	17880	5000	other	0
476	Picture	white1_pain_true	11769165	18790	1	5171	2	18790	5000	other	0
477	Picture	white1_pain_false	11789683	14510	1	5171	2	14510	5000	other	0
478	Picture	latin1_pain_true	11811535	15790	1	5171	1	15790	5000	other	0
479	Picture	white1_pain_false	11833888	16250	1	5171	2	16250	5000	other	0
480	Picture	white1_pain_false	11859410	19360	1	5171	2	19360	5000	other	0
481	Picture	white1_pain_false	11884932	19520	1	5171	1	19520	5000	other	0
482	Picture	white1_pain_true	11909954	18950	1	5171	1	18950	5000	other	0
483	Picture	black1_pain_true	11935810	19820	1	5171	1	19820	5000	other	0
484	Picture	black1_pain_false	11961332	19410	1	5171	2	19410	5000	other	0
485	Picture	white1_pain_false	11986687	19390	1	5171	1	19390	5000	other	0
486	Picture	white1_pain_false	12004702	11890	1	5004	2	11890	5000	other	0
487	Picture	black1_pain_false	12024553	13140	1	5171	1	13140	5000	other	0
488	Picture	black1_pain_false	12045237	14660	1	5171	2	14660	5000	other	0
489	Picture	black1_pain_true	12066423	15210	1	5171	1	15210	5000	other	0
490	Picture	black1_pain_true	12089776	17290	1	5171	2	17290	5000	other	0
491	Picture	white1_pain_true	12111628	15750	1	5171	2	15750	5000	other	0
492	Picture	white1_pain_false	12130978	13240	1	5171	2	13240	5000	other	0
493	Picture	black1_pain_false	12151830	14770	1	5338	2	14770	5000	other	0
494	Picture	white1_pain_false	12177018	18930	1	5171	1	18930	5000	other	0
495	Picture	black1_pain_true	12203041	19860	1	5171	1	19860	5000	other	0
496	Picture	black1_pain_false	12227895	18880	1	5171	2	18880	5000	other	0
497	Picture	white1_pain_false	12251249	17200	1	5171	2	17200	5000	other	0
498	Picture	asian1_pain_true	12276104	18760	1	5171	2	18760	5000	other	0
499	Picture	white1_pain_false	12293953	11810	1	5171	1	11810	5000	other	0
500	Picture	black1_pain_false	12313136	13070	1	5171	2	13070	5000	other	0
501	Picture	black1_pain_true	12337657	18530	1	5171	1	18530	5000	other	0
502	Picture	latin1_pain_true	12360176	16460	1	5171	1	16460	5000	other	0
503	Picture	black1_pain_false	12385031	18810	1	5171	2	18810	5000	other	0
504	Picture	white1_pain_false	12407884	16780	1	5171	2	16780	5000	other	0
505	Picture	white1_pain_false	12427568	13600	1	5171	2	13600	5000	other	0
506	Picture	asian1_pain_false	12449587	15890	1	5171	2	15890	5000	other	0
507	Picture	asian1_pain_false	12470438	14800	1	5171	2	14800	5000	other	0
508	Picture	asian1_pain_false	12486452	10030	1	5171	1	10030	5000	other	0
509	Picture	latin1_pain_false	12512475	19950	1	5171	2	19950	5000	other	0
510	Picture	white1_pain_true	12531992	13380	1	5171	2	13380	5000	other	0
511	Picture	white1_pain_true	12550508	12400	1	5171	1	12400	5000	other	0
512	Picture	white1_pain_true	12571859	15310	1	5171	2	15310	5000	other	0
513	Picture	white1_pain_true	12592878	14970	1	5171	2	14970	5000	other	0
514	Picture	white1_pain_false	12614897	16020	1	5171	2	16020	5000	other	0
515	Picture	white1_pain_false	12632745	11850	1	5171	2	11850	5000	other	0
516	Picture	asian1_pain_false	12649760	11010	1	5171	2	11010	5000	other	0
517	Picture	latin1_pain_true	12672947	17200	1	5171	1	17200	5000	other	0
518	Picture	white1_pain_true	12694465	15390	1	5171	1	15390	5000	other	0
519	Picture	latin1_pain_false	12717152	16270	1	5171	2	16270	5000	other	0
520	Picture	white1_pain_true	12737669	14300	1	5171	1	14300	5000	other	0
521	Picture	white1_pain_true	12760356	16650	1	5171	1	16650	5000	other	0
522	Picture	white1_pain_false	12779039	12610	1	5171	1	12610	5000	other	0
523	Picture	black1_pain_true	12798722	13530	1	5171	1	13530	5000	other	0
524	Picture	white1_pain_false	12817405	12620	1	5338	2	12620	5000	other	0
525	Picture	black1_pain_false	12838757	15080	1	5171	2	15080	5000	other	0
526	Picture	white1_pain_false	12864112	19260	1	5171	1	19260	5000	other	0
527	Picture	latin1_pain_false	12882962	12880	1	5171	2	12880	5000	other	0
528	Picture	black1_pain_true	12906649	17630	1	5171	1	17630	5000	other	0
529	Picture	asian1_pain_true	12923830	11120	1	5171	1	11120	5000	other	0
530	Picture	white1_pain_false	12943180	13140	1	5338	2	13140	5000	other	0
531	Picture	black1_pain_false	12965033	15670	1	5171	1	15670	5000	other	0
532	Picture	latin1_pain_false	12990221	18980	1	5171	2	18980	5000	other	0
533	Picture	white1_pain_false	13014575	18180	1	5171	2	18180	5000	other	0
534	Picture	white1_pain_true	13034092	13420	1	5171	1	13420	5000	other	0
535	Picture	black1_pain_true	13059614	19510	1	5171	2	19510	5000	other	0
536	Picture	white1_pain_false	13076963	11340	1	5171	1	11340	5000	other	0
537	Picture	white1_pain_false	13093811	10850	1	5171	2	10850	5000	other	0
538	Picture	asian1_pain_true	13113494	13650	1	5338	2	13650	5000	other	0
539	Picture	white1_pain_false	13130509	10710	1	5171	1	10710	5000	other	0
540	Picture	asian1_pain_true	13151360	14770	1	5171	2	14770	5000	other	0
541	Picture	white1_pain_false	13172545	15180	1	5171	1	15180	5000	other	0
542	Picture	question	13188059	10220	1	30193	1	10220	30000	other	0
543	Picture	latin1_pain_true	13229595	10220	1	5171	1	10220	5000	other	0
544	Picture	white1_pain_false	13245942	10200	1	5171	1	10200	5000	other	0
545	Picture	white1_pain_false	13271631	19660	1	5171	1	19660	5000	other	0
546	Picture	asian1_pain_true	13290981	13100	1	5171	2	13100	5000	other	0
547	Picture	white1_pain_false	13311999	15060	1	5171	2	15060	5000	other	0
548	Picture	white1_pain_true	13337021	19060	1	5171	1	19060	5000	other	0
549	Picture	black1_pain_false	13356705	13590	1	5171	1	13590	5000	other	0
550	Picture	white1_pain_true	13377222	14390	1	5171	2	14390	5000	other	0
551	Picture	white1_pain_false	13399241	16000	1	5171	2	16000	5000	other	0
552	Picture	white1_pain_false	13420927	15600	1	5171	1	15600	5000	other	0
553	Picture	white1_pain_false	13444948	17970	1	5171	2	17970	5000	other	0

Visual picture detection failed over to using scan line information only at the following times:
type	time	timeout	presentation
fail	194134	83.415	173
restore	196035	0	174
fail	228380	83.415	203
restore	228880	0	204
fail	352137	83.415	318
restore	352637	0	319
fail	411622	83.415	464
restore	411742	0	465
fail	412155	83.415	471
restore	412275	0	472
