Scenario - MEG
Logfile written - 10/08/2021 13:08:09

Trial	Event Type	Code	Time	TTime	Uncertainty	Duration	Uncertainty	ReqTime	ReqDur	Stim Type	Pair Index

1	Picture	start_experiment	50333	0	1	5167	1	0	5000	other	0
2	Picture	white1_pain_false	165332	13890	1	5167	1	13890	5000	other	0
3	Picture	black1_pain_false	191165	19590	1	5167	1	19590	5000	other	0
4	Picture	asian1_pain_true	214665	17260	1	5167	1	17260	5000	other	0
5	Picture	asian1_pain_false	234498	13670	1	5167	1	13670	5000	other	0
6	Picture	black1_pain_false	256831	16120	1	5167	1	16120	5000	other	0
7	Picture	latin1_pain_false	282831	19760	1	5167	1	19760	5000	other	0
8	Picture	black1_pain_false	302664	13660	1	5167	1	13660	5000	other	0
9	Picture	white1_pain_true	320330	11570	1	5167	1	11570	5000	other	0
10	Picture	white1_pain_false	337830	11300	1	5167	1	11300	5000	other	0
11	Picture	white1_pain_false	363997	19880	1	5167	1	19880	5000	other	0
12	Picture	white1_pain_false	380496	10310	1	5167	1	10310	5000	other	0
13	Picture	asian1_pain_true	406496	19910	1	5167	1	19910	5000	other	0
14	Picture	white1_pain_false	429496	16810	1	5167	1	16810	5000	other	0
15	Picture	white1_pain_false	453329	17670	1	5167	1	17670	5000	other	0
16	Picture	white1_pain_false	477495	18080	1	5167	1	18080	5000	other	0
17	Picture	asian1_pain_false	499829	16220	1	5167	1	16220	5000	other	0
18	Picture	asian1_pain_true	520662	14710	1	5167	1	14710	5000	other	0
19	Picture	latin1_pain_false	545828	19020	1	5167	1	19020	5000	other	0
20	Picture	white1_pain_true	565161	13160	1	5167	1	13160	5000	other	0
21	Picture	white1_pain_false	586161	14790	1	5167	1	14790	5000	other	0
22	Picture	black1_pain_true	610828	18560	1	5167	1	18560	5000	other	0
23	Picture	white1_pain_true	628327	11310	1	5167	1	11310	5000	other	0
24	Picture	latin1_pain_false	648161	13640	1	5167	1	13640	5000	other	0
25	Picture	latin1_pain_false	666994	12580	1	5167	1	12580	5000	other	0
26	Picture	white1_pain_false	685660	12450	1	5167	1	12450	5000	other	0
27	Picture	asian1_pain_false	710660	18830	1	5167	1	18830	5000	other	0
28	Picture	latin1_pain_false	733660	16840	1	5167	1	16840	5000	other	0
29	Picture	black1_pain_false	750826	11040	1	5167	1	11040	5000	other	0
30	Picture	latin1_pain_true	772993	15930	1	5167	1	15930	5000	other	0
31	Picture	black1_pain_false	795992	16810	1	5167	1	16810	5000	other	0
32	Picture	asian1_pain_false	818826	16750	1	5167	1	16750	5000	other	0
33	Picture	white1_pain_false	841825	16880	1	5167	1	16880	5000	other	0
34	Picture	white1_pain_false	860825	12920	1	5167	1	12920	5000	other	0
35	Picture	black1_pain_false	878992	12070	1	5167	1	12070	5000	other	0
36	Picture	latin1_pain_false	896825	11710	1	5167	1	11710	5000	other	0
37	Picture	white1_pain_true	915491	12480	1	5167	1	12480	5000	other	0
38	Picture	white1_pain_false	932991	11390	1	5167	1	11390	5000	other	0
39	Picture	asian1_pain_true	957158	18000	1	5167	1	18000	5000	other	0
40	Picture	black1_pain_false	975991	12740	1	5166	1	12740	5000	other	0
41	Picture	latin1_pain_false	995991	13880	1	5167	1	13880	5000	other	0
42	Picture	latin1_pain_false	1017824	15600	1	5167	1	15600	5000	other	0
43	Picture	asian1_pain_true	1043490	19570	1	5167	1	19570	5000	other	0
44	Picture	white1_pain_false	1060823	11200	1	5167	1	11200	5000	other	0
45	Picture	latin1_pain_false	1083990	17070	1	5167	1	17070	5000	other	0
46	Picture	white1_pain_true	1107489	17340	1	5167	1	17340	5000	other	0
47	Picture	white1_pain_true	1132156	18530	1	5167	1	18530	5000	other	0
48	Picture	latin1_pain_false	1148656	10430	1	5167	1	10430	5000	other	0
49	Picture	white1_pain_false	1168489	13650	1	5167	1	13650	5000	other	0
50	Picture	white1_pain_true	1185489	10830	1	5167	1	10830	5000	other	0
51	Picture	white1_pain_false	1203155	11510	1	5167	1	11510	5000	other	0
52	Picture	white1_pain_false	1221322	12010	1	5167	1	12010	5000	other	0
53	Picture	black1_pain_false	1240322	12830	1	5167	1	12830	5000	other	0
54	Picture	latin1_pain_true	1258155	11650	1	5167	1	11650	5000	other	0
55	Picture	white1_pain_false	1282488	18150	1	5167	1	18150	5000	other	0
56	Picture	white1_pain_false	1299988	11230	1	5167	1	11230	5000	other	0
57	Picture	latin1_pain_false	1324654	18520	1	5167	1	18520	5000	other	0
58	Picture	latin1_pain_false	1349487	18710	1	5167	1	18710	5000	other	0
59	Picture	white1_pain_true	1368487	12860	1	5167	1	12860	5000	other	0
60	Picture	white1_pain_true	1387987	13350	1	5167	1	13350	5000	other	0
61	Picture	asian1_pain_false	1410820	16700	1	5167	1	16700	5000	other	0
62	Picture	asian1_pain_true	1428820	11850	1	5167	1	11850	5000	other	0
63	Picture	asian1_pain_false	1448153	13170	1	5167	1	13170	5000	other	0
64	Picture	white1_pain_true	1473986	19720	1	5167	1	19720	5000	other	0
65	Picture	black1_pain_true	1497819	17590	1	5167	1	17590	5000	other	0
66	Picture	white1_pain_false	1520985	17060	1	5167	1	17060	5000	other	0
67	Picture	latin1_pain_true	1546485	19370	1	5167	1	19370	5000	other	0
68	Picture	asian1_pain_false	1571652	19050	1	5167	1	19050	5000	other	0
69	Picture	black1_pain_false	1596651	18840	1	5167	1	18840	5000	other	0
70	Picture	asian1_pain_false	1618985	16190	1	5167	1	16190	5000	other	0
71	Picture	black1_pain_false	1641318	16200	1	5167	1	16200	5000	other	0
72	Picture	white1_pain_false	1659651	12180	1	5167	1	12180	5000	other	0
73	Picture	white1_pain_false	1681817	15990	1	5167	1	15990	5000	other	0
74	Picture	asian1_pain_false	1702150	14250	1	5167	1	14250	5000	other	0
75	Picture	white1_pain_true	1727983	19680	1	5167	1	19680	5000	other	0
76	Picture	latin1_pain_false	1750650	16600	1	5167	1	16600	5000	other	0
77	Picture	white1_pain_true	1776316	19570	1	5167	1	19570	5000	other	0
78	Picture	white1_pain_false	1797149	14610	1	5167	1	14610	5000	other	0
79	Picture	white1_pain_false	1822483	19150	1	5167	1	19150	5000	other	0
80	Picture	black1_pain_true	1840149	11540	1	5167	1	11540	5000	other	0
81	Picture	white1_pain_true	1859482	13200	1	5167	1	13200	5000	other	0
82	Picture	black1_pain_false	1879649	14080	1	5167	1	14080	5000	other	0
83	Picture	black1_pain_false	1895982	10190	1	5167	1	10190	5000	other	0
84	Picture	white1_pain_false	1922148	19900	1	5167	1	19900	5000	other	0
85	Picture	white1_pain_false	1941648	13230	1	5167	1	13230	5000	other	0
86	Picture	white1_pain_false	1958148	10440	1	5167	1	10440	5000	other	0
87	Picture	asian1_pain_false	1980814	16460	1	5167	1	16460	5000	other	0
88	Picture	latin1_pain_false	1999314	12280	1	5167	1	12280	5000	other	0
89	Picture	white1_pain_false	2020647	15110	1	5167	1	15110	5000	other	0
90	Picture	white1_pain_false	2042647	15840	1	5167	1	15840	5000	other	0
91	Picture	white1_pain_true	2065314	16580	1	5167	1	16580	5000	other	0
92	Picture	asian1_pain_true	2089313	17790	1	5167	1	17790	5000	other	0
93	Picture	black1_pain_false	2111146	15610	1	5167	1	15610	5000	other	0
94	Picture	white1_pain_true	2134980	17710	1	5167	1	17710	5000	other	0
95	Picture	asian1_pain_true	2153313	12030	1	5167	1	12030	5000	other	0
96	Picture	asian1_pain_false	2169979	10550	1	5167	1	10550	5000	other	0
97	Picture	asian1_pain_false	2192812	16620	1	5167	1	16620	5000	other	0
98	Picture	white1_pain_false	2210312	11360	1	5167	1	11360	5000	other	0
99	Picture	white1_pain_false	2235312	18900	1	5167	1	18900	5000	other	0
100	Picture	white1_pain_false	2260145	18730	1	5167	1	18730	5000	other	0
101	Picture	asian1_pain_false	2283811	17430	1	5167	1	17430	5000	other	0
102	Picture	latin1_pain_false	2306811	16900	1	5167	1	16900	5000	other	0
103	Picture	asian1_pain_false	2325644	12590	1	5167	1	12590	5000	other	0
104	Picture	latin1_pain_false	2343811	11960	1	5167	1	11960	5000	other	0
105	Picture	white1_pain_false	2369477	19480	1	5167	1	19480	5000	other	0
106	Picture	asian1_pain_false	2389144	13500	1	5167	1	13500	5000	other	0
107	Picture	latin1_pain_false	2406977	11640	1	5167	1	11640	5000	other	0
108	Picture	latin1_pain_false	2429310	16140	1	5167	1	16140	5000	other	0
109	Picture	white1_pain_false	2446643	11130	1	5167	1	11130	5000	other	0
110	Picture	white1_pain_false	2470310	17410	1	5167	1	17410	5000	other	0
111	Picture	latin1_pain_true	2493643	17070	1	5167	1	17070	5000	other	0
112	Picture	asian1_pain_false	2510143	10350	1	5167	1	10350	5000	other	0
113	Picture	asian1_pain_false	2527309	11050	1	5167	1	11050	5000	other	0
114	Picture	white1_pain_false	2550809	17320	1	5167	1	17320	5000	other	0
115	Picture	latin1_pain_false	2576309	19410	1	5167	1	19410	5000	other	0
116	Picture	white1_pain_false	2601809	19260	1	5167	1	19260	5000	other	0
117	Picture	latin1_pain_false	2619308	11310	1	5167	1	11310	5000	other	0
118	Picture	white1_pain_false	2639141	13640	1	5167	1	13640	5000	other	0
119	Picture	asian1_pain_true	2663308	18010	1	5167	1	18010	5000	other	0
120	Picture	black1_pain_true	2681308	11850	1	5167	1	11850	5000	other	0
121	Picture	white1_pain_false	2699308	11860	1	5167	1	11860	5000	other	0
122	Picture	latin1_pain_false	2724141	18580	1	5167	1	18580	5000	other	0
123	Picture	latin1_pain_false	2746140	15770	1	5167	1	15770	5000	other	0
124	Picture	white1_pain_true	2771640	19280	1	5167	1	19280	5000	other	0
125	Picture	white1_pain_true	2795640	17790	1	5167	1	17790	5000	other	0
126	Picture	latin1_pain_true	2818973	17240	1	5167	1	17240	5000	other	0
127	Picture	asian1_pain_false	2841140	15990	1	5167	1	15990	5000	other	0
128	Picture	asian1_pain_false	2867306	19960	1	5167	1	19960	5000	other	0
129	Picture	question	2886139	13610	1	30166	1	13610	30000	other	0
130	Picture	white1_pain_true	2931139	13610	1	5167	1	13610	5000	other	0
131	Picture	black1_pain_false	2957305	19930	1	5167	1	19930	5000	other	0
132	Picture	black1_pain_false	2974138	10580	1	5167	1	10580	5000	other	0
133	Picture	black1_pain_false	2991305	11000	1	5167	1	11000	5000	other	0
134	Picture	latin1_pain_false	3012305	14880	1	5167	1	14880	5000	other	0
135	Picture	black1_pain_false	3038138	19570	1	5167	1	19570	5000	other	0
136	Picture	asian1_pain_false	3055637	11290	1	5167	1	11290	5000	other	0
137	Picture	asian1_pain_true	3075471	13630	1	5167	1	13630	5000	other	0
138	Picture	black1_pain_false	3093137	11410	1	5167	1	11410	5000	other	0
139	Picture	latin1_pain_false	3112137	12930	1	5167	1	12930	5000	other	0
140	Picture	asian1_pain_false	3138137	19760	1	5167	1	19760	5000	other	0
141	Picture	white1_pain_false	3158970	14590	1	5167	1	14590	5000	other	0
142	Picture	white1_pain_false	3176803	11610	1	5167	1	11610	5000	other	0
143	Picture	black1_pain_false	3193136	10190	1	5167	1	10190	5000	other	0
144	Picture	white1_pain_false	3214303	14920	1	5167	1	14920	5000	other	0
145	Picture	asian1_pain_false	3233136	12660	1	5167	1	12660	5000	other	0
146	Picture	asian1_pain_false	3256802	17460	1	5167	1	17460	5000	other	0
147	Picture	asian1_pain_false	3277802	14880	1	5167	1	14880	5000	other	0
148	Picture	black1_pain_false	3303135	19140	1	5167	1	19140	5000	other	0
149	Picture	white1_pain_false	3325135	15740	1	5167	1	15740	5000	other	0
150	Picture	white1_pain_false	3342301	10940	1	5167	1	10940	5000	other	0
151	Picture	question	3359801	12180	1	30166	1	12180	30000	other	0
152	Picture	latin1_pain_true	3403301	12180	1	5167	1	12180	5000	other	0
153	Picture	white1_pain_false	3428134	18740	1	5167	1	18740	5000	other	0
154	Picture	white1_pain_false	3452800	18540	1	5167	1	18540	5000	other	0
155	Picture	white1_pain_false	3477633	18660	1	5167	1	18660	5000	other	0
156	Picture	white1_pain_false	3498300	14440	1	5167	1	14440	5000	other	0
157	Picture	white1_pain_false	3519633	15090	1	5167	1	15090	5000	other	0
158	Picture	white1_pain_false	3544799	18970	1	5167	1	18970	5000	other	0
159	Picture	white1_pain_true	3566633	15720	1	5167	1	15720	5000	other	0
160	Picture	latin1_pain_true	3585632	12760	1	5167	1	12760	5000	other	0
161	Picture	black1_pain_false	3602132	10430	1	5167	1	10430	5000	other	0
162	Picture	white1_pain_false	3618799	10430	1	5167	1	10430	5000	other	0
163	Picture	white1_pain_true	3639799	14930	1	5167	1	14930	5000	other	0
164	Picture	latin1_pain_false	3657465	11570	1	5167	1	11570	5000	other	0
165	Picture	black1_pain_true	3679132	15500	1	5167	1	15500	5000	other	0
166	Picture	latin1_pain_false	3702465	17110	1	5167	1	17110	5000	other	0
167	Picture	black1_pain_false	3719631	10980	1	5167	1	10980	5000	other	0
168	Picture	white1_pain_true	3742964	17120	1	5167	1	17120	5000	other	0
169	Picture	latin1_pain_true	3765631	16540	1	5167	1	16540	5000	other	0
170	Picture	white1_pain_true	3790464	18760	1	5167	1	18760	5000	other	0
171	Picture	asian1_pain_false	3813630	16950	1	5166	1	16950	5000	other	0
172	Picture	white1_pain_false	3830963	11170	1	5167	1	11170	5000	other	0
173	Picture	asian1_pain_false	3853297	16130	1	5167	1	16130	5000	other	0
174	Picture	asian1_pain_true	3874963	15590	1	5167	1	15590	5000	other	0
175	Picture	white1_pain_false	3898963	17850	1	5167	1	17850	5000	other	0
176	Picture	asian1_pain_false	3918796	13750	1	5167	1	13750	5000	other	0
177	Picture	latin1_pain_false	3937129	12210	1	5167	1	12210	5000	other	0
178	Picture	white1_pain_true	3954796	11430	1	5167	1	11430	5000	other	0
179	Picture	white1_pain_false	3971795	10900	1	5167	1	10900	5000	other	0
180	Picture	white1_pain_false	3997295	19320	1	5167	1	19320	5000	other	0
181	Picture	black1_pain_false	4021962	18540	1	5167	1	18540	5000	other	0
182	Picture	white1_pain_false	4044128	15950	1	5167	1	15950	5000	other	0
183	Picture	black1_pain_false	4065128	14820	1	5167	1	14820	5000	other	0
184	Picture	latin1_pain_true	4086794	15570	1	5167	1	15570	5000	other	0
185	Picture	white1_pain_false	4108294	15280	1	5167	1	15280	5000	other	0
186	Picture	white1_pain_false	4131127	16630	1	5167	1	16630	5000	other	0
187	Picture	black1_pain_true	4153794	16610	1	5167	1	16610	5000	other	0
188	Picture	white1_pain_true	4178293	18340	1	5167	1	18340	5000	other	0
189	Picture	white1_pain_true	4194460	10010	1	5167	1	10010	5000	other	0
190	Picture	latin1_pain_false	4220293	19640	1	5167	1	19640	5000	other	0
191	Picture	asian1_pain_false	4239626	13190	1	5167	1	13190	5000	other	0
192	Picture	white1_pain_true	4257126	11360	1	5167	1	11360	5000	other	0
193	Picture	asian1_pain_true	4282459	19090	1	5167	1	19090	5000	other	0
194	Picture	black1_pain_true	4298792	10110	1	5167	1	10110	5000	other	0
195	Picture	black1_pain_false	4315959	11050	1	5167	1	11050	5000	other	0
196	Picture	white1_pain_true	4339292	17140	1	5167	1	17140	5000	other	0
197	Picture	latin1_pain_false	4363625	18290	1	5167	1	18290	5000	other	0
198	Picture	asian1_pain_false	4384458	14640	1	5167	1	14640	5000	other	0
199	Picture	white1_pain_true	4404625	14050	1	5167	1	14050	5000	other	0
200	Picture	latin1_pain_false	4423291	12420	1	5167	1	12420	5000	other	0
201	Picture	latin1_pain_false	4439458	10070	1	5167	1	10070	5000	other	0
202	Picture	white1_pain_false	4462957	17360	1	5167	1	17360	5000	other	0
203	Picture	black1_pain_false	4488791	19690	1	5166	1	19690	5000	other	0
204	Picture	white1_pain_true	4506290	11420	1	5167	1	11420	5000	other	0
205	Picture	asian1_pain_false	4525790	13360	1	5167	1	13360	5000	other	0
206	Picture	white1_pain_false	4543123	11170	1	5167	1	11170	5000	other	0
207	Picture	black1_pain_false	4567790	18480	1	5167	1	18480	5000	other	0
208	Picture	white1_pain_true	4589456	15540	1	5167	1	15540	5000	other	0
209	Picture	asian1_pain_false	4611956	16320	1	5167	1	16320	5000	other	0
210	Picture	asian1_pain_false	4633956	15840	1	5167	1	15840	5000	other	0
211	Picture	black1_pain_true	4650622	10560	1	5167	1	10560	5000	other	0
212	Picture	white1_pain_true	4673122	16360	1	5167	1	16360	5000	other	0
213	Picture	white1_pain_true	4697622	18420	1	5167	1	18420	5000	other	0
214	Picture	start_experiment	5343949	0	1	5167	1	0	5000	other	0
215	Picture	asian1_pain_true	5458115	13200	1	5167	1	13200	5000	other	0
216	Picture	black1_pain_false	5475948	11610	1	5167	1	11610	5000	other	0
217	Picture	asian1_pain_false	5495781	13600	1	5167	1	13600	5000	other	0
218	Picture	black1_pain_false	5512114	10270	1	5167	1	10270	5000	other	0
219	Picture	latin1_pain_false	5537114	18750	1	5167	1	18750	5000	other	0
220	Picture	white1_pain_false	5560447	17140	1	5167	1	17140	5000	other	0
221	Picture	white1_pain_false	5579780	13070	1	5167	1	13070	5000	other	0
222	Picture	black1_pain_false	5604447	18540	1	5167	1	18540	5000	other	0
223	Picture	latin1_pain_false	5626613	15950	1	5167	1	15950	5000	other	0
224	Picture	black1_pain_false	5644279	11480	1	5167	1	11480	5000	other	0
225	Picture	white1_pain_false	5664113	13580	1	5167	1	13580	5000	other	0
226	Picture	latin1_pain_false	5680946	10750	1	5167	1	10750	5000	other	0
227	Picture	white1_pain_false	5705112	18020	1	5167	1	18020	5000	other	0
228	Picture	latin1_pain_false	5725112	13860	1	5167	1	13860	5000	other	0
229	Picture	white1_pain_false	5747112	15940	1	5167	1	15940	5000	other	0
230	Picture	white1_pain_true	5766778	13410	1	5167	1	13410	5000	other	0
231	Picture	latin1_pain_false	5790278	17320	1	5167	1	17320	5000	other	0
232	Picture	white1_pain_false	5813111	16710	1	5167	1	16710	5000	other	0
233	Picture	white1_pain_true	5838944	19670	1	5167	1	19670	5000	other	0
234	Picture	latin1_pain_true	5860606	15480	8	5171	8	15480	5000	other	0
235	Picture	white1_pain_false	5878611	11890	1	5167	1	11890	5000	other	0
236	Picture	white1_pain_false	5901277	16590	1	5167	1	16590	5000	other	0
237	Picture	white1_pain_false	5926943	19480	1	5167	1	19480	5000	other	0
238	Picture	white1_pain_false	5948443	15370	1	5167	1	15370	5000	other	0
239	Picture	asian1_pain_true	5965443	10880	1	5161	6	10880	5000	other	0
240	Picture	white1_pain_true	5989109	17520	1	5167	1	17520	5000	other	0
241	Picture	white1_pain_false	6013609	18390	1	5167	1	18390	5000	other	0
242	Picture	asian1_pain_false	6032109	12210	1	5167	1	12210	5000	other	0
243	Picture	white1_pain_false	6052609	14330	1	5167	1	14330	5000	other	0
244	Picture	black1_pain_false	6070775	12020	1	5167	1	12020	5000	other	0
245	Picture	white1_pain_false	6089442	12580	1	5167	1	12580	5000	other	0
246	Picture	white1_pain_false	6113608	17950	1	5167	1	17950	5000	other	0
247	Picture	white1_pain_true	6132275	12530	1	5167	1	12530	5000	other	0
248	Picture	white1_pain_false	6153108	14640	1	5167	1	14640	5000	other	0
249	Picture	black1_pain_false	6174941	15630	1	5167	1	15630	5000	other	0
250	Picture	white1_pain_false	6192441	11300	1	5167	1	11300	5000	other	0
251	Picture	white1_pain_false	6212441	13850	1	5167	1	13850	5000	other	0
252	Picture	latin1_pain_true	6234107	15560	1	5167	1	15560	5000	other	0
253	Picture	latin1_pain_true	6253774	13470	1	5167	1	13470	5000	other	0
254	Picture	white1_pain_false	6270773	10840	1	5167	1	10840	5000	other	0
255	Picture	latin1_pain_false	6287607	10570	1	5167	1	10570	5000	other	0
256	Picture	latin1_pain_false	6312106	18250	1	5167	1	18250	5000	other	0
257	Picture	latin1_pain_false	6332106	13770	1	5167	1	13770	5000	other	0
258	Picture	white1_pain_true	6353939	15630	1	5167	1	15630	5000	other	0
259	Picture	latin1_pain_false	6370439	10330	1	5167	1	10330	5000	other	0
260	Picture	black1_pain_false	6389606	12970	1	5167	1	12970	5000	other	0
261	Picture	latin1_pain_true	6414939	18990	1	5167	1	18990	5000	other	0
262	Picture	black1_pain_false	6432272	11130	1	5167	1	11130	5000	other	0
263	Picture	white1_pain_false	6458105	19620	1	5167	1	19620	5000	other	0
264	Picture	black1_pain_false	6478605	14370	1	5167	1	14370	5000	other	0
265	Picture	white1_pain_false	6504438	19690	1	5167	1	19690	5000	other	0
266	Picture	latin1_pain_true	6530104	19400	1	5167	1	19400	5000	other	0
267	Picture	latin1_pain_false	6548437	12130	1	5167	1	12130	5000	other	0
268	Picture	white1_pain_true	6568771	14200	1	5167	1	14200	5000	other	0
269	Picture	asian1_pain_true	6590270	15240	1	5167	1	15240	5000	other	0
270	Picture	black1_pain_false	6616437	19960	1	5167	1	19960	5000	other	0
271	Picture	question	6639603	17860	1	30166	1	17860	30000	other	0
272	Picture	asian1_pain_true	6688769	17860	1	5167	1	17860	5000	other	0
273	Picture	white1_pain_false	6708103	13100	1	5167	1	13100	5000	other	0
274	Picture	asian1_pain_false	6726602	12430	1	5167	1	12430	5000	other	0
275	Picture	black1_pain_true	6744769	12040	1	5167	1	12040	5000	other	0
276	Picture	question	6769269	19180	1	30166	1	19180	30000	other	0
277	Picture	black1_pain_true	6819768	19180	1	5167	1	19180	5000	other	0
278	Picture	white1_pain_false	6843268	17290	1	5167	1	17290	5000	other	0
279	Picture	black1_pain_false	6864934	15400	1	5167	1	15400	5000	other	0
280	Picture	white1_pain_false	6881934	10890	1	5167	1	10890	5000	other	0
281	Picture	latin1_pain_true	6905934	17900	1	5167	1	17900	5000	other	0
282	Picture	white1_pain_false	6928767	16660	1	5167	1	16660	5000	other	0
283	Picture	asian1_pain_false	6954100	19130	1	5167	1	19130	5000	other	0
284	Picture	question	6972433	13000	1	30166	1	13000	30000	other	0
285	Picture	white1_pain_true	7016933	13000	1	5167	1	13000	5000	other	0
286	Picture	black1_pain_true	7040599	17420	1	5167	1	17420	5000	other	0
287	Picture	white1_pain_true	7066266	19560	1	5167	1	19560	5000	other	0
288	Picture	white1_pain_false	7088432	16020	1	5167	1	16020	5000	other	0
289	Picture	white1_pain_false	7104932	10250	1	5167	1	10250	5000	other	0
290	Picture	white1_pain_false	7121932	10820	1	5167	1	10820	5000	other	0
291	Picture	black1_pain_false	7141932	13910	1	5167	1	13910	5000	other	0
292	Picture	black1_pain_true	7162932	14840	1	5167	1	14840	5000	other	0
293	Picture	white1_pain_true	7182098	13020	1	5167	1	13020	5000	other	0
294	Picture	latin1_pain_false	7205265	17010	1	5167	1	17010	5000	other	0
295	Picture	asian1_pain_false	7227264	15910	1	5167	1	15910	5000	other	0
296	Picture	white1_pain_false	7251931	18490	1	5167	1	18490	5000	other	0
297	Picture	white1_pain_false	7273097	15060	1	5167	1	15060	5000	other	0
298	Picture	black1_pain_true	7298597	19410	1	5167	1	19410	5000	other	0
299	Picture	white1_pain_false	7315263	10490	1	5167	1	10490	5000	other	0
300	Picture	white1_pain_false	7337263	15850	1	5167	1	15850	5000	other	0
301	Picture	white1_pain_false	7362930	19470	1	5167	1	19470	5000	other	0
302	Picture	asian1_pain_false	7379263	10200	1	5167	1	10200	5000	other	0
303	Picture	white1_pain_false	7404429	18920	1	5167	1	18920	5000	other	0
304	Picture	white1_pain_false	7422262	11680	1	5167	1	11680	5000	other	0
305	Picture	latin1_pain_true	7439262	10930	1	5167	1	10930	5000	other	0
306	Picture	black1_pain_true	7458762	13270	1	5167	1	13270	5000	other	0
307	Picture	white1_pain_false	7476262	11380	1	5167	1	11380	5000	other	0
308	Picture	latin1_pain_false	7501095	18760	1	5167	1	18760	5000	other	0
309	Picture	black1_pain_false	7526761	19500	1	5167	1	19500	5000	other	0
310	Picture	white1_pain_false	7552428	19450	1	5167	1	19450	5000	other	0
311	Picture	white1_pain_true	7577594	19110	1	5167	1	19110	5000	other	0
312	Picture	latin1_pain_true	7597761	14070	1	5167	1	14070	5000	other	0
313	Picture	white1_pain_false	7620927	16980	1	5167	1	16980	5000	other	0
314	Picture	white1_pain_true	7644427	17290	1	5167	1	17290	5000	other	0
315	Picture	black1_pain_false	7668093	17530	1	5167	1	17530	5000	other	0
316	Picture	latin1_pain_true	7686927	12670	1	5167	1	12670	5000	other	0
317	Picture	asian1_pain_false	7707260	14180	1	5167	1	14180	5000	other	0
318	Picture	white1_pain_false	7728093	14690	1	5167	1	14690	5000	other	0
319	Picture	latin1_pain_false	7752259	18090	1	5167	1	18090	5000	other	0
320	Picture	asian1_pain_false	7777926	19540	1	5167	1	19540	5000	other	0
321	Picture	latin1_pain_true	7800259	16110	1	5167	1	16110	5000	other	0
322	Picture	latin1_pain_false	7817092	10670	1	5167	1	10670	5000	other	0
323	Picture	black1_pain_false	7833592	10280	1	5167	1	10280	5000	other	0
324	Picture	asian1_pain_false	7852258	12530	1	5167	1	12530	5000	other	0
325	Picture	white1_pain_true	7870092	11630	1	5167	1	11630	5000	other	0
326	Picture	asian1_pain_false	7891425	15160	1	5167	1	15160	5000	other	0
327	Picture	white1_pain_true	7910258	12680	1	5167	1	12680	5000	other	0
328	Picture	white1_pain_true	7934091	17680	1	5167	1	17680	5000	other	0
329	Picture	white1_pain_false	7953091	12780	1	5167	1	12780	5000	other	0
330	Picture	latin1_pain_false	7971424	12190	1	5167	1	12190	5000	other	0
331	Picture	white1_pain_false	7996257	18640	1	5167	1	18640	5000	other	0
332	Picture	white1_pain_false	8016090	13710	1	5167	1	13710	5000	other	0
333	Picture	black1_pain_false	8035090	12780	1	5167	1	12780	5000	other	0
334	Picture	latin1_pain_true	8057256	16000	1	5167	1	16000	5000	other	0
335	Picture	black1_pain_true	8081256	17810	1	5167	1	17810	5000	other	0
336	Picture	white1_pain_true	8105423	17950	1	5167	1	17950	5000	other	0
337	Picture	asian1_pain_false	8127589	15990	1	5167	1	15990	5000	other	0
338	Picture	white1_pain_false	8149922	16180	1	5167	1	16180	5000	other	0
339	Picture	latin1_pain_false	8173922	17830	1	5167	1	17830	5000	other	0
340	Picture	asian1_pain_false	8190922	10760	1	5167	1	10760	5000	other	0
341	Picture	white1_pain_false	8215922	18820	1	5167	1	18820	5000	other	0
342	Picture	asian1_pain_false	8242088	19970	1	5167	1	19970	5000	other	0
343	Picture	black1_pain_false	8260254	11970	1	5167	1	11970	5000	other	0
344	Picture	asian1_pain_true	8282921	16570	1	5167	1	16570	5000	other	0
345	Picture	asian1_pain_true	8299921	10770	1	5167	1	10770	5000	other	0
346	Picture	latin1_pain_false	8316587	10370	1	5167	1	10370	5000	other	0
347	Picture	asian1_pain_false	8334420	11710	1	5167	1	11710	5000	other	0
348	Picture	latin1_pain_true	8360583	19930	5	5170	5	19930	5000	other	0
349	Picture	white1_pain_true	8381587	14760	1	5167	1	14760	5000	other	0
350	Picture	asian1_pain_true	8399087	11330	1	5167	1	11330	5000	other	0
351	Picture	latin1_pain_true	8415753	10590	1	5167	1	10590	5000	other	0
352	Picture	white1_pain_true	8433753	11810	1	5167	1	11810	5000	other	0
353	Picture	white1_pain_false	8457253	17410	1	5167	1	17410	5000	other	0
354	Picture	white1_pain_true	8475586	12200	1	5167	1	12200	5000	other	0
355	Picture	white1_pain_false	8499086	17390	1	5167	1	17390	5000	other	0
356	Picture	latin1_pain_false	8523919	18580	1	5167	1	18580	5000	other	0
357	Picture	white1_pain_true	8545752	15670	1	5167	1	15670	5000	other	0
358	Picture	white1_pain_false	8569918	17980	1	5167	1	17980	5000	other	0
359	Picture	white1_pain_false	8591585	15430	1	5167	1	15430	5000	other	0
360	Picture	white1_pain_true	8611251	13430	1	5167	1	13430	5000	other	0
361	Picture	white1_pain_true	8630251	12840	1	5167	1	12840	5000	other	0
362	Picture	black1_pain_true	8650584	14120	1	5167	1	14120	5000	other	0
363	Picture	latin1_pain_false	8673750	16950	1	5167	1	16950	5000	other	0
364	Picture	white1_pain_true	8694084	14140	1	5167	1	14140	5000	other	0
365	Picture	white1_pain_false	8715083	14850	1	5167	1	14850	5000	other	0
366	Picture	white1_pain_false	8737917	16590	1	5167	1	16590	5000	other	0
367	Picture	white1_pain_true	8759750	15700	1	5167	1	15700	5000	other	0
368	Picture	white1_pain_false	8780916	14940	1	5167	1	14940	5000	other	0
369	Picture	black1_pain_false	8806416	19260	1	5167	1	19260	5000	other	0
370	Picture	white1_pain_true	8831416	18880	1	5167	1	18880	5000	other	0
371	Picture	white1_pain_false	8855082	17440	1	5167	1	17440	5000	other	0
372	Picture	black1_pain_false	8876915	15560	1	5167	1	15560	5000	other	0
373	Picture	white1_pain_false	8897748	14750	1	5167	1	14750	5000	other	0
374	Picture	white1_pain_true	8914081	10130	1	5167	1	10130	5000	other	0
375	Picture	asian1_pain_false	8937748	17490	1	5167	1	17490	5000	other	0
376	Picture	asian1_pain_false	8960248	16270	1	5167	1	16270	5000	other	0
377	Picture	black1_pain_false	8983914	17430	1	5167	1	17430	5000	other	0
378	Picture	white1_pain_false	9008414	18320	1	5167	1	18320	5000	other	0
379	Picture	white1_pain_true	9028914	14260	1	5167	1	14260	5000	other	0
380	Picture	white1_pain_true	9049080	13940	1	5167	1	13940	5000	other	0
381	Picture	latin1_pain_false	9069413	14190	1	5167	1	14190	5000	other	0
382	Picture	white1_pain_true	9091913	16320	1	5167	1	16320	5000	other	0
383	Picture	latin1_pain_true	9110246	12260	1	5167	1	12260	5000	other	0
384	Picture	black1_pain_true	9130246	13740	1	5167	1	13740	5000	other	0
385	Picture	latin1_pain_false	9155413	19000	1	5167	1	19000	5000	other	0
386	Picture	white1_pain_true	9176246	14630	1	5167	1	14630	5000	other	0
387	Picture	white1_pain_false	9198079	15590	1	5167	1	15590	5000	other	0
388	Picture	white1_pain_true	9217412	13180	1	5167	1	13180	5000	other	0
389	Picture	latin1_pain_false	9242412	18750	1	5167	1	18750	5000	other	0
390	Picture	latin1_pain_false	9259078	10510	1	5167	1	10510	5000	other	0
391	Picture	white1_pain_true	9282411	17140	1	5167	1	17140	5000	other	0
392	Picture	white1_pain_false	9305078	16550	1	5167	1	16550	5000	other	0
393	Picture	latin1_pain_false	9330078	18800	1	5167	1	18800	5000	other	0
394	Picture	black1_pain_false	9355077	18900	1	5166	1	18900	5000	other	0
395	Picture	white1_pain_false	9380410	19140	1	5167	1	19140	5000	other	0
396	Picture	black1_pain_false	9398410	11820	1	5167	1	11820	5000	other	0
397	Picture	black1_pain_true	9417077	12460	1	5167	1	12460	5000	other	0
398	Picture	latin1_pain_false	9441577	18210	1	5167	1	18210	5000	other	0
399	Picture	latin1_pain_false	9466910	19180	1	5167	1	19180	5000	other	0
400	Picture	latin1_pain_false	9486243	13090	1	5167	1	13090	5000	other	0
401	Picture	white1_pain_false	9509743	17230	1	5167	1	17230	5000	other	0
402	Picture	asian1_pain_false	9528909	12890	1	5167	1	12890	5000	other	0
403	Picture	white1_pain_false	9549242	14080	1	5167	1	14080	5000	other	0
404	Picture	black1_pain_true	9572575	17090	1	5167	1	17090	5000	other	0
405	Picture	white1_pain_false	9598575	19790	1	5167	1	19790	5000	other	0
406	Picture	question	9618075	14200	1	30166	1	14200	30000	other	0
407	Picture	white1_pain_true	9663574	14200	1	5167	1	14200	5000	other	0
408	Picture	white1_pain_false	9686408	16650	1	5167	1	16650	5000	other	0
409	Picture	black1_pain_false	9702741	10210	1	5167	1	10210	5000	other	0
410	Picture	black1_pain_false	9720571	11620	5	5169	5	11620	5000	other	0
411	Picture	white1_pain_false	9738407	11610	1	5167	1	11610	5000	other	0
412	Picture	white1_pain_false	9757407	12820	1	5167	1	12820	5000	other	0
413	Picture	white1_pain_false	9777573	13990	1	5167	1	13990	5000	other	0
414	Picture	white1_pain_false	9802240	18490	1	5167	1	18490	5000	other	0
415	Picture	black1_pain_false	9824406	15880	1	5167	1	15880	5000	other	0
416	Picture	latin1_pain_false	9848573	17970	1	5167	1	17970	5000	other	0
417	Picture	latin1_pain_false	9868906	14080	1	5167	1	14080	5000	other	0
418	Picture	asian1_pain_false	9889739	14680	1	5167	1	14680	5000	other	0
419	Picture	latin1_pain_false	9907072	11230	1	5167	1	11230	5000	other	0
420	Picture	white1_pain_false	9932738	19550	1	5167	1	19550	5000	other	0
421	Picture	white1_pain_false	9952072	13100	1	5167	1	13100	5000	other	0
422	Picture	asian1_pain_true	9972571	14380	1	5167	1	14380	5000	other	0
423	Picture	latin1_pain_false	9993905	15150	1	5167	1	15150	5000	other	0
424	Picture	asian1_pain_false	10017071	16940	1	5167	1	16940	5000	other	0
425	Picture	latin1_pain_true	10039238	16050	1	5167	1	16050	5000	other	0
426	Picture	white1_pain_false	10064071	18670	1	5167	1	18670	5000	other	0
427	Picture	white1_pain_false	10083737	13560	1	5167	1	13560	5000	other	0
428	Picture	asian1_pain_true	10101737	11840	1	5167	1	11840	5000	other	0
429	Picture	start_experiment	10748064	0	1	5167	1	0	5000	other	0
430	Picture	white1_pain_false	10860730	11540	1	5167	1	11540	5000	other	0
431	Picture	white1_pain_false	10877063	10240	1	5167	1	10240	5000	other	0
432	Picture	white1_pain_false	10897229	13970	1	5167	1	13970	5000	other	0
433	Picture	latin1_pain_false	10913563	10190	1	5167	1	10190	5000	other	0
434	Picture	white1_pain_false	10938896	19180	1	5167	1	19180	5000	other	0
435	Picture	white1_pain_false	10964729	19630	1	5167	1	19630	5000	other	0
436	Picture	latin1_pain_false	10980895	10020	1	5167	1	10020	5000	other	0
437	Picture	white1_pain_false	10999895	12770	1	5167	1	12770	5000	other	0
438	Picture	latin1_pain_false	11018562	12460	1	5167	1	12460	5000	other	0
439	Picture	white1_pain_false	11036895	12240	1	5167	1	12240	5000	other	0
440	Picture	black1_pain_false	11056894	13810	1	5167	1	13810	5000	other	0
441	Picture	asian1_pain_false	11075894	12810	1	5167	1	12810	5000	other	0
442	Picture	white1_pain_false	11100394	18230	1	5167	1	18230	5000	other	0
443	Picture	asian1_pain_false	11124060	17540	1	5167	1	17540	5000	other	0
444	Picture	white1_pain_false	11148894	18700	1	5167	1	18700	5000	other	0
445	Picture	black1_pain_false	11169060	14090	1	5167	1	14090	5000	other	0
446	Picture	white1_pain_false	11192060	16890	1	5167	1	16890	5000	other	0
447	Picture	white1_pain_false	11217393	19220	1	5167	1	19220	5000	other	0
448	Picture	white1_pain_true	11242726	19030	1	5167	1	19030	5000	other	0
449	Picture	latin1_pain_false	11265393	16410	1	5167	1	16410	5000	other	0
450	Picture	black1_pain_false	11284226	12610	1	5167	1	12610	5000	other	0
451	Picture	black1_pain_false	11305059	14740	1	5167	1	14740	5000	other	0
452	Picture	white1_pain_false	11325892	14650	1	5167	1	14650	5000	other	0
453	Picture	asian1_pain_false	11345558	13460	1	5167	1	13460	5000	other	0
454	Picture	asian1_pain_true	11368225	16540	1	5167	1	16540	5000	other	0
455	Picture	black1_pain_false	11385391	11040	1	5167	1	11040	5000	other	0
456	Picture	white1_pain_true	11402558	10990	1	5167	1	10990	5000	other	0
457	Picture	latin1_pain_false	11427058	18350	1	5167	1	18350	5000	other	0
458	Picture	white1_pain_false	11450557	17280	1	5167	1	17280	5000	other	0
459	Picture	white1_pain_false	11471557	14770	1	5167	1	14770	5000	other	0
460	Picture	asian1_pain_false	11492890	15190	1	5167	1	15190	5000	other	0
461	Picture	white1_pain_true	11510390	11340	1	5167	1	11340	5000	other	0
462	Picture	white1_pain_true	11533557	17100	1	5167	1	17100	5000	other	0
463	Picture	white1_pain_false	11552890	13130	1	5167	1	13130	5000	other	0
464	Picture	latin1_pain_false	11574556	15490	1	5167	1	15490	5000	other	0
465	Picture	latin1_pain_false	11597723	16990	1	5167	1	16990	5000	other	0
466	Picture	white1_pain_false	11620556	16590	1	5167	1	16590	5000	other	0
467	Picture	latin1_pain_false	11637722	11030	1	5167	1	11030	5000	other	0
468	Picture	white1_pain_false	11658555	14750	1	5167	1	14750	5000	other	0
469	Picture	white1_pain_false	11680389	15680	1	5167	1	15680	5000	other	0
470	Picture	asian1_pain_false	11704888	18290	1	5167	1	18290	5000	other	0
471	Picture	white1_pain_false	11729055	18010	1	5167	1	18010	5000	other	0
472	Picture	black1_pain_true	11747888	12700	1	5167	1	12700	5000	other	0
473	Picture	question	11767888	14780	1	30166	1	14780	30000	other	0
474	Picture	white1_pain_true	11813887	14780	1	5167	1	14780	5000	other	0
475	Picture	latin1_pain_false	11838220	18220	1	5167	1	18220	5000	other	0
476	Picture	white1_pain_true	11863053	18780	1	5167	1	18780	5000	other	0
477	Picture	black1_pain_false	11883387	14120	1	5167	1	14120	5000	other	0
478	Picture	white1_pain_false	11904220	14640	1	5167	1	14640	5000	other	0
479	Picture	asian1_pain_true	11928553	18280	1	5167	1	18280	5000	other	0
480	Picture	question	11950219	16370	1	30166	1	16370	30000	other	0
481	Picture	black1_pain_true	11997886	16370	1	5167	1	16370	5000	other	0
482	Picture	white1_pain_false	12022885	18850	1	5167	1	18850	5000	other	0
483	Picture	white1_pain_true	12047385	18290	1	5167	1	18290	5000	other	0
484	Picture	black1_pain_false	12066718	13130	1	5167	1	13130	5000	other	0
485	Picture	white1_pain_false	12085051	12240	1	5167	1	12240	5000	other	0
486	Picture	latin1_pain_false	12108551	17430	1	5167	1	17430	5000	other	0
487	Picture	white1_pain_false	12131884	17170	1	5167	1	17170	5000	other	0
488	Picture	black1_pain_false	12155551	17470	1	5167	1	17470	5000	other	0
489	Picture	asian1_pain_false	12178050	16430	1	5167	1	16430	5000	other	0
490	Picture	white1_pain_false	12194717	10520	1	5167	1	10520	5000	other	0
491	Picture	latin1_pain_false	12220383	19480	1	5167	1	19480	5000	other	0
492	Picture	white1_pain_false	12244383	17820	1	5167	1	17820	5000	other	0
493	Picture	white1_pain_false	12267383	16910	1	5167	1	16910	5000	other	0
494	Picture	black1_pain_false	12285216	11620	1	5167	1	11620	5000	other	0
495	Picture	latin1_pain_false	12305049	13700	1	5167	1	13700	5000	other	0
496	Picture	white1_pain_false	12328216	17120	1	5167	1	17120	5000	other	0
497	Picture	black1_pain_true	12349049	14710	1	5167	1	14710	5000	other	0
498	Picture	latin1_pain_false	12369382	14190	1	5167	1	14190	5000	other	0
499	Picture	white1_pain_false	12391548	16110	1	5167	1	16110	5000	other	0
500	Picture	white1_pain_false	12414548	16890	1	5167	1	16890	5000	other	0
501	Picture	white1_pain_true	12438715	18020	1	5167	1	18020	5000	other	0
502	Picture	asian1_pain_false	12456881	11950	1	5167	1	11950	5000	other	0
503	Picture	white1_pain_false	12476381	13390	1	5167	1	13390	5000	other	0
504	Picture	latin1_pain_false	12500714	18080	1	5167	1	18080	5000	other	0
505	Picture	white1_pain_false	12518547	11740	1	5167	1	11740	5000	other	0
506	Picture	asian1_pain_false	12542714	17980	1	5167	1	17980	5000	other	0
507	Picture	white1_pain_false	12568047	19090	1	5167	1	19090	5000	other	0
508	Picture	latin1_pain_true	12586547	12350	1	5167	1	12350	5000	other	0
509	Picture	white1_pain_false	12608046	15360	1	5167	1	15360	5000	other	0
510	Picture	latin1_pain_false	12629713	15530	1	5167	1	15530	5000	other	0
511	Picture	black1_pain_false	12646046	10160	1	5167	1	10160	5000	other	0
512	Picture	latin1_pain_false	12667712	15550	1	5166	1	15550	5000	other	0
513	Picture	white1_pain_true	12688379	14500	1	5167	1	14500	5000	other	0
514	Picture	latin1_pain_false	12706045	11470	1	5167	1	11470	5000	other	0
515	Picture	asian1_pain_false	12726879	14690	1	5167	1	14690	5000	other	0
516	Picture	latin1_pain_false	12746045	13040	1	5167	1	13040	5000	other	0
517	Picture	asian1_pain_false	12762878	10720	1	5167	1	10720	5000	other	0
518	Picture	white1_pain_false	12786878	17920	1	5167	1	17920	5000	other	0
519	Picture	white1_pain_false	12807044	14120	1	5167	1	14120	5000	other	0
520	Picture	asian1_pain_false	12832878	19750	1	5167	1	19750	5000	other	0
521	Picture	white1_pain_false	12850877	11840	1	5167	1	11840	5000	other	0
522	Picture	white1_pain_false	12868544	11460	1	5167	1	11460	5000	other	0
523	Picture	white1_pain_false	12885377	10610	1	5167	1	10610	5000	other	0
524	Picture	white1_pain_false	12904710	13260	1	5167	1	13260	5000	other	0
525	Picture	white1_pain_false	12928710	17810	1	5167	1	17810	5000	other	0
526	Picture	white1_pain_false	12949876	15030	1	5167	1	15030	5000	other	0
527	Picture	black1_pain_false	12968876	12890	1	5167	1	12890	5000	other	0
528	Picture	black1_pain_true	12989876	14830	1	5167	1	14830	5000	other	0
529	Picture	white1_pain_false	13015709	19600	1	5167	1	19600	5000	other	0
530	Picture	asian1_pain_false	13032876	11090	1	5167	1	11090	5000	other	0
531	Picture	white1_pain_false	13050709	11980	1	5167	1	11980	5000	other	0
532	Picture	white1_pain_false	13076375	19530	1	5167	1	19530	5000	other	0
533	Picture	asian1_pain_true	13097875	15440	1	5167	1	15440	5000	other	0
534	Picture	white1_pain_true	13116375	12300	1	5167	1	12300	5000	other	0
535	Picture	white1_pain_false	13139208	16560	1	5167	1	16560	5000	other	0
536	Picture	latin1_pain_false	13159041	13730	1	5167	1	13730	5000	other	0
537	Picture	black1_pain_true	13183874	18630	1	5167	1	18630	5000	other	0
538	Picture	white1_pain_false	13203207	13200	1	5167	1	13200	5000	other	0
539	Picture	white1_pain_true	13223541	14290	1	5167	1	14290	5000	other	0
540	Picture	white1_pain_false	13246374	16630	1	5167	1	16630	5000	other	0
541	Picture	white1_pain_false	13266540	13970	1	5167	1	13970	5000	other	0
542	Picture	black1_pain_true	13292373	19760	1	5167	1	19760	5000	other	0
543	Picture	latin1_pain_false	13309873	11380	1	5167	1	11380	5000	other	0
544	Picture	asian1_pain_false	13334039	17970	1	5167	1	17970	5000	other	0
545	Picture	white1_pain_false	13350539	10270	1	5167	1	10270	5000	other	0
546	Picture	white1_pain_false	13368539	11900	1	5167	1	11900	5000	other	0
547	Picture	black1_pain_false	13391539	16820	1	5167	1	16820	5000	other	0
548	Picture	black1_pain_false	13417539	19840	1	5167	1	19840	5000	other	0
549	Picture	white1_pain_false	13440705	16970	1	5167	1	16970	5000	other	0
550	Picture	black1_pain_true	13463538	16640	1	5167	1	16640	5000	other	0
551	Picture	white1_pain_false	13484871	15270	1	5167	1	15270	5000	other	0
552	Picture	white1_pain_false	13506371	15240	1	5167	1	15240	5000	other	0
553	Picture	white1_pain_false	13529538	17020	1	5167	1	17020	5000	other	0
554	Picture	question	13545037	10200	1	30166	1	10200	30000	other	0
555	Picture	white1_pain_true	13586537	10200	1	5167	1	10200	5000	other	0
556	Picture	black1_pain_false	13608703	15910	1	5167	1	15910	5000	other	0
557	Picture	latin1_pain_false	13630037	15130	1	5167	1	15130	5000	other	0
558	Picture	latin1_pain_false	13646870	10760	1	5167	1	10760	5000	other	0
559	Picture	latin1_pain_false	13664203	11100	1	5167	1	11100	5000	other	0
560	Picture	white1_pain_false	13683036	12670	1	5167	1	12670	5000	other	0
561	Picture	asian1_pain_false	13702536	13370	1	5167	1	13370	5000	other	0
562	Picture	white1_pain_true	13728036	19260	1	5167	1	19260	5000	other	0
563	Picture	black1_pain_false	13750702	16450	1	5167	1	16450	5000	other	0
564	Picture	white1_pain_false	13772535	15690	1	5167	1	15690	5000	other	0
565	Picture	white1_pain_true	13796035	17260	1	5167	1	17260	5000	other	0
566	Picture	white1_pain_false	13820701	18530	1	5167	1	18530	5000	other	0
567	Picture	asian1_pain_false	13844868	17970	1	5167	1	17970	5000	other	0
568	Picture	latin1_pain_true	13867201	16210	1	5167	1	16210	5000	other	0
569	Picture	white1_pain_false	13885868	12480	1	5167	1	12480	5000	other	0
570	Picture	black1_pain_true	13903201	11120	1	5167	1	11120	5000	other	0
571	Picture	white1_pain_false	13923867	14410	1	5167	1	14410	5000	other	0
572	Picture	asian1_pain_false	13945867	15810	1	5167	1	15810	5000	other	0
573	Picture	asian1_pain_true	13965200	13200	1	5167	1	13200	5000	other	0
574	Picture	white1_pain_true	13981367	10060	1	5167	1	10060	5000	other	0
575	Picture	black1_pain_false	14002866	15410	1	5167	1	15410	5000	other	0
576	Picture	latin1_pain_false	14023200	14140	1	5167	1	14140	5000	other	0
577	Picture	latin1_pain_false	14046033	16600	1	5167	1	16600	5000	other	0
578	Picture	asian1_pain_true	14071366	19090	1	5167	1	19090	5000	other	0
579	Picture	white1_pain_false	14092366	14910	1	5167	1	14910	5000	other	0
580	Picture	white1_pain_false	14118365	19800	1	5167	1	19800	5000	other	0
581	Picture	white1_pain_false	14136865	12290	1	5167	1	12290	5000	other	0
582	Picture	black1_pain_false	14161032	17990	1	5167	1	17990	5000	other	0
583	Picture	white1_pain_false	14178365	11140	1	5167	1	11140	5000	other	0
584	Picture	black1_pain_true	14195698	11140	1	5167	1	11140	5000	other	0
585	Picture	asian1_pain_false	14218198	16380	1	5167	1	16380	5000	other	0
586	Picture	white1_pain_false	14239364	14890	1	5167	1	14890	5000	other	0
587	Picture	latin1_pain_false	14264531	19010	1	5167	1	19010	5000	other	0
588	Picture	latin1_pain_true	14289864	19190	1	5167	1	19190	5000	other	0
589	Picture	white1_pain_true	14313030	16990	1	5167	1	16990	5000	other	0
590	Picture	white1_pain_true	14335697	16570	1	5167	1	16570	5000	other	0
591	Picture	asian1_pain_false	14358363	16620	1	5167	1	16620	5000	other	0
592	Picture	black1_pain_false	14380029	15490	1	5167	1	15490	5000	other	0
593	Picture	latin1_pain_false	14400863	14700	1	5167	1	14700	5000	other	0
594	Picture	white1_pain_false	14424696	17700	1	5167	1	17700	5000	other	0
595	Picture	asian1_pain_false	14447362	16460	1	5167	1	16460	5000	other	0
596	Picture	latin1_pain_false	14466195	12630	1	5167	1	12630	5000	other	0
597	Picture	latin1_pain_true	14484029	11570	1	5167	1	11570	5000	other	0
598	Picture	white1_pain_true	14508195	18060	1	5167	1	18060	5000	other	0
599	Picture	asian1_pain_true	14530528	16180	1	5167	1	16180	5000	other	0
600	Picture	white1_pain_false	14552861	16210	1	5167	1	16210	5000	other	0
601	Picture	white1_pain_true	14578861	19860	1	5167	1	19860	5000	other	0
602	Picture	white1_pain_false	14595527	10560	1	5167	1	10560	5000	other	0
603	Picture	asian1_pain_true	14612694	11030	1	5167	1	11030	5000	other	0
604	Picture	white1_pain_true	14631194	12370	1	5167	1	12370	5000	other	0
605	Picture	asian1_pain_false	14650860	13460	1	5167	1	13460	5000	other	0
606	Picture	white1_pain_false	14667693	10650	1	5167	1	10650	5000	other	0
607	Picture	white1_pain_true	14693860	19960	1	5167	1	19960	5000	other	0
608	Picture	white1_pain_false	14718360	18270	1	5167	1	18270	5000	other	0
609	Picture	latin1_pain_false	14741693	17250	1	5167	1	17250	5000	other	0
610	Picture	white1_pain_false	14758026	10250	1	5167	1	10250	5000	other	0
611	Picture	black1_pain_false	14781026	16800	1	5167	1	16800	5000	other	0
612	Picture	black1_pain_true	14798859	11680	1	5167	1	11680	5000	other	0
613	Picture	white1_pain_false	14824025	18970	1	5167	1	18970	5000	other	0
614	Picture	white1_pain_true	14842858	12730	1	5167	1	12730	5000	other	0
615	Picture	latin1_pain_false	14867025	18070	1	5167	1	18070	5000	other	0
616	Picture	white1_pain_false	14890691	17560	1	5167	1	17560	5000	other	0
617	Picture	white1_pain_false	14914858	18030	1	5167	1	18030	5000	other	0
618	Picture	white1_pain_false	14934358	13400	1	5167	1	13400	5000	other	0
619	Picture	asian1_pain_false	14950857	10430	1	5167	1	10430	5000	other	0
620	Picture	white1_pain_true	14970857	13800	1	5167	1	13800	5000	other	0
621	Picture	black1_pain_false	14990524	13570	1	5167	1	13570	5000	other	0
622	Picture	asian1_pain_false	15008524	11850	1	5167	1	11850	5000	other	0
623	Picture	white1_pain_false	15033357	18760	1	5167	1	18760	5000	other	0
624	Picture	white1_pain_true	15052023	12480	1	5167	1	12480	5000	other	0
625	Picture	black1_pain_false	15072023	13790	1	5167	1	13790	5000	other	0
626	Picture	latin1_pain_true	15096356	18220	1	5167	1	18220	5000	other	0
627	Picture	white1_pain_false	15114189	11630	1	5167	1	11630	5000	other	0
628	Picture	white1_pain_false	15138356	17970	1	5167	1	17970	5000	other	0
629	Picture	black1_pain_true	15162855	18370	1	5167	1	18370	5000	other	0
630	Picture	black1_pain_false	15179189	10220	1	5167	1	10220	5000	other	0
631	Picture	white1_pain_false	15196022	10670	1	5167	1	10670	5000	other	0
632	Picture	asian1_pain_false	15214855	12660	1	5167	1	12660	5000	other	0
633	Picture	black1_pain_false	15240355	19360	1	5167	1	19360	5000	other	0
634	Picture	white1_pain_false	15260021	13540	1	5167	1	13540	5000	other	0
635	Picture	black1_pain_false	15276854	10750	1	5167	1	10750	5000	other	0
636	Picture	white1_pain_false	15297021	13910	1	5167	1	13910	5000	other	0
637	Picture	asian1_pain_false	15316687	13530	1	5167	1	13530	5000	other	0
638	Picture	white1_pain_false	15339187	16350	1	5167	1	16350	5000	other	0
639	Picture	white1_pain_false	15365353	19990	1	5167	1	19990	5000	other	0
640	Picture	asian1_pain_false	15385853	14410	1	5167	1	14410	5000	other	0
641	Picture	white1_pain_true	15405020	13050	1	5166	1	13050	5000	other	0
642	Picture	white1_pain_false	15427519	16400	1	5167	1	16400	5000	other	0
