Scenario - MEG
Logfile written - 10/07/2021 19:58:07

Trial	Event Type	Code	Time	TTime	Uncertainty	Duration	Uncertainty	ReqTime	ReqDur	Stim Type	Pair Index

1	Picture	start_experiment	51035	0	1	5171	2	0	5000	other	0
2	Picture	latin1_pain_true	165300	13380	1	5171	2	13380	5000	other	0
3	Picture	latin1_pain_true	188821	17490	1	5171	2	17490	5000	other	0
4	Picture	white1_pain_false	212508	17440	1	5171	2	17440	5000	other	0
5	Picture	white1_pain_false	228855	10160	1	5338	1	10160	5000	other	0
6	Picture	asian1_pain_true	245536	10290	1	5171	2	10290	5000	other	0
7	Picture	latin1_pain_false	261717	10130	1	5171	1	10130	5000	other	0
8	Picture	asian1_pain_true	287740	19830	1	5171	2	19830	5000	other	0
9	Picture	white1_pain_false	305255	11390	1	5171	1	11390	5000	other	0
10	Picture	white1_pain_false	330443	19250	1	5171	1	19250	5000	other	0
11	Picture	latin1_pain_false	349793	13290	1	5171	2	13290	5000	other	0
12	Picture	latin1_pain_false	373814	18010	1	5171	1	18010	5000	other	0
13	Picture	latin1_pain_false	395333	15440	1	5505	2	15440	5000	other	0
14	Picture	white1_pain_true	419520	17750	1	5171	2	17750	5000	other	0
15	Picture	white1_pain_false	445543	19650	1	5171	2	19650	5000	other	0
16	Picture	white1_pain_false	468563	16960	1	5171	1	16960	5000	other	0
17	Picture	question	484576	10670	1	30360	1	10670	30000	other	0
18	Picture	white1_pain_true	526613	10670	1	5171	1	10670	5000	other	0
19	Picture	black1_pain_true	549466	16750	1	5171	2	16750	5000	other	0
20	Picture	black1_pain_false	575322	19730	1	5171	1	19730	5000	other	0
21	Picture	white1_pain_true	593504	12130	1	5171	2	12130	5000	other	0
22	Picture	white1_pain_false	610352	10750	1	5171	1	10750	5000	other	0
23	Picture	black1_pain_false	629035	12580	1	5171	2	12580	5000	other	0
24	Picture	white1_pain_false	646550	11480	678	5171	679	11480	5000	other	0
25	Picture	latin1_pain_false	672572	19990	1	5171	1	19990	5000	other	0
26	Picture	white1_pain_false	696259	17570	1	5338	1	17570	5000	other	0
27	Picture	white1_pain_false	714108	11600	1	5171	1	11600	5000	other	0
28	Picture	white1_pain_true	735794	15720	1	5171	1	15720	5000	other	0
29	Picture	white1_pain_false	762150	19970	1	5171	1	19970	5000	other	0
30	Picture	white1_pain_false	787839	19630	1	5171	1	19630	5000	other	0
31	Picture	white1_pain_true	812193	18250	1	5171	1	18250	5000	other	0
32	Picture	asian1_pain_false	833211	15030	1	5171	2	15030	5000	other	0
33	Picture	white1_pain_true	854730	15320	1	5171	2	15320	5000	other	0
34	Picture	white1_pain_true	874247	13470	1	5171	2	13470	5000	other	0
35	Picture	asian1_pain_false	898267	17920	1	5171	2	17920	5000	other	0
36	Picture	white1_pain_false	924290	19860	1	5171	1	19860	5000	other	0
37	Picture	black1_pain_false	945975	15690	1	5171	1	15690	5000	other	0
38	Picture	black1_pain_false	965993	14000	1	5171	1	14000	5000	other	0
39	Picture	white1_pain_true	984842	12710	1	5171	1	12710	5000	other	0
40	Picture	white1_pain_false	1001356	10530	1	5171	2	10530	5000	other	0
41	Picture	white1_pain_false	1026378	18860	1	5171	2	18860	5000	other	0
42	Picture	black1_pain_false	1047229	14820	1	5171	1	14820	5000	other	0
43	Picture	asian1_pain_false	1063410	10100	1	5838	1	10100	5000	other	0
44	Picture	black1_pain_false	1083594	13540	1	5171	2	13540	5000	other	0
45	Picture	white1_pain_true	1108949	19350	1	5171	2	19350	5000	other	0
46	Picture	white1_pain_true	1132303	17220	1	5171	1	17220	5000	other	0
47	Picture	black1_pain_true	1148317	10050	1	5171	1	10050	5000	other	0
48	Picture	white1_pain_false	1169001	14670	1	5171	1	14670	5000	other	0
49	Picture	black1_pain_true	1186517	11410	1	5171	1	11410	5000	other	0
50	Picture	white1_pain_false	1206701	14140	1	5171	1	14140	5000	other	0
51	Picture	white1_pain_false	1232056	19350	1	5171	1	19350	5000	other	0
52	Picture	white1_pain_false	1254909	16710	1	5171	1	16710	5000	other	0
53	Picture	white1_pain_false	1275260	14280	1	5171	1	14280	5000	other	0
54	Picture	asian1_pain_false	1299447	18020	1	5171	1	18020	5000	other	0
55	Picture	black1_pain_true	1319298	13710	1	5171	1	13710	5000	other	0
56	Picture	white1_pain_false	1338648	13060	1	5171	1	13060	5000	other	0
57	Picture	white1_pain_false	1360834	16230	1	5171	1	16230	5000	other	0
58	Picture	white1_pain_true	1378516	11590	1	5171	1	11590	5000	other	0
59	Picture	white1_pain_false	1394697	10100	1	5171	2	10100	5000	other	0
60	Picture	white1_pain_false	1420552	19790	1	5171	2	19790	5000	other	0
61	Picture	black1_pain_false	1438901	12250	1	5171	1	12250	5000	other	0
62	Picture	black1_pain_false	1463589	18690	1	5171	1	18690	5000	other	0
63	Picture	black1_pain_true	1481105	11440	1	5171	1	11440	5000	other	0
64	Picture	white1_pain_false	1499954	12720	1	5171	1	12720	5000	other	0
65	Picture	asian1_pain_false	1518470	12490	1	5171	1	12490	5000	other	0
66	Picture	white1_pain_false	1542324	17750	1	5171	1	17750	5000	other	0
67	Picture	asian1_pain_false	1568180	19830	1	5171	1	19830	5000	other	0
68	Picture	latin1_pain_false	1587029	12250	1	5171	1	12250	5000	other	0
69	Picture	white1_pain_true	1611551	18430	1	5171	1	18430	5000	other	0
70	Picture	black1_pain_false	1637073	19510	1	5171	2	19510	5000	other	0
71	Picture	white1_pain_false	1654254	11160	1	5171	1	11160	5000	other	0
72	Picture	asian1_pain_true	1671936	11600	1	5171	2	11600	5000	other	0
73	Picture	latin1_pain_false	1695123	17150	1	5171	2	17150	5000	other	0
74	Picture	white1_pain_false	1719978	18710	1	5171	1	18710	5000	other	0
75	Picture	white1_pain_true	1741496	15440	1	5171	2	15440	5000	other	0
76	Picture	white1_pain_false	1762014	14470	1	5171	1	14470	5000	other	0
77	Picture	asian1_pain_true	1781364	13230	1	5171	1	13230	5000	other	0
78	Picture	white1_pain_false	1798212	10730	1	5171	1	10730	5000	other	0
79	Picture	white1_pain_true	1814393	10130	1	5171	1	10130	5000	other	0
80	Picture	black1_pain_false	1833576	12950	1	5171	2	12950	5000	other	0
81	Picture	white1_pain_true	1858931	19330	1	5171	2	19330	5000	other	0
82	Picture	white1_pain_false	1875279	10260	1	5171	1	10260	5000	other	0
83	Picture	white1_pain_false	1894128	12880	1	5171	1	12880	5000	other	0
84	Picture	white1_pain_false	1917315	17040	1	5171	1	17040	5000	other	0
85	Picture	white1_pain_false	1935497	12150	1	5338	1	12150	5000	other	0
86	Picture	black1_pain_false	1959018	17190	1	5171	2	17190	5000	other	0
87	Picture	white1_pain_false	1983205	17830	1	5171	2	17830	5000	other	0
88	Picture	asian1_pain_false	2007893	18730	1	5171	1	18730	5000	other	0
89	Picture	white1_pain_true	2029412	15410	1	5171	1	15410	5000	other	0
90	Picture	latin1_pain_false	2049262	13840	1	5171	1	13840	5000	other	0
91	Picture	black1_pain_true	2072115	16730	1	5171	2	16730	5000	other	0
92	Picture	white1_pain_false	2088463	10280	1	5171	1	10280	5000	other	0
93	Picture	latin1_pain_true	2107646	10270	1	5171	2	10270	5000	other	0
94	Picture	latin1_pain_true	2126830	13000	1	5338	1	13000	5000	other	0
95	Picture	white1_pain_true	2143677	10440	1	5171	1	10440	5000	other	0
96	Picture	white1_pain_true	2165029	15290	1	5171	1	15290	5000	other	0
97	Picture	black1_pain_false	2183545	12410	1	5171	1	12410	5000	other	0
98	Picture	latin1_pain_false	2204897	15240	1	5171	1	15240	5000	other	0
99	Picture	latin1_pain_false	2224581	13650	1	5171	1	13650	5000	other	0
100	Picture	white1_pain_true	2245932	15320	1	5171	1	15320	5000	other	0
101	Picture	latin1_pain_false	2266450	14550	1	5171	1	14550	5000	other	0
102	Picture	latin1_pain_true	2283131	10610	1	5171	1	10610	5000	other	0
103	Picture	white1_pain_true	2304149	14950	1	5171	2	14950	5000	other	0
104	Picture	asian1_pain_false	2326836	16700	1	5171	2	16700	5000	other	0
105	Picture	white1_pain_false	2352858	19910	1	5171	2	19910	5000	other	0
106	Picture	asian1_pain_false	2375878	16800	1	5171	1	16800	5000	other	0
107	Picture	asian1_pain_false	2392226	10290	1	5171	1	10290	5000	other	0
108	Picture	latin1_pain_true	2412410	14180	1	5171	2	14180	5000	other	0
109	Picture	white1_pain_true	2429258	10780	1	5171	2	10780	5000	other	0
110	Picture	white1_pain_false	2453946	18560	1	5171	2	18560	5000	other	0
111	Picture	latin1_pain_false	2474463	14360	1	5171	1	14360	5000	other	0
112	Picture	black1_pain_false	2495315	14660	1	5171	1	14660	5000	other	0
113	Picture	white1_pain_true	2518001	16560	1	5171	1	16560	5000	other	0
114	Picture	asian1_pain_false	2536851	12750	1	5171	2	12750	5000	other	0
115	Picture	black1_pain_true	2553532	10630	1	5171	1	10630	5000	other	0
116	Picture	black1_pain_false	2569546	10040	1	5171	2	10040	5000	other	0
117	Picture	latin1_pain_true	2593900	18310	1	5171	1	18310	5000	other	0
118	Picture	white1_pain_false	2617420	16960	1	5171	2	16960	5000	other	0
119	Picture	white1_pain_false	2638438	14840	1	5171	1	14840	5000	other	0
120	Picture	white1_pain_false	2662626	18070	1	5171	1	18070	5000	other	0
121	Picture	white1_pain_false	2687981	19330	1	5171	1	19330	5000	other	0
122	Picture	black1_pain_false	2704162	10080	1	5171	2	10080	5000	other	0
123	Picture	asian1_pain_false	2728516	18280	1	5505	1	18280	5000	other	0
124	Picture	white1_pain_false	2747366	12380	1	5171	1	12380	5000	other	0
125	Picture	white1_pain_false	2769385	15870	1	5171	1	15870	5000	other	0
126	Picture	asian1_pain_false	2788235	12820	1	5171	2	12820	5000	other	0
127	Picture	white1_pain_false	2813089	18830	1	5171	1	18830	5000	other	0
128	Picture	latin1_pain_true	2838611	18660	1	5171	1	18660	5000	other	0
129	Picture	black1_pain_false	2857628	12940	1	5338	1	12940	5000	other	0
130	Picture	white1_pain_true	2874643	10710	1	5171	1	10710	5000	other	0
131	Picture	latin1_pain_false	2895327	14570	1	5171	1	14570	5000	other	0
132	Picture	black1_pain_true	2919014	17700	1	5171	1	17700	5000	other	0
133	Picture	latin1_pain_false	2938364	13290	1	5171	1	13290	5000	other	0
134	Picture	white1_pain_true	2955546	11030	1	5171	2	11030	5000	other	0
135	Picture	white1_pain_true	2976397	14880	1	5171	1	14880	5000	other	0
136	Picture	black1_pain_true	3000752	18240	1	5171	1	18240	5000	other	0
137	Picture	asian1_pain_false	3022103	15210	1	5171	1	15210	5000	other	0
138	Picture	white1_pain_false	3040119	11920	1	5171	2	11920	5000	other	0
139	Picture	white1_pain_false	3059803	13570	1	5171	1	13570	5000	other	0
140	Picture	black1_pain_false	3084991	19200	1	5171	2	19200	5000	other	0
141	Picture	latin1_pain_true	3103340	12300	1	5171	2	12300	5000	other	0
142	Picture	white1_pain_false	3128862	19380	1	5171	1	19380	5000	other	0
143	Picture	white1_pain_false	3145543	10550	1	5171	2	10550	5000	other	0
144	Picture	black1_pain_false	3167729	16110	1	5171	1	16110	5000	other	0
145	Picture	black1_pain_false	3189415	15570	1	5171	1	15570	5000	other	0
146	Picture	white1_pain_false	3206763	11220	1	5171	2	11220	5000	other	0
147	Picture	white1_pain_false	3227948	15150	1	5171	1	15150	5000	other	0
148	Picture	white1_pain_false	3247298	13310	1	5171	1	13310	5000	other	0
149	Picture	white1_pain_false	3270151	16810	1	5171	2	16810	5000	other	0
150	Picture	white1_pain_false	3288000	11870	1	5171	1	11870	5000	other	0
151	Picture	black1_pain_false	3314022	19980	1	5171	2	19980	5000	other	0
152	Picture	black1_pain_false	3339878	19790	1	5171	2	19790	5000	other	0
153	Picture	white1_pain_false	3365901	19970	1	5171	1	19970	5000	other	0
154	Picture	white1_pain_false	3385918	13900	1	5171	1	13900	5000	other	0
155	Picture	latin1_pain_true	3411607	19630	1	5171	2	19630	5000	other	0
156	Picture	black1_pain_false	3436295	18390	1	5171	2	18390	5000	other	0
157	Picture	white1_pain_false	3461650	19310	1	5171	2	19310	5000	other	0
158	Picture	white1_pain_false	3477998	10280	1	5171	1	10280	5000	other	0
159	Picture	black1_pain_false	3497514	13150	1	5171	1	13150	5000	other	0
160	Picture	white1_pain_false	3514029	10450	1	5171	1	10450	5000	other	0
161	Picture	asian1_pain_false	3536715	16700	1	5171	2	16700	5000	other	0
162	Picture	white1_pain_false	3560069	17370	1	5171	2	17370	5000	other	0
163	Picture	asian1_pain_false	3583923	17810	1	5171	1	17810	5000	other	0
164	Picture	white1_pain_false	3606442	16510	1	5171	1	16510	5000	other	0
165	Picture	white1_pain_true	3623290	10650	1	5171	1	10650	5000	other	0
166	Picture	black1_pain_true	3639304	10030	1	5171	2	10030	5000	other	0
167	Picture	white1_pain_false	3655818	10450	1	5338	2	10450	5000	other	0
168	Picture	latin1_pain_false	3680506	18490	1	5505	1	18490	5000	other	0
169	Picture	white1_pain_false	3704860	17900	1	5171	1	17900	5000	other	0
170	Picture	white1_pain_false	3726045	15180	1	5171	2	15180	5000	other	0
171	Picture	asian1_pain_false	3747731	15590	1	5171	2	15590	5000	other	0
172	Picture	latin1_pain_false	3772752	18930	1	5171	2	18930	5000	other	0
173	Picture	white1_pain_false	3791769	12990	1	5171	1	12990	5000	other	0
174	Picture	asian1_pain_true	3808617	10870	1	5171	2	10870	5000	other	0
175	Picture	black1_pain_false	3830469	15880	1	5171	1	15880	5000	other	0
176	Picture	white1_pain_false	3852655	16090	1	5171	1	16090	5000	other	0
177	Picture	asian1_pain_false	3876342	17680	1	5505	2	17680	5000	other	0
178	Picture	black1_pain_false	3898528	15860	1	5171	1	15860	5000	other	0
179	Picture	black1_pain_false	3918378	13790	1	5171	1	13790	5000	other	0
180	Picture	asian1_pain_true	3939730	15270	1	5171	1	15270	5000	other	0
181	Picture	white1_pain_false	3957579	11660	1	5171	2	11660	5000	other	0
182	Picture	black1_pain_false	3982934	19270	1	5171	1	19270	5000	other	0
183	Picture	latin1_pain_false	4002785	13800	1	5171	2	13800	5000	other	0
184	Picture	white1_pain_false	4028140	19360	1	5171	1	19360	5000	other	0
185	Picture	white1_pain_false	4045488	11270	1	5171	2	11270	5000	other	0
186	Picture	white1_pain_false	4069843	18360	1	5171	2	18360	5000	other	0
187	Picture	white1_pain_true	4095865	19930	1	5171	2	19930	5000	other	0
188	Picture	white1_pain_false	4118885	17050	1	5171	2	17050	5000	other	0
189	Picture	white1_pain_false	4142072	17180	1	5171	2	17180	5000	other	0
190	Picture	white1_pain_true	4167594	19550	1	5171	1	19550	5000	other	0
191	Picture	asian1_pain_false	4188445	14840	1	5171	1	14840	5000	other	0
192	Picture	white1_pain_false	4209130	14560	1	5171	2	14560	5000	other	0
193	Picture	black1_pain_false	4231316	16190	1	5171	2	16190	5000	other	0
194	Picture	black1_pain_false	4256504	19050	1	5171	2	19050	5000	other	0
195	Picture	black1_pain_false	4277355	14930	785	5171	785	14930	5000	other	0
196	Picture	white1_pain_false	4293870	10530	1	5171	1	10530	5000	other	0
197	Picture	white1_pain_false	4318891	18960	1	5171	1	18960	5000	other	0
198	Picture	latin1_pain_false	4343579	18630	1	5171	1	18630	5000	other	0
199	Picture	white1_pain_false	4361762	12150	1	5171	2	12150	5000	other	0
200	Picture	asian1_pain_false	4385449	17670	1	5171	1	17670	5000	other	0
201	Picture	latin1_pain_false	4404465	12930	1	5171	1	12930	5000	other	0
202	Picture	white1_pain_false	4423482	13010	1	5171	1	13010	5000	other	0
203	Picture	latin1_pain_false	4440496	11000	1	5171	1	11000	5000	other	0
204	Picture	white1_pain_false	4460013	13500	1	5004	1	13500	5000	other	0
205	Picture	latin1_pain_true	4478696	12030	1	5338	1	12030	5000	other	0
206	Picture	white1_pain_false	4499547	14720	1	5171	1	14720	5000	other	0
207	Picture	white1_pain_false	4524903	19110	1	5171	2	19110	5000	other	0
208	Picture	white1_pain_true	4548757	17740	1	5171	1	17740	5000	other	0
209	Picture	white1_pain_false	4573444	18710	2	5172	2	18710	5000	other	0
210	Picture	latin1_pain_true	4593128	13620	1	5171	1	13620	5000	other	0
211	Picture	white1_pain_false	4618484	19370	1	5171	1	19370	5000	other	0
212	Picture	white1_pain_true	4635498	10980	1	5171	1	10980	5000	other	0
213	Picture	start_experiment	5281557	0	1	5171	1	0	5000	other	0
214	Picture	black1_pain_false	5395655	13230	1	5171	2	13230	5000	other	0
215	Picture	white1_pain_false	5413171	11400	1	5171	2	11400	5000	other	0
216	Picture	white1_pain_true	5434689	15460	1	5171	2	15460	5000	other	0
217	Picture	latin1_pain_true	5457375	16630	1	5171	1	16630	5000	other	0
218	Picture	asian1_pain_false	5481730	18280	1	5171	2	18280	5000	other	0
219	Picture	black1_pain_false	5499078	11260	1	5171	1	11260	5000	other	0
220	Picture	white1_pain_false	5521431	16250	1	5171	1	16250	5000	other	0
221	Picture	white1_pain_false	5540948	13370	1	5171	1	13370	5000	other	0
222	Picture	latin1_pain_false	5563968	17010	1	5171	1	17010	5000	other	0
223	Picture	black1_pain_false	5586487	16450	1	5171	1	16450	5000	other	0
224	Picture	white1_pain_false	5611175	18550	1	5171	2	18550	5000	other	0
225	Picture	latin1_pain_false	5628523	11280	1	5171	1	11280	5000	other	0
226	Picture	latin1_pain_false	5647707	13120	1	5171	1	13120	5000	other	0
227	Picture	white1_pain_false	5664721	10930	1	5171	1	10930	5000	other	0
228	Picture	white1_pain_true	5689576	18730	1	5171	2	18730	5000	other	0
229	Picture	white1_pain_false	5706257	10650	1	5171	1	10650	5000	other	0
230	Picture	white1_pain_false	5722938	10690	1	5171	1	10690	5000	other	0
231	Picture	black1_pain_false	5742288	13350	1	5171	2	13350	5000	other	0
232	Picture	asian1_pain_true	5761638	13260	1	5171	1	13260	5000	other	0
233	Picture	white1_pain_false	5786827	16610	1	5171	2	16610	5000	other	0
234	Picture	white1_pain_true	5810681	17700	1	5171	2	17700	5000	other	0
235	Picture	latin1_pain_false	5829864	13230	1	5171	1	13230	5000	other	0
236	Picture	black1_pain_false	5853551	17730	1	5171	2	17730	5000	other	0
237	Picture	white1_pain_true	5875070	15550	1	5171	1	15550	5000	other	0
238	Picture	white1_pain_true	5897923	16790	1	5171	2	16790	5000	other	0
239	Picture	white1_pain_true	5914104	10090	1	5171	1	10090	5000	other	0
240	Picture	white1_pain_true	5934788	14690	1	5171	2	14690	5000	other	0
241	Picture	white1_pain_false	5950969	10050	1	5171	1	10050	5000	other	0
242	Picture	latin1_pain_true	5969485	12410	1	5171	2	12410	5000	other	0
243	Picture	black1_pain_false	5993339	17870	1	5171	1	17870	5000	other	0
244	Picture	asian1_pain_false	6019361	20000	1	5171	1	20000	5000	other	0
245	Picture	white1_pain_true	6037043	11690	1	5171	2	11690	5000	other	0
246	Picture	white1_pain_false	6056727	13580	1	5171	2	13580	5000	other	0
247	Picture	asian1_pain_false	6074409	11700	1	5171	1	11700	5000	other	0
248	Picture	black1_pain_true	6091757	11380	1	5171	1	11380	5000	other	0
249	Picture	black1_pain_false	6116946	19100	1	5171	2	19100	5000	other	0
250	Picture	black1_pain_false	6138965	16000	1	5171	1	16000	5000	other	0
251	Picture	latin1_pain_false	6159983	14880	1	5171	1	14880	5000	other	0
252	Picture	black1_pain_false	6183503	17500	1	5171	2	17500	5000	other	0
253	Picture	asian1_pain_false	6202686	13160	1	5171	2	13160	5000	other	0
254	Picture	white1_pain_false	6224705	15900	1	5171	1	15900	5000	other	0
255	Picture	white1_pain_false	6248893	18090	1	5171	1	18090	5000	other	0
256	Picture	white1_pain_false	6269244	14340	1	5171	2	14340	5000	other	0
257	Picture	white1_pain_true	6293765	18540	1	5838	2	18540	5000	other	0
258	Picture	white1_pain_false	6310446	10030	1	5171	2	10030	5000	other	0
259	Picture	latin1_pain_false	6331298	14860	1	5171	1	14860	5000	other	0
260	Picture	white1_pain_false	6354985	17520	1	5171	2	17520	5000	other	0
261	Picture	asian1_pain_true	6378338	17210	1	5171	2	17210	5000	other	0
262	Picture	question	6396020	12370	1	30193	1	12370	30000	other	0
263	Picture	latin1_pain_true	6439558	12370	1	5171	1	12370	5000	other	0
264	Picture	black1_pain_false	6464746	19040	1	5171	1	19040	5000	other	0
265	Picture	latin1_pain_true	6482261	11540	1	5171	2	11540	5000	other	0
266	Picture	latin1_pain_false	6504948	16570	1	5171	2	16570	5000	other	0
267	Picture	latin1_pain_false	6530303	19300	1	5171	2	19300	5000	other	0
268	Picture	white1_pain_false	6554157	17800	1	5171	2	17800	5000	other	0
269	Picture	white1_pain_true	6578011	17850	1	5171	1	17850	5000	other	0
270	Picture	white1_pain_false	6602032	17980	1	5171	2	17980	5000	other	0
271	Picture	white1_pain_false	6621382	13230	1	5171	2	13230	5000	other	0
272	Picture	latin1_pain_true	6639397	11890	1	5171	1	11890	5000	other	0
273	Picture	latin1_pain_true	6658914	13510	1	5171	2	13510	5000	other	0
274	Picture	white1_pain_false	6684603	19590	1	5171	2	19590	5000	other	0
275	Picture	white1_pain_false	6701117	10550	1	5171	1	10550	5000	other	0
276	Picture	white1_pain_true	6718799	11560	1	5171	2	11560	5000	other	0
277	Picture	black1_pain_true	6735981	11170	1	5171	2	11170	5000	other	0
278	Picture	white1_pain_false	6754997	12860	1	5171	1	12860	5000	other	0
279	Picture	white1_pain_false	6772512	11500	1	5171	2	11500	5000	other	0
280	Picture	black1_pain_false	6792696	14080	1	5171	2	14080	5000	other	0
281	Picture	black1_pain_false	6810045	11370	1	5171	2	11370	5000	other	0
282	Picture	white1_pain_true	6829562	13380	1	5171	2	13380	5000	other	0
283	Picture	black1_pain_false	6853082	17580	1	5171	2	17580	5000	other	0
284	Picture	latin1_pain_false	6870264	11150	1	5171	1	11150	5000	other	0
285	Picture	black1_pain_false	6895452	19010	1	5171	1	19010	5000	other	0
286	Picture	white1_pain_false	6919640	18180	1	5171	1	18180	5000	other	0
287	Picture	white1_pain_false	6944328	18740	1	5171	1	18740	5000	other	0
288	Picture	latin1_pain_true	6969349	18930	1	5171	2	18930	5000	other	0
289	Picture	white1_pain_false	6995372	19900	1	5171	1	19900	5000	other	0
290	Picture	white1_pain_false	7017224	15720	1	5171	1	15720	5000	other	0
291	Picture	black1_pain_true	7038743	15540	1	5171	1	15540	5000	other	0
292	Picture	black1_pain_true	7059427	14690	1	5171	2	14690	5000	other	0
293	Picture	white1_pain_true	7082614	17130	1	5171	1	17130	5000	other	0
294	Picture	asian1_pain_true	7104800	16100	1	5171	2	16100	5000	other	0
295	Picture	latin1_pain_false	7122148	11290	1	5171	2	11290	5000	other	0
296	Picture	white1_pain_false	7140497	12260	1	5171	2	12260	5000	other	0
297	Picture	latin1_pain_false	7165185	18590	1	5171	1	18590	5000	other	0
298	Picture	asian1_pain_false	7187538	16180	1	5171	2	16180	5000	other	0
299	Picture	white1_pain_false	7212393	18790	1	5171	1	18790	5000	other	0
300	Picture	latin1_pain_true	7234078	15710	1	5171	2	15710	5000	other	0
301	Picture	latin1_pain_false	7258599	18540	1	5171	2	18540	5000	other	0
302	Picture	asian1_pain_true	7280618	15980	1	5171	1	15980	5000	other	0
303	Picture	asian1_pain_false	7298133	11430	1	5171	2	11430	5000	other	0
304	Picture	white1_pain_false	7320653	16500	1	5171	1	16500	5000	other	0
305	Picture	latin1_pain_false	7343172	16460	1	5171	1	16460	5000	other	0
306	Picture	white1_pain_false	7365191	15930	1	5171	1	15930	5000	other	0
307	Picture	white1_pain_false	7388211	16900	1	5171	2	16900	5000	other	0
308	Picture	white1_pain_false	7410064	15670	1	5171	1	15670	5000	other	0
309	Picture	white1_pain_false	7433917	17790	1	5171	2	17790	5000	other	0
310	Picture	white1_pain_false	7459273	19290	1	5171	2	19290	5000	other	0
311	Picture	latin1_pain_false	7479457	13860	1	5171	2	13860	5000	other	0
312	Picture	black1_pain_false	7502977	17520	1	5171	1	17520	5000	other	0
313	Picture	asian1_pain_false	7528666	19650	1	5171	2	19650	5000	other	0
314	Picture	latin1_pain_true	7547516	12750	1	5171	1	12750	5000	other	0
315	Picture	black1_pain_false	7564530	10810	1	5171	2	10810	5000	other	0
316	Picture	white1_pain_false	7585549	14910	1	5171	2	14910	5000	other	0
317	Picture	asian1_pain_true	7605065	13500	1	5171	1	13500	5000	other	0
318	Picture	latin1_pain_false	7627251	16200	1	5171	1	16200	5000	other	0
319	Picture	latin1_pain_false	7646434	13150	1	5171	2	13150	5000	other	0
320	Picture	black1_pain_false	7672457	19990	1	5171	1	19990	5000	other	0
321	Picture	latin1_pain_false	7693976	15530	1	5171	2	15530	5000	other	0
322	Picture	black1_pain_false	7717162	17150	1	5171	2	17150	5000	other	0
323	Picture	white1_pain_false	7741517	18320	2	5171	2	18320	5000	other	0
324	Picture	white1_pain_false	7761534	13920	1	5171	2	13920	5000	other	0
325	Picture	black1_pain_false	7779883	12360	1	5171	2	12360	5000	other	0
326	Picture	asian1_pain_false	7800735	14850	1	5171	1	14850	5000	other	0
327	Picture	latin1_pain_false	7822587	15820	1	5171	1	15820	5000	other	0
328	Picture	white1_pain_true	7847608	19040	1	5171	1	19040	5000	other	0
329	Picture	white1_pain_false	7871462	17760	1	5338	1	17760	5000	other	0
330	Picture	asian1_pain_false	7890145	12460	1	5171	1	12460	5000	other	0
331	Picture	white1_pain_true	7907994	11880	1	5171	1	11880	5000	other	0
332	Picture	black1_pain_false	7931514	17460	1	5171	1	17460	5000	other	0
333	Picture	white1_pain_false	7956870	19360	1	5171	1	19360	5000	other	0
334	Picture	asian1_pain_false	7980390	17510	1	5171	2	17510	5000	other	0
335	Picture	white1_pain_false	8006246	19840	1	5338	1	19840	5000	other	0
336	Picture	black1_pain_false	8025762	13140	1	5171	2	13140	5000	other	0
337	Picture	white1_pain_true	8050284	18440	1	5171	2	18440	5000	other	0
338	Picture	black1_pain_false	8067465	11140	1	5171	2	11140	5000	other	0
339	Picture	white1_pain_false	8084313	10780	1	5171	1	10780	5000	other	0
340	Picture	question	8104831	15190	1	30193	1	15190	30000	other	0
341	Picture	white1_pain_true	8151204	15190	1	5171	1	15190	5000	other	0
342	Picture	black1_pain_true	8172556	15340	1	5171	2	15340	5000	other	0
343	Picture	white1_pain_false	8196744	18040	1	5171	2	18040	5000	other	0
344	Picture	white1_pain_false	8217428	14620	1	5171	1	14620	5000	other	0
345	Picture	white1_pain_false	8238947	15540	1	5171	1	15540	5000	other	0
346	Picture	white1_pain_true	8256462	11460	1	5171	1	11460	5000	other	0
347	Picture	black1_pain_false	8275645	13180	1	5171	2	13180	5000	other	0
348	Picture	white1_pain_false	8294995	13210	1	5171	1	13210	5000	other	0
349	Picture	white1_pain_false	8317181	16050	1	5171	1	16050	5000	other	0
350	Picture	latin1_pain_true	8340201	16980	1	5171	2	16980	5000	other	0
351	Picture	latin1_pain_true	8358884	12580	1	5171	1	12580	5000	other	0
352	Picture	white1_pain_false	8382571	17610	1	5171	1	17610	5000	other	0
353	Picture	asian1_pain_true	8400920	12300	1	5171	2	12300	5000	other	0
354	Picture	latin1_pain_false	8422439	15420	1	5171	2	15420	5000	other	0
355	Picture	latin1_pain_false	8445625	17070	1	5171	1	17070	5000	other	0
356	Picture	latin1_pain_false	8469146	17440	1	5171	2	17440	5000	other	0
357	Picture	white1_pain_false	8492499	17370	1	5171	2	17370	5000	other	0
358	Picture	white1_pain_false	8512350	13770	1	5171	2	13770	5000	other	0
359	Picture	white1_pain_true	8538372	19930	1	5171	2	19930	5000	other	0
360	Picture	white1_pain_false	8559224	14820	1	5171	1	14820	5000	other	0
361	Picture	white1_pain_false	8578240	12890	1	5171	1	12890	5000	other	0
362	Picture	white1_pain_false	8595755	11250	1	5171	2	11250	5000	other	0
363	Picture	white1_pain_false	8621277	19390	1	5338	2	19390	5000	other	0
364	Picture	white1_pain_false	8638959	11530	1	5171	1	11530	5000	other	0
365	Picture	white1_pain_false	8655307	10390	1	5171	1	10390	5000	other	0
366	Picture	latin1_pain_false	8679661	18260	1	5171	2	18260	5000	other	0
367	Picture	white1_pain_false	8701513	15720	1	5171	2	15720	5000	other	0
368	Picture	white1_pain_false	8725868	18310	1	5171	1	18310	5000	other	0
369	Picture	latin1_pain_true	8744384	12470	1	5171	1	12470	5000	other	0
370	Picture	latin1_pain_false	8769906	19420	1	5171	1	19420	5000	other	0
371	Picture	white1_pain_true	8786253	10350	1	5171	1	10350	5000	other	0
372	Picture	white1_pain_false	8809940	17450	1	5338	1	17450	5000	other	0
373	Picture	white1_pain_false	8831959	15790	1	5171	2	15790	5000	other	0
374	Picture	white1_pain_false	8853144	15220	1	5171	2	15220	5000	other	0
375	Picture	white1_pain_false	8873996	14650	1	5171	1	14650	5000	other	0
376	Picture	asian1_pain_false	8893179	13060	1	5171	1	13060	5000	other	0
377	Picture	white1_pain_false	8918868	19650	1	5171	2	19650	5000	other	0
378	Picture	white1_pain_false	8941387	16460	1	5171	2	16460	5000	other	0
379	Picture	white1_pain_false	8964741	17150	1	5171	1	17150	5000	other	0
380	Picture	asian1_pain_false	8983591	12850	1	5171	2	12850	5000	other	0
381	Picture	asian1_pain_false	9003608	14050	1	5171	2	14050	5000	other	0
382	Picture	white1_pain_false	9021790	12050	1	5171	1	12050	5000	other	0
383	Picture	white1_pain_false	9040306	12420	1	5171	1	12420	5000	other	0
384	Picture	latin1_pain_false	9058989	12620	1	5171	2	12620	5000	other	0
385	Picture	white1_pain_false	9084511	19480	1	5171	1	19480	5000	other	0
386	Picture	black1_pain_true	9104362	13750	1	5171	2	13750	5000	other	0
387	Picture	asian1_pain_false	9121710	11360	1	5171	1	11360	5000	other	0
388	Picture	asian1_pain_true	9149734	19450	1	5171	1	19450	5000	other	0
389	Picture	asian1_pain_false	9171086	15320	1	5171	2	15320	5000	other	0
390	Picture	white1_pain_true	9196775	19610	1	5171	2	19610	5000	other	0
391	Picture	white1_pain_false	9216125	13300	1	5171	2	13300	5000	other	0
392	Picture	white1_pain_false	9239812	17590	1	5171	2	17590	5000	other	0
393	Picture	white1_pain_true	9264333	18540	1	5171	2	18540	5000	other	0
394	Picture	asian1_pain_true	9283183	12770	1	5171	1	12770	5000	other	0
395	Picture	latin1_pain_true	9307704	18430	1	5171	2	18430	5000	other	0
396	Picture	black1_pain_true	9330057	16270	1	5171	1	16270	5000	other	0
397	Picture	white1_pain_false	9346738	10690	1	5171	1	10690	5000	other	0
398	Picture	white1_pain_false	9365087	12260	1	5171	1	12260	5000	other	0
399	Picture	white1_pain_true	9388774	17710	1	5171	2	17710	5000	other	0
400	Picture	asian1_pain_false	9414128	19090	2	5172	2	19090	5000	other	0
401	Picture	white1_pain_false	9433146	12760	1	5171	2	12760	5000	other	0
402	Picture	asian1_pain_false	9456333	17160	1	5171	1	17160	5000	other	0
403	Picture	black1_pain_false	9474849	12520	1	5171	1	12520	5000	other	0
404	Picture	asian1_pain_true	9490862	10030	1	5171	1	10030	5000	other	0
405	Picture	asian1_pain_false	9509212	12230	1	5171	1	12230	5000	other	0
406	Picture	asian1_pain_false	9530230	14840	1	5171	1	14840	5000	other	0
407	Picture	asian1_pain_false	9547245	10910	1	5171	1	10910	5000	other	0
408	Picture	latin1_pain_false	9565427	12190	1	5171	2	12190	5000	other	0
409	Picture	white1_pain_true	9582275	10820	1	5171	2	10820	5000	other	0
410	Picture	latin1_pain_false	9602626	14290	1	5171	1	14290	5000	other	0
411	Picture	white1_pain_true	9618806	10200	1	5171	2	10200	5000	other	0
412	Picture	question	9643995	19900	1	30193	1	19900	30000	other	0
413	Picture	latin1_pain_true	9695206	19900	1	5171	1	19900	5000	other	0
414	Picture	white1_pain_true	9714389	12970	1	5171	2	12970	5000	other	0
415	Picture	black1_pain_false	9734240	13770	1	5171	1	13770	5000	other	0
416	Picture	asian1_pain_true	9755258	14900	1	5171	2	14900	5000	other	0
417	Picture	white1_pain_false	9773273	11910	1	5171	1	11910	5000	other	0
418	Picture	asian1_pain_false	9795793	16460	1	5171	1	16460	5000	other	0
419	Picture	black1_pain_true	9812641	10820	1	5171	2	10820	5000	other	0
420	Picture	black1_pain_true	9836328	17500	1	5171	2	17500	5000	other	0
421	Picture	black1_pain_false	9853843	11430	1	5171	2	11430	5000	other	0
422	Picture	white1_pain_false	9877864	17850	1	5171	1	17850	5000	other	0
423	Picture	black1_pain_false	9899215	15190	1	5171	1	15190	5000	other	0
424	Picture	white1_pain_false	9922569	17300	1	5338	1	17300	5000	other	0
425	Picture	black1_pain_false	9948091	19340	1	5171	2	19340	5000	other	0
426	Picture	white1_pain_false	9969776	15610	1	5171	1	15610	5000	other	0
427	Picture	start_experiment	10615668	0	1	5171	2	0	5000	other	0
428	Picture	white1_pain_true	10730768	14200	1	5171	2	14200	5000	other	0
429	Picture	asian1_pain_false	10751619	14840	1	5171	2	14840	5000	other	0
430	Picture	black1_pain_false	10770969	13230	1	5171	2	13230	5000	other	0
431	Picture	white1_pain_true	10795824	18810	1	5171	2	18810	5000	other	0
432	Picture	white1_pain_false	10821179	19390	1	5171	1	19390	5000	other	0
433	Picture	white1_pain_false	10839195	11990	1	5171	1	11990	5000	other	0
434	Picture	white1_pain_false	10858878	13590	1	5171	1	13590	5000	other	0
435	Picture	white1_pain_false	10882065	17210	1	5171	1	17210	5000	other	0
436	Picture	white1_pain_false	10905752	17590	1	5004	1	17590	5000	other	0
437	Picture	black1_pain_false	10923267	10790	1	5171	1	10790	5000	other	0
438	Picture	latin1_pain_false	10944452	15200	1	5171	2	15200	5000	other	0
439	Picture	latin1_pain_false	10966805	16290	1	5171	1	16290	5000	other	0
440	Picture	black1_pain_true	10985821	12790	1	5171	2	12790	5000	other	0
441	Picture	white1_pain_false	11008675	16820	1	5171	2	16820	5000	other	0
442	Picture	white1_pain_false	11030026	15240	1	5171	2	15240	5000	other	0
443	Picture	black1_pain_true	11050044	14010	1	5171	2	14010	5000	other	0
444	Picture	white1_pain_false	11067225	11030	1	5171	2	11030	5000	other	0
445	Picture	asian1_pain_false	11090912	17620	1	5171	1	17620	5000	other	0
446	Picture	white1_pain_true	11110096	13060	1	5171	1	13060	5000	other	0
447	Picture	asian1_pain_false	11128278	12150	1	5171	1	12150	5000	other	0
448	Picture	white1_pain_false	11144459	10140	1	5171	1	10140	5000	other	0
449	Picture	black1_pain_false	11162141	11580	1	5171	2	11580	5000	other	0
450	Picture	latin1_pain_false	11179155	11010	1	5171	2	11010	5000	other	0
451	Picture	white1_pain_false	11202342	17050	1	5171	2	17050	5000	other	0
452	Picture	latin1_pain_false	11219190	10780	1	5171	2	10780	5000	other	0
453	Picture	white1_pain_false	11243211	17890	1	5171	2	17890	5000	other	0
454	Picture	white1_pain_false	11264729	15550	1	5171	2	15550	5000	other	0
455	Picture	latin1_pain_true	11287916	17210	1	5338	2	17210	5000	other	0
456	Picture	white1_pain_false	11311937	17880	1	5171	1	17880	5000	other	0
457	Picture	latin1_pain_true	11331954	13720	1	5171	2	13720	5000	other	0
458	Picture	white1_pain_false	11356475	18490	1	5171	1	18490	5000	other	0
459	Picture	white1_pain_true	11373323	10790	1	5171	2	10790	5000	other	0
460	Picture	latin1_pain_false	11392673	13280	1	5171	2	13280	5000	other	0
461	Picture	white1_pain_false	11411022	12360	1	5338	1	12360	5000	other	0
462	Picture	white1_pain_false	11435710	18320	1	5171	1	18320	5000	other	0
463	Picture	white1_pain_false	11457563	15720	1	5171	1	15720	5000	other	0
464	Picture	question	11479915	16980	1	30193	1	16980	30000	other	0
465	Picture	latin1_pain_true	11528124	16980	1	5171	2	16980	5000	other	0
466	Picture	white1_pain_false	11547140	12850	1	5171	2	12850	5000	other	0
467	Picture	latin1_pain_false	11568659	15500	1	5171	2	15500	5000	other	0
468	Picture	asian1_pain_false	11591845	17140	1	5171	2	17140	5000	other	0
469	Picture	latin1_pain_false	11616367	18490	1	5004	2	18490	5000	other	0
470	Picture	latin1_pain_false	11641221	18190	1	5171	1	18190	5000	other	0
471	Picture	white1_pain_false	11662907	15600	1	5171	1	15600	5000	other	0
472	Picture	latin1_pain_true	11680756	11770	1	5171	2	11770	5000	other	0
473	Picture	white1_pain_false	11699105	12340	1	5171	2	12340	5000	other	0
474	Picture	latin1_pain_false	11715619	10490	1	5171	2	10490	5000	other	0
475	Picture	asian1_pain_true	11741141	19520	1	5171	1	19520	5000	other	0
476	Picture	latin1_pain_true	11761659	14310	1	5171	2	14310	5000	other	0
477	Picture	white1_pain_false	11780509	12740	1	5171	1	12740	5000	other	0
478	Picture	white1_pain_false	11798524	11920	1	5171	2	11920	5000	other	0
479	Picture	black1_pain_false	11821711	16190	1	5338	2	16190	5000	other	0
480	Picture	white1_pain_true	11847733	19750	1	5171	1	19750	5000	other	0
481	Picture	asian1_pain_false	11868585	14860	1	5171	1	14860	5000	other	0
482	Picture	white1_pain_true	11890604	16020	1	5171	1	16020	5000	other	0
483	Picture	white1_pain_false	11910955	14230	1	5171	1	14230	5000	other	0
484	Picture	black1_pain_false	11933140	16150	1	5171	2	16150	5000	other	0
485	Picture	asian1_pain_true	11957828	18580	1	5171	1	18580	5000	other	0
486	Picture	white1_pain_false	11975177	11280	1	5171	2	11280	5000	other	0
487	Picture	black1_pain_false	12000198	18960	1	5171	1	18960	5000	other	0
488	Picture	latin1_pain_true	12022218	15910	1	5171	2	15910	5000	other	0
489	Picture	black1_pain_false	12040567	12350	1	5171	1	12350	5000	other	0
490	Picture	latin1_pain_false	12058249	11680	1	5171	2	11680	5000	other	0
491	Picture	white1_pain_false	12082937	18620	1	5171	2	18620	5000	other	0
492	Picture	white1_pain_false	12105456	16440	1	5171	1	16440	5000	other	0
493	Picture	white1_pain_true	12124139	12630	1	5171	2	12630	5000	other	0
494	Picture	black1_pain_true	12142488	12250	1	5171	1	12250	5000	other	0
495	Picture	white1_pain_false	12163840	15250	1	5171	1	15250	5000	other	0
496	Picture	white1_pain_false	12180521	10650	1	5171	1	10650	5000	other	0
497	Picture	black1_pain_true	12199871	13240	1	5505	2	13240	5000	other	0
498	Picture	white1_pain_false	12218721	12530	1	5171	1	12530	5000	other	0
499	Picture	latin1_pain_true	12235402	10710	1	5171	1	10710	5000	other	0
500	Picture	white1_pain_false	12256420	14900	1	5171	2	14900	5000	other	0
501	Picture	white1_pain_false	12275603	13150	1	5171	1	13150	5000	other	0
502	Picture	white1_pain_false	12300291	18630	1	5171	2	18630	5000	other	0
503	Picture	question	12317139	11600	1	30193	1	11600	30000	other	0
504	Picture	black1_pain_true	12360176	11600	1	5171	1	11600	5000	other	0
505	Picture	asian1_pain_true	12382696	16500	1	5171	1	16500	5000	other	0
506	Picture	latin1_pain_false	12405048	16200	1	5171	1	16200	5000	other	0
507	Picture	asian1_pain_false	12423231	12080	1	5171	2	12080	5000	other	0
508	Picture	white1_pain_false	12443582	14270	1	5171	1	14270	5000	other	0
509	Picture	latin1_pain_true	12460263	10570	1	5171	1	10570	5000	other	0
510	Picture	latin1_pain_true	12483116	16900	1	5171	2	16900	5000	other	0
511	Picture	latin1_pain_false	12503634	14480	1	5171	1	14480	5000	other	0
512	Picture	latin1_pain_true	12521316	11720	1	5171	1	11720	5000	other	0
513	Picture	latin1_pain_false	12543168	15830	1	5171	1	15830	5000	other	0
514	Picture	white1_pain_true	12562184	13020	1	5171	1	13020	5000	other	0
515	Picture	white1_pain_false	12584370	16200	1	5171	2	16200	5000	other	0
516	Picture	white1_pain_true	12608558	18140	1	5171	2	18140	5000	other	0
517	Picture	asian1_pain_false	12627407	12710	1	5171	1	12710	5000	other	0
518	Picture	latin1_pain_false	12644922	11560	1	5171	1	11560	5000	other	0
519	Picture	asian1_pain_true	12663272	12190	1	5171	2	12190	5000	other	0
520	Picture	white1_pain_false	12683456	14180	1	5171	1	14180	5000	other	0
521	Picture	latin1_pain_true	12700304	10820	1	5171	1	10820	5000	other	0
522	Picture	white1_pain_false	12720488	14110	1	5338	1	14110	5000	other	0
523	Picture	white1_pain_false	12740505	13860	1	5171	1	13860	5000	other	0
524	Picture	white1_pain_true	12762524	15920	1	5171	1	15920	5000	other	0
525	Picture	asian1_pain_false	12787379	18710	1	5171	1	18710	5000	other	0
526	Picture	asian1_pain_false	12811400	17960	1	5171	1	17960	5000	other	0
527	Picture	asian1_pain_true	12835087	17630	1	5171	2	17630	5000	other	0
528	Picture	white1_pain_false	12852268	11170	1	5171	1	11170	5000	other	0
529	Picture	latin1_pain_true	12869283	11050	1	5171	1	11050	5000	other	0
530	Picture	white1_pain_false	12887632	12160	1	5171	2	12160	5000	other	0
531	Picture	asian1_pain_false	12905147	11500	1	5171	2	11500	5000	other	0
532	Picture	latin1_pain_false	12926666	15530	1	5171	1	15530	5000	other	0
533	Picture	asian1_pain_false	12945349	12570	1	5171	2	12570	5000	other	0
534	Picture	asian1_pain_false	12962030	10680	1	5505	1	10680	5000	other	0
535	Picture	black1_pain_false	12979378	10930	1	5171	2	10930	5000	other	0
536	Picture	white1_pain_false	13002065	16620	1	5171	2	16620	5000	other	0
537	Picture	latin1_pain_false	13021748	13580	1	5171	2	13580	5000	other	0
538	Picture	asian1_pain_false	13043767	15960	1	5171	1	15960	5000	other	0
539	Picture	white1_pain_true	13066954	17100	1	5171	1	17100	5000	other	0
540	Picture	black1_pain_true	13088973	15970	1	5171	2	15970	5000	other	0
541	Picture	white1_pain_false	13111993	16980	1	5171	1	16980	5000	other	0
542	Picture	white1_pain_false	13134346	16260	1	5171	1	16260	5000	other	0
543	Picture	white1_pain_false	13157866	17390	1	5171	2	17390	5000	other	0
544	Picture	question	13176215	12980	1	30193	1	12980	30000	other	0
545	Picture	black1_pain_true	13220420	12980	1	5171	2	12980	5000	other	0
546	Picture	white1_pain_true	13244774	18250	1	5171	2	18250	5000	other	0
547	Picture	white1_pain_false	13270463	19700	1	5171	1	19700	5000	other	0
548	Picture	white1_pain_true	13290147	13630	1	5171	1	13630	5000	other	0
549	Picture	white1_pain_true	13312666	16510	1	5171	1	16510	5000	other	0
550	Picture	white1_pain_false	13331516	12720	1	5171	1	12720	5000	other	0
551	Picture	white1_pain_true	13356371	18780	1	5171	1	18780	5000	other	0
552	Picture	white1_pain_false	13374386	11980	1	5171	2	11980	5000	other	0
553	Picture	black1_pain_false	13391234	10780	1	5171	2	10780	5000	other	0
554	Picture	white1_pain_false	13408249	11030	1	5171	2	11030	5000	other	0
555	Picture	white1_pain_true	13425097	10860	1	5171	1	10860	5000	other	0
556	Picture	white1_pain_true	13447283	15770	1	5171	2	15770	5000	other	0
557	Picture	asian1_pain_true	13471804	18460	1	5171	1	18460	5000	other	0
558	Picture	white1_pain_false	13493656	15800	1	5171	1	15800	5000	other	0
559	Picture	white1_pain_false	13511338	11660	1	5171	2	11660	5000	other	0
560	Picture	black1_pain_false	13530188	12780	1	5171	2	12780	5000	other	0
561	Picture	white1_pain_false	13546535	10360	1	5171	1	10360	5000	other	0
562	Picture	black1_pain_false	13565552	12960	1	5171	2	12960	5000	other	0
563	Picture	white1_pain_true	13584735	13130	1	5171	1	13130	5000	other	0
564	Picture	white1_pain_false	13604085	13390	1	5171	2	13390	5000	other	0
565	Picture	asian1_pain_false	13623936	13880	1	5171	2	13880	5000	other	0
566	Picture	white1_pain_false	13642285	12290	1	5171	1	12290	5000	other	0
567	Picture	black1_pain_false	13666806	18560	1	5171	2	18560	5000	other	0
568	Picture	black1_pain_false	13689993	17140	1	5171	2	17140	5000	other	0
569	Picture	white1_pain_true	13706674	10660	1	5171	2	10660	5000	other	0
570	Picture	black1_pain_false	13725190	12450	1	5171	1	12450	5000	other	0
571	Picture	white1_pain_false	13747709	16330	1	5171	1	16330	5000	other	0
572	Picture	latin1_pain_true	13768227	14550	1	5171	1	14550	5000	other	0
573	Picture	latin1_pain_false	13793415	19170	1	5171	1	19170	5000	other	0
574	Picture	white1_pain_false	13816769	17270	1	5171	2	17270	5000	other	0
575	Picture	white1_pain_false	13841290	18520	1	5171	1	18520	5000	other	0
576	Picture	white1_pain_true	13867146	19720	1	5171	2	19720	5000	other	0
577	Picture	latin1_pain_false	13883827	10650	1	5171	2	10650	5000	other	0
578	Picture	white1_pain_false	13903177	13300	1	5171	2	13300	5000	other	0
579	Picture	white1_pain_false	13925363	16200	1	5171	1	16200	5000	other	0
580	Picture	white1_pain_false	13942878	11420	1	5171	1	11420	5000	other	0
581	Picture	black1_pain_false	13966899	17900	1	5171	1	17900	5000	other	0
582	Picture	latin1_pain_false	13986416	13400	1	5171	2	13400	5000	other	0
583	Picture	white1_pain_false	14005098	12580	1	5171	1	12580	5000	other	0
584	Picture	asian1_pain_false	14022947	11820	1	5171	2	11820	5000	other	0
585	Picture	asian1_pain_false	14039628	10560	1	5171	2	10560	5000	other	0
586	Picture	white1_pain_false	14056142	10540	1	5171	2	10540	5000	other	0
587	Picture	latin1_pain_true	14074325	12170	1	5171	1	12170	5000	other	0
588	Picture	latin1_pain_false	14093174	12740	1	5171	2	12740	5000	other	0
589	Picture	asian1_pain_false	14111857	12630	1	5171	1	12630	5000	other	0
590	Picture	black1_pain_false	14128038	10180	1	5171	1	10180	5000	other	0
591	Picture	white1_pain_false	14152559	18460	1	5171	1	18460	5000	other	0
592	Picture	white1_pain_true	14170741	12150	1	5171	1	12150	5000	other	0
593	Picture	question	14195263	19180	1	30193	1	19180	30000	other	0
594	Picture	white1_pain_true	14245806	19180	1	5171	1	19180	5000	other	0
595	Picture	white1_pain_false	14265323	13420	1	5171	1	13420	5000	other	0
596	Picture	white1_pain_false	14289344	18030	1	5171	1	18030	5000	other	0
597	Picture	white1_pain_false	14307193	11770	1	5171	1	11770	5000	other	0
598	Picture	white1_pain_true	14327377	14120	1	5171	1	14120	5000	other	0
599	Picture	asian1_pain_true	14351064	17590	1	5171	2	17590	5000	other	0
600	Picture	latin1_pain_false	14372249	15100	1	5171	2	15100	5000	other	0
601	Picture	black1_pain_false	14391766	13520	1	5171	1	13520	5000	other	0
602	Picture	black1_pain_false	14415286	17510	1	5171	2	17510	5000	other	0
603	Picture	black1_pain_false	14432468	11110	1	5171	2	11110	5000	other	0
604	Picture	asian1_pain_false	14456822	18300	1	5171	2	18300	5000	other	0
605	Picture	white1_pain_false	14482845	19970	1	5171	1	19970	5000	other	0
606	Picture	black1_pain_false	14503696	14830	1	5171	2	14830	5000	other	0
607	Picture	asian1_pain_false	14527383	17540	1	5171	1	17540	5000	other	0
608	Picture	black1_pain_false	14552071	18570	1	5171	1	18570	5000	other	0
609	Picture	white1_pain_true	14572923	14870	1	5171	2	14870	5000	other	0
610	Picture	black1_pain_false	14592439	13550	1	5171	2	13550	5000	other	0
611	Picture	latin1_pain_false	14613124	14550	1	5171	1	14550	5000	other	0
612	Picture	black1_pain_false	14637478	18210	1	5171	2	18210	5000	other	0
613	Picture	white1_pain_true	14658330	14780	1	5171	2	14780	5000	other	0
614	Picture	asian1_pain_true	14682017	17700	1	5171	2	17700	5000	other	0
615	Picture	white1_pain_false	14703869	15770	1	5171	2	15770	5000	other	0
616	Picture	black1_pain_false	14726055	16130	1	5171	1	16130	5000	other	0
617	Picture	white1_pain_false	14743403	11340	1	5171	2	11340	5000	other	0
618	Picture	asian1_pain_false	14762587	13190	1	5171	1	13190	5000	other	0
619	Picture	black1_pain_false	14785440	16640	1	5171	1	16640	5000	other	0
620	Picture	latin1_pain_false	14810128	18730	1	5171	2	18730	5000	other	0
621	Picture	asian1_pain_false	14831646	15420	1	5171	2	15420	5000	other	0
622	Picture	white1_pain_false	14852831	15070	1	5171	1	15070	5000	other	0
623	Picture	white1_pain_false	14876352	17480	1	5171	2	17480	5000	other	0
624	Picture	white1_pain_true	14893199	10750	1	5171	2	10750	5000	other	0
625	Picture	white1_pain_false	14917554	18260	1	5838	1	18260	5000	other	0
626	Picture	white1_pain_true	14936403	12200	1	5171	2	12200	5000	other	0
627	Picture	black1_pain_true	14959423	16980	1	5171	1	16980	5000	other	0
628	Picture	asian1_pain_true	14976271	10780	1	5171	1	10780	5000	other	0
629	Picture	latin1_pain_false	14996789	14390	1	5171	1	14390	5000	other	0
630	Picture	black1_pain_false	15017807	14920	1	5171	1	14920	5000	other	0
631	Picture	black1_pain_true	15042162	18290	1	5171	1	18290	5000	other	0
632	Picture	white1_pain_false	15062513	14330	1	5171	2	14330	5000	other	0
633	Picture	asian1_pain_false	15083864	15370	1	5171	1	15370	5000	other	0
634	Picture	white1_pain_false	15103381	13460	1	5171	1	13460	5000	other	0
635	Picture	asian1_pain_false	15122898	13370	1	5171	1	13370	5000	other	0
636	Picture	latin1_pain_true	15142415	13340	1	5171	1	13340	5000	other	0
637	Picture	latin1_pain_true	15159763	11260	1	5171	2	11260	5000	other	0
638	Picture	latin1_pain_false	15185452	19630	1	5171	1	19630	5000	other	0
639	Picture	asian1_pain_true	15206303	14790	1	5171	1	14790	5000	other	0
640	Picture	black1_pain_true	15231825	19430	1	5171	1	19430	5000	other	0
641	Picture	asian1_pain_false	15252343	14340	1	5171	2	14340	5000	other	0

Visual picture detection failed over to using scan line information only at the following times:
type	time	timeout	presentation
fail	64655	83.415	49
restore	65155	0	50
fail	427736	83.415	391
restore	428236	0	392
fail	446502	83.415	410
restore	447856	0	411
fail	496578	83.415	898
restore	496699	0	899
fail	504719	83.415	1015
restore	504839	0	1016
