Scenario - MEG
Logfile written - 10/08/2021 14:04:47

Trial	Event Type	Code	Time	TTime	Uncertainty	Duration	Uncertainty	ReqTime	ReqDur	Stim Type	Pair Index

1	Picture	start_experiment	50333	0	1	5167	1	0	5000	other	0
2	Picture	asian1_pain_true	163832	12530	1	5167	1	12530	5000	other	0
3	Picture	white1_pain_false	186832	16790	1	5167	1	16790	5000	other	0
4	Picture	white1_pain_true	204331	11280	1	5167	1	11280	5000	other	0
5	Picture	white1_pain_false	222331	11850	1	5167	1	11850	5000	other	0
6	Picture	asian1_pain_true	241164	12690	1	5167	1	12690	5000	other	0
7	Picture	latin1_pain_false	261664	14290	1	5167	1	14290	5000	other	0
8	Picture	black1_pain_false	287497	19560	1	5167	1	19560	5000	other	0
9	Picture	white1_pain_false	312164	18530	1	5167	1	18530	5000	other	0
10	Picture	white1_pain_false	337830	19510	1	5167	1	19510	5000	other	0
11	Picture	latin1_pain_false	355497	11470	1	5167	1	11470	5000	other	0
12	Picture	white1_pain_false	374163	12470	1	5167	1	12470	5000	other	0
13	Picture	latin1_pain_false	390996	10710	1	5167	1	10710	5000	other	0
14	Picture	white1_pain_true	409663	12410	1	5167	1	12410	5000	other	0
15	Picture	latin1_pain_false	425829	10010	1	5167	1	10010	5000	other	0
16	Picture	latin1_pain_false	444329	12400	1	5167	1	12400	5000	other	0
17	Picture	latin1_pain_false	463496	12970	1	5167	1	12970	5000	other	0
18	Picture	asian1_pain_false	482162	12580	1	5167	1	12580	5000	other	0
19	Picture	black1_pain_true	499162	10870	1	5167	1	10870	5000	other	0
20	Picture	white1_pain_false	520828	15490	1	5167	1	15490	5000	other	0
21	Picture	asian1_pain_true	545495	18560	1	5167	1	18560	5000	other	0
22	Picture	asian1_pain_false	570828	19170	1	5167	1	19170	5000	other	0
23	Picture	white1_pain_false	594661	17700	1	5167	1	17700	5000	other	0
24	Picture	white1_pain_false	620661	19880	1	5167	1	19880	5000	other	0
25	Picture	white1_pain_true	641660	14800	1	5167	1	14800	5000	other	0
26	Picture	white1_pain_true	660660	12840	1	5167	1	12840	5000	other	0
27	Picture	latin1_pain_true	680327	13550	1	5167	1	13550	5000	other	0
28	Picture	asian1_pain_false	697160	10750	1	5167	1	10750	5000	other	0
29	Picture	asian1_pain_true	720660	17260	1	5167	1	17260	5000	other	0
30	Picture	asian1_pain_false	741660	14840	1	5167	1	14840	5000	other	0
31	Picture	white1_pain_true	766826	18980	1	5167	1	18980	5000	other	0
32	Picture	asian1_pain_false	789992	17030	1	5167	1	17030	5000	other	0
33	Picture	white1_pain_true	809492	13380	1	5167	1	13380	5000	other	0
34	Picture	white1_pain_true	829159	13440	1	5167	1	13440	5000	other	0
35	Picture	asian1_pain_true	846159	10740	1	5167	1	10740	5000	other	0
36	Picture	white1_pain_false	863658	11360	1	5167	1	11360	5000	other	0
37	Picture	white1_pain_false	888658	18920	1	5167	1	18920	5000	other	0
38	Picture	white1_pain_true	911825	16990	1	5167	1	16990	5000	other	0
39	Picture	asian1_pain_true	930158	12170	1	5167	1	12170	5000	other	0
40	Picture	latin1_pain_true	948991	12660	1	5167	1	12660	5000	other	0
41	Picture	white1_pain_false	969157	14110	1	5167	1	14110	5000	other	0
42	Picture	asian1_pain_false	987991	12610	1	5167	1	12610	5000	other	0
43	Picture	white1_pain_false	1010990	16840	1	5167	1	16840	5000	other	0
44	Picture	white1_pain_false	1027657	10430	1	5167	1	10430	5000	other	0
45	Picture	white1_pain_false	1052657	18930	1	5167	1	18930	5000	other	0
46	Picture	white1_pain_false	1070323	11620	1	5167	1	11620	5000	other	0
47	Picture	white1_pain_false	1086490	10020	1	5167	1	10020	5000	other	0
48	Picture	asian1_pain_true	1104323	11710	1	5167	1	11710	5000	other	0
49	Picture	white1_pain_false	1126822	16430	1	5167	1	16430	5000	other	0
50	Picture	white1_pain_false	1151322	18300	1	5167	1	18300	5000	other	0
51	Picture	white1_pain_false	1170822	13360	1	5167	1	13360	5000	other	0
52	Picture	white1_pain_false	1196322	19300	1	5167	1	19300	5000	other	0
53	Picture	white1_pain_false	1216322	13910	1	5167	1	13910	5000	other	0
54	Picture	black1_pain_false	1237821	15310	1	5167	1	15310	5000	other	0
55	Picture	white1_pain_true	1254821	10850	1	5167	1	10850	5000	other	0
56	Picture	white1_pain_false	1280154	19170	1	5167	1	19170	5000	other	0
57	Picture	white1_pain_false	1301154	14910	1	5167	1	14910	5000	other	0
58	Picture	white1_pain_true	1325821	18540	1	5167	1	18540	5000	other	0
59	Picture	latin1_pain_false	1342320	10340	1	5167	1	10340	5000	other	0
60	Picture	white1_pain_true	1363154	14580	1	5167	1	14580	5000	other	0
61	Picture	asian1_pain_true	1385653	16340	1	5167	1	16340	5000	other	0
62	Picture	asian1_pain_true	1404820	13070	1	5167	1	13070	5000	other	0
63	Picture	latin1_pain_true	1424986	14040	1	5167	1	14040	5000	other	0
64	Picture	latin1_pain_true	1447986	16800	1	5167	1	16800	5000	other	0
65	Picture	asian1_pain_false	1464986	10870	1	5167	1	10870	5000	other	0
66	Picture	latin1_pain_false	1489986	18850	1	5167	1	18850	5000	other	0
67	Picture	white1_pain_false	1506819	10670	1	5167	1	10670	5000	other	0
68	Picture	black1_pain_false	1526152	13250	1	5167	1	13250	5000	other	0
69	Picture	white1_pain_false	1547819	15520	1	5167	1	15520	5000	other	0
70	Picture	asian1_pain_true	1567152	13090	1	5167	1	13090	5000	other	0
71	Picture	white1_pain_false	1586985	13660	1	5167	1	13660	5000	other	0
72	Picture	black1_pain_false	1610818	17650	1	5167	1	17650	5000	other	0
73	Picture	white1_pain_false	1627651	10770	1	5167	1	10770	5000	other	0
74	Picture	latin1_pain_true	1651318	17440	1	5167	1	17440	5000	other	0
75	Picture	white1_pain_true	1667651	10230	1	5167	1	10230	5000	other	0
76	Picture	white1_pain_true	1687151	13360	1	5167	1	13360	5000	other	0
77	Picture	black1_pain_false	1706150	12840	1	5167	1	12840	5000	other	0
78	Picture	white1_pain_false	1723150	10880	1	5167	1	10880	5000	other	0
79	Picture	latin1_pain_false	1746150	16810	1	5167	1	16810	5000	other	0
80	Picture	black1_pain_false	1767816	15470	1	5167	1	15470	5000	other	0
81	Picture	white1_pain_true	1790816	16820	1	5167	1	16820	5000	other	0
82	Picture	asian1_pain_false	1814983	17960	1	5167	1	17960	5000	other	0
83	Picture	latin1_pain_false	1835482	14310	1	5167	1	14310	5000	other	0
84	Picture	white1_pain_true	1859982	18300	1	5167	1	18300	5000	other	0
85	Picture	white1_pain_false	1882149	16060	1	5167	1	16060	5000	other	0
86	Picture	asian1_pain_false	1904482	16090	1	5167	1	16090	5000	other	0
87	Picture	latin1_pain_false	1929315	18600	1	5167	1	18600	5000	other	0
88	Picture	latin1_pain_false	1947981	12410	1	5167	1	12410	5000	other	0
89	Picture	black1_pain_false	1969148	15000	1	5167	1	15000	5000	other	0
90	Picture	white1_pain_true	1993148	17770	1	5167	1	17770	5000	other	0
91	Picture	black1_pain_true	2016314	17010	1	5167	1	17010	5000	other	0
92	Picture	white1_pain_true	2037481	14920	1	5167	1	14920	5000	other	0
93	Picture	latin1_pain_true	2061814	18160	1	5167	1	18160	5000	other	0
94	Picture	white1_pain_true	2079313	11300	1	5167	1	11300	5000	other	0
95	Picture	latin1_pain_false	2100480	15040	1	5167	1	15040	5000	other	0
96	Picture	asian1_pain_true	2124980	18380	1	5167	1	18380	5000	other	0
97	Picture	white1_pain_true	2142980	11800	1	5167	1	11800	5000	other	0
98	Picture	white1_pain_false	2164979	15790	1	5167	1	15790	5000	other	0
99	Picture	white1_pain_false	2185479	14270	1	5167	1	14270	5000	other	0
100	Picture	asian1_pain_false	2204812	13100	1	5167	1	13100	5000	other	0
101	Picture	white1_pain_false	2227812	16780	1	5167	1	16780	5000	other	0
102	Picture	white1_pain_false	2253978	19930	1	5167	1	19930	5000	other	0
103	Picture	white1_pain_false	2274645	14510	1	5167	1	14510	5000	other	0
104	Picture	latin1_pain_true	2292645	11750	1	5167	1	11750	5000	other	0
105	Picture	white1_pain_false	2314478	15670	1	5167	1	15670	5000	other	0
106	Picture	black1_pain_false	2339811	19150	1	5167	1	19150	5000	other	0
107	Picture	white1_pain_true	2364144	18120	1	5167	1	18120	5000	other	0
108	Picture	white1_pain_false	2385644	15230	1	5167	1	15230	5000	other	0
109	Picture	asian1_pain_false	2408477	16580	1	5167	1	16580	5000	other	0
110	Picture	white1_pain_false	2425977	11230	1	5167	1	11230	5000	other	0
111	Picture	white1_pain_false	2445310	13220	1	5167	1	13220	5000	other	0
112	Picture	white1_pain_true	2461810	10290	1	5167	1	10290	5000	other	0
113	Picture	white1_pain_false	2480143	12140	1	5167	1	12140	5000	other	0
114	Picture	white1_pain_false	2502809	16530	1	5167	1	16530	5000	other	0
115	Picture	latin1_pain_false	2521309	12320	1	5167	1	12320	5000	other	0
116	Picture	white1_pain_false	2539309	11950	1	5167	1	11950	5000	other	0
117	Picture	white1_pain_false	2564309	18840	1	5167	1	18840	5000	other	0
118	Picture	asian1_pain_false	2580975	10600	1	5167	1	10600	5000	other	0
119	Picture	asian1_pain_true	2605808	18700	1	5167	1	18700	5000	other	0
120	Picture	latin1_pain_false	2628975	17040	1	5167	1	17040	5000	other	0
121	Picture	asian1_pain_false	2648308	13170	1	5167	1	13170	5000	other	0
122	Picture	black1_pain_false	2666141	11720	1	5167	1	11720	5000	other	0
123	Picture	latin1_pain_false	2689141	16890	1	5167	1	16890	5000	other	0
124	Picture	white1_pain_false	2715141	19750	1	5167	1	19750	5000	other	0
125	Picture	latin1_pain_false	2738474	17110	1	5167	1	17110	5000	other	0
126	Picture	latin1_pain_false	2756140	11600	1	5167	1	11600	5000	other	0
127	Picture	black1_pain_false	2775640	13370	1	5167	1	13370	5000	other	0
128	Picture	white1_pain_false	2796307	14500	1	5167	1	14500	5000	other	0
129	Picture	white1_pain_false	2812473	10070	1	5167	1	10070	5000	other	0
130	Picture	white1_pain_true	2837140	18560	1	5167	1	18560	5000	other	0
131	Picture	latin1_pain_false	2859806	16550	1	5167	1	16550	5000	other	0
132	Picture	latin1_pain_false	2876139	10160	1	5167	1	10160	5000	other	0
133	Picture	white1_pain_true	2898972	16620	1	5167	1	16620	5000	other	0
134	Picture	black1_pain_false	2919472	14280	1	5167	1	14280	5000	other	0
135	Picture	asian1_pain_false	2935805	10180	1	5167	1	10180	5000	other	0
136	Picture	white1_pain_false	2956638	14660	1	5167	1	14660	5000	other	0
137	Picture	white1_pain_true	2982471	19680	1	5167	1	19680	5000	other	0
138	Picture	latin1_pain_false	3006138	17510	1	5167	1	17510	5000	other	0
139	Picture	black1_pain_false	3027638	15310	1	5167	1	15310	5000	other	0
140	Picture	white1_pain_true	3045138	11240	1	5167	1	11240	5000	other	0
141	Picture	asian1_pain_false	3068471	17200	1	5167	1	17200	5000	other	0
142	Picture	asian1_pain_false	3088137	13550	1	5167	1	13550	5000	other	0
143	Picture	white1_pain_true	3107804	13410	1	5167	1	13410	5000	other	0
144	Picture	black1_pain_true	3129970	15930	1	5167	1	15930	5000	other	0
145	Picture	latin1_pain_false	3152137	15920	1	5167	1	15920	5000	other	0
146	Picture	white1_pain_false	3169136	10820	1	5167	1	10820	5000	other	0
147	Picture	white1_pain_true	3192469	17170	1	5167	1	17170	5000	other	0
148	Picture	white1_pain_true	3212636	14090	1	5167	1	14090	5000	other	0
149	Picture	white1_pain_false	3236469	17670	1	5167	1	17670	5000	other	0
150	Picture	white1_pain_false	3256302	13690	1	5167	1	13690	5000	other	0
151	Picture	asian1_pain_true	3278302	15910	1	5167	1	15910	5000	other	0
152	Picture	white1_pain_false	3294635	10190	1	5167	1	10190	5000	other	0
153	Picture	latin1_pain_false	3312468	11590	1	5167	1	11590	5000	other	0
154	Picture	white1_pain_false	3331135	12530	1	5167	1	12530	5000	other	0
155	Picture	white1_pain_true	3348468	11170	1	5167	1	11170	5000	other	0
156	Picture	black1_pain_false	3371135	16500	1	5167	1	16500	5000	other	0
157	Picture	black1_pain_false	3397134	19880	1	5167	1	19880	5000	other	0
158	Picture	latin1_pain_false	3413967	10530	1	5167	1	10530	5000	other	0
159	Picture	white1_pain_false	3433801	13710	1	5167	1	13710	5000	other	0
160	Picture	white1_pain_false	3451800	11810	1	5167	1	11810	5000	other	0
161	Picture	black1_pain_true	3472634	14600	1	5167	1	14600	5000	other	0
162	Picture	latin1_pain_false	3490967	12160	1	5167	1	12160	5000	other	0
163	Picture	asian1_pain_true	3514466	17290	1	5167	1	17290	5000	other	0
164	Picture	asian1_pain_false	3539466	18790	1	5167	1	18790	5000	other	0
165	Picture	latin1_pain_false	3560633	14950	1	5167	1	14950	5000	other	0
166	Picture	white1_pain_true	3586632	19740	1	5167	1	19740	5000	other	0
167	Picture	black1_pain_false	3605799	12900	1	5167	1	12900	5000	other	0
168	Picture	white1_pain_false	3626132	14220	1	5167	1	14220	5000	other	0
169	Picture	white1_pain_false	3646299	14050	1	5167	1	14050	5000	other	0
170	Picture	latin1_pain_false	3670632	18220	1	5167	1	18220	5000	other	0
171	Picture	white1_pain_false	3690965	14180	1	5167	1	14180	5000	other	0
172	Picture	start_experiment	4337292	0	1	5167	1	0	5000	other	0
173	Picture	white1_pain_false	4452624	14300	1	5167	1	14300	5000	other	0
174	Picture	white1_pain_false	4476124	17280	1	5167	1	17280	5000	other	0
175	Picture	black1_pain_true	4493291	10980	1	5167	1	10980	5000	other	0
176	Picture	latin1_pain_false	4518624	19190	1	5167	1	19190	5000	other	0
177	Picture	latin1_pain_false	4536957	12230	1	5166	1	12230	5000	other	0
178	Picture	asian1_pain_false	4562790	19660	1	5167	1	19660	5000	other	0
179	Picture	white1_pain_false	4587456	18450	1	5167	1	18450	5000	other	0
180	Picture	asian1_pain_true	4610789	17040	1	5167	1	17040	5000	other	0
181	Picture	white1_pain_false	4632956	15960	1	5167	1	15960	5000	other	0
182	Picture	question	4655122	16930	1	30166	1	16930	30000	other	0
183	Picture	latin1_pain_true	4703288	16930	1	5167	1	16930	5000	other	0
184	Picture	asian1_pain_true	4723622	14180	1	5167	1	14180	5000	other	0
185	Picture	white1_pain_false	4746455	16750	1	5167	1	16750	5000	other	0
186	Picture	white1_pain_false	4771121	18490	1	5167	1	18490	5000	other	0
187	Picture	latin1_pain_true	4796288	19050	1	5167	1	19050	5000	other	0
188	Picture	asian1_pain_true	4813454	10900	1	5167	1	10900	5000	other	0
189	Picture	white1_pain_false	4838287	18750	1	5167	1	18750	5000	other	0
190	Picture	latin1_pain_false	4861454	17020	1	5167	1	17020	5000	other	0
191	Picture	white1_pain_false	4885953	18400	1	5167	1	18400	5000	other	0
192	Picture	white1_pain_false	4909786	17610	1	5167	1	17610	5000	other	0
193	Picture	white1_pain_true	4926286	10280	1	5167	1	10280	5000	other	0
194	Picture	black1_pain_false	4949119	16630	1	5167	1	16630	5000	other	0
195	Picture	latin1_pain_true	4973619	18350	1	5167	1	18350	5000	other	0
196	Picture	asian1_pain_true	4995452	15780	1	5167	1	15780	5000	other	0
197	Picture	white1_pain_false	5020785	19050	1	5167	1	19050	5000	other	0
198	Picture	asian1_pain_false	5043785	16820	1	5167	1	16820	5000	other	0
199	Picture	black1_pain_false	5061285	11390	1	5167	1	11390	5000	other	0
200	Picture	black1_pain_false	5079285	11780	1	5167	1	11780	5000	other	0
201	Picture	white1_pain_false	5100118	14740	1	5167	1	14740	5000	other	0
202	Picture	black1_pain_true	5119285	13020	1	5167	1	13020	5000	other	0
203	Picture	latin1_pain_false	5144451	18930	1	5167	1	18930	5000	other	0
204	Picture	white1_pain_false	5160617	10060	1	5167	1	10060	5000	other	0
205	Picture	black1_pain_false	5182951	16270	1	5167	1	16270	5000	other	0
206	Picture	asian1_pain_false	5205784	16780	1	5167	1	16780	5000	other	0
207	Picture	white1_pain_false	5227283	15260	1	5167	1	15260	5000	other	0
208	Picture	latin1_pain_true	5243950	10520	1	5167	1	10520	5000	other	0
209	Picture	white1_pain_false	5262116	11930	1	5167	1	11930	5000	other	0
210	Picture	latin1_pain_false	5278783	10500	1	5167	1	10500	5000	other	0
211	Picture	white1_pain_false	5296283	11370	1	5167	1	11370	5000	other	0
212	Picture	white1_pain_false	5316449	13970	1	5167	1	13970	5000	other	0
213	Picture	asian1_pain_true	5335616	12920	1	5167	1	12920	5000	other	0
214	Picture	white1_pain_false	5357449	15620	1	5167	1	15620	5000	other	0
215	Picture	asian1_pain_false	5381449	17790	1	5167	1	17790	5000	other	0
216	Picture	latin1_pain_false	5403448	15870	1	5167	1	15870	5000	other	0
217	Picture	asian1_pain_false	5423615	13990	1	5167	1	13990	5000	other	0
218	Picture	black1_pain_true	5442781	13120	1	5167	1	13120	5000	other	0
219	Picture	white1_pain_false	5463281	14270	1	5167	1	14270	5000	other	0
220	Picture	white1_pain_false	5480781	11400	1	5167	1	11400	5000	other	0
221	Picture	white1_pain_false	5505781	18770	1	5166	1	18770	5000	other	0
222	Picture	white1_pain_false	5526947	15090	1	5167	1	15090	5000	other	0
223	Picture	asian1_pain_false	5551280	18190	1	5167	1	18190	5000	other	0
224	Picture	latin1_pain_false	5570614	13240	1	5167	1	13240	5000	other	0
225	Picture	black1_pain_true	5595280	18480	1	5167	1	18480	5000	other	0
226	Picture	white1_pain_false	5615946	14510	1	5167	1	14510	5000	other	0
227	Picture	question	5636613	15400	1	30166	1	15400	30000	other	0
228	Picture	white1_pain_true	5683279	15400	1	5167	1	15400	5000	other	0
229	Picture	latin1_pain_true	5705279	15870	1	5167	1	15870	5000	other	0
230	Picture	white1_pain_true	5727445	16040	1	5167	1	16040	5000	other	0
231	Picture	white1_pain_false	5752778	19190	1	5167	1	19190	5000	other	0
232	Picture	white1_pain_false	5777778	18840	1	5167	1	18840	5000	other	0
233	Picture	black1_pain_false	5800611	16750	1	5167	1	16750	5000	other	0
234	Picture	latin1_pain_false	5823778	17080	1	5167	1	17080	5000	other	0
235	Picture	white1_pain_false	5848444	18440	1	5167	1	18440	5000	other	0
236	Picture	latin1_pain_false	5867777	13120	1	5167	1	13120	5000	other	0
237	Picture	white1_pain_false	5890777	16820	1	5167	1	16820	5000	other	0
238	Picture	white1_pain_false	5907944	11000	1	5167	1	11000	5000	other	0
239	Picture	black1_pain_true	5926110	12100	1	5167	1	12100	5000	other	0
240	Picture	black1_pain_true	5950777	18560	1	5167	1	18560	5000	other	0
241	Picture	white1_pain_false	5969276	12300	1	5167	1	12300	5000	other	0
242	Picture	latin1_pain_false	5992443	17040	1	5167	1	17040	5000	other	0
243	Picture	asian1_pain_false	6014609	16030	1	5167	1	16030	5000	other	0
244	Picture	white1_pain_false	6033776	13020	1	5167	1	13020	5000	other	0
245	Picture	white1_pain_false	6050942	10990	1	5167	1	10990	5000	other	0
246	Picture	latin1_pain_false	6074609	17450	1	5167	1	17450	5000	other	0
247	Picture	white1_pain_false	6094442	13730	1	5167	1	13730	5000	other	0
248	Picture	white1_pain_false	6119775	19160	1	5167	1	19160	5000	other	0
249	Picture	latin1_pain_false	6137941	11970	1	5167	1	11970	5000	other	0
250	Picture	white1_pain_false	6157941	13830	1	5167	1	13830	5000	other	0
251	Picture	white1_pain_false	6181941	17790	1	5167	1	17790	5000	other	0
252	Picture	black1_pain_false	6204108	16030	1	5167	1	16030	5000	other	0
253	Picture	white1_pain_false	6223774	13560	1	5167	1	13560	5000	other	0
254	Picture	latin1_pain_true	6245607	15640	1	5167	1	15640	5000	other	0
255	Picture	black1_pain_true	6265607	13910	1	5167	1	13910	5000	other	0
256	Picture	white1_pain_false	6286773	14890	1	5167	1	14890	5000	other	0
257	Picture	latin1_pain_true	6308607	15710	1	5167	1	15710	5000	other	0
258	Picture	black1_pain_false	6327606	12760	1	5167	1	12760	5000	other	0
259	Picture	latin1_pain_false	6345939	12300	1	5167	1	12300	5000	other	0
260	Picture	white1_pain_false	6362773	10610	1	5167	1	10610	5000	other	0
261	Picture	white1_pain_false	6385272	16320	1	5167	1	16320	5000	other	0
262	Picture	latin1_pain_false	6408606	17180	1	5167	1	17180	5000	other	0
263	Picture	asian1_pain_false	6431605	16770	1	5167	1	16770	5000	other	0
264	Picture	white1_pain_false	6452272	14430	1	5166	1	14430	5000	other	0
265	Picture	black1_pain_true	6475938	17490	1	5167	1	17490	5000	other	0
266	Picture	latin1_pain_true	6498438	16300	1	5167	1	16300	5000	other	0
267	Picture	asian1_pain_false	6515105	10560	1	5167	1	10560	5000	other	0
268	Picture	white1_pain_false	6533938	12650	1	5167	1	12650	5000	other	0
269	Picture	latin1_pain_true	6550104	10000	1	5167	1	10000	5000	other	0
270	Picture	white1_pain_true	6566604	10360	1	5167	1	10360	5000	other	0
271	Picture	black1_pain_false	6584437	11610	1	5167	1	11610	5000	other	0
272	Picture	latin1_pain_true	6605104	14530	1	5167	1	14530	5000	other	0
273	Picture	asian1_pain_false	6630437	19220	1	5167	1	19220	5000	other	0
274	Picture	white1_pain_false	6648270	11720	1	5167	1	11720	5000	other	0
275	Picture	white1_pain_true	6672436	18160	1	5167	1	18160	5000	other	0
276	Picture	white1_pain_false	6694436	15920	1	5167	1	15920	5000	other	0
277	Picture	white1_pain_false	6715769	15210	1	5167	1	15210	5000	other	0
278	Picture	black1_pain_false	6733603	11700	1	5167	1	11700	5000	other	0
279	Picture	latin1_pain_false	6750436	10700	1	5167	1	10700	5000	other	0
280	Picture	white1_pain_false	6771102	14470	1	5167	1	14470	5000	other	0
281	Picture	white1_pain_false	6790269	12990	1	5167	1	12990	5000	other	0
282	Picture	white1_pain_false	6807602	11150	1	5167	1	11150	5000	other	0
283	Picture	white1_pain_false	6831102	17280	1	5167	1	17280	5000	other	0
284	Picture	white1_pain_true	6848935	11570	1	5167	1	11570	5000	other	0
285	Picture	white1_pain_false	6866435	11320	1	5167	1	11320	5000	other	0
286	Picture	black1_pain_true	6882934	10290	1	5167	1	10290	5000	other	0
287	Picture	white1_pain_false	6907434	18300	1	5167	1	18300	5000	other	0
288	Picture	black1_pain_false	6927434	13800	1	5167	1	13800	5000	other	0
289	Picture	white1_pain_false	6953434	19760	1	5167	1	19760	5000	other	0
290	Picture	white1_pain_false	6970767	11210	1	5167	1	11210	5000	other	0
291	Picture	white1_pain_false	6994267	17300	1	5167	1	17300	5000	other	0
292	Picture	black1_pain_false	7020100	19630	1	5167	1	19630	5000	other	0
293	Picture	black1_pain_true	7045099	18850	1	5167	1	18850	5000	other	0
294	Picture	white1_pain_false	7071099	19930	1	5167	1	19930	5000	other	0
295	Picture	black1_pain_false	7093766	16570	1	5167	1	16570	5000	other	0
296	Picture	white1_pain_false	7112432	12510	1	5167	1	12510	5000	other	0
297	Picture	white1_pain_false	7136265	17630	1	5167	1	17630	5000	other	0
298	Picture	white1_pain_false	7157932	15490	1	5167	1	15490	5000	other	0
299	Picture	asian1_pain_false	7179765	15760	1	5167	1	15760	5000	other	0
300	Picture	white1_pain_false	7203431	17480	1	5167	1	17480	5000	other	0
301	Picture	white1_pain_false	7225098	15690	1	5167	1	15690	5000	other	0
302	Picture	latin1_pain_false	7241597	10400	1	5167	1	10400	5000	other	0
303	Picture	white1_pain_true	7264930	17180	1	5167	1	17180	5000	other	0
304	Picture	white1_pain_false	7288264	17180	1	5167	1	17180	5000	other	0
305	Picture	latin1_pain_false	7307097	12730	1	5167	1	12730	5000	other	0
306	Picture	latin1_pain_false	7324430	11210	1	5167	1	11210	5000	other	0
307	Picture	latin1_pain_false	7340930	10350	1	5167	1	10350	5000	other	0
308	Picture	asian1_pain_true	7360430	13300	1	5167	1	13300	5000	other	0
309	Picture	black1_pain_false	7383596	17070	1	5167	1	17070	5000	other	0
310	Picture	latin1_pain_false	7399763	10050	1	5167	1	10050	5000	other	0
311	Picture	asian1_pain_true	7416763	10900	1	5167	1	10900	5000	other	0
312	Picture	white1_pain_false	7439429	16480	1	5167	1	16480	5000	other	0
313	Picture	black1_pain_true	7464262	18640	1	5167	1	18640	5000	other	0
314	Picture	latin1_pain_false	7490095	19680	1	5167	1	19680	5000	other	0
315	Picture	white1_pain_false	7513262	16960	1	5167	1	16960	5000	other	0
316	Picture	asian1_pain_true	7534095	14690	1	5167	1	14690	5000	other	0
317	Picture	asian1_pain_true	7558261	18060	1	5167	1	18060	5000	other	0
318	Picture	white1_pain_false	7577094	12670	1	5167	1	12670	5000	other	0
319	Picture	white1_pain_true	7598428	15260	1	5167	1	15260	5000	other	0
320	Picture	black1_pain_false	7619261	14680	1	5167	1	14680	5000	other	0
321	Picture	white1_pain_false	7644260	18940	1	5167	1	18940	5000	other	0
322	Picture	white1_pain_true	7662260	11930	1	5167	1	11930	5000	other	0
323	Picture	black1_pain_false	7682760	14360	1	5167	1	14360	5000	other	0
324	Picture	latin1_pain_false	7699260	10340	1	5167	1	10340	5000	other	0
325	Picture	latin1_pain_false	7723760	18380	1	5167	1	18380	5000	other	0
326	Picture	latin1_pain_false	7744260	14380	1	5167	1	14380	5000	other	0
327	Picture	latin1_pain_false	7766759	16360	1	5167	1	16360	5000	other	0
328	Picture	black1_pain_false	7783926	11050	1	5167	1	11050	5000	other	0
329	Picture	white1_pain_false	7808592	18540	1	5167	1	18540	5000	other	0
330	Picture	latin1_pain_true	7827259	12580	1	5167	1	12580	5000	other	0
331	Picture	white1_pain_true	7847425	13970	1	5167	1	13970	5000	other	0
332	Picture	white1_pain_false	7870258	16750	1	5167	1	16750	5000	other	0
333	Picture	latin1_pain_true	7895091	18640	1	5167	1	18640	5000	other	0
334	Picture	latin1_pain_false	7914591	13330	1	5167	1	13330	5000	other	0
335	Picture	black1_pain_false	7936091	15410	1	5167	1	15410	5000	other	0
336	Picture	white1_pain_true	7959257	17090	1	5167	1	17090	5000	other	0
337	Picture	latin1_pain_false	7983424	18140	1	5167	1	18140	5000	other	0
338	Picture	black1_pain_false	8008757	19260	1	5167	1	19260	5000	other	0
339	Picture	white1_pain_false	8027590	12700	1	5167	1	12700	5000	other	0
340	Picture	asian1_pain_false	8051090	17410	1	5167	1	17410	5000	other	0
341	Picture	black1_pain_false	8075090	17880	1	5167	1	17880	5000	other	0
342	Picture	question	8099923	19560	1	30166	1	19560	30000	other	0
343	Picture	white1_pain_true	8150756	19560	1	5167	1	19560	5000	other	0
344	Picture	latin1_pain_false	8174089	17220	1	5167	1	17220	5000	other	0
345	Picture	white1_pain_false	8197922	17640	1	5167	1	17640	5000	other	0
346	Picture	start_experiment	8844249	0	1	5167	1	0	5000	other	0
347	Picture	latin1_pain_false	8961581	16350	1	5167	1	16350	5000	other	0
348	Picture	white1_pain_false	8985581	17810	1	5167	1	17810	5000	other	0
349	Picture	black1_pain_true	9011581	19750	1	5167	1	19750	5000	other	0
350	Picture	white1_pain_false	9037414	19670	1	5167	1	19670	5000	other	0
351	Picture	asian1_pain_true	9059247	15710	1	5167	1	15710	5000	other	0
352	Picture	white1_pain_false	9081913	16550	1	5167	1	16550	5000	other	0
353	Picture	white1_pain_false	9100747	12700	1	5167	1	12700	5000	other	0
354	Picture	white1_pain_false	9119580	12780	1	5167	1	12780	5000	other	0
355	Picture	white1_pain_false	9141246	15540	1	5167	1	15540	5000	other	0
356	Picture	black1_pain_false	9161579	14140	1	5167	1	14140	5000	other	0
357	Picture	white1_pain_true	9186579	18770	1	5167	1	18770	5000	other	0
358	Picture	latin1_pain_false	9207412	14980	1	5167	1	14980	5000	other	0
359	Picture	asian1_pain_false	9224912	11350	1	5167	1	11350	5000	other	0
360	Picture	white1_pain_true	9244079	12900	1	5167	1	12900	5000	other	0
361	Picture	black1_pain_false	9267912	17720	1	5167	1	17720	5000	other	0
362	Picture	white1_pain_true	9286411	12350	1	5167	1	12350	5000	other	0
363	Picture	latin1_pain_false	9310411	17870	1	5167	1	17870	5000	other	0
364	Picture	asian1_pain_false	9327078	10580	1	5167	1	10580	5000	other	0
365	Picture	latin1_pain_true	9347078	13860	1	5167	1	13860	5000	other	0
366	Picture	white1_pain_false	9366744	13560	1	5167	1	13560	5000	other	0
367	Picture	asian1_pain_false	9384577	11670	1	5167	1	11670	5000	other	0
368	Picture	asian1_pain_false	9406244	15460	1	5167	1	15460	5000	other	0
369	Picture	latin1_pain_false	9425077	12750	1	5167	1	12750	5000	other	0
370	Picture	white1_pain_true	9446243	15060	1	5167	1	15060	5000	other	0
371	Picture	black1_pain_false	9462910	10560	1	5167	1	10560	5000	other	0
372	Picture	asian1_pain_false	9484243	15230	1	5167	1	15230	5000	other	0
373	Picture	asian1_pain_false	9507576	17060	1	5167	1	17060	5000	other	0
374	Picture	white1_pain_false	9524576	10830	1	5167	1	10830	5000	other	0
375	Picture	asian1_pain_true	9544909	14150	1	5167	1	14150	5000	other	0
376	Picture	white1_pain_false	9565576	14450	1	5167	1	14450	5000	other	0
377	Picture	white1_pain_true	9589075	17410	1	5167	1	17410	5000	other	0
378	Picture	black1_pain_false	9609242	14010	1	5167	1	14010	5000	other	0
379	Picture	asian1_pain_true	9635075	19720	1	5167	1	19720	5000	other	0
380	Picture	latin1_pain_true	9657241	16040	1	5167	1	16040	5000	other	0
381	Picture	white1_pain_false	9681408	18100	1	5167	1	18100	5000	other	0
382	Picture	white1_pain_false	9702241	14620	1	5167	1	14620	5000	other	0
383	Picture	asian1_pain_false	9718741	10360	1	5167	1	10360	5000	other	0
384	Picture	white1_pain_true	9744240	19460	1	5167	1	19460	5000	other	0
385	Picture	white1_pain_false	9764240	13830	1	5167	1	13830	5000	other	0
386	Picture	white1_pain_false	9788740	18360	1	5167	1	18360	5000	other	0
387	Picture	latin1_pain_false	9805407	10560	1	5167	1	10560	5000	other	0
388	Picture	black1_pain_false	9827573	16000	1	5167	1	16000	5000	other	0
389	Picture	white1_pain_true	9845740	12030	1	5167	1	12030	5000	other	0
390	Picture	white1_pain_false	9864573	12650	1	5167	1	12650	5000	other	0
391	Picture	black1_pain_true	9881072	10360	1	5167	1	10360	5000	other	0
392	Picture	latin1_pain_false	9899239	12110	1	5167	1	12110	5000	other	0
393	Picture	asian1_pain_true	9924572	19100	1	5167	1	19100	5000	other	0
394	Picture	white1_pain_true	9942072	11350	1	5167	1	11350	5000	other	0
395	Picture	asian1_pain_false	9958572	10410	1	5167	1	10410	5000	other	0
396	Picture	white1_pain_false	9978738	14160	1	5167	1	14160	5000	other	0
397	Picture	white1_pain_true	9998405	13580	1	5167	1	13580	5000	other	0
398	Picture	white1_pain_false	10022738	18260	1	5167	1	18260	5000	other	0
399	Picture	latin1_pain_false	10041571	12620	1	5167	1	12620	5000	other	0
400	Picture	white1_pain_false	10062071	14350	1	5167	1	14350	5000	other	0
401	Picture	asian1_pain_false	10083904	15760	1	5167	1	15760	5000	other	0
402	Picture	white1_pain_false	10107737	17680	1	5167	1	17680	5000	other	0
403	Picture	asian1_pain_true	10131570	17720	1	5167	1	17720	5000	other	0
404	Picture	black1_pain_false	10154570	16890	1	5167	1	16890	5000	other	0
405	Picture	asian1_pain_false	10175570	14890	1	5167	1	14890	5000	other	0
406	Picture	asian1_pain_false	10200403	18650	1	5167	1	18650	5000	other	0
407	Picture	white1_pain_true	10219736	13170	1	5167	1	13170	5000	other	0
408	Picture	black1_pain_false	10236902	11100	1	5167	1	11100	5000	other	0
409	Picture	asian1_pain_false	10254402	11360	1	5167	1	11360	5000	other	0
410	Picture	asian1_pain_true	10274235	13750	1	5167	1	13750	5000	other	0
411	Picture	white1_pain_true	10299402	19030	1	5167	1	19030	5000	other	0
412	Picture	white1_pain_true	10316235	10740	1	5167	1	10740	5000	other	0
413	Picture	black1_pain_false	10338402	16030	1	5167	1	16030	5000	other	0
414	Picture	asian1_pain_true	10358235	13680	1	5167	1	13680	5000	other	0
415	Picture	white1_pain_false	10377901	13550	1	5167	1	13550	5000	other	0
416	Picture	black1_pain_true	10399568	15580	1	5167	1	15580	5000	other	0
417	Picture	white1_pain_false	10420067	14290	1	5167	1	14290	5000	other	0
418	Picture	asian1_pain_true	10439401	13190	1	5167	1	13190	5000	other	0
419	Picture	white1_pain_false	10456900	11230	1	5167	1	11230	5000	other	0
420	Picture	latin1_pain_true	10477400	14290	1	5167	1	14290	5000	other	0
421	Picture	white1_pain_false	10503567	19970	1	5167	1	19970	5000	other	0
422	Picture	white1_pain_false	10520066	10350	1	5167	1	10350	5000	other	0
423	Picture	asian1_pain_false	10536566	10400	1	5167	1	10400	5000	other	0
424	Picture	black1_pain_false	10554233	11470	1	5167	1	11470	5000	other	0
425	Picture	white1_pain_false	10571233	10780	1	5167	1	10780	5000	other	0
426	Picture	asian1_pain_false	10590899	13440	1	5167	1	13440	5000	other	0
427	Picture	white1_pain_false	10615899	18780	1	5167	1	18780	5000	other	0
428	Picture	asian1_pain_false	10633732	11740	1	5167	1	11740	5000	other	0
429	Picture	white1_pain_false	10653398	13490	1	5167	1	13490	5000	other	0
430	Picture	latin1_pain_true	10677565	18050	1	5167	1	18050	5000	other	0
431	Picture	white1_pain_true	10696231	12480	1	5167	1	12480	5000	other	0
432	Picture	white1_pain_true	10722398	19890	1	5167	1	19890	5000	other	0
433	Picture	white1_pain_true	10747064	18600	1	5167	1	18600	5000	other	0
434	Picture	black1_pain_false	10765397	12160	1	5167	1	12160	5000	other	0
435	Picture	white1_pain_false	10786064	14440	1	5167	1	14440	5000	other	0
436	Picture	white1_pain_false	10802897	10690	1	5167	1	10690	5000	other	0
437	Picture	white1_pain_false	10827397	18310	1	5167	1	18310	5000	other	0
438	Picture	white1_pain_true	10851730	18130	1	5167	1	18130	5000	other	0
439	Picture	white1_pain_false	10871896	14010	1	5167	1	14010	5000	other	0
440	Picture	white1_pain_false	10894563	16530	1	5167	1	16530	5000	other	0
441	Picture	asian1_pain_false	10911063	10450	1	5167	1	10450	5000	other	0
442	Picture	white1_pain_false	10934729	17570	1	5167	1	17570	5000	other	0
443	Picture	white1_pain_true	10952562	12290	1	5167	1	12290	5000	other	0
444	Picture	asian1_pain_true	10974729	15970	1	5167	1	15970	5000	other	0
445	Picture	white1_pain_false	11000729	19910	1	5167	1	19910	5000	other	0
446	Picture	white1_pain_false	11022562	15730	1	5167	1	15730	5000	other	0
447	Picture	asian1_pain_false	11044395	15660	1	5167	1	15660	5000	other	0
448	Picture	asian1_pain_false	11065395	14810	1	5167	1	14810	5000	other	0
449	Picture	black1_pain_false	11083728	12220	1	5167	1	12220	5000	other	0
450	Picture	white1_pain_false	11109727	19860	1	5167	1	19860	5000	other	0
451	Picture	asian1_pain_false	11133561	17560	1	5167	1	17560	5000	other	0
452	Picture	white1_pain_true	11158727	19060	1	5167	1	19060	5000	other	0
453	Picture	white1_pain_false	11176060	11150	1	5167	1	11150	5000	other	0
454	Picture	white1_pain_false	11198727	16480	1	5167	1	16480	5000	other	0
455	Picture	white1_pain_false	11223726	18880	1	5167	1	18880	5000	other	0
456	Picture	white1_pain_false	11249393	19540	1	5167	1	19540	5000	other	0
457	Picture	white1_pain_false	11270226	14680	1	5167	1	14680	5000	other	0
458	Picture	asian1_pain_false	11293559	17120	1	5167	1	17120	5000	other	0
459	Picture	question	11315725	16910	1	30166	1	16910	30000	other	0
460	Picture	asian1_pain_true	11363892	16910	1	5167	1	16910	5000	other	0
461	Picture	white1_pain_false	11381892	11790	1	5167	1	11790	5000	other	0
462	Picture	white1_pain_false	11398725	10690	1	5167	1	10690	5000	other	0
463	Picture	black1_pain_false	11424891	20000	1	5167	1	20000	5000	other	0
464	Picture	white1_pain_false	11450058	18950	1	5167	1	18950	5000	other	0
465	Picture	latin1_pain_true	11475724	19560	1	5167	1	19560	5000	other	0
466	Picture	latin1_pain_true	11495391	13480	1	5167	1	13480	5000	other	0
467	Picture	latin1_pain_true	11520724	19160	1	5167	1	19160	5000	other	0
468	Picture	black1_pain_false	11546390	19490	1	5167	1	19490	5000	other	0
469	Picture	black1_pain_false	11565390	12930	1	5167	1	12930	5000	other	0
470	Picture	latin1_pain_false	11582723	11090	1	5167	1	11090	5000	other	0
471	Picture	latin1_pain_false	11599223	10380	1	5167	1	10380	5000	other	0
472	Picture	asian1_pain_false	11619056	13660	1	5167	1	13660	5000	other	0
473	Picture	black1_pain_false	11645056	19840	1	5167	1	19840	5000	other	0
474	Picture	white1_pain_true	11665889	14690	1	5167	1	14690	5000	other	0
475	Picture	white1_pain_false	11688055	16040	1	5167	1	16040	5000	other	0
476	Picture	white1_pain_false	11706055	11920	1	5167	1	11920	5000	other	0
477	Picture	white1_pain_false	11726222	13980	1	5167	1	13980	5000	other	0
478	Picture	white1_pain_true	11744888	12500	1	5167	1	12500	5000	other	0
479	Picture	asian1_pain_false	11765388	14360	1	5167	1	14360	5000	other	0
480	Picture	latin1_pain_false	11791388	19780	1	5167	1	19780	5000	other	0
481	Picture	white1_pain_false	11810887	13250	1	5167	1	13250	5000	other	0
482	Picture	white1_pain_false	11836387	19440	1	5167	1	19440	5000	other	0
483	Picture	black1_pain_false	11856054	13560	1	5167	1	13560	5000	other	0
484	Picture	black1_pain_true	11878053	15840	1	5167	1	15840	5000	other	0
485	Picture	white1_pain_true	11903220	19130	1	5167	1	19130	5000	other	0
486	Picture	white1_pain_false	11919720	10300	1	5167	1	10300	5000	other	0
487	Picture	white1_pain_true	11936720	10910	1	5167	1	10910	5000	other	0
488	Picture	white1_pain_false	11960719	17790	1	5167	1	17790	5000	other	0
489	Picture	white1_pain_true	11983552	16620	1	5167	1	16620	5000	other	0
490	Picture	latin1_pain_false	12004386	14720	1	5167	1	14720	5000	other	0
491	Picture	asian1_pain_true	12025385	14910	1	5167	1	14910	5000	other	0
492	Picture	white1_pain_false	12042885	11350	1	5167	1	11350	5000	other	0
493	Picture	white1_pain_true	12067218	18080	1	5167	1	18080	5000	other	0
494	Picture	white1_pain_true	12091885	18520	1	5167	1	18520	5000	other	0
495	Picture	latin1_pain_false	12113551	15420	1	5167	1	15420	5000	other	0
496	Picture	asian1_pain_false	12138051	18290	1	5167	1	18290	5000	other	0
497	Picture	asian1_pain_false	12154884	10680	1	5167	1	10680	5000	other	0
498	Picture	white1_pain_false	12181051	19970	1	5167	1	19970	5000	other	0
499	Picture	asian1_pain_false	12204884	17770	1	5167	1	17770	5000	other	0
500	Picture	white1_pain_false	12221884	10820	1	5167	1	10820	5000	other	0
501	Picture	asian1_pain_false	12238383	10220	1	5167	1	10220	5000	other	0
502	Picture	white1_pain_false	12256383	11830	1	5167	1	11830	5000	other	0
503	Picture	black1_pain_false	12273050	10520	1	5167	1	10520	5000	other	0
504	Picture	white1_pain_false	12298550	19320	1	5167	1	19320	5000	other	0
505	Picture	latin1_pain_false	12319549	14840	1	5167	1	14840	5000	other	0
506	Picture	asian1_pain_false	12342549	16850	1	5167	1	16850	5000	other	0
507	Picture	white1_pain_false	12365549	16850	1	5167	1	16850	5000	other	0
508	Picture	black1_pain_false	12386715	14910	1	5167	1	14910	5000	other	0
509	Picture	white1_pain_false	12412215	19400	1	5167	1	19400	5000	other	0
510	Picture	white1_pain_false	12435548	17060	1	5167	1	17060	5000	other	0
511	Picture	asian1_pain_false	12454381	12720	1	5167	1	12720	5000	other	0
512	Picture	black1_pain_false	12476881	16430	1	5167	1	16430	5000	other	0
513	Picture	white1_pain_true	12498214	15210	1	5167	1	15210	5000	other	0
514	Picture	white1_pain_true	12523381	19050	1	5167	1	19050	5000	other	0
515	Picture	white1_pain_false	12545214	15700	1	5167	1	15700	5000	other	0
516	Picture	asian1_pain_true	12570880	19540	1	5167	1	19540	5000	other	0
517	Picture	white1_pain_true	12596880	19900	1	5167	1	19900	5000	other	0
