Scenario - fMRI
Logfile written - 10/12/2021 14:54:38

Subject	Trial	Event Type	Code	Time	TTime	Uncertainty	Duration	Uncertainty	ReqTime	ReqDur	Stim Type	Pair Index

S2	0	Pulse	30	103747	103747	1
S2	0	Pulse	30	127747	127747	1
S2	0	Pulse	30	151747	151747	1
S2	0	Pulse	30	175747	175747	1
S2	0	Pulse	30	199747	199747	1
S2	1	Picture	start_experiment	216071	0	1	5085	1	0	5000	other	0
S2	1	Pulse	30	223747	7676	1
S2	1	Pulse	30	247747	31676	1
S2	1	Pulse	30	271747	55675	1
S2	1	Pulse	30	295747	79675	1
S2	2	Pulse	30	319746	8556	1
S2	2	Picture	latin1_pain_false_0	333610	22420	1	5085	1	22420	5000	other	0
S2	2	Pulse	30	343746	32556	1
S2	2	Picture	latin2_pain_false_16	356117	44927	1	5085	1	44840	5000	other	0
S2	2	Pulse	30	367746	56556	1
S2	2	Picture	latin3_pain_false_15	378625	67435	1	5085	1	67260	5000	other	0
S2	2	Pulse	30	391746	80556	1
S2	2	Picture	latin4_pain_false_7	401132	89942	1	5085	1	89680	5000	other	0
S2	2	Pulse	30	415746	104556	1
S2	2	Picture	latin5_pain_false_8	423640	112450	1	5085	1	112100	5000	other	0
S2	2	Pulse	30	439746	128556	1
S2	2	Picture	latin6_pain_false_0	446147	134957	1	5085	1	134520	5000	other	0
S2	2	Pulse	30	463746	152556	1
S2	2	Picture	latin7_pain_false_14	468655	157465	1	5085	1	156940	5000	other	0
S2	2	Pulse	30	487746	176556	1
S2	2	Picture	latin8_pain_false_28	491162	179972	1	5085	1	179360	5000	other	0
S2	2	Pulse	30	511746	200556	1
S2	2	Pulse	30	535746	224556	1
S2	2	Pulse	30	559746	248556	1
S2	3	Pulse	30	583746	12353	1
S2	3	Picture	white1_pain_false_4	593362	21970	1	5085	1	21970	5000	other	0
S2	3	Pulse	30	607745	36353	1
S2	3	Picture	white2_pain_false_26	615453	44061	1	5085	1	43940	5000	other	0
S2	3	Pulse	30	631745	60353	1
S2	3	Picture	white3_pain_false_41	637544	66151	1	5085	1	65910	5000	other	0
S2	3	Pulse	30	655745	84353	1
S2	3	Picture	white4_pain_false_9	659634	88242	1	5085	1	87880	5000	other	0
S2	3	Pulse	30	679745	108353	1
S2	3	Picture	white5_pain_false_32	681725	110333	1	5085	1	109850	5000	other	0
S2	3	Pulse	30	703745	132353	1
S2	3	Picture	white6_pain_false_16	703815	132423	1	5085	1	131820	5000	other	0
S2	3	Picture	white7_pain_false_15	725906	154514	1	5085	1	153790	5000	other	0
S2	3	Pulse	30	727745	156353	1
S2	3	Picture	white8_pain_false_35	747997	176604	1	5085	1	175760	5000	other	0
S2	3	Pulse	30	751745	180353	1
S2	3	Pulse	30	775745	204353	1
S2	3	Pulse	30	799745	228352	1
S2	3	Pulse	30	823745	252352	1
S2	4	Pulse	30	847745	19527	1
S2	4	Picture	black1_pain_false_26	852198	23980	1	5085	1	23980	5000	other	0
S2	4	Pulse	30	871745	43527	1
S2	4	Picture	black2_pain_false_1	876289	48071	1	5085	1	47960	5000	other	0
S2	4	Pulse	30	895744	67527	1
S2	4	Picture	black3_pain_false_14	900380	72163	1	5085	1	71940	5000	other	0
S2	4	Pulse	30	919744	91527	1
S2	4	Picture	black4_pain_false_22	924472	96254	1	5085	1	95920	5000	other	0
S2	4	Pulse	30	943744	115527	1
S2	4	Picture	black5_pain_false_32	948563	120345	1	5085	1	119900	5000	other	0
S2	4	Pulse	30	967744	139526	1
S2	4	Picture	black6_pain_false_17	972654	144436	1	5085	1	143880	5000	other	0
S2	4	Pulse	30	991744	163526	1
S2	4	Picture	black7_pain_false_9	996745	168528	1	5085	1	167860	5000	other	0
S2	4	Pulse	30	1015744	187526	1
S2	4	Picture	black8_pain_false_20	1020837	192619	1	5085	1	191840	5000	other	0
S2	4	Pulse	30	1039744	211526	1
S2	4	Pulse	30	1063744	235526	1
S2	4	Pulse	30	1087744	259526	1
S2	5	Pulse	30	1111744	10695	1
S2	5	Picture	black1_pain_false_3	1117369	16320	1	5085	1	16320	5000	other	0
S2	5	Picture	black2_pain_false_21	1133791	32742	1	5085	1	32640	5000	other	0
S2	5	Pulse	30	1135744	34695	1
S2	5	Picture	black3_pain_false_25	1150213	49164	1	5085	1	48960	5000	other	0
S2	5	Pulse	30	1159744	58695	1
S2	5	Picture	black4_pain_false_0	1166635	65586	1	5085	1	65280	5000	other	0
S2	5	Picture	black5_pain_false_28	1183057	82008	1	5085	1	81600	5000	other	0
S2	5	Pulse	30	1183743	82695	1
S2	5	Picture	black6_pain_false_17	1199479	98430	1	5085	1	97920	5000	other	0
S2	5	Pulse	30	1207743	106695	1
S2	5	Picture	black7_pain_false_17	1215901	114853	1	5085	1	114240	5000	other	0
S2	5	Pulse	30	1231743	130695	1
S2	5	Picture	black8_pain_false_15	1232323	131275	1	5085	1	130560	5000	other	0
S2	5	Pulse	30	1255743	154695	1
S2	5	Pulse	30	1279743	178695	1
S2	5	Pulse	30	1303743	202694	1
S2	6	Pulse	30	1327743	15275	1
S2	6	Picture	question	1328188	15720	1	30093	1	15720	30000	other	0
S2	6	Pulse	30	1351743	39275	1
S2	6	Pulse	30	1375743	63275	1
S2	6	Pulse	30	1399743	87275	1
S2	6	Pulse	30	1423743	111274	1
S2	7	Pulse	30	1447743	14400	1
S2	7	Picture	white1_pain_false_35	1454063	20720	1	5085	1	20720	5000	other	0
S2	7	Pulse	30	1471742	38399	1
S2	7	Picture	white2_pain_false_22	1474903	41560	1	5085	1	41440	5000	other	0
S2	7	Pulse	30	1495742	62399	1
S2	7	Picture	white3_pain_false_1	1495743	62400	1	5085	1	62160	5000	other	0
S2	7	Picture	white4_pain_false_18	1516584	83241	1	5085	1	82880	5000	other	0
S2	7	Pulse	30	1519742	86399	1
S2	7	Picture	white5_pain_false_11	1537424	104081	1	5085	1	103600	5000	other	0
S2	7	Pulse	30	1543742	110399	1
S2	7	Picture	white6_pain_false_25	1558264	124921	1	5085	1	124320	5000	other	0
S2	7	Pulse	30	1567742	134399	1
S2	7	Picture	white7_pain_false_5	1579104	145761	1	5085	1	145040	5000	other	0
S2	7	Pulse	30	1591742	158399	1
S2	7	Picture	white8_pain_false_17	1599944	166601	1	5085	1	165760	5000	other	0
S2	7	Pulse	30	1615742	182399	1
S2	7	Pulse	30	1639742	206399	1
S2	7	Pulse	30	1663742	230399	1
S2	8	Pulse	30	1687742	7643	1
S2	8	Picture	asian1_pain_true_17	1704229	24130	1	5085	1	24130	5000	other	0
S2	8	Pulse	30	1711742	31643	1
S2	8	Picture	asian2_pain_true_64	1728487	48388	1	5085	1	48260	5000	other	0
S2	8	Pulse	30	1735741	55643	1
S2	8	Picture	asian3_pain_true_8	1752662	72563	1	5085	1	72390	5000	other	0
S2	8	Pulse	30	1759741	79643	1
S2	8	Picture	asian4_pain_true_9	1776920	96821	1	5085	1	96520	5000	other	0
S2	8	Pulse	30	1783741	103642	1
S2	8	Picture	asian5_pain_true_2	1801178	121079	1	5085	1	120650	5000	other	0
S2	8	Pulse	30	1807741	127642	1
S2	8	Picture	asian6_pain_true_23	1825436	145337	1	5085	1	144780	5000	other	0
S2	8	Pulse	30	1831741	151642	1
S2	8	Picture	asian7_pain_true_34	1849694	169595	1	5085	1	168910	5000	other	0
S2	8	Pulse	30	1855741	175642	1
S2	8	Picture	asian8_pain_true_5	1873952	193853	1	5085	1	193040	5000	other	0
S2	8	Pulse	30	1879741	199642	1
S2	8	Pulse	30	1903741	223642	1
S2	8	Pulse	30	1927741	247642	1
S2	8	Pulse	30	1951741	271642	1
S2	9	Picture	question	1966816	12730	1	30093	1	12730	30000	other	0
S2	9	Pulse	30	1975741	21655	1
S2	9	Pulse	30	2023740	69655	1
S2	9	Pulse	30	2047740	93655	1
S2	9	Pulse	30	2071740	117655	1
S2	10	Picture	white1_pain_false_3	2089689	17730	1	5085	1	17730	5000	other	0
S2	10	Pulse	30	2095740	23781	1
S2	10	Picture	white2_pain_false_10	2107529	35569	1	5085	1	35460	5000	other	0
S2	10	Pulse	30	2119740	47781	1
S2	10	Picture	white3_pain_false_19	2125368	53408	1	5085	1	53190	5000	other	0
S2	10	Picture	white4_pain_false_6	2143207	71248	1	5085	1	70920	5000	other	0
S2	10	Pulse	30	2143740	71781	1
S2	10	Picture	white5_pain_false_12	2161046	89087	1	5085	1	88650	5000	other	0
S2	10	Pulse	30	2167740	95781	1
S2	10	Picture	white6_pain_false_7	2178886	106926	1	5085	1	106380	5000	other	0
S2	10	Pulse	30	2191740	119780	1
S2	10	Picture	white7_pain_false_3	2196725	124765	1	5085	1	124110	5000	other	0
S2	10	Picture	white8_pain_false_10	2214564	142605	1	5085	1	141840	5000	other	0
S2	10	Pulse	30	2215740	143780	1
S2	10	Pulse	30	2239740	167780	1
S2	10	Pulse	30	2263740	191780	1
S2	10	Pulse	30	2287740	215780	1
S2	11	Pulse	30	2311739	16990	1
S2	11	Picture	question	2313180	18430	1	30093	1	18430	30000	other	0
S2	11	Pulse	30	2335739	40990	1
S2	11	Pulse	30	2359739	64989	1
S2	11	Pulse	30	2383739	88989	1
S2	11	Pulse	30	2407739	112989	1
S2	12	Pulse	30	2431739	13363	1
S2	12	Picture	latin1_pain_false_27	2441806	23430	1	5085	1	23430	5000	other	0
S2	12	Pulse	30	2455739	37363	1
S2	12	Picture	latin2_pain_false_3	2465313	46938	1	5085	1	46860	5000	other	0
S2	12	Pulse	30	2479739	61363	1
S2	12	Picture	latin3_pain_false_11	2488821	70446	1	5085	1	70290	5000	other	0
S2	12	Pulse	30	2503739	85363	1
S2	12	Picture	latin4_pain_false_13	2512329	93953	1	5085	1	93720	5000	other	0
S2	12	Pulse	30	2527739	109363	1
S2	12	Picture	latin5_pain_false_6	2535837	117461	1	5085	1	117150	5000	other	0
S2	12	Pulse	30	2551739	133363	1
S2	12	Picture	latin6_pain_false_20	2559344	140969	1	5085	1	140580	5000	other	0
S2	12	Pulse	30	2575739	157363	1
S2	12	Picture	latin7_pain_false_13	2582852	164477	1	5085	1	164010	5000	other	0
S2	12	Pulse	30	2599738	181363	1
S2	12	Picture	latin8_pain_false_22	2606360	187984	1	5085	1	187440	5000	other	0
S2	12	Pulse	30	2623738	205363	1
S2	12	Pulse	30	2647738	229363	1
S2	12	Pulse	30	2671738	253363	1
S2	13	Pulse	30	2695738	9185	1
S2	13	Picture	white1_pain_true_50	2705643	19090	1	5085	1	19090	5000	other	0
S2	13	Pulse	30	2719738	33185	1
S2	13	Picture	white2_pain_true_18	2724816	38263	1	5085	1	38180	5000	other	0
S2	13	Pulse	30	2743738	57185	1
S2	13	Picture	white3_pain_true_8	2743989	57436	1	5085	1	57270	5000	other	0
S2	13	Picture	white4_pain_true_4	2763162	76609	1	5085	1	76360	5000	other	0
S2	13	Pulse	30	2767738	81185	1
S2	13	Picture	white5_pain_true_7	2782335	95782	1	5085	1	95450	5000	other	0
S2	13	Pulse	30	2791738	105185	1
S2	13	Picture	white6_pain_true_3	2801508	114955	1	5085	1	114540	5000	other	0
S2	13	Pulse	30	2815738	129185	1
S2	13	Picture	white7_pain_true_11	2820681	134128	1	5085	1	133630	5000	other	0
S2	13	Pulse	30	2839738	153185	1
S2	13	Picture	white8_pain_true_9	2839854	153301	1	5085	1	152720	5000	other	0
S2	13	Pulse	30	2863737	177185	1
S2	13	Pulse	30	2887737	201185	1
S2	13	Pulse	30	2911737	225185	1
S2	14	Pulse	30	2935737	15682	1
S2	14	Picture	asian1_pain_true_9	2936636	16580	1	5085	1	16580	5000	other	0
S2	14	Picture	asian2_pain_true_63	2953308	33252	1	5085	1	33160	5000	other	0
S2	14	Pulse	30	2959737	39682	1
S2	14	Picture	asian3_pain_true_3	2969980	49924	1	5085	1	49740	5000	other	0
S2	14	Pulse	30	2983737	63681	1
S2	14	Picture	asian4_pain_true_17	2986652	66597	1	5085	1	66320	5000	other	0
S2	14	Picture	asian5_pain_true_8	3003324	83269	1	5085	1	82900	5000	other	0
S2	14	Pulse	30	3007737	87681	1
S2	14	Picture	asian6_pain_true_15	3019996	99941	1	5085	1	99480	5000	other	0
S2	14	Pulse	30	3031737	111681	1
S2	14	Picture	asian7_pain_true_2	3036669	116613	1	5085	1	116060	5000	other	0
S2	14	Picture	asian8_pain_true_11	3053341	133285	1	5085	1	132640	5000	other	0
S2	14	Pulse	30	3055737	135681	1
S2	14	Pulse	30	3079737	159681	1
S2	14	Pulse	30	3103737	183681	1
S2	14	Pulse	30	3127737	207681	1
S2	15	Pulse	30	3151736	18211	1
S2	15	Picture	black1_pain_false_5	3158375	24850	1	5085	1	24850	5000	other	0
S2	15	Pulse	30	3175736	42211	1
S2	15	Picture	black2_pain_false_7	3183300	49775	1	5085	1	49700	5000	other	0
S2	15	Pulse	30	3199736	66211	1
S2	15	Picture	black3_pain_false_19	3208225	74700	1	5085	1	74550	5000	other	0
S2	15	Pulse	30	3223736	90211	1
S2	15	Picture	black4_pain_false_0	3233150	99625	1	5085	1	99400	5000	other	0
S2	15	Pulse	30	3247736	114211	1
S2	15	Picture	black5_pain_false_16	3258075	124550	1	5085	1	124250	5000	other	0
S2	15	Pulse	30	3271736	138211	1
S2	15	Picture	black6_pain_false_15	3283000	149474	1	5085	1	149100	5000	other	0
S2	15	Pulse	30	3295736	162211	1
S2	15	Picture	black7_pain_false_8	3307925	174399	1	5085	1	173950	5000	other	0
S2	15	Pulse	30	3319736	186210	1
S2	15	Picture	black8_pain_false_35	3332850	199324	1	5085	1	198800	5000	other	0
S2	15	Pulse	30	3342928	209403	822
S2	15	Pulse	30	3367736	234210	1
S2	15	Pulse	30	3391736	258210	1
S2	16	Pulse	30	3415736	2666	1
S2	16	Picture	white1_pain_true_43	3433800	20730	1	5085	1	20730	5000	other	0
S2	16	Pulse	30	3439735	26666	1
S2	16	Picture	white2_pain_true_21	3454640	41570	1	5085	1	41460	5000	other	0
S2	16	Pulse	30	3463735	50666	1
S2	16	Picture	white3_pain_true_7	3475480	62410	1	5085	1	62190	5000	other	0
S2	16	Pulse	30	3487735	74666	1
S2	16	Picture	white4_pain_true_6	3496320	83251	1	5085	1	82920	5000	other	0
S2	16	Pulse	30	3511735	98666	1
S2	16	Picture	white5_pain_true_3	3517161	104091	1	5085	1	103650	5000	other	0
S2	16	Pulse	30	3535735	122665	1
S2	16	Picture	white6_pain_true_10	3538001	124931	1	5085	1	124380	5000	other	0
S2	16	Picture	white7_pain_true_6	3558841	145771	1	5085	1	145110	5000	other	0
S2	16	Pulse	30	3559735	146665	1
S2	16	Picture	white8_pain_true_10	3579681	166611	1	5085	1	165840	5000	other	0
S2	16	Pulse	30	3583735	170665	1
S2	16	Pulse	30	3607735	194665	1
S2	16	Pulse	30	3631735	218665	1
S2	16	Pulse	30	3655735	242665	1
S2	17	Pulse	30	3679735	19884	1
S2	17	Picture	white1_pain_true_4	3680381	20530	1	5085	1	20530	5000	other	0
S2	17	Picture	white2_pain_true_9	3700971	41120	1	5085	1	41060	5000	other	0
S2	17	Pulse	30	3703735	43884	1
S2	17	Picture	white3_pain_true_4	3721561	61710	1	5085	1	61590	5000	other	0
S2	17	Pulse	30	3727734	67883	1
S2	17	Picture	white4_pain_true_6	3742151	82300	1	5085	1	82120	5000	other	0
S2	17	Pulse	30	3751734	91883	1
S2	17	Picture	white5_pain_true_32	3762825	102974	1	5085	1	102650	5000	other	0
S2	17	Pulse	30	3775734	115883	1
S2	17	Picture	white6_pain_true_0	3783498	123647	1	5085	1	123180	5000	other	0
S2	17	Pulse	30	3799734	139883	1
S2	17	Picture	white7_pain_true_7	3804172	144321	1	5085	1	143710	5000	other	0
S2	17	Pulse	30	3823734	163883	1
S2	17	Picture	white8_pain_true_7	3824845	164994	1	5085	1	164240	5000	other	0
S2	17	Pulse	30	3847734	187883	1
S2	17	Pulse	30	3871734	211883	1
S2	17	Pulse	30	3895734	235883	1
S2	18	Pulse	30	3919734	14663	1
S2	18	Picture	white1_pain_true_10	3920460	15390	1	5085	1	15390	5000	other	0
S2	18	Picture	white2_pain_true_37	3935965	30895	1	5085	1	30780	5000	other	0
S2	18	Pulse	30	3943734	38663	1
S2	18	Picture	white3_pain_true_11	3951471	46400	1	5085	1	46170	5000	other	0
S2	18	Picture	white4_pain_true_11	3966976	61905	1	5085	1	61560	5000	other	0
S2	18	Pulse	30	3967734	62663	1
S2	18	Picture	white5_pain_true_34	3982481	77410	1	5085	1	76950	5000	other	0
S2	18	Pulse	30	3991733	86663	1
S2	18	Picture	white6_pain_true_5	3997902	92832	1	5085	1	92340	5000	other	0
S2	18	Picture	white7_pain_true_10	4013408	108337	1	5085	1	107730	5000	other	0
S2	18	Pulse	30	4015733	110663	1
S2	18	Picture	white8_pain_true_11	4028913	123842	1	5085	1	123120	5000	other	0
S2	18	Pulse	30	4039733	134663	1
S2	18	Pulse	30	4063733	158663	1
S2	18	Pulse	30	4087733	182663	1
S2	19	Pulse	30	4111733	2665	1
S2	19	Picture	question	4127028	17960	1	30093	1	17960	30000	other	0
S2	19	Pulse	30	4135733	26665	1
S2	19	Pulse	30	4183733	74664	1
S2	19	Pulse	30	4207733	98664	1
S2	19	Pulse	30	4231733	122664	1
S2	20	Picture	latin1_pain_false_34	4255154	22960	1	5085	1	22960	5000	other	0
S2	20	Pulse	30	4255733	23539	1
S2	20	Picture	latin2_pain_false_12	4278245	46051	1	5085	1	45920	5000	other	0
S2	20	Pulse	30	4279732	47538	1
S2	20	Picture	latin3_pain_false_17	4301336	69142	1	5085	1	68880	5000	other	0
S2	20	Pulse	30	4303732	71538	1
S2	20	Picture	latin4_pain_false_23	4324427	92233	1	5085	1	91840	5000	other	0
S2	20	Pulse	30	4327732	95538	1
S2	20	Picture	latin5_pain_false_14	4347518	115324	1	5085	1	114800	5000	other	0
S2	20	Pulse	30	4351732	119538	1
S2	20	Picture	latin6_pain_false_32	4370609	138415	1	5085	1	137760	5000	other	0
S2	20	Pulse	30	4375732	143538	1
S2	20	Picture	latin7_pain_false_37	4393700	161506	1	5085	1	160720	5000	other	0
S2	20	Pulse	30	4399732	167538	1
S2	20	Picture	latin8_pain_false_28	4416791	184597	1	5085	1	183680	5000	other	0
S2	20	Pulse	30	4447732	215538	1
S2	20	Pulse	30	4471732	239538	1
S2	20	Pulse	30	4495732	263538	1
S2	21	Picture	white1_pain_false_0	4518658	21680	1	5085	1	21680	5000	other	0
S2	21	Pulse	30	4519732	22754	1
S2	21	Picture	white2_pain_false_1	4540415	43437	1	5085	1	43360	5000	other	0
S2	21	Pulse	30	4543732	46754	1
S2	21	Picture	white3_pain_false_32	4562172	65194	1	5085	1	65040	5000	other	0
S2	21	Pulse	30	4567731	70754	1
S2	21	Picture	white4_pain_false_1	4583929	86952	1	5085	1	86720	5000	other	0
S2	21	Pulse	30	4591731	94754	1
S2	21	Picture	white5_pain_false_9	4605686	108709	1	5085	1	108400	5000	other	0
S2	21	Pulse	30	4615731	118754	1
S2	21	Picture	white6_pain_false_18	4627444	130466	1	5085	1	130080	5000	other	0
S2	21	Pulse	30	4639731	142753	1
S2	21	Picture	white7_pain_false_33	4649201	152223	1	5085	1	151760	5000	other	0
S2	21	Pulse	30	4663731	166753	1
S2	21	Picture	white8_pain_false_25	4670958	173980	1	5085	1	173440	5000	other	0
S2	21	Pulse	30	4687731	190753	1
S2	21	Pulse	30	4711731	214753	1
S2	21	Pulse	30	4735731	238753	1
S2	22	Pulse	30	4759731	8580	1
S2	22	Picture	asian1_pain_false_14	4770241	19090	1	5085	1	19090	5000	other	0
S2	22	Pulse	30	4783731	32580	1
S2	22	Picture	asian2_pain_false_34	4789414	38263	1	5085	1	38180	5000	other	0
S2	22	Pulse	30	4807731	56580	1
S2	22	Picture	asian3_pain_false_31	4808587	57436	1	5085	1	57270	5000	other	0
S2	22	Picture	asian4_pain_false_3	4827760	76609	1	5085	1	76360	5000	other	0
S2	22	Pulse	30	4831731	80580	1
S2	22	Picture	asian5_pain_false_6	4846933	95782	1	5085	1	95450	5000	other	0
S2	22	Pulse	30	4855730	104580	1
S2	22	Picture	asian6_pain_false_35	4866106	114955	1	5085	1	114540	5000	other	0
S2	22	Pulse	30	4879730	128580	1
S2	22	Picture	asian7_pain_false_29	4885279	134128	1	5085	1	133630	5000	other	0
S2	22	Pulse	30	4903730	152580	1
S2	22	Picture	asian8_pain_false_35	4904452	153301	1	5085	1	152720	5000	other	0
S2	22	Pulse	30	4927730	176579	1
S2	22	Pulse	30	4951730	200579	1
S2	22	Pulse	30	4975730	224579	1
S2	23	Pulse	30	4999730	15105	1
S2	23	Picture	latin1_pain_true_17	5003735	19110	1	5085	1	19110	5000	other	0
S2	23	Picture	latin2_pain_true_21	5022908	38283	1	5085	1	38220	5000	other	0
S2	23	Pulse	30	5023730	39105	1
S2	23	Picture	latin3_pain_true_8	5042080	57456	1	5085	1	57330	5000	other	0
S2	23	Pulse	30	5047730	63105	1
S2	23	Picture	latin4_pain_true_20	5061254	76629	1	5085	1	76440	5000	other	0
S2	23	Pulse	30	5071730	87105	1
S2	23	Picture	latin5_pain_true_10	5080510	95885	1	5085	1	95550	5000	other	0
S2	23	Pulse	30	5095730	111105	1
S2	23	Picture	latin6_pain_true_1	5099683	115058	1	5085	1	114660	5000	other	0
S2	23	Picture	latin7_pain_true_10	5118856	134231	1	5085	1	133770	5000	other	0
S2	23	Pulse	30	5119730	135105	1
S2	23	Picture	latin8_pain_true_17	5138029	153404	1	5085	1	152880	5000	other	0
S2	23	Pulse	30	5167729	183105	1
S2	23	Pulse	30	5191729	207105	1
S2	23	Pulse	30	5215729	231105	1
S2	24	Picture	white1_pain_false_6	5234978	16760	1	5085	1	16760	5000	other	0
S2	24	Pulse	30	5239729	21512	1
S2	24	Picture	white2_pain_false_10	5251816	33599	1	5085	1	33520	5000	other	0
S2	24	Pulse	30	5263729	45511	1
S2	24	Picture	white3_pain_false_7	5268655	50438	1	5085	1	50280	5000	other	0
S2	24	Picture	white4_pain_false_6	5285494	67277	1	5085	1	67040	5000	other	0
S2	24	Pulse	30	5287729	69511	1
S2	24	Picture	white5_pain_false_2	5302333	84116	1	5085	1	83800	5000	other	0
S2	24	Pulse	30	5311729	93511	1
S2	24	Picture	white6_pain_false_5	5319172	100954	1	5085	1	100560	5000	other	0
S2	24	Pulse	30	5335729	117511	1
S2	24	Picture	white7_pain_false_11	5336011	117793	1	5085	1	117320	5000	other	0
S2	24	Picture	white8_pain_false_6	5352850	134632	1	5085	1	134080	5000	other	0
S2	24	Pulse	30	5359729	141511	1
S2	24	Pulse	30	5383729	165511	1
S2	24	Pulse	30	5407728	189511	1
S2	24	Pulse	30	5431728	213511	1
S2	24	Pulse	30	5455728	237511	1
S2	24	Pulse	30	5479728	261511	1
S2	24	Pulse	30	5503728	285511	1
S2	24	Pulse	30	5527728	309511	1
S2	24	Pulse	30	5551728	333510	1
S2	24	Pulse	30	5575728	357510	1
S2	24	Pulse	30	5599728	381510	1
S2	24	Pulse	30	5623728	405510	1
S2	24	Pulse	30	5647728	429510	1
S2	24	Pulse	30	5671728	453510	1
S2	24	Pulse	30	5695727	477510	1
S2	24	Pulse	30	5719721	501503	12
S2	24	Pulse	30	5743727	525510	1
S2	24	Pulse	30	5767727	549510	1
S2	24	Pulse	30	5791727	573510	1
S2	24	Pulse	30	5815727	597509	1
S2	24	Pulse	30	5839727	621509	1
S2	24	Pulse	30	5863727	645509	1
S2	24	Pulse	30	5887727	669509	1
S2	24	Pulse	30	5911727	693509	1
S2	24	Pulse	30	5935727	717509	1
S2	24	Pulse	30	5959727	741509	1
S2	24	Pulse	30	5983726	765509	1
S2	25	Picture	start_experiment	5998730	0	1	5085	1	0	5000	other	0
S2	25	Pulse	30	6007726	8997	1
S2	25	Pulse	30	6031726	32997	1
S2	25	Pulse	30	6055726	56997	1
S2	25	Pulse	30	6079726	80996	1
S2	26	Pulse	30	6103726	9873	1
S2	26	Picture	black1_pain_false_5	6110933	17080	1	5085	1	17080	5000	other	0
S2	26	Pulse	30	6127726	33873	1
S2	26	Picture	black2_pain_false_19	6128106	34252	1	5085	1	34160	5000	other	0
S2	26	Picture	black3_pain_false_8	6145278	51425	1	5085	1	51240	5000	other	0
S2	26	Pulse	30	6151726	57872	1
S2	26	Picture	black4_pain_false_17	6162450	68597	1	5085	1	68320	5000	other	0
S2	26	Pulse	30	6175726	81872	1
S2	26	Picture	black5_pain_false_13	6179623	85769	1	5085	1	85400	5000	other	0
S2	26	Picture	black6_pain_false_25	6196795	102942	1	5085	1	102480	5000	other	0
S2	26	Pulse	30	6199726	105872	1
S2	26	Picture	black7_pain_false_18	6213967	120114	1	5085	1	119560	5000	other	0
S2	26	Pulse	30	6223726	129872	1
S2	26	Picture	black8_pain_false_0	6231140	137286	1	5085	1	136640	5000	other	0
S2	26	Pulse	30	6247725	153872	1
S2	26	Pulse	30	6271725	177872	1
S2	26	Pulse	30	6295725	201872	1
S2	27	Pulse	30	6319725	8362	1
S2	27	Picture	white1_pain_false_0	6332173	20810	1	5085	1	20810	5000	other	0
S2	27	Pulse	30	6343725	32362	1
S2	27	Picture	white2_pain_false_6	6353097	41734	1	5085	1	41620	5000	other	0
S2	27	Pulse	30	6367725	56362	1
S2	27	Picture	white3_pain_false_5	6374020	62657	1	5085	1	62430	5000	other	0
S2	27	Pulse	30	6391725	80362	1
S2	27	Picture	white4_pain_false_5	6394944	83581	1	5085	1	83240	5000	other	0
S2	27	Pulse	30	6415725	104362	1
S2	27	Picture	white5_pain_false_1	6415867	104504	1	5085	1	104050	5000	other	0
S2	27	Picture	white6_pain_false_12	6436791	125428	1	5085	1	124860	5000	other	0
S2	27	Pulse	30	6439725	128362	1
S2	27	Picture	white7_pain_false_6	6457715	146351	1	5085	1	145670	5000	other	0
S2	27	Pulse	30	6463725	152362	1
S2	27	Picture	white8_pain_false_11	6478638	167275	1	5085	1	166480	5000	other	0
S2	27	Pulse	30	6487030	175666	819
S2	27	Pulse	30	6511725	200362	1
S2	27	Pulse	30	6535724	224361	1
S2	28	Pulse	30	6559724	894	1
S2	28	Picture	white1_pain_false_31	6576170	17340	1	5085	1	17340	5000	other	0
S2	28	Pulse	30	6583724	24894	1
S2	28	Picture	white2_pain_false_8	6593593	34762	1	5085	1	34680	5000	other	0
S2	28	Pulse	30	6607724	48894	1
S2	28	Picture	white3_pain_false_10	6611015	52185	1	5085	1	52020	5000	other	0
S2	28	Picture	white4_pain_false_21	6628438	69607	1	5085	1	69360	5000	other	0
S2	28	Pulse	30	6631724	72894	1
S2	28	Picture	white5_pain_false_22	6645860	87030	1	5085	1	86700	5000	other	0
S2	28	Pulse	30	6655724	96894	1
S2	28	Picture	white6_pain_false_11	6663282	104452	1	5085	1	104040	5000	other	0
S2	28	Pulse	30	6679724	120894	1
S2	28	Picture	white7_pain_false_16	6680705	121875	1	5085	1	121380	5000	other	0
S2	28	Picture	white8_pain_false_12	6698127	139297	1	5085	1	138720	5000	other	0
S2	28	Pulse	30	6727724	168894	1
S2	28	Pulse	30	6751724	192893	1
S2	28	Pulse	30	6775724	216893	1
S2	29	Picture	white1_pain_true_44	6796410	18110	1	5085	1	18110	5000	other	0
S2	29	Pulse	30	6799724	21424	1
S2	29	Picture	white2_pain_true_42	6814582	36283	1	5085	1	36220	5000	other	0
S2	29	Pulse	30	6823723	45424	1
S2	29	Picture	white3_pain_true_3	6832755	54455	1	5085	1	54330	5000	other	0
S2	29	Pulse	30	6847723	69424	1
S2	29	Picture	white4_pain_true_10	6850928	72628	1	5085	1	72440	5000	other	0
S2	29	Picture	white5_pain_true_30	6869100	90801	1	5085	1	90550	5000	other	0
S2	29	Pulse	30	6871723	93424	1
S2	29	Picture	white6_pain_true_18	6887273	108973	1	5085	1	108660	5000	other	0
S2	29	Pulse	30	6895723	117424	1
S2	29	Picture	white7_pain_true_3	6905529	127229	1	5085	1	126770	5000	other	0
S2	29	Pulse	30	6919723	141423	1
S2	29	Picture	white8_pain_true_10	6923785	145485	1	5085	1	144880	5000	other	0
S2	29	Pulse	30	6943723	165423	1
S2	29	Pulse	30	6967723	189423	1
S2	29	Pulse	30	6991723	213423	1
S2	30	Pulse	30	7015723	11726	1
S2	30	Picture	white1_pain_true_52	7019317	15320	1	5085	1	15320	5000	other	0
S2	30	Picture	white2_pain_true_6	7034738	30742	1	5085	1	30640	5000	other	0
S2	30	Pulse	30	7039723	35726	1
S2	30	Picture	white3_pain_true_5	7050160	46164	1	5085	1	45960	5000	other	0
S2	30	Pulse	30	7063723	59726	1
S2	30	Picture	white4_pain_true_9	7065582	61585	1	5085	1	61280	5000	other	0
S2	30	Picture	white5_pain_true_1	7081004	77007	1	5085	1	76600	5000	other	0
S2	30	Pulse	30	7087722	83726	1
S2	30	Picture	white6_pain_true_19	7096425	92429	1	5085	1	91920	5000	other	0
S2	30	Pulse	30	7111722	107726	1
S2	30	Picture	white7_pain_true_11	7111847	107851	1	5085	1	107240	5000	other	0
S2	30	Picture	white8_pain_true_8	7127269	123272	1	5085	1	122560	5000	other	0
S2	30	Pulse	30	7159722	155726	1
S2	30	Pulse	30	7183722	179726	1
S2	31	Pulse	30	7207722	282	1
S2	31	Picture	white1_pain_false_9	7222800	15360	1	5085	1	15360	5000	other	0
S2	31	Pulse	30	7231722	24282	1
S2	31	Picture	white2_pain_false_21	7238222	30782	1	5085	1	30720	5000	other	0
S2	31	Picture	white3_pain_false_32	7253644	46203	1	5085	1	46080	5000	other	0
S2	31	Pulse	30	7255722	48281	1
S2	31	Picture	white4_pain_false_11	7269066	61625	1	5085	1	61440	5000	other	0
S2	31	Pulse	30	7279722	72281	1
S2	31	Picture	white5_pain_false_32	7284487	77047	1	5085	1	76800	5000	other	0
S2	31	Picture	white6_pain_false_3	7299909	92469	1	5085	1	92160	5000	other	0
S2	31	Pulse	30	7303722	96281	1
S2	31	Picture	white7_pain_false_10	7315331	107891	1	5085	1	107520	5000	other	0
S2	31	Pulse	30	7327722	120281	1
S2	31	Picture	white8_pain_false_21	7330753	123312	1	5085	1	122880	5000	other	0
S2	31	Pulse	30	7351722	144281	1
S2	31	Pulse	30	7375721	168281	1
S2	31	Pulse	30	7399721	192281	1
S2	32	Pulse	30	7423721	12757	1
S2	32	Picture	asian1_pain_false_7	7427285	16320	1	5085	1	16320	5000	other	0
S2	32	Picture	asian2_pain_false_3	7443707	32742	1	5085	1	32640	5000	other	0
S2	32	Pulse	30	7447721	36757	1
S2	32	Picture	asian3_pain_false_0	7460129	49164	1	5085	1	48960	5000	other	0
S2	32	Pulse	30	7471721	60756	1
S2	32	Picture	asian4_pain_false_6	7476551	65586	1	5085	1	65280	5000	other	0
S2	32	Picture	asian5_pain_false_13	7492973	82008	1	5085	1	81600	5000	other	0
S2	32	Pulse	30	7495721	84756	1
S2	32	Picture	asian6_pain_false_12	7509395	98430	1	5085	1	97920	5000	other	0
S2	32	Pulse	30	7519721	108756	1
S2	32	Picture	asian7_pain_false_0	7525817	114853	1	5085	1	114240	5000	other	0
S2	32	Picture	asian8_pain_false_20	7542239	131275	1	5085	1	130560	5000	other	0
S2	32	Pulse	30	7543721	132756	1
S2	32	Pulse	30	7567721	156756	1
S2	32	Pulse	30	7591721	180756	1
S2	32	Pulse	30	7615721	204756	1
S2	33	Pulse	30	7639721	17260	1
S2	33	Picture	latin1_pain_false_14	7645940	23480	1	5085	1	23480	5000	other	0
S2	33	Pulse	30	7663720	41260	1
S2	33	Picture	latin2_pain_false_23	7669531	47071	1	5085	1	46960	5000	other	0
S2	33	Pulse	30	7687720	65260	1
S2	33	Picture	latin3_pain_false_13	7693122	70662	1	5085	1	70440	5000	other	0
S2	33	Pulse	30	7711720	89260	1
S2	33	Picture	latin4_pain_false_39	7716714	94253	1	5085	1	93920	5000	other	0
S2	33	Pulse	30	7735720	113260	1
S2	33	Picture	latin5_pain_false_33	7740305	117844	1	5085	1	117400	5000	other	0
S2	33	Pulse	30	7759720	137260	1
S2	33	Picture	latin6_pain_false_23	7763896	141436	1	5085	1	140880	5000	other	0
S2	33	Pulse	30	7783720	161260	1
S2	33	Picture	latin7_pain_false_42	7787487	165027	1	5085	1	164360	5000	other	0
S2	33	Pulse	30	7807720	185260	1
S2	33	Picture	latin8_pain_false_42	7811078	188618	1	5085	1	187840	5000	other	0
S2	33	Pulse	30	7831720	209260	1
S2	33	Pulse	30	7855720	233260	1
S2	33	Pulse	30	7879720	257260	1
S2	34	Pulse	30	7903720	12448	1
S2	34	Picture	asian1_pain_false_5	7913862	22590	1	5085	1	22590	5000	other	0
S2	34	Pulse	30	7927720	36448	1
S2	34	Picture	asian2_pain_false_5	7936536	45264	1	5085	1	45180	5000	other	0
S2	34	Pulse	30	7951719	60448	1
S2	34	Picture	asian3_pain_false_26	7959210	67938	1	5085	1	67770	5000	other	0
S2	34	Pulse	30	7975719	84447	1
S2	34	Picture	asian4_pain_false_19	7981884	90612	1	5085	1	90360	5000	other	0
S2	34	Pulse	30	7999719	108447	1
S2	34	Picture	asian5_pain_false_19	8004559	113287	1	5085	1	112950	5000	other	0
S2	34	Pulse	30	8023719	132447	1
S2	34	Picture	asian6_pain_false_4	8027233	135961	1	5085	1	135540	5000	other	0
S2	34	Pulse	30	8047719	156447	1
S2	34	Picture	asian7_pain_false_33	8049907	158635	1	5085	1	158130	5000	other	0
S2	34	Pulse	30	8071719	180447	1
S2	34	Picture	asian8_pain_false_18	8072581	181309	1	5085	1	180720	5000	other	0
S2	34	Pulse	30	8095719	204447	1
S2	34	Pulse	30	8119719	228447	1
S2	34	Pulse	30	8143719	252447	1
S2	35	Pulse	30	8167719	14961	1
S2	35	Picture	white1_pain_false_39	8173198	20440	1	5085	1	20440	5000	other	0
S2	35	Pulse	30	8191719	38961	1
S2	35	Picture	white2_pain_false_8	8193704	40947	1	5085	1	40880	5000	other	0
S2	35	Picture	white3_pain_false_19	8214211	61454	1	5085	1	61320	5000	other	0
S2	35	Pulse	30	8215718	62961	1
S2	35	Picture	white4_pain_false_43	8234718	81960	1	5085	1	81760	5000	other	0
S2	35	Pulse	30	8239718	86960	5
S2	35	Picture	white5_pain_false_29	8255225	102467	1	5085	1	102200	5000	other	0
S2	35	Pulse	30	8263718	110961	1
S2	35	Picture	white6_pain_false_31	8275731	122974	1	5085	1	122640	5000	other	0
S2	35	Pulse	30	8287718	134961	1
S2	35	Picture	white7_pain_false_35	8296238	143481	1	5085	1	143080	5000	other	0
S2	35	Pulse	30	8311718	158961	1
S2	35	Picture	white8_pain_false_14	8316745	163987	1	5085	1	163520	5000	other	0
S2	35	Pulse	30	8335718	182961	1
S2	35	Pulse	30	8359718	206960	1
S2	35	Pulse	30	8383718	230960	1
S2	36	Pulse	30	8407718	10839	1
S2	36	Picture	question	8409859	12980	1	30093	1	12980	30000	other	0
S2	36	Pulse	30	8431718	34839	1
S2	36	Pulse	30	8455718	58839	1
S2	36	Pulse	30	8479718	82839	1
S2	36	Pulse	30	8503717	106838	1
S2	37	Pulse	30	8527717	12714	1
S2	37	Picture	white1_pain_false_34	8532983	17980	1	5085	1	17980	5000	other	0
S2	37	Picture	white2_pain_false_2	8551072	36069	1	5085	1	35960	5000	other	0
S2	37	Pulse	30	8551717	36714	1
S2	37	Picture	white3_pain_false_14	8569162	54159	1	5085	1	53940	5000	other	0
S2	37	Pulse	30	8575717	60714	1
S2	37	Picture	white4_pain_false_21	8587251	72248	1	5085	1	71920	5000	other	0
S2	37	Pulse	30	8599717	84714	1
S2	37	Picture	white5_pain_false_21	8605340	90337	1	5085	1	89900	5000	other	0
S2	37	Picture	white6_pain_false_7	8623430	108427	1	5085	1	107880	5000	other	0
S2	37	Pulse	30	8623717	108714	1
S2	37	Picture	white7_pain_false_3	8641519	126516	1	5085	1	125860	5000	other	0
S2	37	Pulse	30	8647717	132714	1
S2	37	Picture	white8_pain_false_3	8659608	144605	1	5085	1	143840	5000	other	0
S2	37	Pulse	30	8671717	156714	1
S2	37	Pulse	30	8695717	180714	1
S2	37	Pulse	30	8719717	204714	1
S2	38	Pulse	30	8743717	3894	1
S2	38	Picture	white1_pain_false_3	8755473	15650	1	5085	1	15650	5000	other	0
S2	38	Pulse	30	8767717	27893	1
S2	38	Picture	white2_pain_false_19	8771228	31405	1	5085	1	31300	5000	other	0
S2	38	Picture	white3_pain_false_5	8786984	47160	1	5085	1	46950	5000	other	0
S2	38	Pulse	30	8791716	51893	1
S2	38	Picture	white4_pain_false_16	8802739	62916	1	5085	1	62600	5000	other	0
S2	38	Pulse	30	8815716	75893	1
S2	38	Picture	white5_pain_false_32	8818494	78671	1	5085	1	78250	5000	other	0
S2	38	Picture	white6_pain_false_6	8834249	94426	1	5085	1	93900	5000	other	0
S2	38	Pulse	30	8839716	99893	1
S2	38	Picture	white7_pain_false_36	8850004	110181	1	5085	1	109550	5000	other	0
S2	38	Pulse	30	8863716	123893	1
S2	38	Picture	white8_pain_false_32	8865759	125936	1	5085	1	125200	5000	other	0
S2	38	Pulse	30	8887716	147893	1
S2	38	Pulse	30	8911716	171893	1
S2	38	Pulse	30	8935716	195893	1
S2	39	Pulse	30	8959716	13781	1
S2	39	Picture	black1_pain_false_12	8962125	16190	1	5085	1	16190	5000	other	0
S2	39	Picture	black2_pain_false_20	8978380	32445	1	5085	1	32380	5000	other	0
S2	39	Pulse	30	8983716	37781	1
S2	39	Picture	black3_pain_false_31	8994635	48701	1	5085	1	48570	5000	other	0
S2	39	Pulse	30	9007716	61781	1
S2	39	Picture	black4_pain_false_32	9010891	64956	1	5085	1	64760	5000	other	0
S2	39	Picture	black5_pain_false_22	9027146	81211	1	5085	1	80950	5000	other	0
S2	39	Pulse	30	9031716	85781	1
S2	39	Picture	black6_pain_false_3	9043402	97467	1	5085	1	97140	5000	other	0
S2	39	Pulse	30	9055716	109781	1
S2	39	Picture	black7_pain_false_13	9059657	113722	1	5085	1	113330	5000	other	0
S2	39	Picture	black8_pain_false_42	9075912	129978	1	5085	1	129520	5000	other	0
S2	39	Pulse	30	9079715	133781	1
S2	39	Pulse	30	9103715	157781	1
S2	39	Pulse	30	9127715	181781	1
S2	39	Pulse	30	9151715	205781	1
S2	40	Pulse	30	9175715	19649	1
S2	40	Picture	white1_pain_true_56	9177696	21630	1	5085	1	21630	5000	other	0
S2	40	Picture	white2_pain_true_39	9199453	43387	1	5085	1	43260	5000	other	0
S2	40	Pulse	30	9199715	43649	1
S2	40	Picture	white3_pain_true_2	9221210	65144	1	5085	1	64890	5000	other	0
S2	40	Pulse	30	9223715	67649	1
S2	40	Picture	white4_pain_true_9	9242967	86902	1	5085	1	86520	5000	other	0
S2	40	Pulse	30	9247715	91649	1
S2	40	Picture	white5_pain_true_18	9264725	108659	1	5085	1	108150	5000	other	0
S2	40	Pulse	30	9271715	115649	1
S2	40	Picture	white6_pain_true_0	9286482	130416	1	5085	1	129780	5000	other	0
S2	40	Pulse	30	9295715	139649	1
S2	40	Picture	white7_pain_true_5	9308239	152173	1	5085	1	151410	5000	other	0
S2	40	Pulse	30	9319715	163649	1
S2	40	Picture	white8_pain_true_1	9329996	173930	1	5085	1	173040	5000	other	0
S2	40	Pulse	30	9343714	187649	1
S2	40	Pulse	30	9367714	211649	1
S2	40	Pulse	30	9391714	235648	1
S2	41	Pulse	30	9415714	5558	1
S2	41	Picture	white1_pain_true_42	9430946	20790	1	5085	1	20790	5000	other	0
S2	41	Pulse	30	9439714	29558	1
S2	41	Picture	white2_pain_true_37	9451786	41630	1	5085	1	41580	5000	other	0
S2	41	Pulse	30	9463714	53558	1
S2	41	Picture	white3_pain_true_10	9472627	62470	1	5085	1	62370	5000	other	0
S2	41	Pulse	30	9487714	77558	1
S2	41	Picture	white4_pain_true_6	9493550	83394	1	5085	1	83160	5000	other	0
S2	41	Pulse	30	9511714	101558	1
S2	41	Picture	white5_pain_true_6	9514474	104318	1	5085	1	103950	5000	other	0
S2	41	Picture	white6_pain_true_10	9535397	125241	1	5085	1	124740	5000	other	0
S2	41	Pulse	30	9535714	125558	1
S2	41	Picture	white7_pain_true_5	9556321	146165	1	5085	1	145530	5000	other	0
S2	41	Pulse	30	9559714	149558	1
S2	41	Picture	white8_pain_true_6	9577244	167088	1	5085	1	166320	5000	other	0
S2	41	Pulse	30	9607714	197557	1
S2	41	Pulse	30	9631713	221557	1
S2	41	Pulse	30	9655713	245557	1
S2	42	Picture	latin1_pain_false_27	9677361	19950	1	5075	10	19950	5000	other	0
S2	42	Pulse	30	9679713	22302	1
S2	42	Picture	latin2_pain_false_3	9697367	39957	1	5069	17	39900	5000	other	0
S2	42	Pulse	30	9703713	46302	1
S2	42	Picture	latin3_pain_false_0	9717374	59963	1	5061	24	59850	5000	other	0
S2	42	Pulse	30	9727713	70302	1
S2	42	Picture	latin4_pain_false_2	9737381	79970	1	5085	1	79800	5000	other	0
S2	42	Pulse	30	9751713	94302	1
S2	42	Picture	latin5_pain_false_7	9757471	100060	1	5085	1	99750	5000	other	0
S2	42	Pulse	30	9775713	118302	1
S2	42	Picture	latin6_pain_false_5	9777561	120150	1	5085	1	119700	5000	other	0
S2	42	Picture	latin7_pain_false_32	9797651	140240	1	5085	1	139650	5000	other	0
S2	42	Pulse	30	9799713	142302	1
S2	42	Picture	latin8_pain_false_0	9817657	160246	1	5085	1	159600	5000	other	0
S2	42	Pulse	30	9847713	190302	1
S2	42	Pulse	30	9871713	214302	1
S2	42	Pulse	30	9895712	238302	1
S2	43	Picture	white1_pain_false_31	9913105	15250	1	5085	1	15250	5000	other	0
S2	43	Pulse	30	9919712	21857	1
S2	43	Picture	white2_pain_false_1	9928444	30588	1	5085	1	30500	5000	other	0
S2	43	Pulse	30	9943712	45857	1
S2	43	Picture	white3_pain_false_24	9943782	45927	1	5085	1	45750	5000	other	0
S2	43	Picture	white4_pain_false_42	9959121	61265	1	5085	1	61000	5000	other	0
S2	43	Pulse	30	9967712	69857	1
S2	43	Picture	white5_pain_false_9	9974459	76604	1	5085	1	76250	5000	other	0
S2	43	Picture	white6_pain_false_4	9989797	91942	1	5085	1	91500	5000	other	0
S2	43	Pulse	30	9991712	93857	1
S2	43	Picture	white7_pain_false_15	10005136	107280	1	5085	1	106750	5000	other	0
S2	43	Pulse	30	10015712	117857	1
S2	43	Picture	white8_pain_false_38	10020474	122619	1	5085	1	122000	5000	other	0
S2	43	Pulse	30	10039712	141857	1
S2	43	Pulse	30	10063712	165857	1
S2	43	Pulse	30	10087712	189856	1
S2	44	Pulse	30	10111712	11053	1
S2	44	Picture	white1_pain_true_2	10116589	15930	1	5085	1	15930	5000	other	0
S2	44	Picture	white2_pain_true_13	10132594	31935	1	5085	1	31860	5000	other	0
S2	44	Pulse	30	10135712	35052	1
S2	44	Picture	white3_pain_true_8	10148600	47941	1	5085	1	47790	5000	other	0
S2	44	Pulse	30	10159712	59052	1
S2	44	Picture	white4_pain_true_8	10164605	63946	1	5085	1	63720	5000	other	0
S2	44	Picture	white5_pain_true_0	10180610	79951	1	5085	1	79650	5000	other	0
S2	44	Pulse	30	10183711	83052	1
S2	44	Picture	white6_pain_true_13	10196616	95956	1	5085	1	95580	5000	other	0
S2	44	Pulse	30	10207711	107052	1
S2	44	Picture	white7_pain_true_0	10212621	111962	1	5085	1	111510	5000	other	0
S2	44	Picture	white8_pain_true_8	10228626	127967	1	5085	1	127440	5000	other	0
S2	44	Pulse	30	10231711	131052	1
S2	44	Pulse	30	10255711	155052	1
S2	44	Pulse	30	10279711	179052	1
S2	44	Pulse	30	10303711	203052	1
S2	45	Pulse	30	10327711	18938	1
S2	45	Picture	white1_pain_true_36	10329243	20470	1	5085	1	20470	5000	other	0
S2	45	Picture	white2_pain_true_52	10349833	41060	1	5085	1	40940	5000	other	0
S2	45	Pulse	30	10351711	42938	1
S2	45	Picture	white3_pain_true_18	10370423	61650	1	5085	1	61410	5000	other	0
S2	45	Pulse	30	10375711	66938	1
S2	45	Picture	white4_pain_true_1	10391013	82240	1	5085	1	81880	5000	other	0
S2	45	Pulse	30	10399711	90938	1
S2	45	Picture	white5_pain_true_32	10411603	102831	1	5085	1	102350	5000	other	0
S2	45	Pulse	30	10423711	114938	1
S2	45	Picture	white6_pain_true_7	10432193	123421	1	5085	1	122820	5000	other	0
S2	45	Pulse	30	10447711	138938	1
S2	45	Picture	white7_pain_true_0	10452783	144011	1	5085	1	143290	5000	other	0
S2	45	Pulse	30	10471710	162938	1
S2	45	Picture	white8_pain_true_20	10473374	164601	1	5085	1	163760	5000	other	0
S2	45	Pulse	30	10495710	186938	1
S2	45	Pulse	30	10519710	210938	1
S2	45	Pulse	30	10543710	234938	1
S2	45	Pulse	30	10567710	258937	1
S2	45	Pulse	30	10591710	282937	1
S2	45	Pulse	30	10615710	306937	1
S2	45	Pulse	30	10639710	330937	1
S2	45	Pulse	30	10663710	354937	1
S2	45	Pulse	30	10687710	378937	1
S2	45	Pulse	30	10711710	402937	1
S2	45	Pulse	30	10735710	426937	1
S2	45	Pulse	30	10759709	450937	1
S2	45	Pulse	30	10783709	474937	1
S2	45	Pulse	30	10807709	498937	1
S2	45	Pulse	30	10831709	522936	1
S2	45	Pulse	30	10855709	546936	1
S2	45	Pulse	30	10879709	570936	1
S2	45	Pulse	30	10903709	594936	1
S2	45	Pulse	30	10927709	618936	1
S2	45	Pulse	30	10951698	642926	12
S2	45	Pulse	30	10975709	666936	1
S2	45	Pulse	30	10999709	690936	1
S2	45	Pulse	30	11023708	714936	1
S2	45	Pulse	30	11047708	738936	1
S2	45	Pulse	30	11071708	762936	1
S2	45	Pulse	30	11095708	786936	1
S2	46	Picture	start_experiment	11119254	0	1	5085	1	0	5000	other	0
S2	46	Pulse	30	11119708	455	1
S2	46	Pulse	30	11167708	48454	1
S2	46	Pulse	30	11191708	72454	1
S2	47	Pulse	30	11215708	1340	1
S2	47	Picture	asian1_pain_false_2	11233958	19590	1	5085	1	19590	5000	other	0
S2	47	Pulse	30	11239708	25340	1
S2	47	Picture	asian2_pain_false_10	11253631	39263	1	5085	1	39180	5000	other	0
S2	47	Pulse	30	11263708	49340	1
S2	47	Picture	asian3_pain_false_15	11273304	58936	1	5085	1	58770	5000	other	0
S2	47	Pulse	30	11287708	73339	1
S2	47	Picture	asian4_pain_false_4	11292978	78609	1	5085	1	78360	5000	other	0
S2	47	Pulse	30	11311707	97339	1
S2	47	Picture	asian5_pain_false_26	11312651	98283	1	5085	1	97950	5000	other	0
S2	47	Picture	asian6_pain_false_23	11332324	117956	1	5085	1	117540	5000	other	0
S2	47	Pulse	30	11335707	121339	1
S2	47	Picture	asian7_pain_false_30	11351997	137629	1	5085	1	137130	5000	other	0
S2	47	Pulse	30	11359707	145339	1
S2	47	Picture	asian8_pain_false_4	11371670	157302	1	5085	1	156720	5000	other	0
S2	47	Pulse	30	11383707	169339	1
S2	47	Pulse	30	11407707	193339	1
S2	47	Pulse	30	11431707	217339	1
S2	48	Pulse	30	11455707	3818	1
S2	48	Picture	white1_pain_true_39	11467869	15980	1	5085	1	15980	5000	other	0
S2	48	Pulse	30	11479707	27818	1
S2	48	Picture	white2_pain_true_50	11483957	32069	1	5085	1	31960	5000	other	0
S2	48	Picture	white3_pain_true_18	11500046	48157	1	5085	1	47940	5000	other	0
S2	48	Pulse	30	11503707	51818	1
S2	48	Picture	white4_pain_true_12	11516135	64246	1	5085	1	63920	5000	other	0
S2	48	Pulse	30	11527707	75818	1
S2	48	Picture	white5_pain_true_9	11532223	80335	1	5085	1	79900	5000	other	0
S2	48	Picture	white6_pain_true_12	11548312	96423	1	5085	1	95880	5000	other	0
S2	48	Pulse	30	11551707	99818	1
S2	48	Picture	white7_pain_true_5	11564400	112512	1	5085	1	111860	5000	other	0
S2	48	Pulse	30	11575707	123818	1
S2	48	Picture	white8_pain_true_4	11580489	128601	1	5085	1	127840	5000	other	0
S2	48	Pulse	30	11599706	147818	1
S2	48	Pulse	30	11623706	171818	1
S2	48	Pulse	30	11647706	195818	1
S2	49	Pulse	30	11671706	11015	1
S2	49	Picture	asian1_pain_false_25	11677021	16330	1	5085	1	16330	5000	other	0
S2	49	Picture	asian2_pain_false_24	11693443	32752	1	5085	1	32660	5000	other	0
S2	49	Pulse	30	11695706	35015	1
S2	49	Picture	asian3_pain_false_13	11709865	49174	1	5085	1	48990	5000	other	0
S2	49	Pulse	30	11719706	59015	1
S2	49	Picture	asian4_pain_false_1	11726287	65596	1	5085	1	65320	5000	other	0
S2	49	Picture	asian5_pain_false_26	11742709	82018	1	5085	1	81650	5000	other	0
S2	49	Pulse	30	11743706	83015	1
S2	49	Picture	asian6_pain_false_3	11759132	98440	1	5085	1	97980	5000	other	0
S2	49	Pulse	30	11767706	107015	1
S2	49	Picture	asian7_pain_false_35	11775554	114863	1	5085	1	114310	5000	other	0
S2	49	Pulse	30	11791706	131015	1
S2	49	Picture	asian8_pain_false_31	11791976	131285	1	5085	1	130640	5000	other	0
S2	49	Pulse	30	11815706	155015	1
S2	49	Pulse	30	11839706	179015	1
S2	49	Pulse	30	11863705	203014	1
S2	50	Picture	question	11886674	14580	1	30093	1	14580	30000	other	0
S2	50	Pulse	30	11887705	15612	1
S2	50	Pulse	30	11911705	39612	1
S2	50	Pulse	30	11935705	63612	1
S2	50	Pulse	30	11959705	87612	1
S2	50	Pulse	30	11983705	111611	1
S2	51	Pulse	30	12007705	15820	1
S2	51	Picture	asian1_pain_false_27	12011465	19580	1	5085	1	19580	5000	other	0
S2	51	Picture	asian2_pain_false_21	12031138	39253	1	5085	1	39160	5000	other	0
S2	51	Pulse	30	12031705	39820	1
S2	51	Picture	asian3_pain_false_12	12050811	58926	1	5085	1	58740	5000	other	0
S2	51	Pulse	30	12055705	63820	1
S2	51	Picture	asian4_pain_false_21	12070484	78599	1	5085	1	78320	5000	other	0
S2	51	Pulse	30	12079705	87820	1
S2	51	Picture	asian5_pain_false_24	12090157	98273	1	5085	1	97900	5000	other	0
S2	51	Pulse	30	12103705	111820	1
S2	51	Picture	asian6_pain_false_10	12109831	117946	1	5085	1	117480	5000	other	0
S2	51	Pulse	30	12127705	135820	1
S2	51	Picture	asian7_pain_false_15	12129504	137619	1	5085	1	137060	5000	other	0
S2	51	Picture	asian8_pain_false_35	12149177	157292	1	5085	1	156640	5000	other	0
S2	51	Pulse	30	12151704	159820	1
S2	51	Pulse	30	12175704	183820	1
S2	51	Pulse	30	12199704	207820	1
S2	51	Pulse	30	12223704	231819	1
S2	52	Pulse	30	12247704	18306	1
S2	52	Picture	white1_pain_false_13	12254378	24980	1	5085	1	24980	5000	other	0
S2	52	Pulse	30	12271704	42306	1
S2	52	Picture	white2_pain_false_0	12279470	50072	1	5085	1	49960	5000	other	0
S2	52	Pulse	30	12295704	66306	1
S2	52	Picture	white3_pain_false_2	12304562	75163	1	5085	1	74940	5000	other	0
S2	52	Pulse	30	12319704	90306	1
S2	52	Picture	white4_pain_false_7	12329653	100255	1	5085	1	99920	5000	other	0
S2	52	Pulse	30	12343704	114305	1
S2	52	Picture	white5_pain_false_19	12354745	125346	1	5085	1	124900	5000	other	0
S2	52	Pulse	30	12367704	138305	1
S2	52	Picture	white6_pain_false_13	12379836	150438	1	5085	1	149880	5000	other	0
S2	52	Pulse	30	12391704	162305	1
S2	52	Picture	white7_pain_false_6	12404928	175530	1	5085	1	174860	5000	other	0
S2	52	Pulse	30	12415704	186305	1
S2	52	Picture	white8_pain_false_1	12430020	200621	1	5085	1	199840	5000	other	0
S2	52	Pulse	30	12463703	234305	1
S2	52	Pulse	30	12487703	258305	1
S2	53	Pulse	30	12511703	1512	1
S2	53	Picture	black1_pain_false_5	12526552	16360	1	5085	1	16360	5000	other	0
S2	53	Pulse	30	12535703	25512	1
S2	53	Picture	black2_pain_false_32	12542974	32782	1	5085	1	32720	5000	other	0
S2	53	Picture	black3_pain_false_0	12559396	49204	1	5085	1	49080	5000	other	0
S2	53	Pulse	30	12559703	49511	1
S2	53	Picture	black4_pain_false_28	12575818	65626	1	5085	1	65440	5000	other	0
S2	53	Pulse	30	12583703	73511	1
S2	53	Picture	black5_pain_false_3	12592240	82048	1	5085	1	81800	5000	other	0
S2	53	Pulse	30	12607703	97511	1
S2	53	Picture	black6_pain_false_34	12608662	98470	1	5085	1	98160	5000	other	0
S2	53	Picture	black7_pain_false_17	12625084	114893	1	5085	1	114520	5000	other	0
S2	53	Pulse	30	12631703	121511	1
S2	53	Picture	black8_pain_false_6	12641506	131315	1	5085	1	130880	5000	other	0
S2	53	Pulse	30	12655703	145511	1
S2	53	Pulse	30	12679703	169511	1
S2	53	Pulse	30	12703703	193511	1
S2	54	Pulse	30	12727702	6022	1
S2	54	Picture	white1_pain_false_4	12746541	24860	1	5085	1	24860	5000	other	0
S2	54	Pulse	30	12751702	30021	1
S2	54	Picture	white2_pain_false_3	12771466	49785	1	5085	1	49720	5000	other	0
S2	54	Pulse	30	12775702	54021	1
S2	54	Picture	white3_pain_false_24	12796391	74710	1	5085	1	74580	5000	other	0
S2	54	Pulse	30	12799702	78021	1
S2	54	Picture	white4_pain_false_26	12821316	99635	1	5085	1	99440	5000	other	0
S2	54	Pulse	30	12823702	102021	1
S2	54	Picture	white5_pain_false_12	12846240	124560	1	5085	1	124300	5000	other	0
S2	54	Pulse	30	12847702	126021	1
S2	54	Picture	white6_pain_false_13	12871165	149484	1	5085	1	149160	5000	other	0
S2	54	Pulse	30	12871702	150021	1
S2	54	Pulse	30	12895702	174021	1
S2	54	Picture	white7_pain_false_5	12896090	174409	1	5085	1	174020	5000	other	0
S2	54	Pulse	30	12919702	198021	1
S2	54	Picture	white8_pain_false_16	12921015	199334	1	5085	1	198880	5000	other	0
S2	54	Pulse	30	12943702	222021	1
S2	54	Pulse	30	12967702	246021	1
S2	54	Pulse	30	12991701	270021	1
S2	55	Pulse	30	13015701	14488	1
S2	55	Picture	white1_pain_true_16	13016963	15750	1	5085	1	15750	5000	other	0
S2	55	Picture	white2_pain_true_12	13032802	31589	1	5085	1	31500	5000	other	0
S2	55	Pulse	30	13039701	38488	1
S2	55	Picture	white3_pain_true_6	13048641	47427	1	5085	1	47250	5000	other	0
S2	55	Pulse	30	13063701	62488	1
S2	55	Picture	white4_pain_true_4	13064479	63266	1	5085	1	63000	5000	other	0
S2	55	Picture	white5_pain_true_11	13080318	79104	1	5085	1	78750	5000	other	0
S2	55	Pulse	30	13087701	86488	1
S2	55	Picture	white6_pain_true_7	13096156	94943	1	5085	1	94500	5000	other	0
S2	55	Pulse	30	13111701	110488	1
S2	55	Picture	white7_pain_true_9	13111995	110781	1	5085	1	110250	5000	other	0
S2	55	Picture	white8_pain_true_9	13127833	126620	1	5085	1	126000	5000	other	0
S2	55	Pulse	30	13159701	158487	1
S2	55	Pulse	30	13183701	182487	1
S2	55	Pulse	30	13207701	206487	1
S2	56	Pulse	30	13231701	23713	1
S2	56	Picture	latin1_pain_false_13	13231868	23880	1	5085	1	23880	5000	other	0
S2	56	Pulse	30	13255701	47713	1
S2	56	Picture	latin2_pain_false_8	13255792	47805	1	5085	1	47760	5000	other	0
S2	56	Pulse	30	13279700	71713	1
S2	56	Picture	latin3_pain_false_3	13279800	71813	1	5085	1	71640	5000	other	0
S2	56	Pulse	30	13303700	95713	1
S2	56	Picture	latin4_pain_false_19	13303808	95820	1	5085	1	95520	5000	other	0
S2	56	Pulse	30	13327700	119713	1
S2	56	Picture	latin5_pain_false_10	13327733	119745	1	5085	1	119400	5000	other	0
S2	56	Pulse	30	13351700	143712	1
S2	56	Picture	latin6_pain_false_26	13351741	143753	1	5085	1	143280	5000	other	0
S2	56	Pulse	30	13375700	167712	1
S2	56	Picture	latin7_pain_false_19	13375749	167761	1	5085	1	167160	5000	other	0
S2	56	Pulse	30	13399700	191712	1
S2	56	Picture	latin8_pain_false_16	13399756	191769	1	5085	1	191040	5000	other	0
S2	56	Pulse	30	13423700	215712	1
S2	56	Pulse	30	13447700	239712	1
S2	56	Pulse	30	13471700	263712	1
S2	57	Pulse	30	13495700	15792	1
S2	57	Picture	black1_pain_true_13	13504208	24300	1	5085	1	24300	5000	other	0
S2	57	Pulse	30	13519700	39792	1
S2	57	Picture	black2_pain_true_3	13528632	48725	1	5085	1	48600	5000	other	0
S2	57	Pulse	30	13543700	63792	1
S2	57	Picture	black3_pain_true_0	13553057	73149	1	5085	1	72900	5000	other	0
S2	57	Pulse	30	13567699	87792	1
S2	57	Picture	black4_pain_true_3	13577482	97574	1	5085	1	97200	5000	other	0
S2	57	Pulse	30	13591699	111792	1
S2	57	Picture	black5_pain_true_17	13601907	121999	1	5085	1	121500	5000	other	0
S2	57	Pulse	30	13615699	135792	1
S2	57	Picture	black6_pain_true_2	13626331	146424	1	5085	1	145800	5000	other	0
S2	57	Pulse	30	13639699	159792	1
S2	57	Picture	black7_pain_true_8	13650756	170848	1	5085	1	170100	5000	other	0
S2	57	Pulse	30	13663699	183791	1
S2	57	Picture	black8_pain_true_3	13675181	195273	1	5085	1	194400	5000	other	0
S2	57	Pulse	30	13687699	207791	1
S2	57	Pulse	30	13711699	231791	1
S2	57	Pulse	30	13735699	255791	1
S2	58	Pulse	30	13759699	4379	1
S2	58	Picture	question	13772630	17310	1	30093	1	17310	30000	other	0
S2	58	Pulse	30	13783699	28379	1
S2	58	Pulse	30	13807008	51689	825
S2	58	Pulse	30	13831698	76379	1
S2	58	Pulse	30	13855698	100379	1
S2	59	Pulse	30	13879698	1920	1
S2	59	Picture	white1_pain_true_16	13900088	22310	1	5085	1	22310	5000	other	0
S2	59	Pulse	30	13903698	25920	1
S2	59	Picture	white2_pain_true_6	13922512	44734	1	5085	1	44620	5000	other	0
S2	59	Pulse	30	13927698	49920	1
S2	59	Picture	white3_pain_true_5	13944937	67158	1	5085	1	66930	5000	other	0
S2	59	Pulse	30	13951698	73920	1
S2	59	Picture	white4_pain_true_17	13967361	89582	1	5085	1	89240	5000	other	0
S2	59	Pulse	30	13975698	97920	1
S2	59	Picture	white5_pain_true_5	13989785	112006	1	5085	1	111550	5000	other	0
S2	59	Pulse	30	13999698	121920	1
S2	59	Picture	white6_pain_true_6	14012209	134430	1	5085	1	133860	5000	other	0
S2	59	Pulse	30	14023698	145919	1
S2	59	Picture	white7_pain_true_1	14034633	156854	1	5085	1	156170	5000	other	0
S2	59	Pulse	30	14047698	169919	1
S2	59	Picture	white8_pain_true_2	14057057	179279	1	5085	1	178480	5000	other	0
S2	59	Pulse	30	14071698	193919	1
S2	59	Pulse	30	14095698	217919	1
S2	59	Pulse	30	14119697	241919	1
S2	60	Pulse	30	14143697	6448	1
S2	60	Picture	black1_pain_false_3	14156090	18840	1	5085	1	18840	5000	other	0
S2	60	Pulse	30	14167697	30448	1
S2	60	Picture	black2_pain_false_11	14175012	37763	1	5085	1	37680	5000	other	0
S2	60	Pulse	30	14191697	54448	1
S2	60	Picture	black3_pain_false_3	14193935	56686	1	5085	1	56520	5000	other	0
S2	60	Picture	black4_pain_false_7	14212858	75609	1	5085	1	75360	5000	other	0
S2	60	Pulse	30	14215697	78448	1
S2	60	Picture	black5_pain_false_15	14231781	94532	1	5085	1	94200	5000	other	0
S2	60	Pulse	30	14239697	102447	1
S2	60	Picture	black6_pain_false_16	14250704	113455	1	5085	1	113040	5000	other	0
S2	60	Pulse	30	14263697	126447	1
S2	60	Picture	black7_pain_false_20	14269627	132378	1	5085	1	131880	5000	other	0
S2	60	Pulse	30	14287697	150447	1
S2	60	Picture	black8_pain_false_2	14288550	151300	1	5085	1	150720	5000	other	0
S2	60	Pulse	30	14311697	174447	1
S2	60	Pulse	30	14335697	198447	1
S2	60	Pulse	30	14359697	222447	1
S2	61	Pulse	30	14383697	14998	1
S2	61	Picture	latin1_pain_false_21	14384998	16300	1	5085	1	16300	5000	other	0
S2	61	Picture	latin2_pain_false_21	14401337	32639	1	5085	1	32600	5000	other	0
S2	61	Pulse	30	14407696	38998	1
S2	61	Picture	latin3_pain_false_28	14417759	49061	1	5085	1	48900	5000	other	0
S2	61	Pulse	30	14431696	62998	1
S2	61	Picture	latin4_pain_false_6	14434181	65483	1	5085	1	65200	5000	other	0
S2	61	Picture	latin5_pain_false_32	14450603	81905	1	5085	1	81500	5000	other	0
S2	61	Pulse	30	14455696	86998	1
S2	61	Picture	latin6_pain_false_23	14467026	98327	1	5085	1	97800	5000	other	0
S2	61	Pulse	30	14479696	110998	1
S2	61	Picture	latin7_pain_false_21	14483364	114666	1	5085	1	114100	5000	other	0
S2	61	Picture	latin8_pain_false_23	14499703	131005	1	5085	1	130400	5000	other	0
S2	61	Pulse	30	14503696	134998	1
S2	61	Pulse	30	14527696	158998	1
S2	61	Pulse	30	14551696	182997	1
S2	61	Pulse	30	14575696	206997	1
S2	62	Pulse	30	14599696	19776	1
S2	62	Picture	white1_pain_true_57	14601070	21150	1	5085	1	21150	5000	other	0
S2	62	Picture	white2_pain_true_56	14622327	42407	1	5085	1	42300	5000	other	0
S2	62	Pulse	30	14623696	43776	1
S2	62	Picture	white3_pain_true_5	14643584	63664	1	5085	1	63450	5000	other	0
S2	62	Pulse	30	14647696	67776	1
S2	62	Picture	white4_pain_true_13	14664841	84921	1	5085	1	84600	5000	other	0
S2	62	Pulse	30	14671695	91776	1
S2	62	Picture	white5_pain_true_24	14686098	106178	1	5085	1	105750	5000	other	0
S2	62	Pulse	30	14695695	115776	1
S2	62	Picture	white6_pain_true_3	14707355	127435	1	5085	1	126900	5000	other	0
S2	62	Pulse	30	14719695	139776	1
S2	62	Picture	white7_pain_true_7	14728612	148692	1	5085	1	148050	5000	other	0
S2	62	Pulse	30	14743695	163775	1
S2	62	Picture	white8_pain_true_10	14749869	169949	1	5085	1	169200	5000	other	0
S2	62	Pulse	30	14767695	187775	1
S2	62	Pulse	30	14791695	211775	1
S2	62	Pulse	30	14815695	235775	1
S2	63	Pulse	30	14839695	9615	1
S2	63	Picture	latin1_pain_false_24	14852820	22740	1	5085	1	22740	5000	other	0
S2	63	Pulse	30	14863695	33615	1
S2	63	Picture	latin2_pain_false_14	14875660	45581	1	5085	1	45480	5000	other	0
S2	63	Pulse	30	14887695	57615	1
S2	63	Picture	latin3_pain_false_34	14898501	68422	1	5085	1	68220	5000	other	0
S2	63	Pulse	30	14911695	81615	1
S2	63	Picture	latin4_pain_false_33	14921342	91263	1	5085	1	90960	5000	other	0
S2	63	Pulse	30	14935695	105615	1
S2	63	Picture	latin5_pain_false_27	14944183	114103	1	5085	1	113700	5000	other	0
S2	63	Pulse	30	14959694	129615	1
S2	63	Picture	latin6_pain_false_8	14967024	136944	1	5085	1	136440	5000	other	0
S2	63	Pulse	30	14983694	153615	1
S2	63	Picture	latin7_pain_false_40	14989865	159785	1	5085	1	159180	5000	other	0
S2	63	Pulse	30	15007694	177615	1
S2	63	Picture	latin8_pain_false_12	15012706	182626	1	5085	1	181920	5000	other	0
S2	63	Pulse	30	15031694	201615	1
S2	63	Pulse	30	15055694	225614	1
S2	63	Pulse	30	15079694	249614	1
S2	64	Pulse	30	15103694	10793	1
S2	64	Picture	question	15108071	15170	1	30093	1	15170	30000	other	0
S2	64	Pulse	30	15127694	34793	1
S2	64	Pulse	30	15151694	58793	1
S2	64	Pulse	30	15175694	82793	1
S2	64	Pulse	30	15199694	106793	1
S2	65	Pulse	30	15223694	10418	1
S2	65	Picture	white1_pain_false_29	15233445	20170	1	5085	1	20170	5000	other	0
S2	65	Pulse	30	15247693	34418	1
S2	65	Picture	white2_pain_false_41	15253702	40427	1	5085	1	40340	5000	other	0
S2	65	Pulse	30	15271693	58418	1
S2	65	Picture	white3_pain_false_41	15273959	60683	1	5085	1	60510	5000	other	0
S2	65	Picture	white4_pain_false_38	15294215	80940	1	5085	1	80680	5000	other	0
S2	65	Pulse	30	15295693	82418	1
S2	65	Picture	white5_pain_false_27	15314472	101197	1	5085	1	100850	5000	other	0
S2	65	Pulse	30	15319693	106418	1
S2	65	Picture	white6_pain_false_15	15334729	121453	1	5085	1	121020	5000	other	0
S2	65	Pulse	30	15343693	130418	1
S2	65	Picture	white7_pain_false_21	15354985	141710	1	5085	1	141190	5000	other	0
S2	65	Pulse	30	15367693	154418	1
S2	65	Picture	white8_pain_false_12	15375242	161967	1	5085	1	161360	5000	other	0
S2	65	Pulse	30	15391693	178418	1
S2	65	Pulse	30	15415693	202418	1
S2	65	Pulse	30	15439693	226418	1
S2	66	Pulse	30	15463693	8253	1
S2	66	Picture	asian1_pain_false_24	15478610	23170	1	5085	1	23170	5000	other	0
S2	66	Pulse	30	15487693	32253	1
S2	66	Picture	asian2_pain_false_0	15501867	46428	1	5085	1	46340	5000	other	0
S2	66	Pulse	30	15511693	56253	1
S2	66	Picture	asian3_pain_false_18	15525125	69685	1	5085	1	69510	5000	other	0
S2	66	Pulse	30	15535692	80253	1
S2	66	Picture	asian4_pain_false_17	15548383	92943	1	5085	1	92680	5000	other	0
S2	66	Pulse	30	15559692	104253	1
S2	66	Picture	asian5_pain_false_24	15571640	116201	1	5085	1	115850	5000	other	0
S2	66	Pulse	30	15583692	128253	1
S2	66	Picture	asian6_pain_false_25	15594898	139458	1	5085	1	139020	5000	other	0
S2	66	Pulse	30	15607692	152253	1
S2	66	Picture	asian7_pain_false_2	15618156	162716	1	5085	1	162190	5000	other	0
S2	66	Pulse	30	15631692	176253	1
S2	66	Picture	asian8_pain_false_0	15641413	185974	1	5085	1	185360	5000	other	0
S2	66	Pulse	30	15655692	200252	1
S2	66	Pulse	30	15679692	224252	1
S2	66	Pulse	30	15703692	248252	1
S2	67	Pulse	30	15727692	6067	1
S2	67	Picture	white1_pain_false_5	15746615	24990	1	5085	1	24990	5000	other	0
S2	67	Pulse	30	15751692	30067	1
S2	67	Picture	white2_pain_false_8	15771706	50082	1	5085	1	49980	5000	other	0
S2	67	Pulse	30	15775692	54067	1
S2	67	Picture	white3_pain_false_16	15796798	75173	1	5085	1	74970	5000	other	0
S2	67	Pulse	30	15799691	78067	1
S2	67	Picture	white4_pain_false_0	15821890	100265	1	5085	1	99960	5000	other	0
S2	67	Pulse	30	15823691	102067	1
S2	67	Picture	white5_pain_false_9	15846981	125356	1	5085	1	124950	5000	other	0
S2	67	Pulse	30	15847691	126067	1
S2	67	Pulse	30	15871691	150067	1
S2	67	Picture	white6_pain_false_14	15872073	150448	1	5085	1	149940	5000	other	0
S2	67	Pulse	30	15895691	174066	1
S2	67	Picture	white7_pain_false_11	15897164	175540	1	5085	1	174930	5000	other	0
S2	67	Pulse	30	15919691	198066	1
S2	67	Picture	white8_pain_false_22	15922256	200631	1	5085	1	199920	5000	other	0
S2	67	Pulse	30	15943691	222066	1
S2	67	Pulse	30	15967691	246066	1
S2	67	Pulse	30	15991691	270066	1
S2	68	Pulse	30	16015691	13217	1
S2	68	Picture	asian1_pain_true_4	16026624	24150	1	5085	1	24150	5000	other	0
S2	68	Pulse	30	16039691	37217	1
S2	68	Picture	asian2_pain_true_51	16050882	48408	1	5085	1	48300	5000	other	0
S2	68	Pulse	30	16063691	61217	1
S2	68	Picture	asian3_pain_true_11	16075140	72666	1	5085	1	72450	5000	other	0
S2	68	Pulse	30	16087690	85217	1
S2	68	Picture	asian4_pain_true_3	16099398	96924	1	5085	1	96600	5000	other	0
S2	68	Pulse	30	16111690	109217	1
S2	68	Picture	asian5_pain_true_8	16123656	121182	1	5085	1	120750	5000	other	0
S2	68	Pulse	30	16135690	133216	1
S2	68	Picture	asian6_pain_true_0	16147914	145440	1	5085	1	144900	5000	other	0
S2	68	Pulse	30	16159690	157216	1
S2	68	Picture	asian7_pain_true_3	16172172	169698	1	5085	1	169050	5000	other	0
S2	68	Pulse	30	16183690	181216	1
S2	68	Picture	asian8_pain_true_1	16196430	193956	1	5085	1	193200	5000	other	0


{
   "app": "Presentation Version 22.1 Build 04.30.21",
   "device": "ASUS All Series",
   "experiment": "{6B692C04-5F10-4500-AA7D-E39D217E8A55}",
   "os": "Windows 7 64 bit",
   "package": "",
   "parameters": {
      "configuration": "Default configuration"
   },
   "scenario": "fmri_new.sce",
   "subject": "S2",
   "timestamp": "2021/10/12 11:27:35 GMT"
}
