Scenario - fMRI
Logfile written - 10/05/2021 19:49:02

Trial	Event Type	Code	Time	TTime	Uncertainty	Duration	Uncertainty	ReqTime	ReqDur	Stim Type	Pair Index

0	Pulse	30	0	0	NA
0	Pulse	30	20000	20000	NA
0	Pulse	30	40000	40000	NA
0	Pulse	30	60000	60000	NA
0	Pulse	30	80000	80000	NA
0	Pulse	30	100000	100000	NA
0	Pulse	30	120000	120000	NA
0	Pulse	30	140000	140000	NA
0	Pulse	30	160000	160000	NA
0	Pulse	30	180000	180000	NA
0	Pulse	30	200000	200000	NA
1	Picture	start_experiment	211174	0	1	5171	1	0	5000	other	0
1	Pulse	30	220000	8826	NA
1	Pulse	30	240000	28826	NA
1	Pulse	30	260000	48826	NA
1	Pulse	30	280000	68826	NA
1	Pulse	30	300000	88826	NA
2	Pulse	30	320000	13443	NA
2	Picture	white1_pain_true	322937	16380	1	5171	1	16380	5000	other	0
2	Picture	white2_pain_true	339451	32894	1	5171	1	32760	5000	other	0
2	Pulse	30	340000	33443	NA
2	Picture	white3_pain_true	356132	49575	1	5171	1	49140	5000	other	0
2	Pulse	30	360000	53443	NA
2	Picture	white4_pain_true	372813	66256	1	5171	1	65520	5000	other	0
2	Pulse	30	380000	73443	NA
2	Picture	white5_pain_true	389495	82938	1	5171	1	81900	5000	other	0
2	Pulse	30	400000	93443	NA
2	Picture	white6_pain_true	406676	100119	1	5171	1	98280	5000	other	0
2	Pulse	30	420000	113443	NA
2	Picture	white7_pain_true	423357	116800	1	5171	1	114660	5000	other	0
2	Pulse	30	440000	133443	NA
2	Picture	white8_pain_true	440038	133481	1	5171	1	131040	5000	other	0
2	Pulse	30	460000	153443	NA
2	Pulse	30	480000	173443	NA
2	Pulse	30	500000	193443	NA
2	Pulse	30	520000	213443	NA
3	Picture	white1_pain_true	538456	17930	1	5338	1	17930	5000	other	0
3	Pulse	30	540000	19474	NA
3	Picture	white2_pain_true	556806	36280	1	5171	1	35860	5000	other	0
3	Pulse	30	560000	39474	NA
3	Picture	white3_pain_true	575155	54629	1	5171	1	53790	5000	other	0
3	Pulse	30	580000	59474	NA
3	Picture	white4_pain_true	593504	72978	1	5171	1	71720	5000	other	0
3	Pulse	30	600000	79474	NA
3	Picture	white5_pain_true	611854	91327	1	5171	1	89650	5000	other	0
3	Pulse	30	620000	99474	NA
3	Picture	white6_pain_true	630203	109676	1	5171	1	107580	5000	other	0
3	Pulse	30	640000	119474	NA
3	Picture	white7_pain_true	648552	128026	1	5171	1	125510	5000	other	0
3	Pulse	30	660000	139474	NA
3	Picture	white8_pain_true	666901	146375	1	5171	1	143440	5000	other	0
3	Pulse	30	680000	159474	NA
3	Pulse	30	700000	179474	NA
3	Pulse	30	720000	199474	NA
3	Pulse	30	740000	219474	NA
4	Pulse	30	760000	12562	NA
4	Picture	latin1_pain_false	771158	23720	1	5171	1	23720	5000	other	0
4	Pulse	30	780000	32562	NA
4	Picture	latin2_pain_false	795179	47741	1	5171	1	47440	5000	other	0
4	Pulse	30	800000	52562	NA
4	Picture	latin3_pain_false	819199	71761	1	5172	2	71160	5000	other	0
4	Pulse	30	820000	72562	NA
4	Pulse	30	840000	92562	NA
4	Picture	latin4_pain_false	843220	95782	1	5171	1	94880	5000	other	0
4	Pulse	30	860000	112562	NA
4	Picture	latin5_pain_false	867241	119803	1	5171	1	118600	5000	other	0
4	Pulse	30	880000	132562	NA
4	Picture	latin6_pain_false	891262	143824	1	5171	1	142320	5000	other	0
4	Pulse	30	900000	152562	NA
4	Picture	latin7_pain_false	915282	167845	1	5171	1	166040	5000	other	0
4	Pulse	30	920000	172562	NA
4	Picture	latin8_pain_false	939303	191865	1	5171	1	189760	5000	other	0
4	Pulse	30	940000	192562	NA
4	Pulse	30	960000	212562	NA
4	Pulse	30	980000	232562	NA
4	Pulse	30	1000000	252562	NA
5	Pulse	30	1020000	338	NA
5	Picture	question	1034552	14890	1	30193	1	14890	30000	other	0
5	Pulse	30	1040000	20338	NA
5	Pulse	30	1060000	40338	NA
5	Pulse	30	1080000	60338	NA
5	Pulse	30	1100000	80338	NA
5	Pulse	30	1120000	100338	NA
5	Pulse	30	1140000	120338	NA
6	Picture	latin1_pain_true	1159994	19890	1	5171	1	19890	5000	other	0
6	Pulse	30	1160000	19896	NA
6	Pulse	30	1180000	39896	NA
6	Picture	latin2_pain_true	1180178	40074	1	5171	1	39780	5000	other	0
6	Pulse	30	1200000	59896	NA
6	Picture	latin3_pain_true	1200529	60425	1	5171	1	59670	5000	other	0
6	Pulse	30	1220000	79896	NA
6	Picture	latin4_pain_true	1220713	80609	1	5172	2	79560	5000	other	0
6	Pulse	30	1240000	99896	NA
6	Picture	latin5_pain_true	1241064	100960	1	5171	1	99450	5000	other	0
6	Pulse	30	1260000	119896	NA
6	Picture	latin6_pain_true	1261415	121311	1	5171	1	119340	5000	other	0
6	Pulse	30	1280000	139896	NA
6	Picture	latin7_pain_true	1281766	141662	1	5171	1	139230	5000	other	0
6	Pulse	30	1300000	159896	NA
6	Picture	latin8_pain_true	1302117	162013	1	5171	1	159120	5000	other	0
6	Pulse	30	1320000	179896	NA
6	Pulse	30	1340000	199896	NA
6	Pulse	30	1360000	219896	NA
6	Pulse	30	1380000	239896	NA
7	Pulse	30	1400000	17342	NA
7	Picture	white1_pain_false	1403538	20880	1	5171	1	20880	5000	other	0
7	Pulse	30	1420000	37342	NA
7	Picture	white2_pain_false	1424723	42065	1	5171	1	41760	5000	other	0
7	Pulse	30	1440000	57342	NA
7	Picture	white3_pain_false	1445908	63250	1	5171	1	62640	5000	other	0
7	Pulse	30	1460000	77342	NA
7	Picture	white4_pain_false	1467093	84435	1	5171	1	83520	5000	other	0
7	Pulse	30	1480000	97342	NA
7	Picture	white5_pain_false	1488278	105620	1	5171	1	104400	5000	other	0
7	Pulse	30	1500000	117342	NA
7	Picture	white6_pain_false	1509463	126805	1	5171	1	125280	5000	other	0
7	Pulse	30	1520000	137342	NA
7	Picture	white7_pain_false	1530648	147990	1	5171	1	146160	5000	other	0
7	Pulse	30	1540000	157342	NA
7	Picture	white8_pain_false	1551833	169175	1	5171	1	167040	5000	other	0
7	Pulse	30	1560000	177342	NA
7	Pulse	30	1580000	197342	NA
7	Pulse	30	1600000	217342	NA
7	Pulse	30	1620000	237342	NA
8	Pulse	30	1640000	7667	NA
8	Picture	white1_pain_false	1652253	19920	1	5171	1	19920	5000	other	0
8	Pulse	30	1660000	27667	NA
8	Picture	white2_pain_false	1672604	40271	1	5171	1	39840	5000	other	0
8	Pulse	30	1680000	47667	NA
8	Picture	white3_pain_false	1692955	60622	1	5171	1	59760	5000	other	0
8	Pulse	30	1700000	67667	NA
8	Picture	white4_pain_false	1713306	80973	1	5171	1	79680	5000	other	0
8	Pulse	30	1720000	87667	NA
8	Picture	white5_pain_false	1733657	101324	1	5171	1	99600	5000	other	0
8	Pulse	30	1740000	107667	NA
8	Picture	white6_pain_false	1754008	121675	1	5171	1	119520	5000	other	0
8	Pulse	30	1760000	127667	NA
8	Picture	white7_pain_false	1774359	142026	1	5171	1	139440	5000	other	0
8	Pulse	30	1780000	147667	NA
8	Picture	white8_pain_false	1794710	162377	1	5171	1	159360	5000	other	0
8	Pulse	30	1800000	167667	NA
8	Pulse	30	1820000	187667	NA
8	Pulse	30	1840000	207667	NA
8	Pulse	30	1860000	227667	NA
9	Pulse	30	1880000	4798	NA
9	Picture	white1_pain_false	1898132	22930	1	5171	1	22930	5000	other	0
9	Pulse	30	1900000	24798	NA
9	Pulse	30	1920000	44798	NA
9	Picture	white2_pain_false	1921486	46283	1	5171	1	45860	5000	other	0
9	Pulse	30	1940000	64798	NA
9	Picture	white3_pain_false	1944839	69637	1	5171	1	68790	5000	other	0
9	Pulse	30	1960000	84798	NA
9	Picture	white4_pain_false	1968193	92991	1	5171	1	91720	5000	other	0
9	Pulse	30	1980000	104798	NA
9	Picture	white5_pain_false	1991546	116344	1	5171	1	114650	5000	other	0
9	Pulse	30	2000000	124798	NA
9	Picture	white6_pain_false	2014900	139698	1	5171	1	137580	5000	other	0
9	Pulse	30	2020000	144798	NA
9	Picture	white7_pain_false	2038253	163051	1	5171	1	160510	5000	other	0
9	Pulse	30	2040000	164798	NA
9	Pulse	30	2060000	184798	NA
9	Picture	white8_pain_false	2061607	186405	1	5171	1	183440	5000	other	0
9	Pulse	30	2080000	204798	NA
9	Pulse	30	2100000	224798	NA
9	Pulse	30	2120000	244798	NA
9	Pulse	30	2140000	264798	NA
10	Pulse	30	2160000	17822	NA
10	Picture	white1_pain_true	2163028	20850	1	5171	1	20850	5000	other	0
10	Pulse	30	2180000	37822	NA
10	Picture	white2_pain_true	2184213	42035	1	5171	1	41700	5000	other	0
10	Pulse	30	2200000	57822	NA
10	Picture	white3_pain_true	2205398	63220	1	5171	1	62550	5000	other	0
10	Pulse	30	2220000	77822	NA
10	Picture	white4_pain_true	2226583	84405	1	5171	1	83400	5000	other	0
10	Pulse	30	2240000	97822	NA
10	Picture	white5_pain_true	2247768	105590	1	5171	1	104250	5000	other	0
10	Pulse	30	2260000	117822	NA
10	Picture	white6_pain_true	2268953	126775	1	5171	1	125100	5000	other	0
10	Pulse	30	2280000	137822	NA
10	Picture	white7_pain_true	2290138	147960	1	5171	1	145950	5000	other	0
10	Pulse	30	2300000	157822	NA
10	Picture	white8_pain_true	2311323	169145	1	5171	1	166800	5000	other	0
10	Pulse	30	2320000	177822	NA
10	Pulse	30	2340000	197822	NA
10	Pulse	30	2360000	217822	NA
10	Pulse	30	2380000	237822	NA
11	Pulse	30	2400000	8120	NA
11	Picture	latin1_pain_true	2412410	20530	1	5171	1	20530	5000	other	0
11	Pulse	30	2420000	28120	NA
11	Picture	latin2_pain_true	2433262	41381	1	5171	1	41060	5000	other	0
11	Pulse	30	2440000	48120	NA
11	Picture	latin3_pain_true	2454113	62233	1	5171	1	61590	5000	other	0
11	Pulse	30	2460000	68120	NA
11	Picture	latin4_pain_true	2474964	83084	1	5171	1	82120	5000	other	0
11	Pulse	30	2480000	88120	NA
11	Picture	latin5_pain_true	2495816	103935	1	5171	1	102650	5000	other	0
11	Pulse	30	2500000	108120	NA
11	Picture	latin6_pain_true	2516667	124787	1	5171	1	123180	5000	other	0
11	Pulse	30	2520000	128120	NA
11	Picture	latin7_pain_true	2537518	145638	1	5338	1	143710	5000	other	0
11	Pulse	30	2540000	148120	NA
11	Picture	latin8_pain_true	2558370	166490	1	5171	1	164240	5000	other	0
11	Pulse	30	2560000	168120	NA
11	Pulse	30	2580000	188120	NA
11	Pulse	30	2600000	208120	NA
11	Pulse	30	2620000	228120	NA
12	Pulse	30	2640000	1182	NA
12	Picture	white1_pain_false	2656788	17970	1	5171	1	17970	5000	other	0
12	Pulse	30	2660000	21182	NA
12	Picture	white2_pain_false	2675137	36319	1	5171	1	35940	5000	other	0
12	Pulse	30	2680000	41182	NA
12	Picture	white3_pain_false	2693487	54668	1	5171	1	53910	5000	other	0
12	Pulse	30	2700000	61182	NA
12	Picture	white4_pain_false	2711836	73018	1	5171	1	71880	5000	other	0
12	Pulse	30	2720000	81182	NA
12	Picture	white5_pain_false	2730185	91367	1	5171	1	89850	5000	other	0
12	Pulse	30	2740000	101182	NA
12	Picture	white6_pain_false	2748534	109716	1	5171	1	107820	5000	other	0
12	Pulse	30	2760000	121182	NA
12	Picture	white7_pain_false	2766883	128065	1	5171	1	125790	5000	other	0
12	Pulse	30	2780000	141182	NA
12	Picture	white8_pain_false	2785232	146414	1	5171	1	143760	5000	other	0
12	Pulse	30	2800000	161182	NA
12	Pulse	30	2820000	181182	NA
12	Pulse	30	2840000	201182	NA
12	Pulse	30	2860000	221182	NA
13	Pulse	30	2880000	14294	NA
13	Picture	asian1_pain_true	2882316	16610	1	5338	1	16610	5000	other	0
13	Picture	asian2_pain_true	2899331	33625	1	5171	1	33220	5000	other	0
13	Pulse	30	2900000	34294	NA
13	Picture	asian3_pain_true	2916346	50639	1	5171	1	49830	5000	other	0
13	Pulse	30	2920000	54294	NA
13	Picture	asian4_pain_true	2933361	67654	1	5171	1	66440	5000	other	0
13	Pulse	30	2940000	74294	NA
13	Picture	asian5_pain_true	2950375	84669	1	5171	1	83050	5000	other	0
13	Pulse	30	2960000	94294	NA
13	Picture	asian6_pain_true	2967390	101684	1	5171	1	99660	5000	other	0
13	Pulse	30	2980000	114294	NA
13	Picture	asian7_pain_true	2984405	118698	1	5171	1	116270	5000	other	0
13	Pulse	30	3000000	134294	NA
13	Picture	asian8_pain_true	3001419	135713	1	5171	1	132880	5000	other	0
13	Pulse	30	3020000	154294	NA
13	Pulse	30	3040000	174294	NA
13	Pulse	30	3060000	194294	NA
13	Pulse	30	3080000	214294	NA
14	Picture	question	3091831	10110	1	30192	2	10110	30000	other	0
14	Pulse	30	3100000	18279	NA
14	Pulse	30	3120000	38279	NA
14	Pulse	30	3140000	58279	NA
14	Pulse	30	3160000	78279	NA
14	Pulse	30	3180000	98279	NA
15	Pulse	30	3200000	2675	NA
15	Picture	black1_pain_false	3212435	15110	1	5171	1	15110	5000	other	0
15	Pulse	30	3220000	22675	NA
15	Picture	black2_pain_false	3227949	30623	1	5171	1	30220	5000	other	0
15	Pulse	30	3240000	42675	NA
15	Picture	black3_pain_false	3243462	46137	1	5171	1	45330	5000	other	0
15	Picture	black4_pain_false	3258975	61650	1	5171	1	60440	5000	other	0
15	Pulse	30	3260000	62675	NA
15	Picture	black5_pain_false	3274489	77164	1	5171	1	75550	5000	other	0
15	Pulse	30	3280000	82675	NA
15	Picture	black6_pain_false	3290002	92677	1	5171	1	90660	5000	other	0
15	Pulse	30	3300000	102675	NA
15	Picture	black7_pain_false	3305516	108191	1	5171	1	105770	5000	other	0
15	Pulse	30	3320000	122675	NA
15	Picture	black8_pain_false	3321029	123704	1	5171	1	120880	5000	other	0
15	Pulse	30	3340000	142675	NA
15	Pulse	30	3360000	162675	NA
15	Pulse	30	3380000	182675	NA
15	Pulse	30	3400000	202675	NA
16	Pulse	30	3420000	18448	NA
16	Picture	white1_pain_true	3424452	22900	1	5171	1	22900	5000	other	0
16	Pulse	30	3440000	38448	NA
16	Picture	white2_pain_true	3447639	46087	1	5171	1	45800	5000	other	0
16	Pulse	30	3460000	58448	NA
16	Picture	white3_pain_true	3470825	69273	1	5171	1	68700	5000	other	0
16	Pulse	30	3480000	78448	NA
16	Picture	white4_pain_true	3494012	92460	1	5171	1	91600	5000	other	0
16	Pulse	30	3500000	98448	NA
16	Picture	white5_pain_true	3517199	115647	1	5171	1	114500	5000	other	0
16	Pulse	30	3520000	118448	NA
16	Pulse	30	3540000	138448	NA
16	Picture	white6_pain_true	3540385	138834	1	5171	1	137400	5000	other	0
16	Pulse	30	3560000	158448	NA
16	Picture	white7_pain_true	3563572	162020	1	5171	1	160300	5000	other	0
16	Pulse	30	3580000	178448	NA
16	Picture	white8_pain_true	3586759	185207	1	5171	1	183200	5000	other	0
16	Pulse	30	3600000	198448	NA
16	Pulse	30	3620000	218448	NA
16	Pulse	30	3640000	238448	NA
16	Pulse	30	3660000	258448	NA
17	Pulse	30	3680000	12668	NA
17	Picture	white1_pain_false	3690182	22850	1	5171	1	22850	5000	other	0
17	Pulse	30	3700000	32668	NA
17	Picture	white2_pain_false	3713368	46037	1	5171	1	45700	5000	other	0
17	Pulse	30	3720000	52668	NA
17	Picture	white3_pain_false	3736555	69223	1	5171	1	68550	5000	other	0
17	Pulse	30	3740000	72668	NA
17	Picture	white4_pain_false	3759575	92243	1	5171	1	91400	5000	other	0
17	Pulse	30	3760000	92668	NA
17	Pulse	30	3780000	112668	NA
17	Picture	white5_pain_false	3782762	115430	1	5171	1	114250	5000	other	0
17	Pulse	30	3800000	132668	NA
17	Picture	white6_pain_false	3805948	138617	1	5171	1	137100	5000	other	0
17	Pulse	30	3820000	152668	NA
17	Picture	white7_pain_false	3829135	161803	1	5171	1	159950	5000	other	0
17	Pulse	30	3840000	172668	NA
17	Picture	white8_pain_false	3852322	184990	1	5171	1	182800	5000	other	0
17	Pulse	30	3860000	192668	NA
17	Pulse	30	3880000	212668	NA
17	Pulse	30	3900000	232668	NA
17	Pulse	30	3920000	252668	NA
18	Pulse	30	3940000	7170	NA
18	Picture	white1_pain_false	3950240	17410	1	5171	1	17410	5000	other	0
18	Pulse	30	3960000	27170	NA
18	Picture	white2_pain_false	3968088	35259	1	5171	1	34820	5000	other	0
18	Pulse	30	3980000	47170	NA
18	Picture	white3_pain_false	3985937	53108	1	5171	1	52230	5000	other	0
18	Pulse	30	4000000	67170	NA
18	Picture	white4_pain_false	4003786	70956	1	5171	1	69640	5000	other	0
18	Pulse	30	4020000	87170	NA
18	Picture	white5_pain_false	4021635	88805	1	5171	1	87050	5000	other	0
18	Picture	white6_pain_false	4039483	106654	1	5171	1	104460	5000	other	0
18	Pulse	30	4040000	107170	NA
18	Picture	white7_pain_false	4057332	124503	1	5171	1	121870	5000	other	0
18	Pulse	30	4060000	127170	NA
18	Picture	white8_pain_false	4074847	142018	1	5171	1	139280	5000	other	0
18	Pulse	30	4080000	147170	NA
18	Pulse	30	4100000	167170	NA
18	Pulse	30	4120000	187170	NA
18	Pulse	30	4140000	207170	NA
19	Pulse	30	4160000	4576	NA
19	Picture	white1_pain_true	4170764	15340	1	5171	1	15340	5000	other	0
19	Pulse	30	4180000	24576	NA
19	Picture	white2_pain_true	4186444	31020	1	5171	1	30680	5000	other	0
19	Pulse	30	4200000	44576	NA
19	Picture	white3_pain_true	4202124	46700	1	5171	1	46020	5000	other	0
19	Picture	white4_pain_true	4217804	62381	1	5171	1	61360	5000	other	0
19	Pulse	30	4220000	64576	NA
19	Picture	white5_pain_true	4233485	78061	1	5171	1	76700	5000	other	0
19	Pulse	30	4240000	84576	NA
19	Picture	white6_pain_true	4249165	93741	1	5171	2	92040	5000	other	0
19	Pulse	30	4260000	104576	NA
19	Picture	white7_pain_true	4264845	109421	1	5171	1	107380	5000	other	0
19	Pulse	30	4280000	124576	NA
19	Picture	white8_pain_true	4280525	125102	1	5171	1	122720	5000	other	0
19	Pulse	30	4300000	144576	NA
19	Pulse	30	4320000	164576	NA
19	Pulse	30	4340000	184576	NA
19	Pulse	30	4360000	204576	NA
20	Picture	question	4373439	12650	1	30192	1	12650	30000	other	0
20	Pulse	30	4380000	19211	NA
20	Pulse	30	4400000	39211	NA
20	Pulse	30	4420000	59211	NA
20	Pulse	30	4440000	79211	NA
20	Pulse	30	4460000	99211	NA
21	Pulse	30	4480000	938	NA
21	Picture	black1_pain_false	4496712	17650	1	5171	1	17650	5000	other	0
21	Pulse	30	4500000	20938	NA
21	Picture	black2_pain_false	4514728	35666	1	5171	1	35300	5000	other	0
21	Pulse	30	4520000	40938	NA
21	Picture	black3_pain_false	4532743	53681	1	5171	1	52950	5000	other	0
21	Pulse	30	4540000	60938	NA
21	Picture	black4_pain_false	4550759	71697	1	5672	1	70600	5000	other	0
21	Pulse	30	4560000	80938	NA
21	Picture	black5_pain_false	4568774	89712	1	5171	1	88250	5000	other	0
21	Pulse	30	4580000	100938	NA
21	Picture	black6_pain_false	4586790	107728	1	5171	1	105900	5000	other	0
21	Pulse	30	4600000	120938	NA
21	Picture	black7_pain_false	4604806	125743	1	5171	1	123550	5000	other	0
21	Pulse	30	4620000	140938	NA
21	Picture	black8_pain_false	4622821	143759	1	5171	1	141200	5000	other	0
21	Pulse	30	4640000	160938	NA
21	Pulse	30	4660000	180938	NA
21	Pulse	30	4680000	200938	NA
21	Pulse	30	4700000	220938	NA
22	Pulse	30	4720000	16693	NA
22	Picture	black1_pain_false	4725577	22270	1	5171	1	22270	5000	other	0
22	Pulse	30	4740000	36693	NA
22	Picture	black2_pain_false	4748263	44956	1	5171	1	44540	5000	other	0
22	Pulse	30	4760000	56693	NA
22	Picture	black3_pain_false	4770949	67643	1	5171	1	66810	5000	other	0
22	Pulse	30	4780000	76693	NA
22	Picture	black4_pain_false	4793635	90329	1	5338	1	89080	5000	other	0
22	Pulse	30	4800000	96693	NA
22	Picture	black5_pain_false	4816322	113015	1	5171	1	111350	5000	other	0
22	Pulse	30	4820000	116693	NA
22	Picture	black6_pain_false	4839008	135701	1	5171	1	133620	5000	other	0
22	Pulse	30	4840000	136693	NA
22	Pulse	30	4860000	156693	NA
22	Picture	black7_pain_false	4861694	158388	1	5338	1	155890	5000	other	0
22	Pulse	30	4880000	176693	NA
22	Picture	black8_pain_false	4884381	181074	1	5171	1	178160	5000	other	0
22	Pulse	30	4900000	196693	NA
22	Pulse	30	4920000	216693	NA
22	Pulse	30	4940000	236693	NA
22	Pulse	30	4960000	256693	NA
23	Pulse	30	4980000	15123	NA
23	Picture	white1_pain_false	4988137	23260	1	5171	1	23260	5000	other	0
23	Pulse	30	5000000	35123	NA
23	Picture	white2_pain_false	5011824	46947	1	5171	1	46520	5000	other	0
23	Pulse	30	5020000	55123	NA
23	Picture	white3_pain_false	5035511	70634	1	5171	1	69780	5000	other	0
23	Pulse	30	5040000	75123	NA
23	Picture	white4_pain_false	5059198	94321	1	5171	1	93040	5000	other	0
23	Pulse	30	5060000	95123	NA
23	Pulse	30	5080000	115123	NA
23	Picture	white5_pain_false	5082886	118009	1	5171	1	116300	5000	other	0
23	Pulse	30	5100000	135123	NA
23	Picture	white6_pain_false	5106573	141696	1	5171	1	139560	5000	other	0
23	Pulse	30	5120000	155123	NA
23	Picture	white7_pain_false	5130260	165383	1	5171	1	162820	5000	other	0
23	Pulse	30	5140000	175123	NA
23	Picture	white8_pain_false	5153613	188736	1	5171	1	186080	5000	other	0
23	Pulse	30	5160000	195123	NA
23	Pulse	30	5180000	215123	NA
23	Pulse	30	5200000	235123	NA
23	Pulse	30	5220000	255123	NA
23	Pulse	30	5240000	275123	NA
23	Pulse	30	5260000	295123	NA
23	Pulse	30	5280000	315123	NA
23	Pulse	30	5300000	335123	NA
23	Pulse	30	5320000	355123	NA
23	Pulse	30	5340000	375123	NA
23	Pulse	30	5360000	395123	NA
23	Pulse	30	5380000	415123	NA
23	Pulse	30	5400000	435123	NA
23	Pulse	30	5420000	455123	NA
23	Pulse	30	5440000	475123	NA
23	Pulse	30	5460000	495123	NA
23	Pulse	30	5480000	515123	NA
23	Pulse	30	5500000	535123	NA
23	Pulse	30	5520000	555123	NA
23	Pulse	30	5540000	575123	NA
23	Pulse	30	5560000	595123	NA
23	Pulse	30	5580000	615123	NA
23	Pulse	30	5600000	635123	NA
23	Pulse	30	5620000	655123	NA
23	Pulse	30	5640000	675123	NA
23	Pulse	30	5660000	695123	NA
23	Pulse	30	5680000	715123	NA
23	Pulse	30	5700000	735123	NA
23	Pulse	30	5720000	755123	NA
23	Pulse	30	5740000	775123	NA
24	Picture	start_experiment	5759637	0	1	5171	1	0	5000	other	0
24	Pulse	30	5760000	363	NA
24	Pulse	30	5780000	20363	NA
24	Pulse	30	5800000	40363	NA
24	Pulse	30	5820000	60363	NA
24	Pulse	30	5840000	80363	NA
25	Pulse	30	5860000	5025	NA
25	Picture	white1_pain_false	5873235	18260	1	5505	1	18260	5000	other	0
25	Pulse	30	5880000	25025	NA
25	Picture	white2_pain_false	5891918	36943	1	5171	1	36520	5000	other	0
25	Pulse	30	5900000	45025	NA
25	Picture	white3_pain_false	5910601	55626	1	5171	1	54780	5000	other	0
25	Pulse	30	5920000	65025	NA
25	Picture	white4_pain_false	5928950	73975	1	5171	1	73040	5000	other	0
25	Pulse	30	5940000	85025	NA
25	Picture	white5_pain_false	5947466	92491	1	5171	1	91300	5000	other	0
25	Pulse	30	5960000	105025	NA
25	Picture	white6_pain_false	5966316	111340	1	5171	1	109560	5000	other	0
25	Pulse	30	5980000	125025	NA
25	Picture	white7_pain_false	5984999	130023	1	5171	1	127820	5000	other	0
25	Pulse	30	6000000	145025	NA
25	Picture	white8_pain_false	6003681	148706	1	5171	1	146080	5000	other	0
25	Pulse	30	6020000	165025	NA
25	Pulse	30	6040000	185025	NA
25	Pulse	30	6060000	205025	NA
25	Pulse	30	6080000	225025	NA
26	Pulse	30	6100000	15844	NA
26	Picture	asian1_pain_true	6108606	24450	1	5171	1	24450	5000	other	0
26	Pulse	30	6120000	35844	NA
26	Picture	asian2_pain_true	6133460	49305	1	5171	1	48900	5000	other	0
26	Pulse	30	6140000	55844	NA
26	Picture	asian3_pain_true	6158315	74160	1	5171	1	73350	5000	other	0
26	Pulse	30	6160000	75844	NA
26	Pulse	30	6180000	95844	NA
26	Picture	asian4_pain_true	6183170	99014	1	5171	1	97800	5000	other	0
26	Pulse	30	6200000	115844	NA
26	Picture	asian5_pain_true	6208025	123869	1	5171	1	122250	5000	other	0
26	Pulse	30	6220000	135844	NA
26	Picture	asian6_pain_true	6232880	148724	1	5171	1	146700	5000	other	0
26	Pulse	30	6240000	155844	NA
26	Picture	asian7_pain_true	6257734	173579	1	5171	1	171150	5000	other	0
26	Pulse	30	6260000	175844	NA
26	Pulse	30	6280000	195844	NA
26	Picture	asian8_pain_true	6282589	198434	1	5171	1	195600	5000	other	0
26	Pulse	30	6300000	215844	NA
26	Pulse	30	6320000	235844	NA
26	Pulse	30	6340000	255844	NA
26	Pulse	30	6360000	275844	NA
27	Pulse	30	6380000	16812	NA
27	Picture	latin1_pain_false	6384678	21490	1	5171	1	21490	5000	other	0
27	Pulse	30	6400000	36812	NA
27	Picture	latin2_pain_false	6406530	43342	1	5171	1	42980	5000	other	0
27	Pulse	30	6420000	56812	NA
27	Picture	latin3_pain_false	6428215	65028	1	5171	1	64470	5000	other	0
27	Pulse	30	6440000	76812	NA
27	Picture	latin4_pain_false	6450067	86880	1	5171	1	85960	5000	other	0
27	Pulse	30	6460000	96812	NA
27	Picture	latin5_pain_false	6471920	108732	1	5171	1	107450	5000	other	0
27	Pulse	30	6480000	116812	NA
27	Picture	latin6_pain_false	6493772	130584	1	5171	1	128940	5000	other	0
27	Pulse	30	6500000	136812	NA
27	Picture	latin7_pain_false	6515624	152437	1	5171	1	150430	5000	other	0
27	Pulse	30	6520000	156812	NA
27	Picture	latin8_pain_false	6537476	174289	1	5171	1	171920	5000	other	0
27	Pulse	30	6540000	176812	NA
27	Pulse	30	6560000	196812	NA
27	Pulse	30	6580000	216812	NA
27	Pulse	30	6600000	236812	NA
28	Pulse	30	6620000	2051	NA
28	Picture	latin1_pain_false	6633559	15610	1	5171	1	15610	5000	other	0
28	Pulse	30	6640000	22051	NA
28	Picture	latin2_pain_false	6649573	31624	1	5171	1	31220	5000	other	0
28	Pulse	30	6660000	42051	NA
28	Picture	latin3_pain_false	6665587	47638	1	5171	1	46830	5000	other	0
28	Pulse	30	6680000	62051	NA
28	Picture	latin4_pain_false	6681601	63652	1	5171	1	62440	5000	other	0
28	Picture	latin5_pain_false	6697281	79332	1	5171	1	78050	5000	other	0
28	Pulse	30	6700000	82051	NA
28	Picture	latin6_pain_false	6713295	95346	1	5171	1	93660	5000	other	0
28	Pulse	30	6720000	102051	NA
28	Picture	latin7_pain_false	6729309	111359	1	5171	1	109270	5000	other	0
28	Pulse	30	6740000	122051	NA
28	Picture	latin8_pain_false	6745323	127373	1	5171	1	124880	5000	other	0
28	Pulse	30	6760000	142051	NA
28	Pulse	30	6780000	162051	NA
28	Pulse	30	6800000	182051	NA
28	Pulse	30	6820000	202051	NA
29	Pulse	30	6840000	14154	NA
29	Picture	white1_pain_true	6841406	15560	1	5171	1	15560	5000	other	0
29	Picture	white2_pain_true	6857253	31407	1	5171	1	31120	5000	other	0
29	Pulse	30	6860000	34154	NA
29	Picture	white3_pain_true	6873100	47254	1	5171	1	46680	5000	other	0
29	Pulse	30	6880000	54154	NA
29	Picture	white4_pain_true	6889114	63268	1	5338	1	62240	5000	other	0
29	Pulse	30	6900000	74154	NA
29	Picture	white5_pain_true	6905127	79282	1	5171	1	77800	5000	other	0
29	Pulse	30	6920000	94154	NA
29	Picture	white6_pain_true	6921141	95296	1	5171	1	93360	5000	other	0
29	Picture	white7_pain_true	6937155	111310	1	5171	1	108920	5000	other	0
29	Pulse	30	6940000	114154	NA
29	Picture	white8_pain_true	6953169	127323	1	5171	1	124480	5000	other	0
29	Pulse	30	6960000	134154	NA
29	Pulse	30	6980000	154154	NA
29	Pulse	30	7000000	174154	NA
29	Pulse	30	7020000	194154	NA
30	Pulse	30	7040000	6356	NA
30	Picture	asian1_pain_false	7055424	21780	1	5171	1	21780	5000	other	0
30	Pulse	30	7060000	26356	NA
30	Picture	asian2_pain_false	7077610	43966	1	5171	1	43560	5000	other	0
30	Pulse	30	7080000	46356	NA
30	Picture	asian3_pain_false	7099796	66152	1	5171	1	65340	5000	other	0
30	Pulse	30	7100000	66356	NA
30	Pulse	30	7120000	86356	NA
30	Picture	asian4_pain_false	7121982	88338	1	5171	2	87120	5000	other	0
30	Pulse	30	7140000	106356	NA
30	Picture	asian5_pain_false	7144167	110523	1	5171	1	108900	5000	other	0
30	Pulse	30	7160000	126356	NA
30	Picture	asian6_pain_false	7166353	132709	1	5338	1	130680	5000	other	0
30	Pulse	30	7180000	146356	NA
30	Picture	asian7_pain_false	7188539	154895	1	5171	1	152460	5000	other	0
30	Pulse	30	7200000	166356	NA
30	Picture	asian8_pain_false	7210725	177081	1	5171	1	174240	5000	other	0
30	Pulse	30	7220000	186356	NA
30	Pulse	30	7240000	206356	NA
30	Pulse	30	7260000	226356	NA
30	Pulse	30	7280000	246356	NA
31	Pulse	30	7300000	8815	NA
31	Picture	asian1_pain_true	7314815	23630	1	5171	1	23630	5000	other	0
31	Pulse	30	7320000	28815	NA
31	Picture	asian2_pain_true	7338836	47651	1	5171	1	47260	5000	other	0
31	Pulse	30	7340000	48815	NA
31	Pulse	30	7360000	68815	NA
31	Picture	asian3_pain_true	7362857	71672	1	5171	1	70890	5000	other	0
31	Pulse	30	7380000	88815	NA
31	Picture	asian4_pain_true	7386877	95692	1	5171	1	94520	5000	other	0
31	Pulse	30	7400000	108815	NA
31	Picture	asian5_pain_true	7410898	119713	1	5171	1	118150	5000	other	0
31	Pulse	30	7420000	128815	NA
31	Picture	asian6_pain_true	7434919	143734	1	5171	1	141780	5000	other	0
31	Pulse	30	7440000	148815	NA
31	Picture	asian7_pain_true	7458940	167755	1	5171	1	165410	5000	other	0
31	Pulse	30	7460000	168815	NA
31	Pulse	30	7480000	188815	NA
31	Picture	asian8_pain_true	7482960	191775	1	5171	1	189040	5000	other	0
31	Pulse	30	7500000	208815	NA
31	Pulse	30	7520000	228815	NA
31	Pulse	30	7540000	248815	NA
31	Pulse	30	7560000	268815	NA
32	Pulse	30	7580000	16551	NA
32	Picture	latin1_pain_true	7581879	18430	1	5171	1	18430	5000	other	0
32	Pulse	30	7600000	36551	NA
32	Picture	latin2_pain_true	7600729	37280	1	5171	1	36860	5000	other	0
32	Picture	latin3_pain_true	7619578	56129	1	5171	1	55290	5000	other	0
32	Pulse	30	7620000	56551	NA
32	Picture	latin4_pain_true	7638428	74979	1	5171	1	73720	5000	other	0
32	Pulse	30	7640000	76551	NA
32	Picture	latin5_pain_true	7657278	93829	1	5171	1	92150	5000	other	0
32	Pulse	30	7660000	96551	NA
32	Picture	latin6_pain_true	7676127	112678	1	5171	1	110580	5000	other	0
32	Pulse	30	7680000	116551	NA
32	Picture	latin7_pain_true	7694977	131528	1	5171	1	129010	5000	other	0
32	Pulse	30	7700000	136551	NA
32	Picture	latin8_pain_true	7713827	150377	1	5171	1	147440	5000	other	0
32	Pulse	30	7720000	156551	NA
32	Pulse	30	7740000	176551	NA
32	Pulse	30	7760000	196551	NA
32	Pulse	30	7780000	216551	NA
33	Pulse	30	7800000	5577	NA
33	Picture	asian1_pain_false	7810243	15820	1	5171	1	15820	5000	other	0
33	Pulse	30	7820000	25577	NA
33	Picture	asian2_pain_false	7826424	32001	1	5171	1	31640	5000	other	0
33	Pulse	30	7840000	45577	NA
33	Picture	asian3_pain_false	7842605	48181	1	5171	1	47460	5000	other	0
33	Picture	asian4_pain_false	7858785	64362	1	5171	1	63280	5000	other	0
33	Pulse	30	7860000	65577	NA
33	Picture	asian5_pain_false	7874966	80543	1	5171	1	79100	5000	other	0
33	Pulse	30	7880000	85577	NA
33	Picture	asian6_pain_false	7890813	96390	1	5171	1	94920	5000	other	0
33	Pulse	30	7900000	105577	NA
33	Picture	asian7_pain_false	7906994	112570	1	5171	1	110740	5000	other	0
33	Pulse	30	7920000	125577	NA
33	Picture	asian8_pain_false	7923174	128751	1	5171	1	126560	5000	other	0
33	Pulse	30	7940000	145577	NA
33	Pulse	30	7960000	165577	NA
33	Pulse	30	7980000	185577	NA
33	Pulse	30	8000000	205577	NA
34	Pulse	30	8020000	16231	NA
34	Picture	white1_pain_false	8021759	17990	1	5171	1	17990	5000	other	0
34	Pulse	30	8040000	36231	NA
34	Picture	white2_pain_false	8040109	36339	1	5171	1	35980	5000	other	0
34	Picture	white3_pain_false	8058458	54688	1	5171	1	53970	5000	other	0
34	Pulse	30	8060000	56231	NA
34	Picture	white4_pain_false	8076807	73038	1	5171	1	71960	5000	other	0
34	Pulse	30	8080000	76231	NA
34	Picture	white5_pain_false	8095156	91387	1	5171	1	89950	5000	other	0
34	Pulse	30	8100000	96231	NA
34	Picture	white6_pain_false	8113506	109736	1	5171	1	107940	5000	other	0
34	Pulse	30	8120000	116231	NA
34	Picture	white7_pain_false	8131855	128085	1	5171	1	125930	5000	other	0
34	Pulse	30	8140000	136231	NA
34	Picture	white8_pain_false	8150037	146268	1	5171	1	143920	5000	other	0
34	Pulse	30	8160000	156231	NA
34	Pulse	30	8180000	176231	NA
34	Pulse	30	8200000	196231	NA
34	Pulse	30	8220000	216231	NA
35	Pulse	30	8240000	9440	NA
35	Picture	asian1_pain_true	8253960	23400	1	5338	1	23400	5000	other	0
35	Pulse	30	8260000	29440	NA
35	Picture	asian2_pain_true	8277647	47087	1	5171	1	46800	5000	other	0
35	Pulse	30	8280000	49440	NA
35	Pulse	30	8300000	69440	NA
35	Picture	asian3_pain_true	8301335	70774	1	5171	1	70200	5000	other	0
35	Pulse	30	8320000	89440	NA
35	Picture	asian4_pain_true	8325188	94628	1	5171	1	93600	5000	other	0
35	Pulse	30	8340000	109440	NA
35	Picture	asian5_pain_true	8349042	118482	1	5171	1	117000	5000	other	0
35	Pulse	30	8360000	129440	NA
35	Picture	asian6_pain_true	8372730	142169	1	5171	1	140400	5000	other	0
35	Pulse	30	8380000	149440	NA
35	Picture	asian7_pain_true	8396417	165857	1	5171	1	163800	5000	other	0
35	Pulse	30	8400000	169440	NA
35	Pulse	30	8420000	189440	NA
35	Picture	asian8_pain_true	8420104	189544	1	5338	1	187200	5000	other	0
35	Pulse	30	8440000	209440	NA
35	Pulse	30	8460000	229440	NA
35	Pulse	30	8480000	249440	NA
35	Pulse	30	8500000	269440	NA
36	Picture	white1_pain_false	8519857	19020	1	5171	1	19020	5000	other	0
36	Pulse	30	8520000	19163	NA
36	Picture	white2_pain_false	8539207	38370	1	5171	1	38040	5000	other	0
36	Pulse	30	8540000	39163	NA
36	Picture	white3_pain_false	8558557	57720	1	5171	1	57060	5000	other	0
36	Pulse	30	8560000	59163	NA
36	Picture	white4_pain_false	8577907	77070	1	5171	1	76080	5000	other	0
36	Pulse	30	8580000	79163	NA
36	Picture	white5_pain_false	8597257	96420	1	5171	1	95100	5000	other	0
36	Pulse	30	8600000	99163	NA
36	Picture	white6_pain_false	8616607	115770	1	5171	1	114120	5000	other	0
36	Pulse	30	8620000	119163	NA
36	Picture	white7_pain_false	8635790	134954	1	5171	1	133140	5000	other	0
36	Pulse	30	8640000	139163	NA
36	Picture	white8_pain_false	8655140	154304	1	5171	1	152160	5000	other	0
36	Pulse	30	8660000	159163	NA
36	Pulse	30	8680000	179163	NA
36	Pulse	30	8700000	199163	NA
36	Pulse	30	8720000	219163	NA
37	Pulse	30	8740000	4344	NA
37	Picture	white1_pain_true	8757896	22240	1	5171	1	22240	5000	other	0
37	Pulse	30	8760000	24344	NA
37	Pulse	30	8780000	44344	NA
37	Picture	white2_pain_true	8780415	44759	1	5171	1	44480	5000	other	0
37	Pulse	30	8800000	64344	NA
37	Picture	white3_pain_true	8802934	67278	1	5338	1	66720	5000	other	0
37	Pulse	30	8820000	84344	NA
37	Picture	white4_pain_true	8825621	89965	1	5338	1	88960	5000	other	0
37	Pulse	30	8840000	104344	NA
37	Picture	white5_pain_true	8848307	112652	1	5171	1	111200	5000	other	0
37	Pulse	30	8860000	124344	NA
37	Picture	white6_pain_true	8870994	135338	1	5171	1	133440	5000	other	0
37	Pulse	30	8880000	144344	NA
37	Picture	white7_pain_true	8893680	158024	1	5338	1	155680	5000	other	0
37	Pulse	30	8900000	164344	NA
37	Picture	white8_pain_true	8916366	180710	1	5171	1	177920	5000	other	0
37	Pulse	30	8920000	184344	NA
37	Pulse	30	8940000	204344	NA
37	Pulse	30	8960000	224344	NA
37	Pulse	30	8980000	244344	NA
38	Pulse	30	9000000	3162	NA
38	Picture	white1_pain_false	9018788	21950	1	5171	1	21950	5000	other	0
38	Pulse	30	9020000	23162	NA
38	Pulse	30	9040000	43162	NA
38	Picture	white2_pain_false	9041141	44303	1	5171	1	43900	5000	other	0
38	Pulse	30	9060000	63162	NA
38	Picture	white3_pain_false	9063660	66822	1	5171	1	65850	5000	other	0
38	Pulse	30	9080000	83162	NA
38	Picture	white4_pain_false	9086013	89175	1	5171	1	87800	5000	other	0
38	Pulse	30	9100000	103162	NA
38	Picture	white5_pain_false	9108365	111527	1	5171	1	109750	5000	other	0
38	Pulse	30	9120000	123162	NA
38	Picture	white6_pain_false	9130718	133880	1	5171	1	131700	5000	other	0
38	Pulse	30	9140000	143162	NA
38	Picture	white7_pain_false	9153071	156233	1	5171	1	153650	5000	other	0
38	Pulse	30	9160000	163162	NA
38	Picture	white8_pain_false	9175424	178585	1	5171	1	175600	5000	other	0
38	Pulse	30	9180000	183162	NA
38	Pulse	30	9200000	203162	NA
38	Pulse	30	9220000	223162	NA
38	Pulse	30	9240000	243162	NA
39	Pulse	30	9260000	4129	NA
39	Pulse	30	9280000	24129	NA
39	Picture	asian1_pain_true	9280181	24310	1	5171	1	24310	5000	other	0
39	Pulse	30	9300000	44129	NA
39	Picture	asian2_pain_true	9304869	48998	1	5171	1	48620	5000	other	0
39	Pulse	30	9320000	64129	NA
39	Picture	asian3_pain_true	9329557	73686	1	5171	1	72930	5000	other	0
39	Pulse	30	9340000	84129	NA
39	Picture	asian4_pain_true	9354245	98374	1	5171	1	97240	5000	other	0
39	Pulse	30	9360000	104129	NA
39	Picture	asian5_pain_true	9378933	123062	1	5171	1	121550	5000	other	0
39	Pulse	30	9380000	124129	NA
39	Pulse	30	9400000	144129	NA
39	Picture	asian6_pain_true	9403621	147750	1	5171	1	145860	5000	other	0
39	Pulse	30	9420000	164129	NA
39	Picture	asian7_pain_true	9428309	172438	1	5171	1	170170	5000	other	0
39	Pulse	30	9440000	184129	NA
39	Picture	asian8_pain_true	9452997	197126	1	5171	1	194480	5000	other	0
39	Pulse	30	9460000	204129	NA
39	Pulse	30	9480000	224129	NA
39	Pulse	30	9500000	244129	NA
39	Pulse	30	9520000	264129	NA
40	Pulse	30	9540000	6674	NA
40	Picture	question	9548746	15420	1	30193	1	15420	30000	other	0
40	Pulse	30	9560000	26674	NA
40	Pulse	30	9580000	46674	NA
40	Pulse	30	9600000	66674	NA
40	Pulse	30	9620000	86674	NA
40	Pulse	30	9640000	106674	NA
41	Pulse	30	9660000	5732	NA
41	Picture	latin1_pain_false	9674688	20420	1	5171	1	20420	5000	other	0
41	Pulse	30	9680000	25732	NA
41	Picture	latin2_pain_false	9695540	41271	1	5171	1	40840	5000	other	0
41	Pulse	30	9700000	45732	NA
41	Picture	latin3_pain_false	9716058	61789	1	5171	1	61260	5000	other	0
41	Pulse	30	9720000	65732	NA
41	Picture	latin4_pain_false	9736909	82640	1	5171	1	81680	5000	other	0
41	Pulse	30	9740000	85732	NA
41	Picture	latin5_pain_false	9757760	103492	1	5338	1	102100	5000	other	0
41	Pulse	30	9760000	105732	NA
41	Picture	latin6_pain_false	9778445	124176	1	5171	1	122520	5000	other	0
41	Pulse	30	9780000	125732	NA
41	Picture	latin7_pain_false	9799296	145028	1	5505	1	142940	5000	other	0
41	Pulse	30	9800000	145732	NA
41	Pulse	30	9820000	165732	NA
41	Picture	latin8_pain_false	9820147	165879	1	5171	1	163360	5000	other	0
41	Pulse	30	9840000	185732	NA
41	Pulse	30	9860000	205732	NA
41	Pulse	30	9880000	225732	NA
41	Pulse	30	9900000	245732	NA
42	Picture	asian1_pain_false	9918232	17590	1	5171	1	17590	5000	other	0
42	Pulse	30	9920000	19358	NA
42	Picture	asian2_pain_false	9936248	35606	1	5171	1	35180	5000	other	0
42	Pulse	30	9940000	39358	NA
42	Picture	asian3_pain_false	9954263	53621	1	5171	1	52770	5000	other	0
42	Pulse	30	9960000	59358	NA
42	Picture	asian4_pain_false	9972279	71637	1	5171	1	70360	5000	other	0
42	Pulse	30	9980000	79358	NA
42	Picture	asian5_pain_false	9990295	89652	1	5171	1	87950	5000	other	0
42	Pulse	30	10000000	99358	NA
42	Picture	asian6_pain_false	10008310	107668	1	5171	1	105540	5000	other	0
42	Pulse	30	10020000	119358	NA
42	Picture	asian7_pain_false	10026326	125684	1	5171	1	123130	5000	other	0
42	Pulse	30	10040000	139358	NA
42	Picture	asian8_pain_false	10044341	143699	1	5171	1	140720	5000	other	0
42	Pulse	30	10060000	159358	NA
42	Pulse	30	10080000	179358	NA
42	Pulse	30	10100000	199358	NA
42	Pulse	30	10120000	219358	NA
43	Pulse	30	10140000	15190	NA
43	Picture	white1_pain_true	10146430	21620	1	5171	1	21620	5000	other	0
43	Pulse	30	10160000	35190	NA
43	Picture	white2_pain_true	10168449	43639	1	5171	1	43240	5000	other	0
43	Pulse	30	10180000	55190	NA
43	Picture	white3_pain_true	10190468	65658	1	5171	1	64860	5000	other	0
43	Pulse	30	10200000	75190	NA
43	Picture	white4_pain_true	10212487	87677	1	5171	1	86480	5000	other	0
43	Pulse	30	10220000	95190	NA
43	Picture	white5_pain_true	10234506	109696	1	5171	1	108100	5000	other	0
43	Pulse	30	10240000	115190	NA
43	Picture	white6_pain_true	10256525	131715	1	5672	1	129720	5000	other	0
43	Pulse	30	10260000	135190	NA
43	Picture	white7_pain_true	10278544	153734	1	5171	1	151340	5000	other	0
43	Pulse	30	10280000	155190	NA
43	Pulse	30	10300000	175190	NA
43	Picture	white8_pain_true	10300563	175753	1	5171	1	172960	5000	other	0
43	Pulse	30	10320000	195190	NA
43	Pulse	30	10340000	215190	NA
43	Pulse	30	10360000	235190	NA
43	Pulse	30	10380000	255190	NA
44	Pulse	30	10400000	18950	NA
44	Picture	asian1_pain_true	10401150	20100	1	5171	1	20100	5000	other	0
44	Pulse	30	10420000	38950	NA
44	Picture	asian2_pain_true	10421668	40618	1	5171	1	40200	5000	other	0
44	Pulse	30	10440000	58950	NA
44	Picture	asian3_pain_true	10442185	61136	1	5171	1	60300	5000	other	0
44	Pulse	30	10460000	78950	NA
44	Picture	asian4_pain_true	10462703	81653	1	5171	1	80400	5000	other	0
44	Pulse	30	10480000	98950	NA
44	Picture	asian5_pain_true	10483221	102171	1	5171	1	100500	5000	other	0
44	Pulse	30	10500000	118950	NA
44	Picture	asian6_pain_true	10503738	122689	1	5171	1	120600	5000	other	0
44	Pulse	30	10520000	138950	NA
44	Picture	asian7_pain_true	10524256	143206	1	5171	1	140700	5000	other	0
44	Pulse	30	10540000	158950	NA
44	Picture	asian8_pain_true	10544774	163724	1	5171	1	160800	5000	other	0
44	Pulse	30	10560000	178950	NA
44	Pulse	30	10580000	198950	NA
44	Pulse	30	10600000	218950	NA
44	Pulse	30	10620000	238950	NA
44	Pulse	30	10640000	258950	NA
44	Pulse	30	10660000	278950	NA
44	Pulse	30	10680000	298950	NA
44	Pulse	30	10700000	318950	NA
44	Pulse	30	10720000	338950	NA
44	Pulse	30	10740000	358950	NA
44	Pulse	30	10760000	378950	NA
44	Pulse	30	10780000	398950	NA
44	Pulse	30	10800000	418950	NA
44	Pulse	30	10820000	438950	NA
44	Pulse	30	10840000	458950	NA
44	Pulse	30	10860000	478950	NA
44	Pulse	30	10880000	498950	NA
44	Pulse	30	10900000	518950	NA
44	Pulse	30	10920000	538950	NA
44	Pulse	30	10940000	558950	NA
44	Pulse	30	10960000	578950	NA
44	Pulse	30	10980000	598950	NA
44	Pulse	30	11000000	618950	NA
44	Pulse	30	11020000	638950	NA
44	Pulse	30	11040000	658950	NA
44	Pulse	30	11060000	678950	NA
44	Pulse	30	11080000	698950	NA
44	Pulse	30	11100000	718950	NA
44	Pulse	30	11120000	738950	NA
44	Pulse	30	11140000	758950	NA
45	Picture	start_experiment	11150631	0	1	5171	1	0	5000	other	0
45	Pulse	30	11160000	9369	NA
45	Pulse	30	11180000	29369	NA
45	Pulse	30	11200000	49369	NA
45	Pulse	30	11220000	69369	NA
45	Pulse	30	11240000	89369	NA
46	Pulse	30	11260000	13956	NA
46	Picture	white1_pain_false	11262394	16350	1	5171	1	16350	5000	other	0
46	Picture	white2_pain_false	11279075	33031	1	5171	1	32700	5000	other	0
46	Pulse	30	11280000	33956	NA
46	Picture	white3_pain_false	11295590	49545	1	5171	1	49050	5000	other	0
46	Pulse	30	11300000	53956	NA
46	Picture	white4_pain_false	11312271	66226	1	5171	1	65400	5000	other	0
46	Pulse	30	11320000	73956	NA
46	Picture	white5_pain_false	11328952	82908	1	5171	1	81750	5000	other	0
46	Pulse	30	11340000	93956	NA
46	Picture	white6_pain_false	11345633	99589	1	5171	1	98100	5000	other	0
46	Pulse	30	11360000	113956	NA
46	Picture	white7_pain_false	11362314	116270	1	5171	1	114450	5000	other	0
46	Picture	white8_pain_false	11378995	132951	1	5171	1	130800	5000	other	0
46	Pulse	30	11380000	133956	NA
46	Pulse	30	11400000	153956	NA
46	Pulse	30	11420000	173956	NA
46	Pulse	30	11440000	193956	NA
47	Pulse	30	11460000	550	NA
47	Pulse	30	11480000	20550	NA
47	Picture	white1_pain_false	11480750	21300	1	5171	1	21300	5000	other	0
47	Pulse	30	11500000	40550	NA
47	Picture	white2_pain_false	11502435	42985	1	5171	1	42600	5000	other	0
47	Pulse	30	11520000	60550	NA
47	Picture	white3_pain_false	11524121	64671	1	5171	1	63900	5000	other	0
47	Pulse	30	11540000	80550	NA
47	Picture	white4_pain_false	11545806	86356	1	5171	1	85200	5000	other	0
47	Pulse	30	11560000	100550	NA
47	Picture	white5_pain_false	11567491	108042	1	5171	1	106500	5000	other	0
47	Pulse	30	11580000	120550	NA
47	Picture	white6_pain_false	11589177	129727	1	5171	1	127800	5000	other	0
47	Pulse	30	11600000	140550	NA
47	Picture	white7_pain_false	11610862	151412	1	5171	1	149100	5000	other	0
47	Pulse	30	11620000	160550	NA
47	Picture	white8_pain_false	11632548	173098	1	5171	1	170400	5000	other	0
47	Pulse	30	11640000	180550	NA
47	Pulse	30	11660000	200550	NA
47	Pulse	30	11680000	220550	NA
47	Pulse	30	11700000	240550	NA
48	Pulse	30	11720000	6929	NA
48	Picture	black1_pain_false	11732801	19730	1	5171	1	19730	5000	other	0
48	Pulse	30	11740000	26929	NA
48	Picture	black2_pain_false	11752818	39747	1	5171	1	39460	5000	other	0
48	Pulse	30	11760000	46929	NA
48	Picture	black3_pain_false	11772836	59765	1	5338	1	59190	5000	other	0
48	Pulse	30	11780000	66929	NA
48	Picture	black4_pain_false	11792853	79782	1	5171	1	78920	5000	other	0
48	Pulse	30	11800000	86929	NA
48	Picture	black5_pain_false	11812870	99799	1	5171	1	98650	5000	other	0
48	Pulse	30	11820000	106929	NA
48	Picture	black6_pain_false	11832887	119817	1	5338	1	118380	5000	other	0
48	Pulse	30	11840000	126929	NA
48	Picture	black7_pain_false	11852905	139834	1	5171	1	138110	5000	other	0
48	Pulse	30	11860000	146929	NA
48	Picture	black8_pain_false	11872755	159684	1	5171	1	157840	5000	other	0
48	Pulse	30	11880000	166929	NA
48	Pulse	30	11900000	186929	NA
48	Pulse	30	11920000	206929	NA
48	Pulse	30	11940000	226929	NA
49	Pulse	30	11960000	6738	NA
49	Picture	asian1_pain_false	11972842	19580	1	5171	1	19580	5000	other	0
49	Pulse	30	11980000	26738	NA
49	Picture	asian2_pain_false	11992692	39431	1	5171	1	39160	5000	other	0
49	Pulse	30	12000000	46738	NA
49	Picture	asian3_pain_false	12012543	59281	1	5171	1	58740	5000	other	0
49	Pulse	30	12020000	66738	NA
49	Picture	asian4_pain_false	12032560	79298	1	5171	1	78320	5000	other	0
49	Pulse	30	12040000	86738	NA
49	Picture	asian5_pain_false	12052577	99316	1	5171	1	97900	5000	other	0
49	Pulse	30	12060000	106738	NA
49	Picture	asian6_pain_false	12072595	119333	1	5004	1	117480	5000	other	0
49	Pulse	30	12080000	126738	NA
49	Picture	asian7_pain_false	12092612	139350	1	5171	1	137060	5000	other	0
49	Pulse	30	12100000	146738	NA
49	Picture	asian8_pain_false	12112629	159368	1	5171	1	156640	5000	other	0
49	Pulse	30	12120000	166738	NA
49	Pulse	30	12140000	186738	NA
49	Pulse	30	12160000	206738	NA
49	Pulse	30	12180000	226738	NA
50	Pulse	30	12200000	6858	NA
50	Picture	white1_pain_false	12212382	19240	1	5171	1	19240	5000	other	0
50	Pulse	30	12220000	26858	NA
50	Picture	white2_pain_false	12231899	38757	1	5171	1	38480	5000	other	0
50	Pulse	30	12240000	46858	NA
50	Picture	white3_pain_false	12251416	58274	1	5171	1	57720	5000	other	0
50	Pulse	30	12260000	66858	NA
50	Picture	white4_pain_false	12270766	77624	1	5171	1	76960	5000	other	0
50	Pulse	30	12280000	86858	NA
50	Picture	white5_pain_false	12290450	97307	1	5171	1	96200	5000	other	0
50	Pulse	30	12300000	106858	NA
50	Picture	white6_pain_false	12310133	116991	1	5171	1	115440	5000	other	0
50	Pulse	30	12320000	126858	NA
50	Picture	white7_pain_false	12329483	136341	1	5171	1	134680	5000	other	0
50	Pulse	30	12340000	146858	NA
50	Picture	white8_pain_false	12349167	156025	1	5171	1	153920	5000	other	0
50	Pulse	30	12360000	166858	NA
50	Pulse	30	12380000	186858	NA
50	Pulse	30	12400000	206858	NA
50	Pulse	30	12420000	226858	NA
51	Pulse	30	12440000	10269	NA
51	Picture	white1_pain_false	12453591	23860	1	5171	1	23860	5000	other	0
51	Pulse	30	12460000	30269	NA
51	Picture	white2_pain_false	12477778	48048	1	5171	1	47720	5000	other	0
51	Pulse	30	12480000	50269	NA
51	Pulse	30	12500000	70269	NA
51	Picture	white3_pain_false	12501966	72235	1	5171	1	71580	5000	other	0
51	Pulse	30	12520000	90269	NA
51	Picture	white4_pain_false	12526153	96423	1	5338	1	95440	5000	other	0
51	Pulse	30	12540000	110269	NA
51	Picture	white5_pain_false	12550341	120610	1	5672	1	119300	5000	other	0
51	Pulse	30	12560000	130269	NA
51	Picture	white6_pain_false	12574862	145131	1	5171	1	143160	5000	other	0
51	Pulse	30	12580000	150269	NA
51	Picture	white7_pain_false	12599217	169486	1	5171	1	167020	5000	other	0
51	Pulse	30	12600000	170269	NA
51	Pulse	30	12620000	190269	NA
51	Picture	white8_pain_false	12623404	193674	1	5171	1	190880	5000	other	0
51	Pulse	30	12640000	210269	NA
51	Pulse	30	12660000	230269	NA
51	Pulse	30	12680000	250269	NA
51	Pulse	30	12700000	270269	NA
52	Pulse	30	12720000	15984	NA
52	Picture	asian1_pain_false	12725326	21310	1	5171	1	21310	5000	other	0
52	Pulse	30	12740000	35984	NA
52	Picture	asian2_pain_false	12747011	42996	1	5171	1	42620	5000	other	0
52	Pulse	30	12760000	55984	NA
52	Picture	asian3_pain_false	12768696	64681	1	5171	1	63930	5000	other	0
52	Pulse	30	12780000	75984	NA
52	Picture	asian4_pain_false	12790382	86366	1	5171	2	85240	5000	other	0
52	Pulse	30	12800000	95984	NA
52	Picture	asian5_pain_false	12812067	108052	1	5171	1	106550	5000	other	0
52	Pulse	30	12820000	115984	NA
52	Picture	asian6_pain_false	12833753	129737	1	5171	1	127860	5000	other	0
52	Pulse	30	12840000	135984	NA
52	Picture	asian7_pain_false	12855271	151256	1	5171	1	149170	5000	other	0
52	Pulse	30	12860000	155984	NA
52	Picture	asian8_pain_false	12876957	172941	1	5171	2	170480	5000	other	0
52	Pulse	30	12880000	175984	NA
52	Pulse	30	12900000	195984	NA
52	Pulse	30	12920000	215984	NA
52	Pulse	30	12940000	235984	NA
53	Pulse	30	12960000	2482	NA
53	Picture	white1_pain_false	12978378	20860	1	5171	1	20860	5000	other	0
53	Pulse	30	12980000	22482	NA
53	Picture	white2_pain_false	12999563	42045	1	5171	1	41720	5000	other	0
53	Pulse	30	13000000	42482	NA
53	Pulse	30	13020000	62482	NA
53	Picture	white3_pain_false	13020747	63229	1	5172	2	62580	5000	other	0
53	Pulse	30	13040000	82482	NA
53	Picture	white4_pain_false	13042099	84582	1	5171	1	83440	5000	other	0
53	Pulse	30	13060000	102482	NA
53	Picture	white5_pain_false	13063451	105934	1	5171	1	104300	5000	other	0
53	Pulse	30	13080000	122482	NA
53	Picture	white6_pain_false	13084636	127119	1	5171	1	125160	5000	other	0
53	Pulse	30	13100000	142482	NA
53	Picture	white7_pain_false	13105988	148470	1	5171	1	146020	5000	other	0
53	Pulse	30	13120000	162482	NA
53	Picture	white8_pain_false	13127173	169655	1	5171	1	166880	5000	other	0
53	Pulse	30	13140000	182482	NA
53	Pulse	30	13160000	202482	NA
53	Pulse	30	13180000	222482	NA
53	Pulse	30	13200000	242482	NA
54	Pulse	30	13220000	12543	NA
54	Picture	question	13224257	16800	1	30193	1	16800	30000	other	0
54	Pulse	30	13240000	32543	NA
54	Pulse	30	13260000	52543	NA
54	Pulse	30	13280000	72543	NA
54	Pulse	30	13300000	92543	NA
54	Pulse	30	13320000	112543	NA
55	Pulse	30	13340000	10266	NA
55	Picture	white1_pain_false	13351534	21800	1	5171	1	21800	5000	other	0
55	Pulse	30	13360000	30266	NA
55	Picture	white2_pain_false	13373719	43986	1	5171	1	43600	5000	other	0
55	Pulse	30	13380000	50266	NA
55	Picture	white3_pain_false	13395905	66172	1	5171	1	65400	5000	other	0
55	Pulse	30	13400000	70266	NA
55	Picture	white4_pain_false	13418091	88358	1	5171	1	87200	5000	other	0
55	Pulse	30	13420000	90266	NA
55	Pulse	30	13440000	110266	NA
55	Picture	white5_pain_false	13440277	110543	1	5171	1	109000	5000	other	0
55	Pulse	30	13460000	130266	NA
55	Picture	white6_pain_false	13462129	132396	1	5171	1	130800	5000	other	0
55	Pulse	30	13480000	150266	NA
55	Picture	white7_pain_false	13483982	154248	1	5171	1	152600	5000	other	0
55	Pulse	30	13500000	170266	NA
55	Picture	white8_pain_false	13506167	176434	1	5171	1	174400	5000	other	0
55	Pulse	30	13520000	190266	NA
55	Pulse	30	13540000	210266	NA
55	Pulse	30	13560000	230266	NA
55	Pulse	30	13580000	250266	NA
56	Pulse	30	13600000	13369	NA
56	Picture	white1_pain_true	13610591	23960	1	5171	1	23960	5000	other	0
56	Pulse	30	13620000	33369	NA
56	Picture	white2_pain_true	13634945	48314	1	5171	1	47920	5000	other	0
56	Pulse	30	13640000	53369	NA
56	Picture	white3_pain_true	13659300	72669	1	5171	1	71880	5000	other	0
56	Pulse	30	13660000	73369	NA
56	Pulse	30	13680000	93369	NA
56	Picture	white4_pain_true	13683654	97023	1	5171	1	95840	5000	other	0
56	Pulse	30	13700000	113369	NA
56	Picture	white5_pain_true	13708008	121378	1	5171	1	119800	5000	other	0
56	Pulse	30	13720000	133369	NA
56	Picture	white6_pain_true	13732363	145732	1	5171	1	143760	5000	other	0
56	Pulse	30	13740000	153369	NA
56	Picture	white7_pain_true	13756717	170086	1	5171	1	167720	5000	other	0
56	Pulse	30	13760000	173369	NA
56	Pulse	30	13780000	193369	NA
56	Picture	white8_pain_true	13781072	194441	1	5171	1	191680	5000	other	0
56	Pulse	30	13800000	213369	NA
56	Pulse	30	13820000	233369	NA
56	Pulse	30	13840000	253369	NA
56	Pulse	30	13860000	273369	NA
57	Pulse	30	13880000	18363	NA
57	Picture	asian1_pain_true	13883327	21690	1	5171	1	21690	5000	other	0
57	Pulse	30	13900000	38363	NA
57	Picture	asian2_pain_true	13905346	43709	1	5171	1	43380	5000	other	0
57	Pulse	30	13920000	58363	NA
57	Picture	asian3_pain_true	13927365	65728	1	5171	1	65070	5000	other	0
57	Pulse	30	13940000	78363	NA
57	Picture	asian4_pain_true	13949384	87747	1	5171	1	86760	5000	other	0
57	Pulse	30	13960000	98363	NA
57	Picture	asian5_pain_true	13971403	109766	1	5171	1	108450	5000	other	0
57	Pulse	30	13980000	118363	NA
57	Picture	asian6_pain_true	13993422	131785	1	5171	1	130140	5000	other	0
57	Pulse	30	14000000	138363	NA
57	Picture	asian7_pain_true	14015441	153804	1	5171	1	151830	5000	other	0
57	Pulse	30	14020000	158363	NA
57	Picture	asian8_pain_true	14037460	175823	1	5171	1	173520	5000	other	0
57	Pulse	30	14040000	178363	NA
57	Pulse	30	14060000	198363	NA
57	Pulse	30	14080000	218363	NA
57	Pulse	30	14100000	238363	NA
58	Pulse	30	14120000	1929	NA
58	Picture	black1_pain_false	14139381	21310	1	5171	1	21310	5000	other	0
58	Pulse	30	14140000	21929	NA
58	Pulse	30	14160000	41929	NA
58	Picture	black2_pain_false	14161067	42995	1	5171	1	42620	5000	other	0
58	Pulse	30	14180000	61929	NA
58	Picture	black3_pain_false	14182752	64681	1	5171	1	63930	5000	other	0
58	Pulse	30	14200000	81929	NA
58	Picture	black4_pain_false	14204438	86366	1	5171	1	85240	5000	other	0
58	Pulse	30	14220000	101929	NA
58	Picture	black5_pain_false	14226123	108052	1	5171	1	106550	5000	other	0
58	Pulse	30	14240000	121929	NA
58	Picture	black6_pain_false	14247808	129737	1	5171	1	127860	5000	other	0
58	Pulse	30	14260000	141929	NA
58	Picture	black7_pain_false	14269494	151423	1	5171	1	149170	5000	other	0
58	Pulse	30	14280000	161929	NA
58	Picture	black8_pain_false	14291179	173108	1	5171	1	170480	5000	other	0
58	Pulse	30	14300000	181929	NA
58	Pulse	30	14320000	201929	NA
58	Pulse	30	14340000	221929	NA
58	Pulse	30	14360000	241929	NA
59	Pulse	30	14380000	8301	NA
59	Picture	asian1_pain_true	14394769	23070	1	5171	1	23070	5000	other	0
59	Pulse	30	14400000	28301	NA
59	Picture	asian2_pain_true	14417956	46257	1	5171	1	46140	5000	other	0
59	Pulse	30	14420000	48301	NA
59	Pulse	30	14440000	68301	NA
59	Picture	asian3_pain_true	14441309	69610	1	5172	1	69210	5000	other	0
59	Pulse	30	14460000	88301	NA
59	Picture	asian4_pain_true	14464829	93131	1	5171	1	92280	5000	other	0
59	Pulse	30	14480000	108301	NA
59	Picture	asian5_pain_true	14488350	116651	1	5171	1	115350	5000	other	0
59	Pulse	30	14500000	128301	NA
59	Picture	asian6_pain_true	14511870	140171	1	5171	1	138420	5000	other	0
59	Pulse	30	14520000	148301	NA
59	Picture	asian7_pain_true	14535390	163692	1	5338	1	161490	5000	other	0
59	Pulse	30	14540000	168301	NA
59	Picture	asian8_pain_true	14558911	187212	1	5171	1	184560	5000	other	0
59	Pulse	30	14560000	188301	NA
59	Pulse	30	14580000	208301	NA
59	Pulse	30	14600000	228301	NA
59	Pulse	30	14620000	248301	NA
60	Pulse	30	14640000	563	NA
60	Pulse	30	14660000	20563	NA
60	Picture	black1_pain_true	14663167	23730	1	5171	1	23730	5000	other	0
60	Pulse	30	14680000	40563	NA
60	Picture	black2_pain_true	14687188	47751	1	5171	1	47460	5000	other	0
60	Pulse	30	14700000	60563	NA
60	Picture	black3_pain_true	14711209	71772	1	5171	1	71190	5000	other	0
60	Pulse	30	14720000	80563	NA
60	Picture	black4_pain_true	14735230	95792	1	5171	1	94920	5000	other	0
60	Pulse	30	14740000	100563	NA
60	Picture	black5_pain_true	14759251	119813	1	5171	1	118650	5000	other	0
60	Pulse	30	14760000	120563	NA
60	Pulse	30	14780000	140563	NA
60	Picture	black6_pain_true	14783271	143834	1	5171	1	142380	5000	other	0
60	Pulse	30	14800000	160563	NA
60	Picture	black7_pain_true	14807459	168021	1	5171	1	166110	5000	other	0
60	Pulse	30	14820000	180563	NA
60	Picture	black8_pain_true	14831647	192209	1	5171	1	189840	5000	other	0
60	Pulse	30	14840000	200563	NA
60	Pulse	30	14860000	220563	NA
60	Pulse	30	14880000	240563	NA
60	Pulse	30	14900000	260563	NA
61	Pulse	30	14920000	7867	NA
61	Picture	white1_pain_true	14927563	15430	1	5171	1	15430	5000	other	0
61	Pulse	30	14940000	27867	NA
61	Picture	white2_pain_true	14943410	31277	1	5171	1	30860	5000	other	0
61	Picture	white3_pain_true	14959257	47124	1	5171	1	46290	5000	other	0
61	Pulse	30	14960000	47867	NA
61	Picture	white4_pain_true	14975104	62971	1	5171	1	61720	5000	other	0
61	Pulse	30	14980000	67867	NA
61	Picture	white5_pain_true	14990951	78818	1	5171	1	77150	5000	other	0
61	Pulse	30	15000000	87867	NA
61	Picture	white6_pain_true	15006798	94665	1	5171	1	92580	5000	other	0
61	Pulse	30	15020000	107867	NA
61	Picture	white7_pain_true	15022645	110512	1	5171	1	108010	5000	other	0
61	Picture	white8_pain_true	15038492	126359	1	5171	1	123440	5000	other	0
61	Pulse	30	15040000	127867	NA
61	Pulse	30	15060000	147867	NA
61	Pulse	30	15080000	167867	NA
61	Pulse	30	15100000	187867	NA
62	Pulse	30	15120000	987	NA
62	Picture	white1_pain_false	15136243	17230	1	5171	1	17230	5000	other	0
62	Pulse	30	15140000	20987	NA
62	Picture	white2_pain_false	15153758	34745	1	5171	1	34460	5000	other	0
62	Pulse	30	15160000	40987	NA
62	Picture	white3_pain_false	15171273	52260	1	5171	1	51690	5000	other	0
62	Pulse	30	15180000	60987	NA
62	Picture	white4_pain_false	15188789	69775	1	5171	1	68920	5000	other	0
62	Pulse	30	15200000	80987	NA
62	Picture	white5_pain_false	15206471	87457	1	5171	1	86150	5000	other	0
62	Pulse	30	15220000	100987	NA
62	Picture	white6_pain_false	15223819	104806	1	5171	1	103380	5000	other	0
62	Pulse	30	15240000	120987	NA
62	Picture	white7_pain_false	15241501	122488	1	5171	1	120610	5000	other	0
62	Picture	white8_pain_false	15258849	139836	1	5171	1	137840	5000	other	0
62	Pulse	30	15260000	140987	NA
62	Pulse	30	15280000	160987	NA
62	Pulse	30	15300000	180987	NA
62	Pulse	30	15320000	200987	NA
63	Pulse	30	15340000	587	NA
63	Pulse	30	15360000	20587	NA
63	Picture	white1_pain_false	15360103	20690	1	5171	1	20690	5000	other	0
63	Pulse	30	15380000	40587	NA
63	Picture	white2_pain_false	15380955	41541	1	5171	1	41380	5000	other	0
63	Pulse	30	15400000	60587	NA
63	Picture	white3_pain_false	15401973	62560	1	5171	1	62070	5000	other	0
63	Pulse	30	15420000	80587	NA
63	Picture	white4_pain_false	15422991	83578	1	5171	1	82760	5000	other	0
63	Pulse	30	15440000	100587	NA
63	Picture	white5_pain_false	15444009	104596	1	5171	1	103450	5000	other	0
63	Pulse	30	15460000	120587	NA
63	Picture	white6_pain_false	15465027	125614	1	5171	1	124140	5000	other	0
63	Pulse	30	15480000	140587	NA
63	Picture	white7_pain_false	15486046	146632	1	5171	1	144830	5000	other	0
63	Pulse	30	15500000	160587	NA
63	Picture	white8_pain_false	15507564	168151	1	5171	1	165520	5000	other	0
63	Pulse	30	15520000	180587	NA
63	Pulse	30	15540000	200587	NA
63	Pulse	30	15560000	220587	NA
63	Pulse	30	15580000	240587	NA
64	Pulse	30	15600000	12206	NA
64	Picture	question	15603814	16020	1	30193	1	16020	30000	other	0
64	Pulse	30	15620000	32206	NA
64	Pulse	30	15640000	52206	NA
64	Pulse	30	15660000	72206	NA
64	Pulse	30	15680000	92206	NA
64	Pulse	30	15700000	112206	NA
65	Pulse	30	15720000	10597	NA
65	Picture	white1_pain_true	15730423	21020	1	5171	1	21020	5000	other	0
65	Pulse	30	15740000	30597	NA
65	Picture	white2_pain_true	15751775	42372	1	5171	1	42040	5000	other	0
65	Pulse	30	15760000	50597	NA
65	Picture	white3_pain_true	15772960	63557	1	5171	1	63060	5000	other	0
65	Pulse	30	15780000	70597	NA
65	Picture	white4_pain_true	15794312	84909	1	5171	1	84080	5000	other	0
65	Pulse	30	15800000	90597	NA
65	Picture	white5_pain_true	15815664	106260	1	5171	1	105100	5000	other	0
65	Pulse	30	15820000	110597	NA
65	Picture	white6_pain_true	15837016	127612	1	5171	1	126120	5000	other	0
65	Pulse	30	15840000	130597	NA
65	Picture	white7_pain_true	15858367	148964	1	5171	1	147140	5000	other	0
65	Pulse	30	15860000	150597	NA
65	Picture	white8_pain_true	15879719	170316	1	5171	1	168160	5000	other	0
65	Pulse	30	15880000	170597	NA
65	Pulse	30	15900000	190597	NA
65	Pulse	30	15920000	210597	NA
65	Pulse	30	15940000	230597	NA
66	Pulse	30	15960000	38	NA
66	Picture	white1_pain_true	15975302	15340	1	5171	1	15340	5000	other	0
66	Pulse	30	15980000	20038	NA
66	Picture	white2_pain_true	15990982	31020	1	5171	1	30680	5000	other	0
66	Pulse	30	16000000	40038	NA
66	Picture	white3_pain_true	16006996	47034	1	5171	1	46020	5000	other	0
66	Pulse	30	16020000	60038	NA
66	Picture	white4_pain_true	16022676	62714	1	5171	1	61360	5000	other	0
66	Picture	white5_pain_true	16038356	78395	1	5171	1	76700	5000	other	0
66	Pulse	30	16040000	80038	NA
66	Picture	white6_pain_true	16054037	94075	1	5171	1	92040	5000	other	0
66	Pulse	30	16060000	100038	NA
66	Picture	white7_pain_true	16069717	109755	1	5171	1	107380	5000	other	0
66	Pulse	30	16080000	120038	NA
66	Picture	white8_pain_true	16085397	125435	1	5171	1	122720	5000	other	0

Visual picture detection failed over to using scan line information only at the following times:
type	time	timeout	presentation
fail	526421	83.415	787
restore	526541	0	788
fail	545321	83.415	1067
restore	545440	0	1068
fail	551609	83.415	1159
restore	551729	0	1160
fail	558399	83.415	1257
restore	558519	0	1258
fail	789081	83.415	1665
restore	789581	0	1666
