Scenario - MEG
Logfile written - 10/07/2021 18:31:51

Trial	Event Type	Code	Time	TTime	Uncertainty	Duration	Uncertainty	ReqTime	ReqDur	Stim Type	Pair Index

1	Picture	start_experiment	50535	0	1	5171	1	0	5000	other	0
2	Picture	asian1_pain_true	164967	13390	1	5171	1	13390	5000	other	0
3	Picture	latin1_pain_false	185318	14190	1	5171	1	14190	5000	other	0
4	Picture	white1_pain_false	205168	13750	1	5171	1	13750	5000	other	0
5	Picture	question	229022	18380	1	30026	1	18380	30000	other	0
6	Picture	white1_pain_true	279399	18380	1	5171	1	18380	5000	other	0
7	Picture	white1_pain_false	300251	14750	1	5171	1	14750	5000	other	0
8	Picture	white1_pain_false	325105	18710	1	5171	1	18710	5000	other	0
9	Picture	black1_pain_true	346457	15150	1	5171	1	15150	5000	other	0
10	Picture	white1_pain_true	371312	18620	1	5171	1	18620	5000	other	0
11	Picture	white1_pain_false	393331	15820	1	5338	2	15820	5000	other	0
12	Picture	latin1_pain_false	416184	16660	1	5171	1	16660	5000	other	0
13	Picture	white1_pain_false	441706	19310	1	5171	1	19310	5000	other	0
14	Picture	white1_pain_false	464226	16400	1	5171	1	16400	5000	other	0
15	Picture	white1_pain_true	489414	19010	1	5171	1	19010	5000	other	0
16	Picture	white1_pain_false	512601	17020	1	5672	1	17020	5000	other	0
17	Picture	white1_pain_false	536121	16890	1	5171	1	16890	5000	other	0
18	Picture	black1_pain_false	554804	12330	1	5171	1	12330	5000	other	0
19	Picture	white1_pain_true	572319	11410	1	5171	1	11410	5000	other	0
20	Picture	asian1_pain_true	597007	18600	1	5171	1	18600	5000	other	0
21	Picture	asian1_pain_false	615523	12440	1	5171	2	12440	5000	other	0
22	Picture	white1_pain_false	639044	17360	1	7374	1	17360	5000	other	0
22	Quit		641997	20313	NA

Visual picture detection failed over to using scan line information only at the following times:
type	time	timeout	presentation
fail	25904.8	83.415	11
restore	25987.8	0	12
