Scenario - fMRI
Logfile written - 10/12/2021 15:39:57

Subject	Trial	Event Type	Code	Time	TTime	Uncertainty	Duration	Uncertainty	ReqTime	ReqDur	Stim Type	Pair Index

S1	0	Pulse	30	92821	92821	1
S1	0	Pulse	30	116821	116821	1
S1	0	Pulse	30	140821	140821	1
S1	0	Pulse	30	164821	164821	1
S1	0	Pulse	30	188821	188821	1
S1	1	Picture	start_experiment	205151	0	1	5085	1	0	5000	other	0
S1	1	Pulse	30	212821	7670	1
S1	1	Pulse	30	236821	31670	1
S1	1	Pulse	30	260821	55670	1
S1	1	Pulse	30	284821	79670	1
S1	2	Pulse	30	308821	8559	1
S1	2	Picture	white1_pain_false_24	318021	17760	1	5085	1	17760	5000	other	0
S1	2	Pulse	30	332821	32559	1
S1	2	Picture	white2_pain_false_21	335861	35599	1	5085	1	35520	5000	other	0
S1	2	Picture	white3_pain_false_30	353700	53438	1	5085	1	53280	5000	other	0
S1	2	Pulse	30	356821	56559	1
S1	2	Picture	white4_pain_false_16	371539	71278	1	5085	1	71040	5000	other	0
S1	2	Pulse	30	380821	80559	1
S1	2	Picture	white5_pain_false_35	389378	89117	1	5085	1	88800	5000	other	0
S1	2	Pulse	30	404820	104559	1
S1	2	Picture	white6_pain_false_30	407218	106956	1	5085	1	106560	5000	other	0
S1	2	Picture	white7_pain_false_22	425057	124795	1	5085	1	124320	5000	other	0
S1	2	Pulse	30	428820	128559	1
S1	2	Picture	white8_pain_false_17	442896	142634	1	5085	1	142080	5000	other	0
S1	2	Pulse	30	452094	151832	821
S1	2	Pulse	30	476820	176559	1
S1	2	Pulse	30	500820	200559	1
S1	3	Pulse	30	524820	1765	1
S1	3	Picture	asian1_pain_false_20	541845	18790	1	5085	1	18790	5000	other	0
S1	3	Pulse	30	548820	25765	1
S1	3	Picture	asian2_pain_false_39	560768	37713	1	5085	1	37580	5000	other	0
S1	3	Pulse	30	572820	49765	1
S1	3	Picture	asian3_pain_false_38	579691	56636	1	5085	1	56370	5000	other	0
S1	3	Pulse	30	596820	73765	1
S1	3	Picture	asian4_pain_false_15	598614	75559	1	5085	1	75160	5000	other	0
S1	3	Picture	asian5_pain_false_37	617537	94482	1	5085	1	93950	5000	other	0
S1	3	Pulse	30	620820	97764	1
S1	3	Picture	asian6_pain_false_8	636460	113405	1	5085	1	112740	5000	other	0
S1	3	Pulse	30	644820	121764	1
S1	3	Picture	asian7_pain_false_12	655383	132327	1	5085	1	131530	5000	other	0
S1	3	Pulse	30	668819	145764	1
S1	3	Picture	asian8_pain_false_11	674306	151250	1	5085	1	150320	5000	other	0
S1	3	Pulse	30	692819	169764	1
S1	3	Pulse	30	716819	193764	1
S1	3	Pulse	30	740819	217764	1
S1	4	Pulse	30	764819	10323	1
S1	4	Picture	white1_pain_false_2	776006	21510	1	5085	1	21510	5000	other	0
S1	4	Pulse	30	788819	34323	1
S1	4	Picture	white2_pain_false_8	797596	43100	1	5085	1	43020	5000	other	0
S1	4	Pulse	30	812819	58323	1
S1	4	Picture	white3_pain_false_34	819187	64691	1	5085	1	64530	5000	other	0
S1	4	Pulse	30	836819	82323	1
S1	4	Picture	white4_pain_false_1	840777	86281	1	5085	1	86040	5000	other	0
S1	4	Pulse	30	860819	106323	1
S1	4	Picture	white5_pain_false_5	862368	107872	1	5085	1	107550	5000	other	0
S1	4	Picture	white6_pain_false_3	883958	129462	1	5085	1	129060	5000	other	0
S1	4	Pulse	30	884819	130323	1
S1	4	Picture	white7_pain_false_12	905549	151053	1	5085	1	150570	5000	other	0
S1	4	Pulse	30	908819	154323	1
S1	4	Picture	white8_pain_false_3	927139	172643	1	5085	1	172080	5000	other	0
S1	4	Pulse	30	932819	178323	1
S1	4	Pulse	30	956819	202323	1
S1	4	Pulse	30	980818	226323	1
S1	4	Pulse	30	1004818	250322	1
S1	5	Picture	question	1026589	19310	1	30093	1	19310	30000	other	0
S1	5	Pulse	30	1028818	21540	1
S1	5	Pulse	30	1052818	45540	1
S1	5	Pulse	30	1076818	69540	1
S1	5	Pulse	30	1100818	93539	1
S1	5	Pulse	30	1124818	117539	1
S1	6	Pulse	30	1148818	17080	1
S1	6	Picture	black1_pain_true_16	1156048	24310	1	5085	1	24310	5000	other	0
S1	6	Pulse	30	1172818	41080	1
S1	6	Picture	black2_pain_true_10	1180473	48735	1	5085	1	48620	5000	other	0
S1	6	Pulse	30	1196818	65080	1
S1	6	Picture	black3_pain_true_3	1204897	73159	1	5085	1	72930	5000	other	0
S1	6	Pulse	30	1220818	89080	1
S1	6	Picture	black4_pain_true_60	1229322	97584	1	5085	1	97240	5000	other	0
S1	6	Pulse	30	1244817	113080	1
S1	6	Picture	black5_pain_true_4	1253747	122009	1	5085	1	121550	5000	other	0
S1	6	Pulse	30	1268817	137079	1
S1	6	Picture	black6_pain_true_17	1278172	146434	1	5085	1	145860	5000	other	0
S1	6	Pulse	30	1292817	161079	1
S1	6	Picture	black7_pain_true_4	1302596	170858	1	5085	1	170170	5000	other	0
S1	6	Pulse	30	1316817	185079	1
S1	6	Picture	black8_pain_true_20	1327021	195283	1	5085	1	194480	5000	other	0
S1	6	Pulse	30	1340817	209079	1
S1	6	Pulse	30	1364817	233079	1
S1	6	Pulse	30	1388817	257079	1
S1	7	Pulse	30	1412817	5606	1
S1	7	Picture	white1_pain_true_14	1427221	20010	1	5085	1	20010	5000	other	0
S1	7	Pulse	30	1436817	29606	1
S1	7	Picture	white2_pain_true_8	1447311	40100	1	5085	1	40020	5000	other	0
S1	7	Pulse	30	1460817	53606	1
S1	7	Picture	white3_pain_true_53	1467401	60190	1	5085	1	60030	5000	other	0
S1	7	Pulse	30	1484817	77606	1
S1	7	Picture	white4_pain_true_63	1487491	80280	1	5085	1	80040	5000	other	0
S1	7	Picture	white5_pain_true_1	1507581	100370	1	5085	1	100050	5000	other	0
S1	7	Pulse	30	1508817	101606	1
S1	7	Picture	white6_pain_true_1	1527671	120460	1	5085	1	120060	5000	other	0
S1	7	Pulse	30	1532816	125606	1
S1	7	Picture	white7_pain_true_32	1547761	140550	1	5085	1	140070	5000	other	0
S1	7	Pulse	30	1556816	149606	1
S1	7	Picture	white8_pain_true_30	1567850	160640	1	5085	1	160080	5000	other	0
S1	7	Pulse	30	1580816	173606	1
S1	7	Pulse	30	1604816	197605	1
S1	7	Pulse	30	1628816	221605	1
S1	8	Pulse	30	1652816	4812	1
S1	8	Picture	question	1660214	12210	1	30093	1	12210	30000	other	0
S1	8	Pulse	30	1676816	28812	1
S1	8	Pulse	30	1700816	52812	1
S1	8	Pulse	30	1724816	76811	1
S1	8	Pulse	30	1748816	100811	1
S1	9	Pulse	30	1772816	7438	1
S1	9	Picture	black1_pain_false_25	1782588	17210	1	5085	1	17210	5000	other	0
S1	9	Pulse	30	1796816	31437	1
S1	9	Picture	black2_pain_false_18	1799927	34549	1	5085	1	34420	5000	other	0
S1	9	Picture	black3_pain_false_1	1817266	51888	1	5085	1	51630	5000	other	0
S1	9	Pulse	30	1820815	55437	1
S1	9	Picture	black4_pain_false_32	1834605	69227	1	5085	1	68840	5000	other	0
S1	9	Pulse	30	1844815	79437	1
S1	9	Picture	black5_pain_false_12	1851944	86566	1	5085	1	86050	5000	other	0
S1	9	Pulse	30	1868815	103437	1
S1	9	Picture	black6_pain_false_22	1869283	103905	1	5085	1	103260	5000	other	0
S1	9	Picture	black7_pain_false_43	1886622	121244	1	5085	1	120470	5000	other	0
S1	9	Pulse	30	1892815	127437	1
S1	9	Picture	black8_pain_false_9	1903961	138583	1	5085	1	137680	5000	other	0
S1	9	Pulse	30	1916815	151437	1
S1	9	Pulse	30	1940815	175437	1
S1	9	Pulse	30	1964815	199437	1
S1	10	Pulse	30	1988815	4652	1
S1	10	Picture	white1_pain_false_20	1999243	15080	1	5085	1	15080	5000	other	0
S1	10	Pulse	30	2012815	28652	1
S1	10	Picture	white2_pain_false_1	2014415	30252	1	5085	1	30160	5000	other	0
S1	10	Picture	white3_pain_false_4	2029586	45423	1	5085	1	45240	5000	other	0
S1	10	Pulse	30	2036815	52652	1
S1	10	Picture	white4_pain_false_1	2044758	60595	1	5085	1	60320	5000	other	0
S1	10	Picture	white5_pain_false_28	2059930	75767	1	5085	1	75400	5000	other	0
S1	10	Pulse	30	2060815	76652	1
S1	10	Picture	white6_pain_false_27	2075101	90938	1	5085	1	90480	5000	other	0
S1	10	Pulse	30	2084814	100652	1
S1	10	Picture	white7_pain_false_24	2090273	106110	1	5085	1	105560	5000	other	0
S1	10	Picture	white8_pain_false_14	2105445	121282	1	5085	1	120640	5000	other	0
S1	10	Pulse	30	2108814	124652	1
S1	10	Pulse	30	2132814	148651	1
S1	10	Pulse	30	2156814	172651	1
S1	10	Pulse	30	2180814	196651	1
S1	11	Pulse	30	2204814	19149	1
S1	11	Picture	latin1_pain_false_9	2207645	21980	1	5085	1	21980	5000	other	0
S1	11	Pulse	30	2228814	43149	1
S1	11	Picture	latin2_pain_false_11	2229736	44071	1	5085	1	43960	5000	other	0
S1	11	Picture	latin3_pain_false_6	2251826	66161	1	5085	1	65940	5000	other	0
S1	11	Pulse	30	2252814	67149	1
S1	11	Picture	latin4_pain_false_16	2273917	88252	1	5085	1	87920	5000	other	0
S1	11	Pulse	30	2276814	91149	1
S1	11	Picture	latin5_pain_false_11	2296007	110343	1	5085	1	109900	5000	other	0
S1	11	Pulse	30	2300814	115149	1
S1	11	Picture	latin6_pain_false_12	2318098	132433	1	5085	1	131880	5000	other	0
S1	11	Pulse	30	2324814	139149	1
S1	11	Picture	latin7_pain_false_7	2340189	154524	1	5085	1	153860	5000	other	0
S1	11	Pulse	30	2348814	163149	1
S1	11	Picture	latin8_pain_false_9	2362279	176614	1	5085	1	175840	5000	other	0
S1	11	Pulse	30	2396813	211148	1
S1	11	Pulse	30	2420813	235148	1
S1	12	Pulse	30	2444813	2338	1
S1	12	Picture	white1_pain_true_4	2461645	19170	1	5085	1	19170	5000	other	0
S1	12	Pulse	30	2468813	26338	1
S1	12	Picture	white2_pain_true_12	2480902	38426	1	5085	1	38340	5000	other	0
S1	12	Pulse	30	2492813	50338	1
S1	12	Picture	white3_pain_true_47	2500158	57683	1	5085	1	57510	5000	other	0
S1	12	Pulse	30	2516813	74337	1
S1	12	Picture	white4_pain_true_7	2519415	76939	1	5085	1	76680	5000	other	0
S1	12	Picture	white5_pain_true_4	2538671	96195	1	5085	1	95850	5000	other	0
S1	12	Pulse	30	2540813	98337	1
S1	12	Picture	white6_pain_true_0	2557927	115452	1	5085	1	115020	5000	other	0
S1	12	Pulse	30	2564813	122337	1
S1	12	Picture	white7_pain_true_5	2577184	134708	1	5085	1	134190	5000	other	0
S1	12	Pulse	30	2588813	146337	1
S1	12	Picture	white8_pain_true_16	2596440	153965	1	5085	1	153360	5000	other	0
S1	12	Pulse	30	2612813	170337	1
S1	12	Pulse	30	2636813	194337	1
S1	12	Pulse	30	2660812	218337	1
S1	13	Pulse	30	2684812	8228	1
S1	13	Picture	latin1_pain_true_15	2701475	24890	1	5085	1	24890	5000	other	0
S1	13	Pulse	30	2708812	32228	1
S1	13	Picture	latin2_pain_true_6	2726483	49898	1	5085	1	49780	5000	other	0
S1	13	Pulse	30	2732812	56228	1
S1	13	Picture	latin3_pain_true_60	2751491	74906	1	5085	1	74670	5000	other	0
S1	13	Pulse	30	2756812	80227	1
S1	13	Picture	latin4_pain_true_38	2776416	99831	1	5085	1	99560	5000	other	0
S1	13	Pulse	30	2780812	104227	1
S1	13	Picture	latin5_pain_true_3	2801424	124840	1	5085	1	124450	5000	other	0
S1	13	Pulse	30	2804812	128227	1
S1	13	Picture	latin6_pain_true_3	2826433	149848	1	5085	1	149340	5000	other	0
S1	13	Pulse	30	2828812	152227	1
S1	13	Picture	latin7_pain_true_4	2851441	174856	1	5085	1	174230	5000	other	0
S1	13	Pulse	30	2852812	176227	1
S1	13	Picture	latin8_pain_true_13	2876449	199864	1	5085	1	199120	5000	other	0
S1	13	Pulse	30	2876812	200227	1
S1	13	Pulse	30	2900812	224227	1
S1	13	Pulse	30	2924812	248227	1
S1	13	Pulse	30	2948811	272227	1
S1	14	Picture	white1_pain_false_5	2972731	16100	1	5085	1	16100	5000	other	0
S1	14	Pulse	30	2972811	16180	1
S1	14	Picture	white2_pain_false_23	2988903	32272	1	5085	1	32200	5000	other	0
S1	14	Pulse	30	2996811	40180	1
S1	14	Picture	white3_pain_false_2	3005075	48444	1	5085	1	48300	5000	other	0
S1	14	Pulse	30	3020811	64180	1
S1	14	Picture	white4_pain_false_1	3021247	64616	1	5085	1	64400	5000	other	0
S1	14	Picture	white5_pain_false_18	3037419	80788	1	5085	1	80500	5000	other	0
S1	14	Pulse	30	3044811	88180	1
S1	14	Picture	white6_pain_false_24	3053591	96960	1	5085	1	96600	5000	other	0
S1	14	Pulse	30	3068811	112180	1
S1	14	Picture	white7_pain_false_24	3069763	113132	1	5085	1	112700	5000	other	0
S1	14	Picture	white8_pain_false_18	3085935	129304	1	5085	1	128800	5000	other	0
S1	14	Pulse	30	3116811	160180	1
S1	14	Pulse	30	3140811	184180	1
S1	14	Pulse	30	3164811	208180	1
S1	15	Picture	white1_pain_false_2	3187635	21530	1	5085	1	21530	5000	other	0
S1	15	Pulse	30	3188811	22706	1
S1	15	Picture	white2_pain_false_5	3209226	43121	1	5085	1	43060	5000	other	0
S1	15	Pulse	30	3212810	46705	1
S1	15	Picture	white3_pain_false_12	3230816	64711	1	5085	1	64590	5000	other	0
S1	15	Pulse	30	3236810	70705	1
S1	15	Picture	white4_pain_false_2	3252406	86301	1	5085	1	86120	5000	other	0
S1	15	Pulse	30	3260810	94705	1
S1	15	Picture	white5_pain_false_4	3273997	107892	1	5085	1	107650	5000	other	0
S1	15	Pulse	30	3284810	118705	1
S1	15	Picture	white6_pain_false_34	3295587	129482	1	5085	1	129180	5000	other	0
S1	15	Pulse	30	3308810	142705	1
S1	15	Picture	white7_pain_false_14	3317178	151073	1	5085	1	150710	5000	other	0
S1	15	Pulse	30	3332810	166705	1
S1	15	Picture	white8_pain_false_1	3338768	172663	1	5085	1	172240	5000	other	0
S1	15	Pulse	30	3356810	190705	1
S1	15	Pulse	30	3380810	214705	1
S1	15	Pulse	30	3404810	238705	1
S1	16	Pulse	30	3428810	9892	1
S1	16	Picture	black1_pain_false_25	3437718	18800	1	5085	1	18800	5000	other	0
S1	16	Pulse	30	3452810	33892	1
S1	16	Picture	black2_pain_false_21	3456641	37723	1	5085	1	37600	5000	other	0
S1	16	Picture	black3_pain_false_15	3475563	56646	1	5085	1	56400	5000	other	0
S1	16	Pulse	30	3476810	57892	1
S1	16	Picture	black4_pain_false_4	3494486	75569	1	5085	1	75200	5000	other	0
S1	16	Pulse	30	3500809	81892	1
S1	16	Picture	black5_pain_false_22	3513409	94492	1	5085	1	94000	5000	other	0
S1	16	Pulse	30	3524809	105892	1
S1	16	Picture	black6_pain_false_3	3532332	113415	1	5085	1	112800	5000	other	0
S1	16	Pulse	30	3548809	129892	1
S1	16	Picture	black7_pain_false_32	3551255	132337	1	5085	1	131600	5000	other	0
S1	16	Picture	black8_pain_false_10	3570178	151260	1	5085	1	150400	5000	other	0
S1	16	Pulse	30	3572809	153892	1
S1	16	Pulse	30	3596809	177892	1
S1	16	Pulse	30	3620809	201891	1
S1	16	Pulse	30	3644809	225891	1
S1	17	Pulse	30	3668809	18430	1
S1	17	Picture	latin1_pain_false_3	3673629	23250	1	5085	1	23250	5000	other	0
S1	17	Pulse	30	3692809	42430	1
S1	17	Picture	latin2_pain_false_16	3696970	46591	1	5085	1	46500	5000	other	0
S1	17	Pulse	30	3716809	66430	1
S1	17	Picture	latin3_pain_false_25	3720311	69932	1	5085	1	69750	5000	other	0
S1	17	Pulse	30	3740809	90430	1
S1	17	Picture	latin4_pain_false_20	3743652	93273	1	5085	1	93000	5000	other	0
S1	17	Pulse	30	3764809	114430	1
S1	17	Picture	latin5_pain_false_0	3766993	116614	1	5085	1	116250	5000	other	0
S1	17	Pulse	30	3788808	138430	1
S1	17	Picture	latin6_pain_false_33	3790334	139955	1	5085	1	139500	5000	other	0
S1	17	Pulse	30	3812808	162430	1
S1	17	Picture	latin7_pain_false_11	3813675	163296	1	5085	1	162750	5000	other	0
S1	17	Pulse	30	3836808	186429	1
S1	17	Picture	latin8_pain_false_18	3837016	186637	1	5085	1	186000	5000	other	0
S1	17	Pulse	30	3860808	210429	1
S1	17	Pulse	30	3884808	234429	1
S1	17	Pulse	30	3908808	258429	1
S1	18	Pulse	30	3932808	15651	1
S1	18	Picture	white1_pain_false_15	3940217	23060	1	5085	1	23060	5000	other	0
S1	18	Pulse	30	3956808	39651	1
S1	18	Picture	white2_pain_false_0	3963391	46234	1	5085	1	46120	5000	other	0
S1	18	Pulse	30	3980808	63651	1
S1	18	Picture	white3_pain_false_5	3986566	69409	1	5085	1	69180	5000	other	0
S1	18	Pulse	30	4004808	87651	1
S1	18	Picture	white4_pain_false_29	4009740	92583	1	5085	1	92240	5000	other	0
S1	18	Pulse	30	4028808	111651	1
S1	18	Picture	white5_pain_false_39	4032914	115757	1	5085	1	115300	5000	other	0
S1	18	Pulse	30	4052808	135651	1
S1	18	Picture	white6_pain_false_1	4056088	138932	1	5085	1	138360	5000	other	0
S1	18	Pulse	30	4076807	159651	1
S1	18	Picture	white7_pain_false_35	4079263	162106	1	5085	1	161420	5000	other	0
S1	18	Pulse	30	4100807	183651	1
S1	18	Picture	white8_pain_false_24	4102437	185280	1	5085	1	184480	5000	other	0
S1	18	Pulse	30	4124807	207650	1
S1	18	Pulse	30	4148807	231650	1
S1	18	Pulse	30	4172807	255650	1
S1	19	Pulse	30	4196807	14209	1
S1	19	Picture	black1_pain_true_12	4206138	23540	1	5085	1	23540	5000	other	0
S1	19	Pulse	30	4220807	38209	1
S1	19	Picture	black2_pain_true_2	4229812	47215	1	5085	1	47080	5000	other	0
S1	19	Pulse	30	4244807	62209	1
S1	19	Picture	black3_pain_true_57	4253404	70806	1	5085	1	70620	5000	other	0
S1	19	Pulse	30	4268807	86209	1
S1	19	Picture	black4_pain_true_8	4277078	94480	1	5085	1	94160	5000	other	0
S1	19	Pulse	30	4292807	110209	1
S1	19	Picture	black5_pain_true_2	4300753	118155	1	5085	1	117700	5000	other	0
S1	19	Pulse	30	4316807	134209	1
S1	19	Picture	black6_pain_true_4	4324427	141829	1	5085	1	141240	5000	other	0
S1	19	Pulse	30	4340806	158209	1
S1	19	Picture	black7_pain_true_35	4348102	165504	1	5085	1	164780	5000	other	0
S1	19	Pulse	30	4364806	182208	1
S1	19	Picture	black8_pain_true_22	4371776	189178	1	5085	1	188320	5000	other	0
S1	19	Pulse	30	4388806	206208	1
S1	19	Pulse	30	4412806	230208	1
S1	19	Pulse	30	4436806	254208	1
S1	20	Pulse	30	4460806	8816	1
S1	20	Picture	white1_pain_false_12	4475810	23820	1	5085	1	23820	5000	other	0
S1	20	Pulse	30	4484806	32816	1
S1	20	Picture	white2_pain_false_4	4499735	47745	1	5085	1	47640	5000	other	0
S1	20	Pulse	30	4508806	56816	1
S1	20	Picture	white3_pain_false_25	4523659	71669	1	5085	1	71460	5000	other	0
S1	20	Pulse	30	4532806	80816	1
S1	20	Picture	white4_pain_false_5	4547584	95594	1	5085	1	95280	5000	other	0
S1	20	Pulse	30	4556806	104815	1
S1	20	Picture	white5_pain_false_1	4571509	119518	1	5085	1	119100	5000	other	0
S1	20	Pulse	30	4580806	128815	1
S1	20	Picture	white6_pain_false_11	4595433	143443	1	5085	1	142920	5000	other	0
S1	20	Pulse	30	4604806	152815	1
S1	20	Picture	white7_pain_false_8	4619358	167367	1	5085	1	166740	5000	other	0
S1	20	Pulse	30	4628805	176815	1
S1	20	Picture	white8_pain_false_16	4643282	191292	1	5085	1	190560	5000	other	0
S1	20	Pulse	30	4676805	224815	1
S1	20	Pulse	30	4700805	248815	1
S1	21	Pulse	30	4724805	1361	1
S1	21	Picture	black1_pain_true_4	4740314	16870	1	5085	1	16870	5000	other	0
S1	21	Pulse	30	4748805	25361	1
S1	21	Picture	black2_pain_true_11	4757237	33792	1	5085	1	33740	5000	other	0
S1	21	Pulse	30	4772805	49361	1
S1	21	Picture	black3_pain_true_46	4774159	50715	1	5085	1	50610	5000	other	0
S1	21	Picture	black4_pain_true_36	4791164	67720	1	5085	1	67480	5000	other	0
S1	21	Pulse	30	4796805	73361	1
S1	21	Picture	black5_pain_true_10	4808170	84726	1	5085	1	84350	5000	other	0
S1	21	Pulse	30	4820805	97360	1
S1	21	Picture	black6_pain_true_7	4825176	101731	1	5085	1	101220	5000	other	0
S1	21	Picture	black7_pain_true_11	4842181	118737	1	5085	1	118090	5000	other	0
S1	21	Pulse	30	4844805	121360	1
S1	21	Picture	black8_pain_true_2	4859187	135743	1	5085	1	134960	5000	other	0
S1	21	Pulse	30	4892805	169360	1
S1	21	Pulse	30	4916804	193360	1
S1	22	Pulse	30	4940804	1398	1
S1	22	Picture	black1_pain_true_8	4958386	18980	1	5085	1	18980	5000	other	0
S1	22	Pulse	30	4964804	25398	1
S1	22	Picture	black2_pain_true_11	4977476	38070	1	5085	1	37960	5000	other	0
S1	22	Pulse	30	4988804	49398	1
S1	22	Picture	black3_pain_true_35	4996566	57159	1	5085	1	56940	5000	other	0
S1	22	Pulse	30	5012804	73398	1
S1	22	Picture	black4_pain_true_18	5015655	76249	1	5085	1	75920	5000	other	0
S1	22	Picture	black5_pain_true_5	5034745	95339	1	5085	1	94900	5000	other	0
S1	22	Pulse	30	5036804	97398	1
S1	22	Picture	black6_pain_true_7	5053834	114428	1	5085	1	113880	5000	other	0
S1	22	Pulse	30	5060804	121398	1
S1	22	Picture	black7_pain_true_7	5072924	133518	1	5085	1	132860	5000	other	0
S1	22	Pulse	30	5084804	145398	1
S1	22	Picture	black8_pain_true_8	5092014	152607	1	5085	1	151840	5000	other	0
S1	22	Pulse	30	5108804	169397	1
S1	22	Pulse	30	5132804	193397	1
S1	22	Pulse	30	5156804	217397	1
S1	22	Pulse	30	5180803	241397	1
S1	22	Pulse	30	5204803	265397	1
S1	22	Pulse	30	5228803	289397	1
S1	22	Pulse	30	5252803	313397	1
S1	22	Pulse	30	5276803	337397	1
S1	22	Pulse	30	5300803	361397	1
S1	22	Pulse	30	5324803	385397	1
S1	22	Pulse	30	5348803	409397	1
S1	22	Pulse	30	5372803	433397	1
S1	22	Pulse	30	5396803	457396	1
S1	22	Pulse	30	5420803	481396	1
S1	22	Pulse	30	5444803	505396	1
S1	22	Pulse	30	5468802	529396	1
S1	22	Pulse	30	5492802	553396	1
S1	22	Pulse	30	5516802	577396	1
S1	22	Pulse	30	5540802	601396	1
S1	22	Pulse	30	5564802	625396	1
S1	22	Pulse	30	5588802	649396	1
S1	22	Pulse	30	5612802	673396	1
S1	22	Pulse	30	5636802	697396	1
S1	22	Pulse	30	5660802	721395	1
S1	22	Pulse	30	5684802	745395	1
S1	22	Pulse	30	5708802	769395	1
S1	22	Pulse	30	5732802	793395	1
S1	23	Picture	start_experiment	5737894	0	1	5085	1	0	5000	other	0
S1	23	Pulse	30	5756801	18908	1
S1	23	Pulse	30	5780801	42908	1
S1	23	Pulse	30	5804801	66908	1
S1	23	Pulse	30	5828801	90908	1
S1	24	Pulse	30	5852801	19825	1
S1	24	Picture	asian1_pain_false_5	5856516	23540	1	5085	1	23540	5000	other	0
S1	24	Pulse	30	5876801	43825	1
S1	24	Picture	asian2_pain_false_24	5880191	47214	1	5085	1	47080	5000	other	0
S1	24	Pulse	30	5900801	67825	1
S1	24	Picture	asian3_pain_false_0	5903865	70889	1	5085	1	70620	5000	other	0
S1	24	Pulse	30	5924801	91825	1
S1	24	Picture	asian4_pain_false_14	5927540	94563	1	5085	1	94160	5000	other	0
S1	24	Pulse	30	5948801	115825	1
S1	24	Picture	asian5_pain_false_15	5951214	118238	1	5085	1	117700	5000	other	0
S1	24	Pulse	30	5972801	139825	1
S1	24	Picture	asian6_pain_false_0	5974805	141829	1	5085	1	141240	5000	other	0
S1	24	Pulse	30	5996801	163824	1
S1	24	Picture	asian7_pain_false_9	5998480	165504	1	5085	1	164780	5000	other	0
S1	24	Pulse	30	6020801	187824	1
S1	24	Picture	asian8_pain_false_7	6022154	189178	1	5085	1	188320	5000	other	0
S1	24	Pulse	30	6044800	211824	1
S1	24	Pulse	30	6068800	235824	1
S1	24	Pulse	30	6092800	259824	1
S1	25	Pulse	30	6116800	14466	1
S1	25	Picture	asian1_pain_false_42	6122104	19770	1	5085	1	19770	5000	other	0
S1	25	Pulse	30	6140800	38466	1
S1	25	Picture	asian2_pain_false_20	6141944	39610	1	5085	1	39540	5000	other	0
S1	25	Picture	asian3_pain_false_5	6161784	59450	1	5085	1	59310	5000	other	0
S1	25	Pulse	30	6164800	62466	1
S1	25	Picture	asian4_pain_false_34	6181623	79290	1	5085	1	79080	5000	other	0
S1	25	Pulse	30	6188800	86466	1
S1	25	Picture	asian5_pain_false_43	6201463	99130	1	5085	1	98850	5000	other	0
S1	25	Pulse	30	6212800	110466	1
S1	25	Picture	asian6_pain_false_17	6221303	118969	1	5085	1	118620	5000	other	0
S1	25	Pulse	30	6236800	134466	1
S1	25	Picture	asian7_pain_false_4	6241143	138809	1	5085	1	138390	5000	other	0
S1	25	Pulse	30	6260800	158466	1
S1	25	Picture	asian8_pain_false_43	6260983	158649	1	5085	1	158160	5000	other	0
S1	25	Pulse	30	6284800	182466	1
S1	25	Pulse	30	6308799	206466	1
S1	25	Pulse	30	6332799	230466	1
S1	26	Pulse	30	6356799	15602	1
S1	26	Picture	latin1_pain_false_5	6363517	22320	1	5085	1	22320	5000	other	0
S1	26	Pulse	30	6380799	39602	1
S1	26	Picture	latin2_pain_false_0	6385941	44744	1	5085	1	44640	5000	other	0
S1	26	Pulse	30	6404799	63602	1
S1	26	Picture	latin3_pain_false_22	6408365	67168	1	5085	1	66960	5000	other	0
S1	26	Pulse	30	6428799	87602	1
S1	26	Picture	latin4_pain_false_21	6430789	89592	1	5085	1	89280	5000	other	0
S1	26	Pulse	30	6452799	111602	1
S1	26	Picture	latin5_pain_false_17	6453213	112016	1	5085	1	111600	5000	other	0
S1	26	Picture	latin6_pain_false_19	6475637	134440	1	5085	1	133920	5000	other	0
S1	26	Pulse	30	6476799	135602	1
S1	26	Picture	latin7_pain_false_6	6498061	156864	1	5085	1	156240	5000	other	0
S1	26	Pulse	30	6500799	159602	1
S1	26	Picture	latin8_pain_false_16	6520485	179289	1	5085	1	178560	5000	other	0
S1	26	Pulse	30	6524799	183602	1
S1	26	Pulse	30	6548799	207602	1
S1	26	Pulse	30	6572799	231602	1
S1	26	Pulse	30	6596798	255602	1
S1	27	Picture	question	6617851	17240	1	30093	1	17240	30000	other	0
S1	27	Pulse	30	6620798	20188	1
S1	27	Pulse	30	6644798	44188	1
S1	27	Pulse	30	6668798	68188	1
S1	27	Pulse	30	6692798	92187	1
S1	27	Pulse	30	6716798	116187	1
S1	28	Pulse	30	6740798	17728	1
S1	28	Picture	white1_pain_true_3	6745310	22240	1	5085	1	22240	5000	other	0
S1	28	Pulse	30	6764798	41728	1
S1	28	Picture	white2_pain_true_19	6767650	44581	1	5085	1	44480	5000	other	0
S1	28	Pulse	30	6788798	65728	1
S1	28	Picture	white3_pain_true_61	6789991	66921	1	5085	1	66720	5000	other	0
S1	28	Picture	white4_pain_true_51	6812332	89262	1	5085	1	88960	5000	other	0
S1	28	Pulse	30	6812798	89728	1
S1	28	Picture	white5_pain_true_6	6834672	111603	1	5085	1	111200	5000	other	0
S1	28	Pulse	30	6836798	113728	1
S1	28	Picture	white6_pain_true_15	6857013	133944	1	5085	1	133440	5000	other	0
S1	28	Pulse	30	6860797	137728	1
S1	28	Picture	white7_pain_true_13	6879354	156284	1	5085	1	155680	5000	other	0
S1	28	Pulse	30	6884797	161728	1
S1	28	Picture	white8_pain_true_29	6901695	178625	1	5085	1	177920	5000	other	0
S1	28	Pulse	30	6932797	209728	1
S1	28	Pulse	30	6956797	233728	1
S1	28	Pulse	30	6980797	257728	1
S1	29	Pulse	30	7004797	22935	1
S1	29	Picture	asian1_pain_true_19	7005312	23450	1	5085	1	23450	5000	other	0
S1	29	Pulse	30	7028762	46900	44
S1	29	Picture	asian2_pain_true_20	7028820	46958	1	5085	1	46900	5000	other	0
S1	29	Picture	asian3_pain_true_36	7052328	70466	1	5085	1	70350	5000	other	0
S1	29	Pulse	30	7052797	70935	1
S1	29	Picture	asian4_pain_true_46	7075919	94057	1	5085	1	93800	5000	other	0
S1	29	Pulse	30	7076797	94935	1
S1	29	Picture	asian5_pain_true_6	7099426	117564	1	5085	1	117250	5000	other	0
S1	29	Pulse	30	7100797	118935	1
S1	29	Picture	asian6_pain_true_19	7122934	141072	1	5085	1	140700	5000	other	0
S1	29	Pulse	30	7124797	142934	1
S1	29	Picture	asian7_pain_true_7	7146442	164580	1	5085	1	164150	5000	other	0
S1	29	Pulse	30	7148796	166934	1
S1	29	Picture	asian8_pain_true_33	7169950	188088	1	5085	1	187600	5000	other	0
S1	29	Pulse	30	7172796	190934	1
S1	29	Pulse	30	7196796	214934	1
S1	29	Pulse	30	7220796	238934	1
S1	29	Pulse	30	7244796	262934	1
S1	30	Picture	question	7265898	15820	1	30093	1	15820	30000	other	0
S1	30	Pulse	30	7268796	18718	1
S1	30	Pulse	30	7292796	42718	1
S1	30	Pulse	30	7316796	66718	1
S1	30	Pulse	30	7340796	90718	1
S1	30	Pulse	30	7364796	114718	1
S1	31	Pulse	30	7388796	17759	1
S1	31	Picture	white1_pain_true_12	7391856	20820	1	5085	1	20820	5000	other	0
S1	31	Picture	white2_pain_true_12	7412780	41744	1	5085	1	41640	5000	other	0
S1	31	Pulse	30	7412796	41759	1
S1	31	Picture	white3_pain_true_52	7433704	62667	1	5085	1	62460	5000	other	0
S1	31	Pulse	30	7436795	65759	1
S1	31	Picture	white4_pain_true_37	7454627	83591	1	5085	1	83280	5000	other	0
S1	31	Pulse	30	7460795	89759	1
S1	31	Picture	white5_pain_true_5	7475551	104514	1	5085	1	104100	5000	other	0
S1	31	Pulse	30	7484795	113759	1
S1	31	Picture	white6_pain_true_34	7496474	125438	1	5085	1	124920	5000	other	0
S1	31	Pulse	30	7508795	137759	1
S1	31	Picture	white7_pain_true_4	7517398	146361	1	5085	1	145740	5000	other	0
S1	31	Pulse	30	7532795	161759	1
S1	31	Picture	white8_pain_true_34	7538321	167285	1	5085	1	166560	5000	other	0
S1	31	Pulse	30	7556795	185759	1
S1	31	Pulse	30	7580795	209759	1
S1	31	Pulse	30	7604795	233758	1
S1	32	Pulse	30	7628795	10271	1
S1	32	Picture	black1_pain_false_11	7636354	17830	1	5085	1	17830	5000	other	0
S1	32	Pulse	30	7652795	34271	1
S1	32	Picture	black2_pain_false_2	7654276	35753	1	5085	1	35660	5000	other	0
S1	32	Picture	black3_pain_false_8	7672199	53675	1	5085	1	53490	5000	other	0
S1	32	Pulse	30	7676795	58271	1
S1	32	Picture	black4_pain_false_0	7690122	71598	1	5085	1	71320	5000	other	0
S1	32	Pulse	30	7700795	82271	1
S1	32	Picture	black5_pain_false_11	7708044	89520	1	5085	1	89150	5000	other	0
S1	32	Pulse	30	7724794	106271	1
S1	32	Picture	black6_pain_false_11	7725967	107443	1	5085	1	106980	5000	other	0
S1	32	Picture	black7_pain_false_5	7743889	125366	1	5085	1	124810	5000	other	0
S1	32	Pulse	30	7748794	130271	1
S1	32	Picture	black8_pain_false_17	7761812	143288	1	5085	1	142640	5000	other	0
S1	32	Pulse	30	7796794	178270	1
S1	32	Pulse	30	7820794	202270	1
S1	33	Pulse	30	7844794	2838	1
S1	33	Picture	black1_pain_true_6	7866596	24640	1	5085	1	24640	5000	other	0
S1	33	Pulse	30	7868794	26837	1
S1	33	Picture	black2_pain_true_2	7891355	49398	1	5085	1	49280	5000	other	0
S1	33	Pulse	30	7892794	50837	1
S1	33	Picture	black3_pain_true_42	7916113	74156	1	5085	1	73920	5000	other	0
S1	33	Pulse	30	7916794	74837	1
S1	33	Pulse	30	7940794	98837	1
S1	33	Picture	black4_pain_true_20	7940871	98914	1	5085	1	98560	5000	other	0
S1	33	Pulse	30	7964794	122837	1
S1	33	Picture	black5_pain_true_13	7965629	123673	1	5085	1	123200	5000	other	0
S1	33	Pulse	30	7988793	146837	1
S1	33	Picture	black6_pain_true_6	7990387	148431	1	5085	1	147840	5000	other	0
S1	33	Pulse	30	8012793	170837	1
S1	33	Picture	black7_pain_true_9	8015145	173189	1	5085	1	172480	5000	other	0
S1	33	Pulse	30	8036793	194837	1
S1	33	Picture	black8_pain_true_29	8039904	197947	1	5085	1	197120	5000	other	0
S1	33	Pulse	30	8060793	218837	1
S1	33	Pulse	30	8084793	242837	1
S1	33	Pulse	30	8108793	266837	1
S1	34	Pulse	30	8132793	12721	1
S1	34	Picture	white1_pain_false_10	8144772	24700	1	5085	1	24700	5000	other	0
S1	34	Pulse	30	8156793	36721	1
S1	34	Picture	white2_pain_false_8	8169530	49458	1	5085	1	49400	5000	other	0
S1	34	Pulse	30	8180793	60721	1
S1	34	Picture	white3_pain_false_8	8194288	74216	1	5085	1	74100	5000	other	0
S1	34	Pulse	30	8204793	84721	1
S1	34	Picture	white4_pain_false_6	8219046	98975	1	5085	1	98800	5000	other	0
S1	34	Pulse	30	8228793	108721	1
S1	34	Picture	white5_pain_false_6	8243888	123816	1	5085	1	123500	5000	other	0
S1	34	Pulse	30	8252793	132721	1
S1	34	Picture	white6_pain_false_13	8268729	148658	1	5085	1	148200	5000	other	0
S1	34	Pulse	30	8276793	156721	1
S1	34	Picture	white7_pain_false_1	8293487	173416	1	5085	1	172900	5000	other	0
S1	34	Pulse	30	8300792	180721	1
S1	34	Picture	white8_pain_false_1	8318246	198174	1	5085	1	197600	5000	other	0
S1	34	Pulse	30	8348792	228721	1
S1	34	Pulse	30	8372792	252720	1
S1	34	Pulse	30	8396792	276720	1
S1	35	Pulse	30	8420792	22325	1
S1	35	Picture	asian1_pain_false_12	8422697	24230	1	5085	1	24230	5000	other	0
S1	35	Pulse	30	8444792	46325	1
S1	35	Picture	asian2_pain_false_7	8447038	48571	1	5085	1	48460	5000	other	0
S1	35	Pulse	30	8468792	70325	1
S1	35	Picture	asian3_pain_false_18	8471379	72913	1	5085	1	72690	5000	other	0
S1	35	Pulse	30	8492792	94325	1
S1	35	Picture	asian4_pain_false_6	8495721	97254	1	5085	1	96920	5000	other	0
S1	35	Pulse	30	8516792	118325	1
S1	35	Picture	asian5_pain_false_14	8520062	121595	1	5085	1	121150	5000	other	0
S1	35	Pulse	30	8540792	142325	1
S1	35	Picture	asian6_pain_false_21	8544404	145937	1	5085	1	145380	5000	other	0
S1	35	Pulse	30	8564791	166325	1
S1	35	Picture	asian7_pain_false_0	8568745	170278	1	5085	1	169610	5000	other	0
S1	35	Pulse	30	8588791	190325	1
S1	35	Picture	asian8_pain_false_23	8593086	194620	1	5085	1	193840	5000	other	0
S1	35	Pulse	30	8612791	214325	1
S1	35	Pulse	30	8636791	238324	1
S1	35	Pulse	30	8660791	262324	1
S1	36	Pulse	30	8684791	11525	1
S1	36	Picture	asian1_pain_false_14	8692536	19270	1	5085	1	19270	5000	other	0
S1	36	Pulse	30	8708791	35525	1
S1	36	Picture	asian2_pain_false_10	8711876	38610	1	5085	1	38540	5000	other	0
S1	36	Picture	asian3_pain_false_17	8731215	57949	1	5085	1	57810	5000	other	0
S1	36	Pulse	30	8732791	59525	1
S1	36	Picture	asian4_pain_false_4	8750555	77289	1	5085	1	77080	5000	other	0
S1	36	Pulse	30	8756791	83525	1
S1	36	Picture	asian5_pain_false_17	8769895	96629	1	5085	1	96350	5000	other	0
S1	36	Pulse	30	8780791	107525	1
S1	36	Picture	asian6_pain_false_25	8789234	115969	1	5085	1	115620	5000	other	0
S1	36	Pulse	30	8804791	131525	1
S1	36	Picture	asian7_pain_false_32	8808574	135308	1	5085	1	134890	5000	other	0
S1	36	Picture	asian8_pain_false_19	8827914	154648	1	5085	1	154160	5000	other	0
S1	36	Pulse	30	8828791	155525	1
S1	36	Pulse	30	8852790	179525	1
S1	36	Pulse	30	8876790	203525	1
S1	36	Pulse	30	8900790	227524	1
S1	37	Pulse	30	8924790	16723	1
S1	37	Picture	white1_pain_false_21	8929447	21380	1	5085	1	21380	5000	other	0
S1	37	Pulse	30	8948790	40723	1
S1	37	Picture	white2_pain_false_36	8950954	42887	1	5085	1	42760	5000	other	0
S1	37	Picture	white3_pain_false_31	8972462	64394	1	5085	1	64140	5000	other	0
S1	37	Pulse	30	8972790	64723	1
S1	37	Picture	white4_pain_false_20	8993969	85901	1	5085	1	85520	5000	other	0
S1	37	Pulse	30	8996790	88723	1
S1	37	Picture	white5_pain_false_21	9015476	107408	1	5085	1	106900	5000	other	0
S1	37	Pulse	30	9020790	112722	1
S1	37	Picture	white6_pain_false_16	9036900	128832	1	5085	1	128280	5000	other	0
S1	37	Pulse	30	9044790	136722	1
S1	37	Picture	white7_pain_false_31	9058407	150339	1	5085	1	149660	5000	other	0
S1	37	Pulse	30	9068790	160722	1
S1	37	Picture	white8_pain_false_27	9079830	171763	1	5085	1	171040	5000	other	0
S1	37	Pulse	30	9092790	184722	1
S1	37	Pulse	30	9116790	208722	1
S1	37	Pulse	30	9140789	232722	1
S1	38	Pulse	30	9164789	4755	1
S1	38	Picture	white1_pain_false_20	9183365	23330	1	5085	1	23330	5000	other	0
S1	38	Pulse	30	9188789	28755	1
S1	38	Picture	white2_pain_false_36	9206789	46754	1	5085	1	46660	5000	other	0
S1	38	Pulse	30	9212789	52755	1
S1	38	Picture	white3_pain_false_25	9230213	70179	1	5085	1	69990	5000	other	0
S1	38	Pulse	30	9236789	76754	1
S1	38	Picture	white4_pain_false_31	9253638	93603	1	5085	1	93320	5000	other	0
S1	38	Pulse	30	9260789	100754	1
S1	38	Picture	white5_pain_false_6	9277062	117028	1	5085	1	116650	5000	other	0
S1	38	Pulse	30	9284789	124754	1
S1	38	Picture	white6_pain_false_19	9300487	140452	1	5085	1	139980	5000	other	0
S1	38	Pulse	30	9308789	148754	1
S1	38	Picture	white7_pain_false_12	9323911	163876	1	5085	1	163310	5000	other	0
S1	38	Pulse	30	9332789	172754	1
S1	38	Picture	white8_pain_false_14	9347335	187301	1	5085	1	186640	5000	other	0
S1	38	Pulse	30	9380789	220754	1
S1	38	Pulse	30	9404788	244754	1
S1	39	Pulse	30	9428788	1295	1
S1	39	Picture	white1_pain_false_30	9442533	15040	1	5085	1	15040	5000	other	0
S1	39	Pulse	30	9452788	25295	1
S1	39	Picture	white2_pain_false_22	9457705	30212	1	5085	1	30080	5000	other	0
S1	39	Picture	white3_pain_false_1	9472793	45300	1	5085	1	45120	5000	other	0
S1	39	Pulse	30	9476788	49295	1
S1	39	Picture	white4_pain_false_33	9487965	60472	1	5085	1	60160	5000	other	0
S1	39	Pulse	30	9500788	73295	1
S1	39	Picture	white5_pain_false_6	9503137	75643	1	5085	1	75200	5000	other	0
S1	39	Picture	white6_pain_false_30	9518225	90732	1	5085	1	90240	5000	other	0
S1	39	Pulse	30	9524788	97295	1
S1	39	Picture	white7_pain_false_6	9533313	105820	1	5085	1	105280	5000	other	0
S1	39	Picture	white8_pain_false_32	9548485	120992	1	5085	1	120320	5000	other	0
S1	39	Pulse	30	9548788	121295	1
S1	39	Pulse	30	9572788	145294	1
S1	39	Pulse	30	9596788	169294	1
S1	39	Pulse	30	9620788	193294	1
S1	40	Pulse	30	9644788	16096	1
S1	40	Picture	white1_pain_false_16	9648101	19410	1	5085	1	19410	5000	other	0
S1	40	Picture	white2_pain_false_10	9667608	38916	1	5085	1	38820	5000	other	0
S1	40	Pulse	30	9668788	40096	1
S1	40	Picture	white3_pain_false_19	9687114	58423	1	5085	1	58230	5000	other	0
S1	40	Pulse	30	9692787	64096	1
S1	40	Picture	white4_pain_false_4	9706621	77929	1	5085	1	77640	5000	other	0
S1	40	Pulse	30	9716787	88096	1
S1	40	Picture	white5_pain_false_21	9726127	97436	1	5085	1	97050	5000	other	0
S1	40	Pulse	30	9740787	112096	1
S1	40	Picture	white6_pain_false_0	9745634	116942	1	5085	1	116460	5000	other	0
S1	40	Pulse	30	9764787	136096	1
S1	40	Picture	white7_pain_false_2	9765140	136449	1	5085	1	135870	5000	other	0
S1	40	Picture	white8_pain_false_19	9784646	155955	1	5085	1	155280	5000	other	0
S1	40	Pulse	30	9788787	160096	1
S1	40	Pulse	30	9812787	184096	1
S1	40	Pulse	30	9836787	208096	1
S1	40	Pulse	30	9860787	232096	1
S1	41	Picture	black1_pain_true_3	9880011	15210	1	5085	1	15210	5000	other	0
S1	41	Pulse	30	9884787	19986	1
S1	41	Picture	black2_pain_true_12	9895266	30465	1	5085	1	30420	5000	other	0
S1	41	Pulse	30	9908787	43985	1
S1	41	Picture	black3_pain_true_44	9910521	45720	1	5085	1	45630	5000	other	0
S1	41	Picture	black4_pain_true_27	9925860	61058	1	5085	1	60840	5000	other	0
S1	41	Pulse	30	9932787	67985	1
S1	41	Picture	black5_pain_true_9	9941198	76397	1	5085	1	76050	5000	other	0
S1	41	Picture	black6_pain_true_28	9956537	91735	1	5085	1	91260	5000	other	0
S1	41	Pulse	30	9956787	91985	1
S1	41	Picture	black7_pain_true_14	9971875	107074	1	5085	1	106470	5000	other	0
S1	41	Pulse	30	9980786	115985	1
S1	41	Picture	black8_pain_true_27	9987213	122412	1	5085	1	121680	5000	other	0
S1	41	Pulse	30	10004786	139985	1
S1	41	Pulse	30	10028786	163985	1
S1	41	Pulse	30	10052786	187985	1
S1	42	Pulse	30	10076786	9382	1
S1	42	Picture	white1_pain_false_8	10090664	23260	1	5085	1	23260	5000	other	0
S1	42	Pulse	30	10100786	33382	1
S1	42	Picture	white2_pain_false_16	10114005	46601	1	5085	1	46520	5000	other	0
S1	42	Pulse	30	10124786	57382	1
S1	42	Picture	white3_pain_false_5	10137346	69942	1	5085	1	69780	5000	other	0
S1	42	Pulse	30	10148786	81382	1
S1	42	Picture	white4_pain_false_26	10160687	93283	1	5085	1	93040	5000	other	0
S1	42	Pulse	30	10172786	105382	1
S1	42	Picture	white5_pain_false_24	10184028	116624	1	5085	1	116300	5000	other	0
S1	42	Pulse	30	10196786	129382	1
S1	42	Picture	white6_pain_false_5	10207369	139965	1	5085	1	139560	5000	other	0
S1	42	Pulse	30	10220786	153381	1
S1	42	Picture	white7_pain_false_26	10230710	163306	1	5085	1	162820	5000	other	0
S1	42	Pulse	30	10244785	177381	1
S1	42	Picture	white8_pain_false_18	10254051	186647	1	5085	1	186080	5000	other	0
S1	42	Pulse	30	10268785	201381	1
S1	42	Pulse	30	10292785	225381	1
S1	42	Pulse	30	10316785	249381	1
S1	43	Pulse	30	10340785	6566	1
S1	43	Picture	white1_pain_false_4	10357169	22950	1	5085	1	22950	5000	other	0
S1	43	Pulse	30	10364785	30566	1
S1	43	Picture	white2_pain_false_5	10380176	45958	1	5085	1	45900	5000	other	0
S1	43	Pulse	30	10388785	54566	1
S1	43	Picture	white3_pain_false_25	10403184	68965	1	5085	1	68850	5000	other	0
S1	43	Pulse	30	10412785	78566	1
S1	43	Picture	white4_pain_false_7	10426192	91973	1	5085	1	91800	5000	other	0
S1	43	Pulse	30	10436785	102566	1
S1	43	Picture	white5_pain_false_3	10449283	115064	1	5085	1	114750	5000	other	0
S1	43	Pulse	30	10460785	126566	1
S1	43	Picture	white6_pain_false_10	10472290	138071	1	5085	1	137700	5000	other	0
S1	43	Pulse	30	10484785	150566	1
S1	43	Picture	white7_pain_false_16	10495298	161079	1	5085	1	160650	5000	other	0
S1	43	Pulse	30	10508785	174566	1
S1	43	Picture	white8_pain_false_17	10518389	184170	1	5085	1	183600	5000	other	0
S1	43	Pulse	30	10532784	198566	1
S1	43	Pulse	30	10556784	222566	1
S1	43	Pulse	30	10580784	246565	1
S1	44	Pulse	30	10604784	6255	1
S1	44	Picture	question	10609919	11390	1	30093	1	11390	30000	other	0
S1	44	Pulse	30	10628784	30255	1
S1	44	Pulse	30	10652784	54255	1
S1	44	Pulse	30	10676784	78255	1
S1	44	Pulse	30	10700784	102255	1
S1	45	Pulse	30	10724784	9715	1
S1	45	Picture	latin1_pain_false_19	10731459	16390	1	5085	1	16390	5000	other	0
S1	45	Picture	latin2_pain_false_12	10747964	32895	1	5085	1	32780	5000	other	0
S1	45	Pulse	30	10748784	33715	1
S1	45	Picture	latin3_pain_false_15	10764470	49401	1	5085	1	49170	5000	other	0
S1	45	Pulse	30	10772784	57715	1
S1	45	Picture	latin4_pain_false_15	10780975	65906	1	5085	1	65560	5000	other	0
S1	45	Pulse	30	10796784	81714	1
S1	45	Picture	latin5_pain_false_35	10797481	82412	1	5085	1	81950	5000	other	0
S1	45	Picture	latin6_pain_false_31	10813986	98917	1	5085	1	98340	5000	other	0
S1	45	Pulse	30	10820783	105714	1
S1	45	Picture	latin7_pain_false_19	10830492	115423	1	5085	1	114730	5000	other	0
S1	45	Pulse	30	10844783	129714	1
S1	45	Picture	latin8_pain_false_34	10846914	131845	1	5085	1	131120	5000	other	0
S1	45	Pulse	30	10868783	153714	1
S1	45	Pulse	30	10892783	177714	1
S1	45	Pulse	30	10916781	201712	6
S1	45	Pulse	30	10940783	225714	1
S1	45	Pulse	30	10964783	249714	1
S1	45	Pulse	30	10988783	273714	1
S1	45	Pulse	30	11012783	297714	1
S1	45	Pulse	30	11036783	321714	1
S1	45	Pulse	30	11060783	345714	1
S1	45	Pulse	30	11084782	369713	1
S1	45	Pulse	30	11108782	393713	1
S1	45	Pulse	30	11132782	417713	1
S1	45	Pulse	30	11156782	441713	1
S1	45	Pulse	30	11180782	465713	1
S1	45	Pulse	30	11204782	489713	1
S1	45	Pulse	30	11228782	513713	1
S1	45	Pulse	30	11252782	537713	1
S1	45	Pulse	30	11276782	561713	1
S1	45	Pulse	30	11300782	585713	1
S1	45	Pulse	30	11324782	609713	1
S1	45	Pulse	30	11348782	633712	1
S1	45	Pulse	30	11372781	657712	1
S1	45	Pulse	30	11396781	681712	1
S1	45	Pulse	30	11420781	705712	1
S1	45	Pulse	30	11444781	729712	1
S1	45	Pulse	30	11468781	753712	1
S1	45	Pulse	30	11492781	777712	1
S1	46	Picture	start_experiment	11492794	0	1	5085	1	0	5000	other	0
S1	46	Pulse	30	11516092	23298	821
S1	46	Pulse	30	11540781	47987	1
S1	46	Pulse	30	11564781	71987	1
S1	47	Pulse	30	11588781	901	1
S1	47	Picture	asian1_pain_false_11	11611750	23870	1	5085	1	23870	5000	other	0
S1	47	Pulse	30	11612781	24901	1
S1	47	Picture	asian2_pain_false_2	11635758	47878	1	5085	1	47740	5000	other	0
S1	47	Pulse	30	11636781	48901	1
S1	47	Picture	asian3_pain_false_11	11659682	71803	1	5085	1	71610	5000	other	0
S1	47	Pulse	30	11660780	72901	1
S1	47	Picture	asian4_pain_false_13	11683690	95810	1	5085	1	95480	5000	other	0
S1	47	Pulse	30	11684780	96901	1
S1	47	Picture	asian5_pain_false_2	11707698	119818	1	5085	1	119350	5000	other	0
S1	47	Pulse	30	11708780	120901	1
S1	47	Picture	asian6_pain_false_10	11731706	143826	1	5085	1	143220	5000	other	0
S1	47	Pulse	30	11732780	144900	1
S1	47	Picture	asian7_pain_false_5	11755714	167834	1	5085	1	167090	5000	other	0
S1	47	Pulse	30	11756780	168900	1
S1	47	Picture	asian8_pain_false_10	11779638	191759	1	5085	1	190960	5000	other	0
S1	47	Pulse	30	11780780	192900	1
S1	47	Pulse	30	11804780	216900	1
S1	47	Pulse	30	11828780	240900	1
S1	47	Pulse	30	11852780	264900	1
S1	48	Pulse	30	11876780	16962	1
S1	48	Picture	asian1_pain_false_22	11878088	18270	1	5085	1	18270	5000	other	0
S1	48	Picture	asian2_pain_false_11	11896427	36609	1	5085	1	36540	5000	other	0
S1	48	Pulse	30	11900780	40962	1
S1	48	Picture	asian3_pain_false_7	11914766	54949	1	5085	1	54810	5000	other	0
S1	48	Pulse	30	11924780	64962	1
S1	48	Picture	asian4_pain_false_11	11933106	73288	1	5085	1	73080	5000	other	0
S1	48	Pulse	30	11948779	88962	1
S1	48	Picture	asian5_pain_false_25	11951445	91628	1	5085	1	91350	5000	other	0
S1	48	Picture	asian6_pain_false_19	11969785	109967	1	5085	1	109620	5000	other	0
S1	48	Pulse	30	11972779	112962	1
S1	48	Picture	asian7_pain_false_9	11988124	128306	1	5085	1	127890	5000	other	0
S1	48	Pulse	30	11996779	136962	1
S1	48	Picture	asian8_pain_false_20	12006463	146646	1	5085	1	146160	5000	other	0
S1	48	Pulse	30	12020779	160962	1
S1	48	Pulse	30	12044779	184961	1
S1	48	Pulse	30	12068779	208961	1
S1	49	Pulse	30	12092779	6138	1
S1	49	Picture	question	12101411	14770	1	30093	1	14770	30000	other	0
S1	49	Pulse	30	12116779	30137	1
S1	49	Pulse	30	12140779	54137	1
S1	49	Pulse	30	12164779	78137	1
S1	49	Pulse	30	12188779	102137	1
S1	50	Pulse	30	12212778	6179	1
S1	50	Picture	black1_pain_false_15	12226369	19770	1	5085	1	19770	5000	other	0
S1	50	Pulse	30	12236778	30179	1
S1	50	Picture	black2_pain_false_7	12246209	39610	1	5085	1	39540	5000	other	0
S1	50	Pulse	30	12260778	54179	1
S1	50	Picture	black3_pain_false_16	12266049	59450	1	5085	1	59310	5000	other	0
S1	50	Pulse	30	12284778	78179	1
S1	50	Picture	black4_pain_false_0	12285889	79290	1	5085	1	79080	5000	other	0
S1	50	Picture	black5_pain_false_9	12305729	99129	1	5085	1	98850	5000	other	0
S1	50	Pulse	30	12308778	102179	1
S1	50	Picture	black6_pain_false_9	12325569	118969	1	5085	1	118620	5000	other	0
S1	50	Pulse	30	12332778	126179	1
S1	50	Picture	black7_pain_false_15	12345409	138809	1	5085	1	138390	5000	other	0
S1	50	Pulse	30	12356778	150179	1
S1	50	Picture	black8_pain_false_8	12365249	158649	1	5085	1	158160	5000	other	0
S1	50	Pulse	30	12380778	174179	1
S1	50	Pulse	30	12404778	198178	1
S1	50	Pulse	30	12428778	222178	1
S1	51	Pulse	30	12452778	7338	1
S1	51	Picture	white1_pain_false_23	12460780	15340	1	5085	1	15340	5000	other	0
S1	51	Picture	white2_pain_false_15	12476202	30762	1	5085	1	30680	5000	other	0
S1	51	Pulse	30	12476778	31337	1
S1	51	Picture	white3_pain_false_16	12491624	46184	1	5085	1	46020	5000	other	0
S1	51	Pulse	30	12500777	55337	1
S1	51	Picture	white4_pain_false_5	12507045	61605	1	5085	1	61360	5000	other	0
S1	51	Picture	white5_pain_false_30	12522467	77027	1	5085	1	76700	5000	other	0
S1	51	Pulse	30	12524777	79337	1
S1	51	Picture	white6_pain_false_43	12537889	92449	1	5085	1	92040	5000	other	0
S1	51	Pulse	30	12548777	103337	1
S1	51	Picture	white7_pain_false_14	12553311	107871	1	5085	1	107380	5000	other	0
S1	51	Picture	white8_pain_false_38	12568732	123292	1	5085	1	122720	5000	other	0
S1	51	Pulse	30	12572777	127337	1
S1	51	Pulse	30	12596777	151337	1
S1	51	Pulse	30	12620777	175337	1
S1	51	Pulse	30	12644777	199337	1
S1	52	Picture	latin1_pain_false_34	12667265	18320	1	5085	1	18320	5000	other	0
S1	52	Pulse	30	12668777	19832	1
S1	52	Picture	latin2_pain_false_9	12685688	36743	1	5085	1	36640	5000	other	0
S1	52	Pulse	30	12692777	43832	1
S1	52	Picture	latin3_pain_false_8	12704110	55166	1	5085	1	54960	5000	other	0
S1	52	Pulse	30	12716777	67832	1
S1	52	Picture	latin4_pain_false_2	12722533	73588	1	5085	1	73280	5000	other	0
S1	52	Pulse	30	12740777	91832	1
S1	52	Picture	latin5_pain_false_15	12740956	92011	1	5085	1	91600	5000	other	0
S1	52	Picture	latin6_pain_false_8	12759379	110434	1	5085	1	109920	5000	other	0
S1	52	Pulse	30	12764777	115832	1
S1	52	Picture	latin7_pain_false_35	12777801	128857	1	5085	1	128240	5000	other	0
S1	52	Pulse	30	12788776	139832	1
S1	52	Picture	latin8_pain_false_12	12796224	147279	1	5085	1	146560	5000	other	0
S1	52	Pulse	30	12812776	163831	1
S1	52	Pulse	30	12836776	187831	1
S1	52	Pulse	30	12860776	211831	1
S1	53	Pulse	30	12884776	8331	1
S1	53	Picture	white1_pain_false_33	12900675	24230	1	5085	1	24230	5000	other	0
S1	53	Pulse	30	12908776	32331	1
S1	53	Picture	white2_pain_false_10	12925017	48571	1	5085	1	48460	5000	other	0
S1	53	Pulse	30	12932776	56331	1
S1	53	Picture	white3_pain_false_17	12949358	72913	1	5085	1	72690	5000	other	0
S1	53	Pulse	30	12956776	80331	1
S1	53	Picture	white4_pain_false_9	12973699	97254	1	5085	1	96920	5000	other	0
S1	53	Pulse	30	12980776	104330	1
S1	53	Picture	white5_pain_false_12	12998041	121595	1	5085	1	121150	5000	other	0
S1	53	Pulse	30	13004776	128330	1
S1	53	Picture	white6_pain_false_7	13022382	145937	1	5085	1	145380	5000	other	0
S1	53	Pulse	30	13028776	152330	1
S1	53	Picture	white7_pain_false_12	13046723	170278	1	5085	1	169610	5000	other	0
S1	53	Pulse	30	13052775	176330	1
S1	53	Picture	white8_pain_false_25	13071065	194620	1	5085	1	193840	5000	other	0
S1	53	Pulse	30	13100775	224330	1
S1	53	Pulse	30	13124775	248330	1
S1	53	Pulse	30	13148775	272330	1
S1	54	Picture	latin1_pain_true_17	13172182	20890	1	5085	1	20890	5000	other	0
S1	54	Pulse	30	13172775	21483	1
S1	54	Picture	latin2_pain_true_10	13193189	41897	1	5085	1	41780	5000	other	0
S1	54	Pulse	30	13196775	45483	1
S1	54	Picture	latin3_pain_true_34	13214195	62904	1	5085	1	62670	5000	other	0
S1	54	Pulse	30	13220775	69483	1
S1	54	Picture	latin4_pain_true_49	13235119	83828	1	5085	1	83560	5000	other	0
S1	54	Pulse	30	13244775	93483	1
S1	54	Picture	latin5_pain_true_11	13256126	104834	1	5085	1	104450	5000	other	0
S1	54	Pulse	30	13268775	117483	1
S1	54	Picture	latin6_pain_true_11	13277133	125841	1	5085	1	125340	5000	other	0
S1	54	Pulse	30	13292775	141483	1
S1	54	Picture	latin7_pain_true_7	13298140	146848	1	5085	1	146230	5000	other	0
S1	54	Pulse	30	13316775	165483	1
S1	54	Picture	latin8_pain_true_5	13319147	167855	1	5085	1	167120	5000	other	0
S1	54	Pulse	30	13340774	189483	1
S1	54	Pulse	30	13364774	213483	1
S1	54	Pulse	30	13388774	237483	1
S1	55	Pulse	30	13412774	13449	1
S1	55	Picture	white1_pain_false_5	13414595	15270	1	5085	1	15270	5000	other	0
S1	55	Picture	white2_pain_false_35	13429933	30608	1	5085	1	30540	5000	other	0
S1	55	Pulse	30	13436774	37449	1
S1	55	Picture	white3_pain_false_22	13445272	45947	1	5085	1	45810	5000	other	0
S1	55	Picture	white4_pain_false_9	13460610	61285	1	5085	1	61080	5000	other	0
S1	55	Pulse	30	13460774	61449	1
S1	55	Picture	white5_pain_false_27	13475949	76624	1	5085	1	76350	5000	other	0
S1	55	Pulse	30	13484774	85449	1
S1	55	Picture	white6_pain_false_1	13491287	91962	1	5085	1	91620	5000	other	0
S1	55	Picture	white7_pain_false_12	13506625	107300	1	5085	1	106890	5000	other	0
S1	55	Pulse	30	13508774	109449	1
S1	55	Picture	white8_pain_false_8	13521964	122639	1	5085	1	122160	5000	other	0
S1	55	Pulse	30	13556774	157449	1
S1	55	Pulse	30	13580774	181449	1
S1	56	Pulse	30	13604774	2641	1
S1	56	Picture	white1_pain_true_10	13620413	18280	1	5085	1	18280	5000	other	0
S1	56	Pulse	30	13628773	26640	1
S1	56	Picture	white2_pain_true_7	13638752	36619	1	5085	1	36560	5000	other	0
S1	56	Pulse	30	13652773	50640	1
S1	56	Picture	white3_pain_true_54	13657092	54959	1	5085	1	54840	5000	other	0
S1	56	Picture	white4_pain_true_61	13675515	73382	1	5085	1	73120	5000	other	0
S1	56	Pulse	30	13676773	74640	1
S1	56	Picture	white5_pain_true_31	13693854	91721	1	5085	1	91400	5000	other	0
S1	56	Pulse	30	13700773	98640	1
S1	56	Picture	white6_pain_true_9	13712193	110060	1	5085	1	109680	5000	other	0
S1	56	Pulse	30	13724773	122640	1
S1	56	Picture	white7_pain_true_0	13730533	128400	1	5085	1	127960	5000	other	0
S1	56	Pulse	30	13748773	146640	1
S1	56	Picture	white8_pain_true_18	13748872	146739	1	5085	1	146240	5000	other	0
S1	56	Pulse	30	13772773	170640	1
S1	56	Pulse	30	13796773	194640	1
S1	56	Pulse	30	13820773	218640	1
S1	57	Pulse	30	13844773	15707	1
S1	57	Picture	white1_pain_true_12	13850406	21340	1	5085	1	21340	5000	other	0
S1	57	Pulse	30	13868773	39707	1
S1	57	Picture	white2_pain_true_12	13871829	42764	1	5085	1	42680	5000	other	0
S1	57	Pulse	30	13892773	63707	1
S1	57	Picture	white3_pain_true_46	13893253	64188	1	5085	1	64020	5000	other	0
S1	57	Picture	white4_pain_true_58	13914677	85611	1	5085	1	85360	5000	other	0
S1	57	Pulse	30	13916772	87707	1
S1	57	Picture	white5_pain_true_9	13936101	107035	1	5085	1	106700	5000	other	0
S1	57	Pulse	30	13940772	111707	1
S1	57	Picture	white6_pain_true_19	13957524	128459	1	5085	1	128040	5000	other	0
S1	57	Pulse	30	13964772	135707	1
S1	57	Picture	white7_pain_true_2	13978948	149882	1	5085	1	149380	5000	other	0
S1	57	Pulse	30	13988772	159707	1
S1	57	Picture	white8_pain_true_5	14000372	171306	1	5085	1	170720	5000	other	0
S1	57	Pulse	30	14012772	183707	1
S1	57	Pulse	30	14036772	207706	1
S1	57	Pulse	30	14060772	231706	1
S1	58	Pulse	30	14084772	4173	1
S1	58	Picture	white1_pain_false_1	14102989	22390	1	5085	1	22390	5000	other	0
S1	58	Pulse	30	14108772	28173	1
S1	58	Picture	white2_pain_false_8	14125496	44897	1	5085	1	44780	5000	other	0
S1	58	Pulse	30	14132772	52173	1
S1	58	Picture	white3_pain_false_31	14148004	67405	1	5085	1	67170	5000	other	0
S1	58	Pulse	30	14156772	76173	1
S1	58	Picture	white4_pain_false_12	14170511	89912	1	5085	1	89560	5000	other	0
S1	58	Pulse	30	14180771	100172	1
S1	58	Picture	white5_pain_false_18	14193019	112420	1	5085	1	111950	5000	other	0
S1	58	Pulse	30	14204771	124172	1
S1	58	Picture	white6_pain_false_10	14215526	134927	1	5085	1	134340	5000	other	0
S1	58	Pulse	30	14228771	148172	1
S1	58	Picture	white7_pain_false_7	14238034	157435	1	5085	1	156730	5000	other	0
S1	58	Pulse	30	14252771	172172	1
S1	58	Picture	white8_pain_false_19	14260541	179942	1	5085	1	179120	5000	other	0
S1	58	Pulse	30	14276771	196172	1
S1	58	Pulse	30	14300771	220172	1
S1	58	Pulse	30	14324771	244172	1
S1	59	Pulse	30	14348771	8060	1
S1	59	Picture	white1_pain_true_18	14362741	22030	1	5085	1	22030	5000	other	0
S1	59	Pulse	30	14372771	32059	1
S1	59	Picture	white2_pain_true_9	14384832	44121	1	5085	1	44060	5000	other	0
S1	59	Pulse	30	14396771	56059	1
S1	59	Picture	white3_pain_true_64	14406923	66211	1	5085	1	66090	5000	other	0
S1	59	Pulse	30	14420771	80059	1
S1	59	Picture	white4_pain_true_37	14429013	88302	1	5085	1	88120	5000	other	0
S1	59	Pulse	30	14444771	104059	1
S1	59	Picture	white5_pain_true_2	14451187	110476	1	5085	1	110150	5000	other	0
S1	59	Pulse	30	14468770	128059	1
S1	59	Picture	white6_pain_true_4	14473361	132650	1	5085	1	132180	5000	other	0
S1	59	Pulse	30	14492770	152059	1
S1	59	Picture	white7_pain_true_18	14495535	154824	1	5085	1	154210	5000	other	0
S1	59	Pulse	30	14516770	176059	1
S1	59	Picture	white8_pain_true_20	14517626	176914	1	5085	1	176240	5000	other	0
S1	59	Pulse	30	14540770	200059	1
S1	59	Pulse	30	14564770	224059	1
S1	59	Pulse	30	14588770	248059	1
S1	60	Pulse	30	14612770	14939	1
S1	60	Picture	latin1_pain_true_16	14614991	17160	1	5085	1	17160	5000	other	0
S1	60	Picture	latin2_pain_true_15	14632247	34416	1	5085	1	34320	5000	other	0
S1	60	Pulse	30	14636770	38939	1
S1	60	Picture	latin3_pain_true_25	14649503	51671	1	5085	1	51480	5000	other	0
S1	60	Pulse	30	14660770	62938	1
S1	60	Picture	latin4_pain_true_47	14666758	68927	1	5085	1	68640	5000	other	0
S1	60	Picture	latin5_pain_true_10	14684014	86183	1	5085	1	85800	5000	other	0
S1	60	Pulse	30	14684770	86938	1
S1	60	Picture	latin6_pain_true_0	14701270	103439	1	5085	1	102960	5000	other	0
S1	60	Pulse	30	14708770	110938	1
S1	60	Picture	latin7_pain_true_0	14718526	120694	1	5085	1	120120	5000	other	0
S1	60	Pulse	30	14732769	134938	1
S1	60	Picture	latin8_pain_true_5	14735781	137950	1	5085	1	137280	5000	other	0
S1	60	Pulse	30	14756769	158938	1
S1	60	Pulse	30	14780769	182938	1
S1	60	Pulse	30	14804769	206938	1
S1	61	Pulse	30	14828769	12840	1
S1	61	Picture	white1_pain_true_11	14840899	24970	1	5085	1	24970	5000	other	0
S1	61	Pulse	30	14852769	36840	1
S1	61	Picture	white2_pain_true_10	14865991	50062	1	5085	1	49940	5000	other	0
S1	61	Pulse	30	14876769	60840	1
S1	61	Picture	white3_pain_true_58	14891083	75153	1	5085	1	74910	5000	other	0
S1	61	Pulse	30	14900769	84840	1
S1	61	Picture	white4_pain_true_7	14916174	100245	1	5085	1	99880	5000	other	0
S1	61	Pulse	30	14924769	108840	1
S1	61	Picture	white5_pain_true_6	14941266	125337	1	5085	1	124850	5000	other	0
S1	61	Pulse	30	14948769	132839	1
S1	61	Picture	white6_pain_true_13	14966357	150428	1	5085	1	149820	5000	other	0
S1	61	Pulse	30	14972769	156839	1
S1	61	Picture	white7_pain_true_1	14991449	175520	1	5085	1	174790	5000	other	0
S1	61	Pulse	30	14996769	180839	1
S1	61	Picture	white8_pain_true_17	15016541	200611	1	5085	1	199760	5000	other	0
S1	61	Pulse	30	15020768	204839	1
S1	61	Pulse	30	15044768	228839	1
S1	61	Pulse	30	15068768	252839	1
S1	61	Pulse	30	15092768	276839	1
S1	62	Pulse	30	15116768	20057	1
S1	62	Picture	white1_pain_true_16	15119241	22530	1	5085	1	22530	5000	other	0
S1	62	Pulse	30	15140768	44057	1
S1	62	Picture	white2_pain_true_3	15141832	45121	1	5085	1	45060	5000	other	0
S1	62	Picture	white3_pain_true_15	15164423	67712	1	5085	1	67590	5000	other	0
S1	62	Pulse	30	15164768	68057	1
S1	62	Picture	white4_pain_true_36	15187014	90302	1	5085	1	90120	5000	other	0
S1	62	Pulse	30	15188768	92057	1
S1	62	Picture	white5_pain_true_3	15209688	112977	1	7502	1	112650	5000	other	0
S1	62	Pulse	30	15212768	116057	1
S1	62	Picture	white6_pain_true_14	15232362	135651	1	5085	1	135180	5000	other	0
S1	62	Pulse	30	15236768	140057	1
S1	62	Picture	white7_pain_true_13	15255036	158325	1	5085	1	157710	5000	other	0
S1	62	Pulse	30	15260768	164056	1
S1	62	Picture	white8_pain_true_13	15277710	180999	1	5085	1	180240	5000	other	0
S1	62	Pulse	30	15308767	212056	1
S1	62	Pulse	30	15332767	236056	1
S1	62	Pulse	30	15356767	260056	1
S1	63	Picture	white1_pain_false_15	15378994	21080	1	5085	1	21080	5000	other	0
S1	63	Pulse	30	15380767	22854	1
S1	63	Picture	white2_pain_false_1	15400167	42254	1	5085	1	42160	5000	other	0
S1	63	Pulse	30	15404767	46854	1
S1	63	Picture	white3_pain_false_0	15421341	63427	1	5085	1	63240	5000	other	0
S1	63	Pulse	30	15428767	70853	1
S1	63	Picture	white4_pain_false_2	15442515	84601	1	5085	1	84320	5000	other	0
S1	63	Pulse	30	15452767	94853	1
S1	63	Picture	white5_pain_false_9	15463688	105775	1	5085	1	105400	5000	other	0
S1	63	Pulse	30	15476767	118853	1
S1	63	Picture	white6_pain_false_6	15484862	126948	1	5085	1	126480	5000	other	0
S1	63	Pulse	30	15500767	142853	1
S1	63	Picture	white7_pain_false_8	15506036	148122	1	5085	1	147560	5000	other	0
S1	63	Pulse	30	15524767	166853	1
S1	63	Picture	white8_pain_false_6	15527209	169296	1	5085	1	168640	5000	other	0
S1	63	Pulse	30	15548767	190853	1
S1	63	Pulse	30	15572767	214853	1
S1	63	Pulse	30	15596766	238853	1
S1	64	Pulse	30	15620766	13343	1
S1	64	Picture	white1_pain_false_2	15630493	23070	1	5085	1	23070	5000	other	0
S1	64	Pulse	30	15644766	37343	1
S1	64	Picture	white2_pain_false_20	15653668	46244	1	5085	1	46140	5000	other	0
S1	64	Pulse	30	15668766	61343	1
S1	64	Picture	white3_pain_false_0	15676842	69419	1	5085	1	69210	5000	other	0
S1	64	Pulse	30	15692766	85343	1
S1	64	Picture	white4_pain_false_22	15700016	92593	1	5085	1	92280	5000	other	0
S1	64	Pulse	30	15716766	109343	1
S1	64	Picture	white5_pain_false_16	15723191	115767	1	5085	1	115350	5000	other	0
S1	64	Pulse	30	15740766	133343	1
S1	64	Picture	white6_pain_false_2	15746365	138942	1	5085	1	138420	5000	other	0
S1	64	Pulse	30	15764766	157342	1
S1	64	Picture	white7_pain_false_19	15769539	162116	1	5085	1	161490	5000	other	0
S1	64	Pulse	30	15788766	181342	1
S1	64	Picture	white8_pain_false_9	15792714	185290	1	5085	1	184560	5000	other	0
S1	64	Pulse	30	15812766	205342	1
S1	64	Pulse	30	15836766	229342	1
S1	64	Pulse	30	15860765	253342	1
S1	65	Pulse	30	15884765	11895	1
S1	65	Picture	black1_pain_true_11	15894581	21710	1	5085	1	21710	5000	other	0
S1	65	Pulse	30	15908765	35895	1
S1	65	Picture	black2_pain_true_20	15916338	43467	1	5085	1	43420	5000	other	0
S1	65	Pulse	30	15932765	59895	1
S1	65	Picture	black3_pain_true_27	15938095	65224	1	5085	1	65130	5000	other	0
S1	65	Pulse	30	15956765	83895	1
S1	65	Picture	black4_pain_true_31	15959935	87065	1	5085	1	86840	5000	other	0
S1	65	Pulse	30	15980765	107895	1
S1	65	Picture	black5_pain_true_4	15981776	108905	1	5085	1	108550	5000	other	0
S1	65	Picture	black6_pain_true_1	16003617	130746	1	5085	1	130260	5000	other	0
S1	65	Pulse	30	16004765	131894	1
S1	65	Picture	black7_pain_true_10	16025457	152587	1	5085	1	151970	5000	other	0
S1	65	Pulse	30	16028765	155894	1
S1	65	Picture	black8_pain_true_24	16047298	174427	1	5085	1	173680	5000	other	0
S1	65	Pulse	30	16076765	203894	1
S1	65	Pulse	30	16100765	227894	1
S1	65	Pulse	30	16124765	251894	1
S1	66	Pulse	30	16148764	21326	1
S1	66	Picture	white1_pain_false_4	16151999	24560	1	5085	1	24560	5000	other	0
S1	66	Pulse	30	16172764	45325	1
S1	66	Picture	white2_pain_false_21	16176674	49235	1	5085	1	49120	5000	other	0
S1	66	Pulse	30	16196764	69325	1
S1	66	Picture	white3_pain_false_12	16201348	73910	1	5085	1	73680	5000	other	0
S1	66	Pulse	30	16220764	93325	1
S1	66	Picture	white4_pain_false_14	16226023	98584	1	5085	1	98240	5000	other	0
S1	66	Pulse	30	16244764	117325	1
S1	66	Picture	white5_pain_false_22	16250698	123259	1	5085	1	122800	5000	other	0
S1	66	Pulse	30	16268764	141325	1
S1	66	Picture	white6_pain_false_2	16275373	147934	1	5085	1	147360	5000	other	0
S1	66	Pulse	30	16292764	165325	1
S1	66	Picture	white7_pain_false_15	16300048	172609	1	5085	1	171920	5000	other	0
S1	66	Pulse	30	16316764	189325	1
S1	66	Picture	white8_pain_false_14	16324723	197284	1	5085	1	196480	5000	other	0


{
   "app": "Presentation Version 22.1 Build 04.30.21",
   "device": "ASUS All Series",
   "experiment": "{6B692C04-5F10-4500-AA7D-E39D217E8A55}",
   "os": "Windows 7 64 bit",
   "package": "",
   "parameters": {
      "configuration": "Default configuration"
   },
   "scenario": "fmri_new.sce",
   "subject": "S1",
   "timestamp": "2021/10/12 12:12:42 GMT"
}
